R_ : 20  0
 0 20
Iteration: 0/200 ---------------------------
Expected cost over samples: 80.8705
min cost: -14.3007
%%%%%%%%%E1_hat: 0.470167
ESS: 2730.05 / 3000
Diag(valid=3000, elite=300) ||dU~||2=0.222365 traceCovElite~=0.984837 R2=0.00144456 H(w)=7.96339 perp=2873.79 w_max=0.000708968
--------Variance: 0.00220904
Sum of |delta_u|: 0.0242995
Post-update R2: 0.00637529
Final cost after weighting: 10.911160
E1_hat_1: 0.470167
PI step 0 time: 0.0990004 seconds
********a(H_hat): 0.994632
********New psi: 0.3
1.8   0
  0 1.8
Iteration: 1/200 ---------------------------
Expected cost over samples: 72.8557
min cost: -24.8522
%%%%%%%%%E1_hat: 0.103548
ESS: 1219.07 / 3000
Diag(valid=3000, elite=300) ||dU~||2=0.533452 traceCovElite~=0.978818 R2=0.00010849 H(w)=7.51717 perp=1839.35 w_max=0.00321913
--------Variance: 0.00148688
Sum of |delta_u|: 0.0610894
Post-update R2: 0.00934612
Final cost after weighting: 14.490903
E1_hat_1: 0.103548
PI step 1 time: 0.104573 seconds
********a(H_hat): 0.938898
********New psi: 0.3
0.54    0
   0 0.54
Iteration: 2/200 ---------------------------
Expected cost over samples: 52.6764
min cost: -24.316
%%%%%%%%%E1_hat: 0.0167976
ESS: 281.535 / 3000
Diag(valid=3000, elite=300) ||dU~||2=0.519325 traceCovElite~=0.961163 R2=0.00966829 H(w)=6.31549 perp=553.072 w_max=0.0198441
--------Variance: 0.00189679
Sum of |delta_u|: 0.0580206
Post-update R2: 0.00136686
Final cost after weighting: 13.326581
E1_hat_1: 0.0167976
PI step 2 time: 0.0972138 seconds
********a(H_hat): 0.788808
********New psi: 0.3
0.162     0
    0 0.162
Iteration: 3/200 ---------------------------
Expected cost over samples: 30.2138
min cost: -18.6669
%%%%%%%%%E1_hat: 0.00360225
ESS: 41.5246 / 3000
Diag(valid=3000, elite=300) ||dU~||2=1.70248 traceCovElite~=0.968431 R2=0.0099921 H(w)=4.76517 perp=117.351 w_max=0.0925348
--------Variance: 0.00446985
Sum of |delta_u|: 0.193967
Post-update R2: 0.00176478
Final cost after weighting: 11.429669
E1_hat_1: 0.00360225
PI step 3 time: 0.0919302 seconds
********a(H_hat): 0.595173
********New psi: 0.3
0.0486      0
     0 0.0486
Iteration: 4/200 ---------------------------
Expected cost over samples: 22.8635
min cost: -12.8585
%%%%%%%%%E1_hat: 0.000888091
ESS: 5.40585 / 3000
Diag(valid=3000, elite=300) ||dU~||2=3.41136 traceCovElite~=0.957909 R2=0.0188473 H(w)=2.34881 perp=10.4731 w_max=0.375337
--------Variance: 0.0077674
Sum of |delta_u|: 0.38432
Post-update R2: 0.00214725
Final cost after weighting: 9.524326
E1_hat_1: 0.000888091
PI step 4 time: 0.0986769 seconds
********a(H_hat): 0.293367
********New psi: 0.42398
0.0206054         0
        0 0.0206054
Iteration: 5/200 ---------------------------
Expected cost over samples: 18.8246
min cost: -10.2398
%%%%%%%%%E1_hat: 0.000555396
ESS: 2.31962 / 3000
Diag(valid=3000, elite=300) ||dU~||2=5.79069 traceCovElite~=0.972572 R2=0.016728 H(w)=1.10687 perp=3.02489 w_max=0.600172
--------Variance: 0.0110344
Sum of |delta_u|: 0.620886
Post-update R2: 0.000646758
Final cost after weighting: 1.071861
E1_hat_1: 0.000555396
PI step 5 time: 0.0961845 seconds
********a(H_hat): 0.138249
********New psi: 0.517051
0.010654        0
       0 0.010654
Iteration: 6/200 ---------------------------
Expected cost over samples: 11.0099
min cost: -13.8352
%%%%%%%%%E1_hat: 0.000336655
ESS: 1.01999 / 3000
Diag(valid=3000, elite=300) ||dU~||2=7.95373 traceCovElite~=0.95515 R2=0.0269737 H(w)=0.0672702 perp=1.06958 w_max=0.990133
--------Variance: 0.012967
Sum of |delta_u|: 0.889519
Post-update R2: 0.00302847
Final cost after weighting: 2.025138
E1_hat_1: 0.000336655
PI step 6 time: 0.100684 seconds
********a: -7.99645
********New psi: 0.843838
0.00899028          0
         0 0.00899028
Iteration: 7/200 ---------------------------
Expected cost over samples: 12.8381
min cost: -15.8911
%%%%%%%%%E1_hat: 0.000333334
ESS: 1.00001 / 3000
Diag(valid=3000, elite=300) ||dU~||2=6.55935 traceCovElite~=0.958913 R2=0.0375849 H(w)=4.53222e-05 perp=1.00005 w_max=0.999997
--------Variance: 0.00743859
Sum of |delta_u|: 0.714318
Post-update R2: 0.0269126
Final cost after weighting: 0.345908
E1_hat_1: 0.000333334
PI step 7 time: 0.0995651 seconds
********a: -8.00636
********New psi: 0.843838
0.00758634          0
         0 0.00758634
Iteration: 8/200 ---------------------------
Expected cost over samples: 9.18324
min cost: -14.6919
%%%%%%%%%E1_hat: 0.000334679
ESS: 1.00807 / 3000
Diag(valid=3000, elite=300) ||dU~||2=7.39598 traceCovElite~=0.953599 R2=0.0323612 H(w)=0.0270713 perp=1.02744 w_max=0.99598
--------Variance: 0.00796372
Sum of |delta_u|: 0.850763
Post-update R2: 0.00649349
Final cost after weighting: 1.408882
E1_hat_1: 0.000334679
PI step 8 time: 0.096918 seconds
********a: -8.00234
********New psi: 0.843838
0.00640164          0
         0 0.00640164
Iteration: 9/200 ---------------------------
Expected cost over samples: 9.19499
min cost: -15.2153
%%%%%%%%%E1_hat: 0.000350793
ESS: 1.10447 / 3000
Diag(valid=3000, elite=300) ||dU~||2=7.33577 traceCovElite~=0.96454 R2=0.0250296 H(w)=0.197852 perp=1.21878 w_max=0.950229
--------Variance: 0.00670014
Sum of |delta_u|: 0.869659
Post-update R2: 0.00918316
Final cost after weighting: 0.640133
E1_hat_1: 0.000350793
PI step 9 time: 0.098211 seconds
********a: -7.95532
********New psi: 0.843838
0.00540195          0
         0 0.00540195
Iteration: 10/200 ---------------------------
Expected cost over samples: 6.75169
min cost: -12.6086
%%%%%%%%%E1_hat: 0.000413013
ESS: 1.4847 / 3000
Diag(valid=3000, elite=300) ||dU~||2=5.09705 traceCovElite~=0.974005 R2=0.0139941 H(w)=0.664894 perp=1.94428 w_max=0.807078
--------Variance: 0.00294
Sum of |delta_u|: 0.590616
Post-update R2: 0.00401322
Final cost after weighting: 1.984932
E1_hat_1: 0.000413013
PI step 10 time: 0.0950677 seconds
********a: -7.79203
********New psi: 0.843838
0.00455837          0
         0 0.00455837
Iteration: 11/200 ---------------------------
Expected cost over samples: 5.48998
min cost: -13.0411
%%%%%%%%%E1_hat: 0.000363701
ESS: 1.1826 / 3000
Diag(valid=3000, elite=300) ||dU~||2=6.93995 traceCovElite~=0.965169 R2=0.0228055 H(w)=0.323328 perp=1.38172 w_max=0.916505
--------Variance: 0.00407633
Sum of |delta_u|: 0.779994
Post-update R2: 0.018381
Final cost after weighting: 0.263247
E1_hat_1: 0.000363701
PI step 11 time: 0.09485 seconds
********a: -7.91918
********New psi: 0.843838
0.00384653          0
         0 0.00384653
Iteration: 12/200 ---------------------------
Expected cost over samples: 0.710579
min cost: -13.8291
%%%%%%%%%E1_hat: 0.000333338
ESS: 1.00003 / 3000
Diag(valid=3000, elite=300) ||dU~||2=6.10766 traceCovElite~=0.964228 R2=0.0206126 H(w)=0.000174532 perp=1.00017 w_max=0.999987
--------Variance: 0.00275936
Sum of |delta_u|: 0.627503
Post-update R2: 0.0152421
Final cost after weighting: -1.888521
E1_hat_1: 0.000333338
PI step 12 time: 0.100169 seconds
********a: -8.00635
********New psi: 0.843838
0.00324584          0
         0 0.00324584
Optimal cost -1.8885209469944169
Optimal rob  0.5544166091259397
Solver time  1.286132625
