R_ : 20  0
 0 20
Iteration: 0/100 ---------------------------
Expected cost over samples: 43.197
min cost: -0.719757
%%%%%%%%%E1_hat: 0.0359896
ESS: 240.162 / 1700
Diag(valid=1700, elite=170) ||dU~||2=1.25278 traceCovElite~=0.950439 R2=0.00130249 H(w)=6.1986 perp=492.061 w_max=0.0163446
--------Variance: 0.00222522
Sum of |delta_u|: 0.182256
Post-update R2: 0.00562252
Final cost after weighting: 29.296928
E1_hat_1: 0.0359896
PI step 0 time: 0.0341837 seconds
********a(H_hat): 0.833326
********New psi: 0.150006
0.0750031         0
        0 0.0750031
Iteration: 1/100 ---------------------------
Expected cost over samples: 22.1245
min cost: 4.93152
%%%%%%%%%E1_hat: 0.00614865
ESS: 25.4012 / 1700
Diag(valid=1700, elite=170) ||dU~||2=1.36062 traceCovElite~=0.969739 R2=0.0213075 H(w)=3.96746 perp=52.8502 w_max=0.095669
--------Variance: 0.0030715
Sum of |delta_u|: 0.194689
Post-update R2: 0.00888903
Final cost after weighting: 29.608141
E1_hat_1: 0.00614865
PI step 1 time: 0.0342529 seconds
********a(H_hat): 0.533377
********New psi: 0.419961
0.0314984         0
        0 0.0314984
Iteration: 2/100 ---------------------------
Expected cost over samples: 17.5772
min cost: 1.65036
%%%%%%%%%E1_hat: 0.000767801
ESS: 1.6779 / 1700
Diag(valid=1700, elite=170) ||dU~||2=4.62684 traceCovElite~=0.914039 R2=0.00439979 H(w)=1.11042 perp=3.03562 w_max=0.766129
--------Variance: 0.0184191
Sum of |delta_u|: 0.689623
Post-update R2: 0.00955529
Final cost after weighting: 19.162538
E1_hat_1: 0.000767801
PI step 2 time: 0.0341815 seconds
********a(H_hat): 0.149282
********New psi: 0.765646
0.0241166         0
        0 0.0241166
Iteration: 3/100 ---------------------------
Expected cost over samples: 11.7827
min cost: -4.26151
%%%%%%%%%E1_hat: 0.000809699
ESS: 1.84306 / 1700
Diag(valid=1700, elite=170) ||dU~||2=5.04811 traceCovElite~=0.940194 R2=0.0227701 H(w)=1.18263 perp=3.26293 w_max=0.726486
--------Variance: 0.0171148
Sum of |delta_u|: 0.776603
Post-update R2: 0.0333826
Final cost after weighting: 19.893197
E1_hat_1: 0.000809699
PI step 3 time: 0.0346577 seconds
********a(H_hat): 0.15899
********New psi: 0.756909
0.0182541         0
        0 0.0182541
Iteration: 4/100 ---------------------------
Expected cost over samples: 9.9918
min cost: -4.24863
%%%%%%%%%E1_hat: 0.00067997
ESS: 1.32952 / 1700
Diag(valid=1700, elite=170) ||dU~||2=5.42576 traceCovElite~=0.95768 R2=0.0357226 H(w)=0.674711 perp=1.96347 w_max=0.865089
--------Variance: 0.0164756
Sum of |delta_u|: 0.795949
Post-update R2: 0.0316974
Final cost after weighting: 20.719820
E1_hat_1: 0.00067997
PI step 4 time: 0.0319449 seconds
********a(H_hat): 0.0907067
********New psi: 0.818364
0.0149385         0
        0 0.0149385
Iteration: 5/100 ---------------------------
Expected cost over samples: 8.5827
min cost: -6.26679
%%%%%%%%%E1_hat: 0.00095773
ESS: 1.90414 / 1700
Diag(valid=1700, elite=170) ||dU~||2=4.85478 traceCovElite~=0.925024 R2=0.0398092 H(w)=0.676771 perp=1.96751 w_max=0.614198
--------Variance: 0.00929888
Sum of |delta_u|: 0.643278
Post-update R2: 0.057433
Final cost after weighting: 19.170771
E1_hat_1: 0.00095773
PI step 5 time: 0.0310758 seconds
********a: -6.95094
********New psi: 0.795094
0.0118775         0
        0 0.0118775
Iteration: 6/100 ---------------------------
Expected cost over samples: 8.57526
min cost: -3.96996
%%%%%%%%%E1_hat: 0.0011267
ESS: 1.9988 / 1700
Diag(valid=1700, elite=170) ||dU~||2=4.9786 traceCovElite~=0.900371 R2=0.0259971 H(w)=0.698414 perp=2.01056 w_max=0.522089
--------Variance: 0.0081308
Sum of |delta_u|: 0.746113
Post-update R2: 0.0476203
Final cost after weighting: 16.870629
E1_hat_1: 0.0011267
PI step 6 time: 0.028926 seconds
********a: -6.78847
********New psi: 0.778847
0.00925076          0
         0 0.00925076
Iteration: 7/100 ---------------------------
Expected cost over samples: 5.84445
min cost: -3.89762
%%%%%%%%%E1_hat: 0.00102114
ESS: 2.23952 / 1700
Diag(valid=1700, elite=170) ||dU~||2=4.17508 traceCovElite~=0.901317 R2=0.048742 H(w)=1.0607 perp=2.88838 w_max=0.576059
--------Variance: 0.00493385
Sum of |delta_u|: 0.633536
Post-update R2: 0.0353904
Final cost after weighting: 16.382109
E1_hat_1: 0.00102114
PI step 7 time: 0.0296196 seconds
********a: -6.88684
********New psi: 0.788684
0.00729592          0
         0 0.00729592
Iteration: 8/100 ---------------------------
Expected cost over samples: 6.41809
min cost: -2.09572
%%%%%%%%%E1_hat: 0.000641257
ESS: 1.1845 / 1700
Diag(valid=1700, elite=170) ||dU~||2=5.37626 traceCovElite~=0.92087 R2=0.0403217 H(w)=0.403955 perp=1.49774 w_max=0.917316
--------Variance: 0.00656679
Sum of |delta_u|: 0.819732
Post-update R2: 0.0191457
Final cost after weighting: 16.675878
E1_hat_1: 0.000641257
PI step 8 time: 0.0288198 seconds
********a: -7.35208
********New psi: 0.835208
0.00609361          0
         0 0.00609361
Iteration: 9/100 ---------------------------
Expected cost over samples: 6.36885
min cost: -1.97193
%%%%%%%%%E1_hat: 0.000658157
ESS: 1.2436 / 1700
Diag(valid=1700, elite=170) ||dU~||2=5.52884 traceCovElite~=0.931858 R2=0.0362897 H(w)=0.429481 perp=1.53646 w_max=0.893761
--------Variance: 0.0056629
Sum of |delta_u|: 0.734138
Post-update R2: 0.0266756
Final cost after weighting: 16.433137
E1_hat_1: 0.000658157
PI step 9 time: 0.0285141 seconds
********a: -7.32607
********New psi: 0.832607
0.00507358          0
         0 0.00507358
Iteration: 10/100 ---------------------------
Expected cost over samples: 5.13871
min cost: -2.02623
%%%%%%%%%E1_hat: 0.000811959
ESS: 1.79245 / 1700
Diag(valid=1700, elite=170) ||dU~||2=4.55053 traceCovElite~=0.947469 R2=0.0366861 H(w)=0.991961 perp=2.69652 w_max=0.724465
--------Variance: 0.00334147
Sum of |delta_u|: 0.640494
Post-update R2: 0.0195752
Final cost after weighting: 16.229153
E1_hat_1: 0.000811959
PI step 10 time: 0.0290175 seconds
********a: -7.11606
********New psi: 0.811606
0.00411775          0
         0 0.00411775
Iteration: 11/100 ---------------------------
Expected cost over samples: 4.60456
min cost: -2.25463
%%%%%%%%%E1_hat: 0.000588413
ESS: 1.0006 / 1700
Diag(valid=1700, elite=170) ||dU~||2=5.89637 traceCovElite~=0.930647 R2=0.0294181 H(w)=0.00323744 perp=1.00324 w_max=0.999699
--------Variance: 0.00447374
Sum of |delta_u|: 0.860177
Post-update R2: 0.01546
Final cost after weighting: 16.053514
E1_hat_1: 0.000588413
PI step 11 time: 0.0285929 seconds
********a: -7.43808
********New psi: 0.843808
0.00347459          0
         0 0.00347459
Iteration: 12/100 ---------------------------
Expected cost over samples: 4.17498
min cost: -2.26681
%%%%%%%%%E1_hat: 0.000596533
ESS: 1.02829 / 1700
Diag(valid=1700, elite=170) ||dU~||2=6.0123 traceCovElite~=0.9324 R2=0.0405763 H(w)=0.0856036 perp=1.08937 w_max=0.98609
--------Variance: 0.00393002
Sum of |delta_u|: 0.818098
Post-update R2: 0.0304208
Final cost after weighting: 16.392466
E1_hat_1: 0.000596533
PI step 12 time: 0.029526 seconds
********a: -7.42438
********New psi: 0.842438
0.00292713          0
         0 0.00292713
Iteration: 13/100 ---------------------------
Expected cost over samples: 4.25184
min cost: -1.40201
%%%%%%%%%E1_hat: 0.00114296
ESS: 2.65837 / 1700
Diag(valid=1700, elite=170) ||dU~||2=3.63826 traceCovElite~=0.93017 R2=0.0326576 H(w)=1.19334 perp=3.29808 w_max=0.51466
--------Variance: 0.00103886
Sum of |delta_u|: 0.507471
Post-update R2: 0.0221878
Final cost after weighting: 15.718844
E1_hat_1: 0.00114296
PI step 13 time: 0.030028 seconds
********a: -6.77414
********New psi: 0.777414
0.00227559          0
         0 0.00227559
Iteration: 14/100 ---------------------------
Expected cost over samples: 3.98744
min cost: -0.978929
%%%%%%%%%E1_hat: 0.000588537
ESS: 1.00103 / 1700
Diag(valid=1700, elite=170) ||dU~||2=6.13993 traceCovElite~=0.92333 R2=0.0528541 H(w)=0.00553732 perp=1.00555 w_max=0.999487
--------Variance: 0.00268024
Sum of |delta_u|: 0.857803
Post-update R2: 0.0256753
Final cost after weighting: 15.831838
E1_hat_1: 0.000588537
PI step 14 time: 0.0288227 seconds
********a: -7.43787
********New psi: 0.843787
0.00192011          0
         0 0.00192011
Iteration: 15/100 ---------------------------
Expected cost over samples: 2.61061
min cost: -2.52748
%%%%%%%%%E1_hat: 0.000589367
ESS: 1.00385 / 1700
Diag(valid=1700, elite=170) ||dU~||2=5.08948 traceCovElite~=0.922288 R2=0.0339636 H(w)=0.0140202 perp=1.01412 w_max=0.99808
--------Variance: 0.0015546
Sum of |delta_u|: 0.750088
Post-update R2: 0.0103563
Final cost after weighting: 14.997051
E1_hat_1: 0.000589367
PI step 15 time: 0.0294565 seconds
********a: -7.43646
********New psi: 0.843646
0.0016199         0
        0 0.0016199
Iteration: 16/100 ---------------------------
Expected cost over samples: 2.12591
min cost: -2.03519
%%%%%%%%%E1_hat: 0.00072644
ESS: 1.48985 / 1700
Diag(valid=1700, elite=170) ||dU~||2=4.22289 traceCovElite~=0.955185 R2=0.0445665 H(w)=0.681743 perp=1.97732 w_max=0.809751
--------Variance: 0.000868472
Sum of |delta_u|: 0.605932
Post-update R2: 0.0163891
Final cost after weighting: 14.933614
E1_hat_1: 0.00072644
PI step 16 time: 0.0291903 seconds
********a: -7.22735
********New psi: 0.822735
0.00133275          0
         0 0.00133275
Iteration: 17/100 ---------------------------
Expected cost over samples: 1.4721
min cost: -2.31232
%%%%%%%%%E1_hat: 0.000683503
ESS: 1.32798 / 1700
Diag(valid=1700, elite=170) ||dU~||2=4.64621 traceCovElite~=0.932341 R2=0.0415312 H(w)=0.517796 perp=1.67832 w_max=0.860618
--------Variance: 0.000858561
Sum of |delta_u|: 0.61275
Post-update R2: 0.0166018
Final cost after weighting: 14.968430
E1_hat_1: 0.000683503
PI step 17 time: 0.0299689 seconds
********a: -7.28828
********New psi: 0.828828
0.00110462          0
         0 0.00110462
Iteration: 18/100 ---------------------------
Expected cost over samples: 1.03708
min cost: -2.52
%%%%%%%%%E1_hat: 0.000592594
ESS: 1.01485 / 1700
Diag(valid=1700, elite=170) ||dU~||2=6.71031 traceCovElite~=0.95422 R2=0.0239133 H(w)=0.0532254 perp=1.05467 w_max=0.992644
--------Variance: 0.00155445
Sum of |delta_u|: 1.01689
Post-update R2: 0.00453663
Final cost after weighting: 15.042846
E1_hat_1: 0.000592594
PI step 18 time: 0.0296991 seconds
********a: -7.431
********New psi: 0.8431
0.000931302           0
          0 0.000931302
Iteration: 19/100 ---------------------------
Expected cost over samples: 0.429698
min cost: -2.92581
%%%%%%%%%E1_hat: 0.000727162
ESS: 1.50778 / 1700
Diag(valid=1700, elite=170) ||dU~||2=4.58697 traceCovElite~=0.92881 R2=0.0397796 H(w)=0.772896 perp=2.16603 w_max=0.808947
--------Variance: 0.000581575
Sum of |delta_u|: 0.70712
Post-update R2: 0.0269027
Final cost after weighting: 14.719955
E1_hat_1: 0.000727162
PI step 19 time: 0.0314664 seconds
********a: -7.22636
********New psi: 0.822636
0.000766123           0
          0 0.000766123
Iteration: 20/100 ---------------------------
Expected cost over samples: 0.618399
min cost: -2.38635
%%%%%%%%%E1_hat: 0.000589973
ESS: 1.00591 / 1700
Diag(valid=1700, elite=170) ||dU~||2=5.9095 traceCovElite~=0.918482 R2=0.037531 H(w)=0.0201595 perp=1.02036 w_max=0.997055
--------Variance: 0.000836237
Sum of |delta_u|: 0.831738
Post-update R2: 0.016091
Final cost after weighting: 14.497594
E1_hat_1: 0.000589973
PI step 20 time: 0.0290225 seconds
********a: -7.43543
********New psi: 0.843543
0.000646258           0
          0 0.000646258
Iteration: 21/100 ---------------------------
Expected cost over samples: 0.749632
min cost: -1.78584
%%%%%%%%%E1_hat: 0.000591888
ESS: 1.01245 / 1700
Diag(valid=1700, elite=170) ||dU~||2=6.09544 traceCovElite~=0.969823 R2=0.0269811 H(w)=0.0477607 perp=1.04892 w_max=0.993828
--------Variance: 0.000749905
Sum of |delta_u|: 0.902773
Post-update R2: 0.0175209
Final cost after weighting: 14.536376
E1_hat_1: 0.000591888
PI step 21 time: 0.0320218 seconds
********a: -7.43219
********New psi: 0.843219
0.000544937           0
          0 0.000544937
Iteration: 22/100 ---------------------------
Expected cost over samples: 0.0782053
min cost: -2.46387
%%%%%%%%%E1_hat: 0.000588235
ESS: 1 / 1700
Diag(valid=1700, elite=170) ||dU~||2=5.00625 traceCovElite~=0.915037 R2=0.0350333 H(w)=4.19236e-07 perp=1 w_max=1
--------Variance: 0.000426798
Sum of |delta_u|: 0.705102
Post-update R2: 0.0356652
Final cost after weighting: 14.201365
E1_hat_1: 0.000588235
PI step 22 time: 0.0330749 seconds
********a: -7.43838
********New psi: 0.843838
0.000459839           0
          0 0.000459839
Iteration: 23/100 ---------------------------
Expected cost over samples: 0.0178063
min cost: -2.23228
%%%%%%%%%E1_hat: 0.000991059
ESS: 2.40723 / 1700
Diag(valid=1700, elite=170) ||dU~||2=3.69771 traceCovElite~=0.947614 R2=0.0325901 H(w)=1.0963 perp=2.99307 w_max=0.593542
--------Variance: 0.00014869
Sum of |delta_u|: 0.527165
Post-update R2: 0.0201328
Final cost after weighting: 14.057420
E1_hat_1: 0.000991059
PI step 23 time: 0.0316062 seconds
********a: -6.91674
********New psi: 0.791674
0.000364042           0
          0 0.000364042
Iteration: 24/100 ---------------------------
Expected cost over samples: -0.0473038
min cost: -2.0472
%%%%%%%%%E1_hat: 0.000650306
ESS: 1.20915 / 1700
Diag(valid=1700, elite=170) ||dU~||2=5.50999 traceCovElite~=0.918195 R2=0.0386842 H(w)=0.323619 perp=1.38212 w_max=0.904552
--------Variance: 0.000335464
Sum of |delta_u|: 0.740996
Post-update R2: 0.0209307
Final cost after weighting: 13.983304
E1_hat_1: 0.000650306
PI step 24 time: 0.0305751 seconds
********a: -7.33807
********New psi: 0.833807
0.000303541           0
          0 0.000303541
Iteration: 25/100 ---------------------------
Expected cost over samples: 0.0393605
min cost: -1.78364
%%%%%%%%%E1_hat: 0.000589225
ESS: 1.00336 / 1700
Diag(valid=1700, elite=170) ||dU~||2=4.43381 traceCovElite~=0.910565 R2=0.049243 H(w)=0.0126855 perp=1.01277 w_max=0.998321
--------Variance: 0.000186393
Sum of |delta_u|: 0.651815
Post-update R2: 0.0199765
Final cost after weighting: 13.853271
E1_hat_1: 0.000589225
PI step 25 time: 0.0300635 seconds
********a: -7.4367
********New psi: 0.84367
0.000256088           0
          0 0.000256088
Iteration: 26/100 ---------------------------
Expected cost over samples: -0.265533
min cost: -2.02593
%%%%%%%%%E1_hat: 0.000588235
ESS: 1 / 1700
Diag(valid=1700, elite=170) ||dU~||2=6.07096 traceCovElite~=0.935499 R2=0.0385884 H(w)=2.9576e-07 perp=1 w_max=1
--------Variance: 0.000294954
Sum of |delta_u|: 0.869955
Post-update R2: 0.00775946
Final cost after weighting: 13.815399
E1_hat_1: 0.000588235
PI step 26 time: 0.0291887 seconds
********a: -7.43838
********New psi: 0.843838
0.000216097           0
          0 0.000216097
Iteration: 27/100 ---------------------------
Expected cost over samples: -0.239031
min cost: -1.78977
%%%%%%%%%E1_hat: 0.000592977
ESS: 1.01613 / 1700
Diag(valid=1700, elite=170) ||dU~||2=5.22988 traceCovElite~=0.952488 R2=0.0263848 H(w)=0.0495069 perp=1.05075 w_max=0.992004
--------Variance: 0.000184392
Sum of |delta_u|: 0.775641
Post-update R2: 0.0099401
Final cost after weighting: 13.792723
E1_hat_1: 0.000592977
PI step 27 time: 0.0294896 seconds
********a: -7.43036
********New psi: 0.843036
0.000182178           0
          0 0.000182178
Iteration: 28/100 ---------------------------
Expected cost over samples: -0.144354
min cost: -1.63156
%%%%%%%%%E1_hat: 0.000588235
ESS: 1 / 1700
Diag(valid=1700, elite=170) ||dU~||2=6.32009 traceCovElite~=0.951359 R2=0.0273343 H(w)=3.05326e-15 perp=1 w_max=1
--------Variance: 0.0002274
Sum of |delta_u|: 0.91307
Post-update R2: 0.0131012
Final cost after weighting: 13.767001
E1_hat_1: 0.000588235
PI step 28 time: 0.0297516 seconds
********a: -7.43838
********New psi: 0.843838
0.000153729           0
          0 0.000153729
Iteration: 29/100 ---------------------------
Expected cost over samples: -0.345025
min cost: -1.71099
%%%%%%%%%E1_hat: 0.000588235
ESS: 1 / 1700
Diag(valid=1700, elite=170) ||dU~||2=5.78061 traceCovElite~=0.939136 R2=0.0333921 H(w)=4.56183e-08 perp=1 w_max=1
--------Variance: 0.000160528
Sum of |delta_u|: 0.806135
Post-update R2: 0.0153225
Final cost after weighting: 13.689460
E1_hat_1: 0.000588235
PI step 29 time: 0.0292389 seconds
********a: -7.43838
********New psi: 0.843838
0.000129722           0
          0 0.000129722
Iteration: 30/100 ---------------------------
Expected cost over samples: -0.288396
min cost: -1.48163
%%%%%%%%%E1_hat: 0.000704089
ESS: 1.3792 / 1700
Diag(valid=1700, elite=170) ||dU~||2=4.76395 traceCovElite~=0.915755 R2=0.0553208 H(w)=0.447174 perp=1.56389 w_max=0.835456
--------Variance: 9.08017e-05
Sum of |delta_u|: 0.718206
Post-update R2: 0.0113868
Final cost after weighting: 13.666062
E1_hat_1: 0.000704089
PI step 30 time: 0.0295459 seconds
********a: -7.25861
********New psi: 0.825861
0.000107132           0
          0 0.000107132
Iteration: 31/100 ---------------------------
Expected cost over samples: -0.308707
min cost: -1.42889
%%%%%%%%%E1_hat: 0.000588432
ESS: 1.00067 / 1700
Diag(valid=1700, elite=170) ||dU~||2=6.0072 traceCovElite~=0.948067 R2=0.0301502 H(w)=0.00320548 perp=1.00321 w_max=0.999666
--------Variance: 0.000120806
Sum of |delta_u|: 0.855312
Post-update R2: 0.0219221
Final cost after weighting: 13.638762
E1_hat_1: 0.000588432
PI step 31 time: 0.0299467 seconds
********a: -7.43805
********New psi: 0.843805
9.03988e-05           0
          0 9.03988e-05
Iteration: 32/100 ---------------------------
Expected cost over samples: -0.400305
min cost: -1.39727
%%%%%%%%%E1_hat: 0.000592053
ESS: 1.01298 / 1700
Diag(valid=1700, elite=170) ||dU~||2=6.21779 traceCovElite~=0.913274 R2=0.0386895 H(w)=0.0390843 perp=1.03986 w_max=0.993552
--------Variance: 0.000108574
Sum of |delta_u|: 0.906684
Post-update R2: 0.0175974
Final cost after weighting: 13.608039
E1_hat_1: 0.000592053
PI step 32 time: 0.0299329 seconds
********a: -7.43191
********New psi: 0.843191
7.62235e-05           0
          0 7.62235e-05
Iteration: 33/100 ---------------------------
Expected cost over samples: -0.195683
min cost: -1.12201
%%%%%%%%%E1_hat: 0.000612197
ESS: 1.08153 / 1700
Diag(valid=1700, elite=170) ||dU~||2=4.77093 traceCovElite~=0.931723 R2=0.0542728 H(w)=0.174027 perp=1.19009 w_max=0.96086
--------Variance: 5.38655e-05
Sum of |delta_u|: 0.614419
Post-update R2: 0.0280614
Final cost after weighting: 13.596889
E1_hat_1: 0.000612197
PI step 33 time: 0.0302577 seconds
********a: -7.39846
********New psi: 0.839846
6.40159e-05           0
          0 6.40159e-05
Iteration: 34/100 ---------------------------
Expected cost over samples: -0.345747
min cost: -1.171
%%%%%%%%%E1_hat: 0.000588235
ESS: 1 / 1700
Diag(valid=1700, elite=170) ||dU~||2=5.67332 traceCovElite~=0.939769 R2=0.038647 H(w)=4.01181e-11 perp=1 w_max=1
--------Variance: 6.43883e-05
Sum of |delta_u|: 0.833388
Post-update R2: 0.00502262
Final cost after weighting: 13.562111
E1_hat_1: 0.000588235
PI step 34 time: 0.0291178 seconds
********a: -7.43838
********New psi: 0.843838
5.40191e-05           0
          0 5.40191e-05
Iteration: 35/100 ---------------------------
Expected cost over samples: -0.349888
min cost: -1.12413
%%%%%%%%%E1_hat: 0.000590053
ESS: 1.00618 / 1700
Diag(valid=1700, elite=170) ||dU~||2=5.50961 traceCovElite~=0.925896 R2=0.044228 H(w)=0.0222743 perp=1.02252 w_max=0.996919
--------Variance: 5.1191e-05
Sum of |delta_u|: 0.81469
Post-update R2: 0.0209085
Final cost after weighting: 13.556471
E1_hat_1: 0.000590053
PI step 35 time: 0.0296685 seconds
********a: -7.4353
********New psi: 0.84353
4.55667e-05           0
          0 4.55667e-05
Iteration: 36/100 ---------------------------
Expected cost over samples: -0.501517
min cost: -1.22082
%%%%%%%%%E1_hat: 0.000588235
ESS: 1 / 1700
Diag(valid=1700, elite=170) ||dU~||2=5.50146 traceCovElite~=0.940896 R2=0.0361155 H(w)=4.45467e-09 perp=1 w_max=1
--------Variance: 4.30976e-05
Sum of |delta_u|: 0.789499
Post-update R2: 0.0182541
Final cost after weighting: 13.551096
E1_hat_1: 0.000588235
PI step 36 time: 0.0303098 seconds
********a: -7.43838
********New psi: 0.843838
3.8451e-05          0
         0 3.8451e-05
Iteration: 37/100 ---------------------------
Expected cost over samples: -0.73654
min cost: -1.38942
%%%%%%%%%E1_hat: 0.000588461
ESS: 1.00077 / 1700
Diag(valid=1700, elite=170) ||dU~||2=7.29326 traceCovElite~=0.957002 R2=0.0269376 H(w)=0.00341872 perp=1.00342 w_max=0.999616
--------Variance: 6.39196e-05
Sum of |delta_u|: 1.09837
Post-update R2: 0.00442743
Final cost after weighting: 13.543090
E1_hat_1: 0.000588461
PI step 37 time: 0.0301997 seconds
********a: -7.438
********New psi: 0.8438
3.24449e-05           0
          0 3.24449e-05
Iteration: 38/100 ---------------------------
Expected cost over samples: -0.663043
min cost: -1.25916
%%%%%%%%%E1_hat: 0.000588235
ESS: 1 / 1700
Diag(valid=1700, elite=170) ||dU~||2=4.85969 traceCovElite~=0.918766 R2=0.0580938 H(w)=3.65385e-06 perp=1 w_max=1
--------Variance: 2.39449e-05
Sum of |delta_u|: 0.711154
Post-update R2: 0.00890877
Final cost after weighting: 13.509012
E1_hat_1: 0.000588235
PI step 38 time: 0.0301487 seconds
********a: -7.43838
********New psi: 0.843838
2.73783e-05           0
          0 2.73783e-05
Iteration: 39/100 ---------------------------
Expected cost over samples: -0.74459
min cost: -1.30468
%%%%%%%%%E1_hat: 0.000588236
ESS: 1 / 1700
Diag(valid=1700, elite=170) ||dU~||2=5.32376 traceCovElite~=0.90898 R2=0.040644 H(w)=8.30262e-06 perp=1.00001 w_max=0.999999
--------Variance: 2.42489e-05
Sum of |delta_u|: 0.776061
Post-update R2: 0.0175606
Final cost after weighting: 13.499911
E1_hat_1: 0.000588236
PI step 39 time: 0.0305501 seconds
********a: -7.43838
********New psi: 0.843838
2.31028e-05           0
          0 2.31028e-05
Optimal cost 13.499911021567495
Optimal rob  0.1270146848727558
Solver time  1.227865166
