R_ : 20  0
 0 20
Iteration: 0/100 ---------------------------
Expected cost over samples: 44.4009
min cost: -4.82114
%%%%%%%%%E1_hat: 0.0189352
ESS: 191.614 / 1700
Diag(valid=1700, elite=170) ||dU~||2=1.18938 traceCovElite~=0.952204 R2=0.00122471 H(w)=6.19259 perp=489.113 w_max=0.0310657
--------Variance: 0.00288339
Sum of |delta_u|: 0.165942
Post-update R2: 0.0428394
Final cost after weighting: 29.542989
E1_hat_1: 0.0189352
PI step 0 time: 0.0333751 seconds
********a(H_hat): 0.832519
********New psi: 0.2
0.1   0
  0 0.1
Iteration: 1/100 ---------------------------
Expected cost over samples: 24.964
min cost: 3.15259
%%%%%%%%%E1_hat: 0.00251365
ESS: 15.1467 / 1700
Diag(valid=1700, elite=170) ||dU~||2=1.96283 traceCovElite~=0.985909 R2=0.0213644 H(w)=4.28113 perp=72.322 w_max=0.234016
--------Variance: 0.00739793
Sum of |delta_u|: 0.280507
Post-update R2: 0.0316044
Final cost after weighting: 30.115642
E1_hat_1: 0.00251365
PI step 1 time: 0.0313121 seconds
********a(H_hat): 0.575546
********New psi: 0.358155
0.0358155         0
        0 0.0358155
Iteration: 2/100 ---------------------------
Expected cost over samples: 17.9126
min cost: 0.882267
%%%%%%%%%E1_hat: 0.000709769
ESS: 1.43024 / 1700
Diag(valid=1700, elite=170) ||dU~||2=4.71485 traceCovElite~=0.965383 R2=0.0111446 H(w)=0.724666 perp=2.06404 w_max=0.828771
--------Variance: 0.0218178
Sum of |delta_u|: 0.664314
Post-update R2: 0.0403659
Final cost after weighting: 20.909674
E1_hat_1: 0.000709769
PI step 2 time: 0.0308587 seconds
********a(H_hat): 0.0974225
********New psi: 0.761595
0.0272769         0
        0 0.0272769
Iteration: 3/100 ---------------------------
Expected cost over samples: 15.3347
min cost: -0.122697
%%%%%%%%%E1_hat: 0.00146467
ESS: 4.86242 / 1700
Diag(valid=1700, elite=170) ||dU~||2=3.60293 traceCovElite~=0.910301 R2=0.0318956 H(w)=2.09826 perp=8.15194 w_max=0.401615
--------Variance: 0.00718477
Sum of |delta_u|: 0.519499
Post-update R2: 0.0322774
Final cost after weighting: 18.026514
E1_hat_1: 0.00146467
PI step 3 time: 0.0312333 seconds
********a(H_hat): 0.282085
********New psi: 0.605777
0.0165237         0
        0 0.0165237
Iteration: 4/100 ---------------------------
Expected cost over samples: 11.9618
min cost: -1.04687
%%%%%%%%%E1_hat: 0.000899645
ESS: 2.17651 / 1700
Diag(valid=1700, elite=170) ||dU~||2=4.22273 traceCovElite~=0.939538 R2=0.0360609 H(w)=1.29659 perp=3.65679 w_max=0.653853
--------Variance: 0.00811002
Sum of |delta_u|: 0.641807
Post-update R2: 0.0328348
Final cost after weighting: 17.683438
E1_hat_1: 0.000899645
PI step 4 time: 0.0301213 seconds
********a(H_hat): 0.17431
********New psi: 0.696717
0.0115123         0
        0 0.0115123
Iteration: 5/100 ---------------------------
Expected cost over samples: 9.51159
min cost: -0.864535
%%%%%%%%%E1_hat: 0.00178457
ESS: 3.69967 / 1700
Diag(valid=1700, elite=170) ||dU~||2=3.82275 traceCovElite~=0.92916 R2=0.035143 H(w)=1.51334 perp=4.54187 w_max=0.329623
--------Variance: 0.00411123
Sum of |delta_u|: 0.528953
Post-update R2: 0.0267625
Final cost after weighting: 16.899431
E1_hat_1: 0.00178457
PI step 5 time: 0.0299147 seconds
********a(H_hat): 0.20345
********New psi: 0.672129
0.00773778          0
         0 0.00773778
Iteration: 6/100 ---------------------------
Expected cost over samples: 7.8361
min cost: -1.12408
%%%%%%%%%E1_hat: 0.000930517
ESS: 2.00073 / 1700
Diag(valid=1700, elite=170) ||dU~||2=3.91321 traceCovElite~=0.907381 R2=0.0476243 H(w)=0.867338 perp=2.38056 w_max=0.63216
--------Variance: 0.00425581
Sum of |delta_u|: 0.529328
Post-update R2: 0.0239212
Final cost after weighting: 15.973557
E1_hat_1: 0.000930517
PI step 6 time: 0.0294607 seconds
********a(H_hat): 0.116603
********New psi: 0.74541
0.00576782          0
         0 0.00576782
Iteration: 7/100 ---------------------------
Expected cost over samples: 6.73835
min cost: -0.587886
%%%%%%%%%E1_hat: 0.000695847
ESS: 1.3901 / 1700
Diag(valid=1700, elite=170) ||dU~||2=3.66918 traceCovElite~=0.92062 R2=0.0289824 H(w)=0.739213 perp=2.09429 w_max=0.845352
--------Variance: 0.00228775
Sum of |delta_u|: 0.514595
Post-update R2: 0.0420185
Final cost after weighting: 15.875457
E1_hat_1: 0.000695847
PI step 7 time: 0.0322326 seconds
********a(H_hat): 0.0993782
********New psi: 0.759945
0.00438322          0
         0 0.00438322
Iteration: 8/100 ---------------------------
Expected cost over samples: 5.91382
min cost: -0.764904
%%%%%%%%%E1_hat: 0.00143805
ESS: 2.90655 / 1700
Diag(valid=1700, elite=170) ||dU~||2=3.9056 traceCovElite~=0.927645 R2=0.0317912 H(w)=1.1212 perp=3.06853 w_max=0.409051
--------Variance: 0.00159965
Sum of |delta_u|: 0.578765
Post-update R2: 0.0175012
Final cost after weighting: 14.976005
E1_hat_1: 0.00143805
PI step 8 time: 0.0312023 seconds
********a(H_hat): 0.150731
********New psi: 0.716613
0.00314108          0
         0 0.00314108
Iteration: 9/100 ---------------------------
Expected cost over samples: 5.12557
min cost: -0.50342
%%%%%%%%%E1_hat: 0.000679954
ESS: 1.31701 / 1700
Diag(valid=1700, elite=170) ||dU~||2=5.49126 traceCovElite~=0.978451 R2=0.0270867 H(w)=0.48411 perp=1.62273 w_max=0.86511
--------Variance: 0.00275153
Sum of |delta_u|: 0.776231
Post-update R2: 0.0139505
Final cost after weighting: 15.244769
E1_hat_1: 0.000679954
PI step 9 time: 0.0338335 seconds
********a(H_hat): 0.0650827
********New psi: 0.788883
0.00247794          0
         0 0.00247794
Iteration: 10/100 ---------------------------
Expected cost over samples: 4.72957
min cost: -0.714645
%%%%%%%%%E1_hat: 0.000588414
ESS: 1.00061 / 1700
Diag(valid=1700, elite=170) ||dU~||2=5.239 traceCovElite~=0.921558 R2=0.0568987 H(w)=0.00293381 perp=1.00294 w_max=0.999696
--------Variance: 0.00212535
Sum of |delta_u|: 0.769027
Post-update R2: 0.044998
Final cost after weighting: 14.813681
E1_hat_1: 0.000588414
PI step 10 time: 0.0304057 seconds
********a(H_hat): 0.000394415
********New psi: 0.843467
0.00209006          0
         0 0.00209006
Iteration: 11/100 ---------------------------
Expected cost over samples: 3.79911
min cost: -1.20743
%%%%%%%%%E1_hat: 0.000865108
ESS: 1.77275 / 1700
Diag(valid=1700, elite=170) ||dU~||2=4.04764 traceCovElite~=0.923529 R2=0.0343889 H(w)=0.634082 perp=1.88529 w_max=0.679956
--------Variance: 0.00124151
Sum of |delta_u|: 0.585697
Post-update R2: 0.0182345
Final cost after weighting: 14.386395
E1_hat_1: 0.000865108
PI step 11 time: 0.031386 seconds
********a(H_hat): 0.0852446
********New psi: 0.771871
0.00161326          0
         0 0.00161326
Iteration: 12/100 ---------------------------
Expected cost over samples: 3.45775
min cost: -0.769278
%%%%%%%%%E1_hat: 0.00059946
ESS: 1.03817 / 1700
Diag(valid=1700, elite=170) ||dU~||2=5.46527 traceCovElite~=0.952363 R2=0.0337039 H(w)=0.09584 perp=1.10058 w_max=0.981275
--------Variance: 0.00150075
Sum of |delta_u|: 0.811144
Post-update R2: 0.00768658
Final cost after weighting: 14.386794
E1_hat_1: 0.00059946
PI step 12 time: 0.0303709 seconds
********a(H_hat): 0.0128845
********New psi: 0.832928
0.00134373          0
         0 0.00134373
Iteration: 13/100 ---------------------------
Expected cost over samples: 3.11797
min cost: -0.420336
%%%%%%%%%E1_hat: 0.000887875
ESS: 2.01454 / 1700
Diag(valid=1700, elite=170) ||dU~||2=3.22455 traceCovElite~=0.939029 R2=0.0389569 H(w)=0.991454 perp=2.69515 w_max=0.66252
--------Variance: 0.000507787
Sum of |delta_u|: 0.469477
Post-update R2: 0.00926868
Final cost after weighting: 14.492161
E1_hat_1: 0.000887875
PI step 13 time: 0.0312984 seconds
********a(H_hat): 0.133289
********New psi: 0.731331
0.000982709           0
          0 0.000982709
Iteration: 14/100 ---------------------------
Expected cost over samples: 2.26187
min cost: -1.0437
%%%%%%%%%E1_hat: 0.000588443
ESS: 1.00071 / 1700
Diag(valid=1700, elite=170) ||dU~||2=6.50183 traceCovElite~=0.913628 R2=0.0479864 H(w)=0.00320317 perp=1.00321 w_max=0.999647
--------Variance: 0.00129818
Sum of |delta_u|: 0.907189
Post-update R2: 0.0264755
Final cost after weighting: 14.486898
E1_hat_1: 0.000588443
PI step 14 time: 0.0298126 seconds
********a(H_hat): 0.000430627
********New psi: 0.843437
0.000828853           0
          0 0.000828853
Iteration: 15/100 ---------------------------
Expected cost over samples: 1.8365
min cost: -1.11038
%%%%%%%%%E1_hat: 0.000588264
ESS: 1.0001 / 1700
Diag(valid=1700, elite=170) ||dU~||2=5.49207 traceCovElite~=0.9206 R2=0.0532484 H(w)=0.000536062 perp=1.00054 w_max=0.999952
--------Variance: 0.000781264
Sum of |delta_u|: 0.71522
Post-update R2: 0.0300275
Final cost after weighting: 14.299295
E1_hat_1: 0.000588264
PI step 15 time: 0.0311538 seconds
********a(H_hat): 7.2067e-05
********New psi: 0.843739
0.000699336           0
          0 0.000699336
Iteration: 16/100 ---------------------------
Expected cost over samples: 1.73372
min cost: -1.01786
%%%%%%%%%E1_hat: 0.000588507
ESS: 1.00092 / 1700
Diag(valid=1700, elite=170) ||dU~||2=6.41567 traceCovElite~=0.922893 R2=0.0661204 H(w)=0.00462679 perp=1.00464 w_max=0.999538
--------Variance: 0.000899572
Sum of |delta_u|: 0.93062
Post-update R2: 0.0250889
Final cost after weighting: 14.401228
E1_hat_1: 0.000588507
PI step 16 time: 0.0323227 seconds
********a(H_hat): 0.000622015
********New psi: 0.843275
0.000589733           0
          0 0.000589733
Iteration: 17/100 ---------------------------
Expected cost over samples: 1.56865
min cost: -0.98906
%%%%%%%%%E1_hat: 0.000910157
ESS: 1.8461 / 1700
Diag(valid=1700, elite=170) ||dU~||2=5.18661 traceCovElite~=0.911373 R2=0.0534301 H(w)=0.659923 perp=1.93464 w_max=0.646301
--------Variance: 0.000393727
Sum of |delta_u|: 0.706251
Post-update R2: 0.0353869
Final cost after weighting: 14.211707
E1_hat_1: 0.000910157
PI step 17 time: 0.0306135 seconds
********a(H_hat): 0.0887186
********New psi: 0.768939
0.000453469           0
          0 0.000453469
Iteration: 18/100 ---------------------------
Expected cost over samples: 1.26453
min cost: -1.07829
%%%%%%%%%E1_hat: 0.000588244
ESS: 1.00003 / 1700
Diag(valid=1700, elite=170) ||dU~||2=6.12289 traceCovElite~=0.933839 R2=0.0331919 H(w)=0.000186828 perp=1.00019 w_max=0.999985
--------Variance: 0.000531261
Sum of |delta_u|: 0.854133
Post-update R2: 0.0292123
Final cost after weighting: 14.120307
E1_hat_1: 0.000588244
PI step 18 time: 0.0320923 seconds
********a(H_hat): 2.51168e-05
********New psi: 0.843779
0.000382627           0
          0 0.000382627
Iteration: 19/100 ---------------------------
Expected cost over samples: 0.62685
min cost: -1.53069
%%%%%%%%%E1_hat: 0.000588437
ESS: 1.00068 / 1700
Diag(valid=1700, elite=170) ||dU~||2=5.58392 traceCovElite~=0.936663 R2=0.0436228 H(w)=0.00307374 perp=1.00308 w_max=0.999658
--------Variance: 0.000372713
Sum of |delta_u|: 0.749906
Post-update R2: 0.022974
Final cost after weighting: 13.979328
E1_hat_1: 0.000588437
PI step 19 time: 0.0309905 seconds
********a(H_hat): 0.000413227
********New psi: 0.843451
0.000322727           0
          0 0.000322727
Iteration: 20/100 ---------------------------
Expected cost over samples: 0.285386
min cost: -1.63129
%%%%%%%%%E1_hat: 0.000647593
ESS: 1.20022 / 1700
Diag(valid=1700, elite=170) ||dU~||2=3.98503 traceCovElite~=0.924881 R2=0.0331318 H(w)=0.31728 perp=1.37339 w_max=0.908341
--------Variance: 0.000168791
Sum of |delta_u|: 0.599985
Post-update R2: 0.0268432
Final cost after weighting: 13.897958
E1_hat_1: 0.000647593
PI step 20 time: 0.0311792 seconds
********a(H_hat): 0.0426544
********New psi: 0.807808
0.000260702           0
          0 0.000260702
Iteration: 21/100 ---------------------------
Expected cost over samples: -0.00151361
min cost: -1.72118
%%%%%%%%%E1_hat: 0.00115736
ESS: 2.12524 / 1700
Diag(valid=1700, elite=170) ||dU~||2=4.25464 traceCovElite~=0.926868 R2=0.0402403 H(w)=0.814896 perp=2.25894 w_max=0.508257
--------Variance: 0.000158151
Sum of |delta_u|: 0.636028
Post-update R2: 0.0156027
Final cost after weighting: 13.960558
E1_hat_1: 0.00115736
PI step 21 time: 0.0320034 seconds
********a(H_hat): 0.109553
********New psi: 0.751359
0.000195881           0
          0 0.000195881
Iteration: 22/100 ---------------------------
Expected cost over samples: -0.29226
min cost: -1.8491
%%%%%%%%%E1_hat: 0.000691449
ESS: 1.34045 / 1700
Diag(valid=1700, elite=170) ||dU~||2=4.81324 traceCovElite~=0.97634 R2=0.0296895 H(w)=0.421448 perp=1.52417 w_max=0.850728
--------Variance: 0.000136501
Sum of |delta_u|: 0.736876
Post-update R2: 0.0128052
Final cost after weighting: 13.859909
E1_hat_1: 0.000691449
PI step 22 time: 0.0298661 seconds
********a(H_hat): 0.0566585
********New psi: 0.795992
0.000155919           0
          0 0.000155919
Iteration: 23/100 ---------------------------
Expected cost over samples: -0.385598
min cost: -1.69955
%%%%%%%%%E1_hat: 0.000588244
ESS: 1.00003 / 1700
Diag(valid=1700, elite=170) ||dU~||2=6.3091 traceCovElite~=0.960984 R2=0.0274184 H(w)=0.000199951 perp=1.0002 w_max=0.999984
--------Variance: 0.000193947
Sum of |delta_u|: 0.849626
Post-update R2: 0.00942993
Final cost after weighting: 13.858300
E1_hat_1: 0.000588244
PI step 23 time: 0.0295137 seconds
********a(H_hat): 2.6881e-05
********New psi: 0.843777
0.000131561           0
          0 0.000131561
Iteration: 24/100 ---------------------------
Expected cost over samples: -0.440933
min cost: -1.68111
%%%%%%%%%E1_hat: 0.000588235
ESS: 1 / 1700
Diag(valid=1700, elite=170) ||dU~||2=6.98389 traceCovElite~=0.903403 R2=0.0381805 H(w)=4.60096e-07 perp=1 w_max=1
--------Variance: 0.000200527
Sum of |delta_u|: 0.918967
Post-update R2: 0.0085284
Final cost after weighting: 13.799828
E1_hat_1: 0.000588235
PI step 24 time: 0.0297914 seconds
********a(H_hat): 6.18543e-08
********New psi: 0.8438
0.000111011           0
          0 0.000111011
Iteration: 25/100 ---------------------------
Expected cost over samples: -0.323108
min cost: -1.48176
%%%%%%%%%E1_hat: 0.000588273
ESS: 1.00013 / 1700
Diag(valid=1700, elite=170) ||dU~||2=4.46027 traceCovElite~=0.929554 R2=0.0462698 H(w)=0.000701567 perp=1.0007 w_max=0.999935
--------Variance: 6.90148e-05
Sum of |delta_u|: 0.612193
Post-update R2: 0.0320161
Final cost after weighting: 13.759546
E1_hat_1: 0.000588273
PI step 25 time: 0.02923 seconds
********a(H_hat): 9.43171e-05
********New psi: 0.84372
9.36626e-05           0
          0 9.36626e-05
Iteration: 26/100 ---------------------------
Expected cost over samples: -0.386835
min cost: -1.3996
%%%%%%%%%E1_hat: 0.000590072
ESS: 1.00624 / 1700
Diag(valid=1700, elite=170) ||dU~||2=5.27033 traceCovElite~=0.940809 R2=0.0250954 H(w)=0.0211569 perp=1.02138 w_max=0.996888
--------Variance: 8.1307e-05
Sum of |delta_u|: 0.732777
Post-update R2: 0.012385
Final cost after weighting: 13.783854
E1_hat_1: 0.000590072
PI step 26 time: 0.0316648 seconds
********a(H_hat): 0.00284429
********New psi: 0.8414
7.88077e-05           0
          0 7.88077e-05
Iteration: 27/100 ---------------------------
Expected cost over samples: -0.554904
min cost: -1.53641
%%%%%%%%%E1_hat: 0.000588527
ESS: 1.00099 / 1700
Diag(valid=1700, elite=170) ||dU~||2=3.76247 traceCovElite~=0.937778 R2=0.0243679 H(w)=0.00427142 perp=1.00428 w_max=0.999504
--------Variance: 3.48558e-05
Sum of |delta_u|: 0.531513
Post-update R2: 0.00799227
Final cost after weighting: 13.749838
E1_hat_1: 0.000588527
PI step 27 time: 0.03 seconds
********a(H_hat): 0.00057424
********New psi: 0.843315
6.64597e-05           0
          0 6.64597e-05
Iteration: 28/100 ---------------------------
Expected cost over samples: -0.550188
min cost: -1.42575
%%%%%%%%%E1_hat: 0.000647649
ESS: 1.19997 / 1700
Diag(valid=1700, elite=170) ||dU~||2=5.87118 traceCovElite~=0.945826 R2=0.0427663 H(w)=0.306607 perp=1.35881 w_max=0.908263
--------Variance: 6.8672e-05
Sum of |delta_u|: 0.814129
Post-update R2: 0.0253419
Final cost after weighting: 13.724752
E1_hat_1: 0.000647649
PI step 28 time: 0.0297936 seconds
********a(H_hat): 0.0412196
********New psi: 0.809019
5.37672e-05           0
          0 5.37672e-05
Iteration: 29/100 ---------------------------
Expected cost over samples: -0.6747
min cost: -1.46736
%%%%%%%%%E1_hat: 0.000651126
ESS: 1.21141 / 1700
Diag(valid=1700, elite=170) ||dU~||2=5.06324 traceCovElite~=0.943044 R2=0.0392306 H(w)=0.317525 perp=1.37372 w_max=0.903413
--------Variance: 4.64634e-05
Sum of |delta_u|: 0.700973
Post-update R2: 0.0089279
Final cost after weighting: 13.716115
E1_hat_1: 0.000651126
PI step 29 time: 0.0294843 seconds
********a(H_hat): 0.0426873
********New psi: 0.80778
4.34321e-05           0
          0 4.34321e-05
Iteration: 30/100 ---------------------------
Expected cost over samples: -0.692682
min cost: -1.3987
%%%%%%%%%E1_hat: 0.000733906
ESS: 1.46666 / 1700
Diag(valid=1700, elite=170) ||dU~||2=4.8184 traceCovElite~=0.970531 R2=0.0192934 H(w)=0.498297 perp=1.64592 w_max=0.801513
--------Variance: 2.82571e-05
Sum of |delta_u|: 0.673284
Post-update R2: 0.0179571
Final cost after weighting: 13.687302
E1_hat_1: 0.000733906
PI step 30 time: 0.0316877 seconds
********a(H_hat): 0.06699
********New psi: 0.787274
3.41929e-05           0
          0 3.41929e-05
Iteration: 31/100 ---------------------------
Expected cost over samples: -0.808534
min cost: -1.44378
%%%%%%%%%E1_hat: 0.000588235
ESS: 1 / 1700
Diag(valid=1700, elite=170) ||dU~||2=7.72621 traceCovElite~=0.891451 R2=0.0272192 H(w)=2.30357e-07 perp=1 w_max=1
--------Variance: 6.37851e-05
Sum of |delta_u|: 1.10971
Post-update R2: 0.00489283
Final cost after weighting: 13.672810
E1_hat_1: 0.000588235
PI step 31 time: 0.0369814 seconds
********a(H_hat): 3.09687e-08
********New psi: 0.8438
2.8852e-05          0
         0 2.8852e-05
Iteration: 32/100 ---------------------------
Expected cost over samples: -0.718068
min cost: -1.28132
%%%%%%%%%E1_hat: 0.00087181
ESS: 1.7824 / 1700
Diag(valid=1700, elite=170) ||dU~||2=3.8201 traceCovElite~=0.959926 R2=0.0511526 H(w)=0.631078 perp=1.87964 w_max=0.674728
--------Variance: 1.31213e-05
Sum of |delta_u|: 0.593186
Post-update R2: 0.0094464
Final cost after weighting: 13.673264
E1_hat_1: 0.00087181
PI step 32 time: 0.0308064 seconds
********a(H_hat): 0.0848407
********New psi: 0.772211
2.22798e-05           0
          0 2.22798e-05
Iteration: 33/100 ---------------------------
Expected cost over samples: -0.805703
min cost: -1.31259
%%%%%%%%%E1_hat: 0.000588235
ESS: 1 / 1700
Diag(valid=1700, elite=170) ||dU~||2=6.39352 traceCovElite~=0.943561 R2=0.0344342 H(w)=1.93123e-13 perp=1 w_max=1
--------Variance: 2.84603e-05
Sum of |delta_u|: 0.870912
Post-update R2: 0.00651963
Final cost after weighting: 13.628179
E1_hat_1: 0.000588235
PI step 33 time: 0.0293636 seconds
********a(H_hat): 2.5963e-14
********New psi: 0.8438
1.87997e-05           0
          0 1.87997e-05
Iteration: 34/100 ---------------------------
Expected cost over samples: -0.878357
min cost: -1.35391
%%%%%%%%%E1_hat: 0.000643279
ESS: 1.18552 / 1700
Diag(valid=1700, elite=170) ||dU~||2=4.9327 traceCovElite~=0.908617 R2=0.041956 H(w)=0.292161 perp=1.33932 w_max=0.914432
--------Variance: 1.37421e-05
Sum of |delta_u|: 0.674125
Post-update R2: 0.0144557
Final cost after weighting: 13.578156
E1_hat_1: 0.000643279
PI step 34 time: 0.0310893 seconds
********a(H_hat): 0.0392775
********New psi: 0.810658
1.52401e-05           0
          0 1.52401e-05
Iteration: 35/100 ---------------------------
Expected cost over samples: -0.988848
min cost: -1.40405
%%%%%%%%%E1_hat: 0.000588235
ESS: 1 / 1700
Diag(valid=1700, elite=170) ||dU~||2=5.17092 traceCovElite~=0.940503 R2=0.0457416 H(w)=5.77313e-12 perp=1 w_max=1
--------Variance: 1.27342e-05
Sum of |delta_u|: 0.736254
Post-update R2: 0.0217198
Final cost after weighting: 13.555313
E1_hat_1: 0.000588235
PI step 35 time: 0.0327258 seconds
********a(H_hat): 7.76127e-13
********New psi: 0.8438
1.28596e-05           0
          0 1.28596e-05
Iteration: 36/100 ---------------------------
Expected cost over samples: -1.04776
min cost: -1.42037
%%%%%%%%%E1_hat: 0.000589663
ESS: 1.00485 / 1700
Diag(valid=1700, elite=170) ||dU~||2=4.54692 traceCovElite~=0.925825 R2=0.0455997 H(w)=0.0169993 perp=1.01714 w_max=0.997579
--------Variance: 8.31504e-06
Sum of |delta_u|: 0.659359
Post-update R2: 0.0254208
Final cost after weighting: 13.543730
E1_hat_1: 0.000589663
PI step 36 time: 0.030453 seconds
********a(H_hat): 0.00228534
********New psi: 0.841872
1.08262e-05           0
          0 1.08262e-05
Iteration: 37/100 ---------------------------
Expected cost over samples: -1.06112
min cost: -1.4098
%%%%%%%%%E1_hat: 0.000636606
ESS: 1.16336 / 1700
Diag(valid=1700, elite=170) ||dU~||2=5.2086 traceCovElite~=0.924826 R2=0.0483517 H(w)=0.268846 perp=1.30845 w_max=0.924018
--------Variance: 9.03199e-06
Sum of |delta_u|: 0.68721
Post-update R2: 0.0200868
Final cost after weighting: 13.526540
E1_hat_1: 0.000636606
PI step 37 time: 0.0296625 seconds
********a(H_hat): 0.036143
********New psi: 0.813303
8.80494e-06           0
          0 8.80494e-06
Iteration: 38/100 ---------------------------
Expected cost over samples: -1.15877
min cost: -1.47436
%%%%%%%%%E1_hat: 0.000588237
ESS: 1 / 1700
Diag(valid=1700, elite=170) ||dU~||2=7.05789 traceCovElite~=0.984198 R2=0.0259501 H(w)=3.15387e-05 perp=1.00003 w_max=0.999998
--------Variance: 1.37065e-05
Sum of |delta_u|: 1.00861
Post-update R2: 0.00165244
Final cost after weighting: 13.521092
E1_hat_1: 0.000588237
PI step 38 time: 0.0321229 seconds
********a(H_hat): 4.23999e-06
********New psi: 0.843796
7.42958e-06           0
          0 7.42958e-06
Iteration: 39/100 ---------------------------
Expected cost over samples: -1.28945
min cost: -1.57237
%%%%%%%%%E1_hat: 0.000588235
ESS: 1 / 1700
Diag(valid=1700, elite=170) ||dU~||2=4.65999 traceCovElite~=0.968022 R2=0.0389555 H(w)=2.23163e-12 perp=1 w_max=1
--------Variance: 5.04176e-06
Sum of |delta_u|: 0.716765
Post-update R2: 0.0213333
Final cost after weighting: 13.513545
E1_hat_1: 0.000588235
PI step 39 time: 0.0304184 seconds
********a(H_hat): 3.00015e-13
********New psi: 0.8438
6.26908e-06           0
          0 6.26908e-06
Iteration: 40/100 ---------------------------
Expected cost over samples: -1.32912
min cost: -1.59999
%%%%%%%%%E1_hat: 0.000588235
ESS: 1 / 1700
Diag(valid=1700, elite=170) ||dU~||2=5.82521 traceCovElite~=0.898061 R2=0.0637715 H(w)=1.06902e-08 perp=1 w_max=1
--------Variance: 6.64777e-06
Sum of |delta_u|: 0.776299
Post-update R2: 0.0222982
Final cost after weighting: 13.501732
E1_hat_1: 0.000588235
PI step 40 time: 0.0300293 seconds
********a(H_hat): 1.43716e-09
********New psi: 0.8438
5.28985e-06           0
          0 5.28985e-06
Iteration: 41/100 ---------------------------
Expected cost over samples: -1.32077
min cost: -1.57362
%%%%%%%%%E1_hat: 0.000588235
ESS: 1 / 1700
Diag(valid=1700, elite=170) ||dU~||2=4.58616 traceCovElite~=0.937531 R2=0.0466292 H(w)=1.01859e-34 perp=1 w_max=1
--------Variance: 3.47689e-06
Sum of |delta_u|: 0.67782
Post-update R2: 0.0137861
Final cost after weighting: 13.494341
E1_hat_1: 0.000588235
PI step 41 time: 0.0325195 seconds
********a(H_hat): 1.36937e-35
********New psi: 0.8438
4.46358e-06           0
          0 4.46358e-06
Optimal cost 13.494341258908355
Optimal rob  0.15206704761143364
Solver time  1.3172235
