R_ : 2
Iteration: 0/150 ---------------------------
Expected cost over samples: 0.227493
min cost: -50.0441
%%%%%%%%%E1_hat: 0.0594417
ESS: 670.054 / 1500
Diag(valid=1500, elite=150) ||dU~||2=0.766 traceCovElite~=1.00979 R2=0.000423129 H(w)=6.96054 perp=1054.2 w_max=0.0112155
--------Variance: 0.0165887
Sum of |delta_u|: 0.209097
Post-update R2: 0.427583
Final cost after weighting: 2.982101
E1_hat_1: 0.0594417
PI step 0 time: 0.0182164 seconds
********a: -2.82276
********New psi: 0.382276
3.05821
Iteration: 1/150 ---------------------------
Expected cost over samples: -6.75413
min cost: -21.2454
%%%%%%%%%E1_hat: 0.126769
ESS: 813.201 / 1500
Diag(valid=1500, elite=150) ||dU~||2=0.463563 traceCovElite~=1.08525 R2=0.055586 H(w)=7.00059 perp=1097.28 w_max=0.00525889
--------Variance: 0.00458447
Sum of |delta_u|: 0.105343
Post-update R2: 0.0337058
Final cost after weighting: 2.221286
E1_hat_1: 0.126769
PI step 1 time: 0.0166553 seconds
********a: -2.06539
********New psi: 0.306539
0.937458
Iteration: 2/150 ---------------------------
Expected cost over samples: -5.04958
min cost: -14.0532
%%%%%%%%%E1_hat: 0.0235849
ESS: 209.703 / 1500
Diag(valid=1500, elite=150) ||dU~||2=0.883199 traceCovElite~=1.14722 R2=0.0604153 H(w)=6.20152 perp=493.499 w_max=0.0282666
--------Variance: 0.00562043
Sum of |delta_u|: 0.197142
Post-update R2: 0.00108838
Final cost after weighting: 0.132664
E1_hat_1: 0.0235849
PI step 2 time: 0.0182174 seconds
********a: -3.74715
********New psi: 0.474715
0.445025
Iteration: 3/150 ---------------------------
Expected cost over samples: -5.96759
min cost: -11.0519
%%%%%%%%%E1_hat: 0.0179212
ESS: 116.543 / 1500
Diag(valid=1500, elite=150) ||dU~||2=0.97 traceCovElite~=1.16291 R2=0.0300808 H(w)=5.7386 perp=310.63 w_max=0.0371999
--------Variance: 0.0054239
Sum of |delta_u|: 0.236323
Post-update R2: 0.032263
Final cost after weighting: -0.895500
E1_hat_1: 0.0179212
PI step 3 time: 0.0201041 seconds
********a: -4.02177
********New psi: 0.502177
0.223481
Iteration: 4/150 ---------------------------
Expected cost over samples: -8.72213
min cost: -11.9059
%%%%%%%%%E1_hat: 0.00855746
ESS: 67.0281 / 1500
Diag(valid=1500, elite=150) ||dU~||2=0.662018 traceCovElite~=1.0473 R2=0.00610726 H(w)=5.36779 perp=214.388 w_max=0.0779047
--------Variance: 0.00453327
Sum of |delta_u|: 0.163939
Post-update R2: 6.3118e-05
Final cost after weighting: -1.114450
E1_hat_1: 0.00855746
PI step 4 time: 0.0191705 seconds
********a: -4.76095
********New psi: 0.576095
0.128747
Iteration: 5/150 ---------------------------
Expected cost over samples: -9.40175
min cost: -11.6663
%%%%%%%%%E1_hat: 0.0070134
ESS: 35.3287 / 1500
Diag(valid=1500, elite=150) ||dU~||2=1.02851 traceCovElite~=1.09848 R2=0.00805308 H(w)=4.68029 perp=107.801 w_max=0.0950562
--------Variance: 0.00485703
Sum of |delta_u|: 0.251737
Post-update R2: 0.0178697
Final cost after weighting: -1.820612
E1_hat_1: 0.0070134
PI step 5 time: 0.0174395 seconds
********a: -4.95993
********New psi: 0.595993
0.0767321
Iteration: 6/150 ---------------------------
Expected cost over samples: -10.2476
min cost: -12.1811
%%%%%%%%%E1_hat: 0.00259733
ESS: 13.0186 / 1500
Diag(valid=1500, elite=150) ||dU~||2=2.12108 traceCovElite~=0.866372 R2=0.0352588 H(w)=3.97204 perp=53.0925 w_max=0.256674
--------Variance: 0.00878954
Sum of |delta_u|: 0.539872
Post-update R2: 0.0458322
Final cost after weighting: -2.807643
E1_hat_1: 0.00259733
PI step 6 time: 0.0192919 seconds
********a: -5.95327
********New psi: 0.695327
0.0533539
Iteration: 7/150 ---------------------------
Expected cost over samples: -10.7665
min cost: -12.1717
%%%%%%%%%E1_hat: 0.00375735
ESS: 22.7021 / 1500
Diag(valid=1500, elite=150) ||dU~||2=1.41251 traceCovElite~=0.795837 R2=0.0862449 H(w)=4.4091 perp=82.1958 w_max=0.17743
--------Variance: 0.0043146
Sum of |delta_u|: 0.335015
Post-update R2: 0.0091001
Final cost after weighting: -2.909876
E1_hat_1: 0.00375735
PI step 7 time: 0.0183673 seconds
********a: -5.58404
********New psi: 0.658404
0.0351284
Iteration: 8/150 ---------------------------
Expected cost over samples: -11.1801
min cost: -12.1198
%%%%%%%%%E1_hat: 0.0112782
ESS: 67.1866 / 1500
Diag(valid=1500, elite=150) ||dU~||2=0.619951 traceCovElite~=0.809713 R2=0.106974 H(w)=4.8457 perp=127.193 w_max=0.0591111
--------Variance: 0.000467249
Sum of |delta_u|: 0.123269
Post-update R2: 0.0510789
Final cost after weighting: -2.940324
E1_hat_1: 0.0112782
PI step 8 time: 0.0180569 seconds
********a: -4.48488
********New psi: 0.548488
0.0192675
Iteration: 9/150 ---------------------------
Expected cost over samples: -11.4318
min cost: -12.1266
%%%%%%%%%E1_hat: 0.0078858
ESS: 32.7631 / 1500
Diag(valid=1500, elite=150) ||dU~||2=0.622618 traceCovElite~=0.828996 R2=0.0784925 H(w)=4.13256 perp=62.3372 w_max=0.0845402
--------Variance: 0.000495841
Sum of |delta_u|: 0.165295
Post-update R2: 0.0605777
Final cost after weighting: -2.968947
E1_hat_1: 0.0078858
PI step 9 time: 0.0172765 seconds
********a: -4.84269
********New psi: 0.584269
0.0112574
Iteration: 10/150 ---------------------------
Expected cost over samples: -11.513
min cost: -12.0439
%%%%%%%%%E1_hat: 0.00633022
ESS: 22.9834 / 1500
Diag(valid=1500, elite=150) ||dU~||2=0.657382 traceCovElite~=0.799207 R2=0.0908002 H(w)=3.72807 perp=41.5986 w_max=0.105315
--------Variance: 0.000340901
Sum of |delta_u|: 0.144783
Post-update R2: 0.0259124
Final cost after weighting: -2.987987
E1_hat_1: 0.00633022
PI step 10 time: 0.0170898 seconds
********a: -5.06242
********New psi: 0.606242
0.00682473
Iteration: 11/150 ---------------------------
Expected cost over samples: -11.606
min cost: -12.0355
%%%%%%%%%E1_hat: 0.00305165
ESS: 11.9913 / 1500
Diag(valid=1500, elite=150) ||dU~||2=0.576736 traceCovElite~=0.80298 R2=0.0793928 H(w)=3.16189 perp=23.6153 w_max=0.218461
--------Variance: 0.000369032
Sum of |delta_u|: 0.141692
Post-update R2: 0.0431389
Final cost after weighting: -2.987263
E1_hat_1: 0.00305165
PI step 11 time: 0.0165995 seconds
********a: -5.79207
********New psi: 0.679207
0.00463541
Iteration: 12/150 ---------------------------
Expected cost over samples: -11.6336
min cost: -11.9683
%%%%%%%%%E1_hat: 0.00335231
ESS: 12.5106 / 1500
Diag(valid=1500, elite=150) ||dU~||2=1.1185 traceCovElite~=0.824632 R2=0.081553 H(w)=3.06565 perp=21.4484 w_max=0.198868
--------Variance: 0.000365973
Sum of |delta_u|: 0.282768
Post-update R2: 0.0185092
Final cost after weighting: -2.991951
E1_hat_1: 0.00335231
PI step 12 time: 0.0167279 seconds
********a: -5.69811
********New psi: 0.669811
0.00310484
Iteration: 13/150 ---------------------------
Expected cost over samples: -11.7495
min cost: -12.0423
%%%%%%%%%E1_hat: 0.00260327
ESS: 6.00797 / 1500
Diag(valid=1500, elite=150) ||dU~||2=1.58634 traceCovElite~=0.844304 R2=0.0802547 H(w)=2.261 perp=9.59272 w_max=0.256088
--------Variance: 0.00047419
Sum of |delta_u|: 0.398978
Post-update R2: 0.0128725
Final cost after weighting: -2.989500
E1_hat_1: 0.00260327
PI step 13 time: 0.0170023 seconds
********a: -5.95099
********New psi: 0.695099
0.00215817
Iteration: 14/150 ---------------------------
Expected cost over samples: -11.6748
min cost: -11.9256
%%%%%%%%%E1_hat: 0.000929862
ESS: 1.91159 / 1500
Diag(valid=1500, elite=150) ||dU~||2=2.20247 traceCovElite~=0.829733 R2=0.0615291 H(w)=1.37078 perp=3.93841 w_max=0.716952
--------Variance: 0.000920138
Sum of |delta_u|: 0.499806
Post-update R2: 0.0275415
Final cost after weighting: -2.988706
E1_hat_1: 0.000929862
PI step 14 time: 0.0170555 seconds
********a: -6.98047
********New psi: 0.798047
0.00172232
Iteration: 15/150 ---------------------------
Expected cost over samples: -11.6173
min cost: -11.8388
%%%%%%%%%E1_hat: 0.00157154
ESS: 2.83747 / 1500
Diag(valid=1500, elite=150) ||dU~||2=3.52979 traceCovElite~=0.840814 R2=0.0866772 H(w)=1.33615 perp=3.80438 w_max=0.424213
--------Variance: 0.00101873
Sum of |delta_u|: 0.914962
Post-update R2: 0.0159071
Final cost after weighting: -2.980910
E1_hat_1: 0.00157154
PI step 15 time: 0.0165917 seconds
********a: -6.4557
********New psi: 0.74557
0.00128411
Iteration: 16/150 ---------------------------
Expected cost over samples: -11.8686
min cost: -12.0595
%%%%%%%%%E1_hat: 0.00118603
ESS: 2.45818 / 1500
Diag(valid=1500, elite=150) ||dU~||2=2.52586 traceCovElite~=0.770003 R2=0.109792 H(w)=1.14072 perp=3.12901 w_max=0.562099
--------Variance: 0.000526373
Sum of |delta_u|: 0.596621
Post-update R2: 0.0637627
Final cost after weighting: -2.987376
E1_hat_1: 0.00118603
PI step 16 time: 0.0175061 seconds
********a: -6.73714
********New psi: 0.773714
0.000993537
Iteration: 17/150 ---------------------------
Expected cost over samples: -11.8768
min cost: -12.0348
%%%%%%%%%E1_hat: 0.00222462
ESS: 5.51346 / 1500
Diag(valid=1500, elite=150) ||dU~||2=2.10853 traceCovElite~=0.837117 R2=0.0847596 H(w)=2.04349 perp=7.71753 w_max=0.299676
--------Variance: 0.000184349
Sum of |delta_u|: 0.414457
Post-update R2: 0.0689186
Final cost after weighting: -2.989754
E1_hat_1: 0.00222462
PI step 17 time: 0.0171109 seconds
********a: -6.10817
********New psi: 0.710817
0.000706223
Iteration: 18/150 ---------------------------
Expected cost over samples: -11.7499
min cost: -11.8791
%%%%%%%%%E1_hat: 0.000747891
ESS: 1.25527 / 1500
Diag(valid=1500, elite=150) ||dU~||2=2.72431 traceCovElite~=0.850308 R2=0.0916077 H(w)=0.579198 perp=1.78461 w_max=0.891395
--------Variance: 0.000502108
Sum of |delta_u|: 0.658333
Post-update R2: 0.0251792
Final cost after weighting: -2.991842
E1_hat_1: 0.000747891
PI step 18 time: 0.0172425 seconds
********a: -7.19825
********New psi: 0.819825
0.000578979
Iteration: 19/150 ---------------------------
Expected cost over samples: -11.6687
min cost: -11.7951
%%%%%%%%%E1_hat: 0.000894954
ESS: 1.6152 / 1500
Diag(valid=1500, elite=150) ||dU~||2=2.06466 traceCovElite~=0.823626 R2=0.0884454 H(w)=0.581659 perp=1.789 w_max=0.744917
--------Variance: 0.000283208
Sum of |delta_u|: 0.534474
Post-update R2: 0.040154
Final cost after weighting: -2.991388
E1_hat_1: 0.000894954
PI step 19 time: 0.0178355 seconds
********a: -7.01874
********New psi: 0.801874
0.000464268
Iteration: 20/150 ---------------------------
Expected cost over samples: -11.7569
min cost: -11.8699
%%%%%%%%%E1_hat: 0.000772874
ESS: 1.32441 / 1500
Diag(valid=1500, elite=150) ||dU~||2=3.18994 traceCovElite~=0.841208 R2=0.0958091 H(w)=0.526007 perp=1.69216 w_max=0.862581
--------Variance: 0.000382973
Sum of |delta_u|: 0.769944
Post-update R2: 0.0493196
Final cost after weighting: -2.988986
E1_hat_1: 0.000772874
PI step 20 time: 0.0177173 seconds
********a: -7.16539
********New psi: 0.816539
0.000379093
Iteration: 21/150 ---------------------------
Expected cost over samples: -12.0069
min cost: -12.1035
%%%%%%%%%E1_hat: 0.00161896
ESS: 2.83842 / 1500
Diag(valid=1500, elite=150) ||dU~||2=1.56504 traceCovElite~=0.77589 R2=0.0819911 H(w)=1.23775 perp=3.44786 w_max=0.411787
--------Variance: 6.77129e-05
Sum of |delta_u|: 0.355495
Post-update R2: 0.0606598
Final cost after weighting: -2.994165
E1_hat_1: 0.00161896
PI step 21 time: 0.0182452 seconds
********a: -6.42597
********New psi: 0.742597
0.000281514
Iteration: 22/150 ---------------------------
Expected cost over samples: -11.9985
min cost: -12.0868
%%%%%%%%%E1_hat: 0.000727576
ESS: 1.18505 / 1500
Diag(valid=1500, elite=150) ||dU~||2=2.74624 traceCovElite~=0.771221 R2=0.0782092 H(w)=0.349812 perp=1.4188 w_max=0.916284
--------Variance: 0.000192635
Sum of |delta_u|: 0.663238
Post-update R2: 0.0406568
Final cost after weighting: -2.995282
E1_hat_1: 0.000727576
PI step 22 time: 0.0172415 seconds
********a: -7.22579
********New psi: 0.822579
0.000231567
Iteration: 23/150 ---------------------------
Expected cost over samples: -12.0024
min cost: -12.0795
%%%%%%%%%E1_hat: 0.000690615
ESS: 1.0727 / 1500
Diag(valid=1500, elite=150) ||dU~||2=2.4143 traceCovElite~=0.796144 R2=0.0588841 H(w)=0.19728 perp=1.21809 w_max=0.965324
--------Variance: 0.000120894
Sum of |delta_u|: 0.561142
Post-update R2: 0.0432824
Final cost after weighting: -2.995694
E1_hat_1: 0.000690615
PI step 23 time: 0.0175919 seconds
********a: -7.27793
********New psi: 0.827793
0.00019169
Iteration: 24/150 ---------------------------
Expected cost over samples: -11.9817
min cost: -12.055
%%%%%%%%%E1_hat: 0.00109639
ESS: 1.96279 / 1500
Diag(valid=1500, elite=150) ||dU~||2=2.07707 traceCovElite~=0.855875 R2=0.0508275 H(w)=0.752761 perp=2.12285 w_max=0.608055
--------Variance: 6.72465e-05
Sum of |delta_u|: 0.500522
Post-update R2: 0.0235491
Final cost after weighting: -2.995650
E1_hat_1: 0.00109639
PI step 24 time: 0.0165634 seconds
********a: -6.81573
********New psi: 0.781573
0.00014982
Iteration: 25/150 ---------------------------
Expected cost over samples: -11.9847
min cost: -12.0456
%%%%%%%%%E1_hat: 0.000710364
ESS: 1.13404 / 1500
Diag(valid=1500, elite=150) ||dU~||2=3.17501 traceCovElite~=0.809613 R2=0.0928674 H(w)=0.32228 perp=1.38027 w_max=0.938486
--------Variance: 0.000137067
Sum of |delta_u|: 0.801184
Post-update R2: 0.0292905
Final cost after weighting: -2.995400
E1_hat_1: 0.000710364
PI step 25 time: 0.0161739 seconds
********a: -7.24973
********New psi: 0.824973
0.000123597
Iteration: 26/150 ---------------------------
Expected cost over samples: -12.0667
min cost: -12.1259
%%%%%%%%%E1_hat: 0.000672847
ESS: 1.01854 / 1500
Diag(valid=1500, elite=150) ||dU~||2=3.3274 traceCovElite~=0.803314 R2=0.0747977 H(w)=0.052638 perp=1.05405 w_max=0.990815
--------Variance: 0.000124422
Sum of |delta_u|: 0.837035
Post-update R2: 0.0180262
Final cost after weighting: -2.997030
E1_hat_1: 0.000672847
PI step 26 time: 0.0158152 seconds
********a: -7.30399
********New psi: 0.830399
0.000102635
Iteration: 27/150 ---------------------------
Expected cost over samples: -11.9999
min cost: -12.053
%%%%%%%%%E1_hat: 0.000667581
ESS: 1.00274 / 1500
Diag(valid=1500, elite=150) ||dU~||2=3.63059 traceCovElite~=0.821561 R2=0.0887937 H(w)=0.011349 perp=1.01141 w_max=0.99863
--------Variance: 0.000122956
Sum of |delta_u|: 0.78641
Post-update R2: 0.0412602
Final cost after weighting: -2.997575
E1_hat_1: 0.000667581
PI step 27 time: 0.0160735 seconds
********a: -7.31185
********New psi: 0.831185
8.53086e-05
Iteration: 28/150 ---------------------------
Expected cost over samples: -11.9911
min cost: -12.0371
%%%%%%%%%E1_hat: 0.000683052
ESS: 1.04957 / 1500
Diag(valid=1500, elite=150) ||dU~||2=4.61559 traceCovElite~=0.83928 R2=0.0887967 H(w)=0.147151 perp=1.15853 w_max=0.976011
--------Variance: 0.000166544
Sum of |delta_u|: 1.15464
Post-update R2: 0.0156987
Final cost after weighting: -2.995452
E1_hat_1: 0.000683052
PI step 28 time: 0.0171386 seconds
********a: -7.28894
********New psi: 0.828894
7.07118e-05
Iteration: 29/150 ---------------------------
Expected cost over samples: -11.9872
min cost: -12.0311
%%%%%%%%%E1_hat: 0.000837936
ESS: 1.482 / 1500
Diag(valid=1500, elite=150) ||dU~||2=2.59239 traceCovElite~=0.804659 R2=0.0926126 H(w)=0.506477 perp=1.65943 w_max=0.795606
--------Variance: 5.15626e-05
Sum of |delta_u|: 0.617702
Post-update R2: 0.0334576
Final cost after weighting: -2.997039
E1_hat_1: 0.000837936
PI step 29 time: 0.0162907 seconds
********a: -7.08457
********New psi: 0.808457
5.71674e-05
Iteration: 30/150 ---------------------------
Expected cost over samples: -11.9767
min cost: -12.0154
%%%%%%%%%E1_hat: 0.000880411
ESS: 1.65927 / 1500
Diag(valid=1500, elite=150) ||dU~||2=2.64581 traceCovElite~=0.798513 R2=0.0704005 H(w)=0.753228 perp=2.12385 w_max=0.757222
--------Variance: 3.47016e-05
Sum of |delta_u|: 0.664831
Post-update R2: 0.0281557
Final cost after weighting: -2.998198
E1_hat_1: 0.000880411
PI step 30 time: 0.0165149 seconds
********a: -7.03512
********New psi: 0.803512
4.59347e-05
Iteration: 31/150 ---------------------------
Expected cost over samples: -11.9669
min cost: -12.0007
%%%%%%%%%E1_hat: 0.000679044
ESS: 1.03736 / 1500
Diag(valid=1500, elite=150) ||dU~||2=3.21812 traceCovElite~=0.850252 R2=0.0792944 H(w)=0.113211 perp=1.11987 w_max=0.981772
--------Variance: 4.31788e-05
Sum of |delta_u|: 0.783026
Post-update R2: 0.0439292
Final cost after weighting: -2.997829
E1_hat_1: 0.000679044
PI step 31 time: 0.0160112 seconds
********a: -7.29482
********New psi: 0.829482
3.81021e-05
Iteration: 32/150 ---------------------------
Expected cost over samples: -11.9792
min cost: -12.0107
%%%%%%%%%E1_hat: 0.000678955
ESS: 1.037 / 1500
Diag(valid=1500, elite=150) ||dU~||2=2.27538 traceCovElite~=0.827683 R2=0.071277 H(w)=0.101341 perp=1.10665 w_max=0.981901
--------Variance: 1.78875e-05
Sum of |delta_u|: 0.57377
Post-update R2: 0.0323963
Final cost after weighting: -2.998278
E1_hat_1: 0.000678955
PI step 32 time: 0.0169531 seconds
********a: -7.29496
********New psi: 0.829496
3.16055e-05
Iteration: 33/150 ---------------------------
Expected cost over samples: -11.9391
min cost: -11.9679
%%%%%%%%%E1_hat: 0.000807014
ESS: 1.40362 / 1500
Diag(valid=1500, elite=150) ||dU~||2=2.05163 traceCovElite~=0.869193 R2=0.0437069 H(w)=0.466314 perp=1.59411 w_max=0.826091
--------Variance: 1.11826e-05
Sum of |delta_u|: 0.414243
Post-update R2: 0.0312682
Final cost after weighting: -2.998974
E1_hat_1: 0.000807014
PI step 33 time: 0.0187661 seconds
********a: -7.12217
********New psi: 0.812217
2.56705e-05
Iteration: 34/150 ---------------------------
Expected cost over samples: -11.9614
min cost: -11.9879
%%%%%%%%%E1_hat: 0.000690816
ESS: 1.07235 / 1500
Diag(valid=1500, elite=150) ||dU~||2=2.90097 traceCovElite~=0.837059 R2=0.0655171 H(w)=0.151576 perp=1.16367 w_max=0.965042
--------Variance: 1.96771e-05
Sum of |delta_u|: 0.718056
Post-update R2: 0.0116045
Final cost after weighting: -2.999472
E1_hat_1: 0.000690816
PI step 34 time: 0.0186033 seconds
********a: -7.27764
********New psi: 0.827764
2.12491e-05
Iteration: 35/150 ---------------------------
Expected cost over samples: -11.9544
min cost: -11.9775
%%%%%%%%%E1_hat: 0.000666714
ESS: 1.00014 / 1500
Diag(valid=1500, elite=150) ||dU~||2=2.71815 traceCovElite~=0.815543 R2=0.053645 H(w)=0.000779276 perp=1.00078 w_max=0.999928
--------Variance: 1.42701e-05
Sum of |delta_u|: 0.662371
Post-update R2: 0.0300208
Final cost after weighting: -2.998964
E1_hat_1: 0.000666714
PI step 35 time: 0.0162799 seconds
********a: -7.31315
********New psi: 0.831315
1.76647e-05
Iteration: 36/150 ---------------------------
Expected cost over samples: -11.9255
min cost: -11.9472
%%%%%%%%%E1_hat: 0.00066667
ESS: 1.00001 / 1500
Diag(valid=1500, elite=150) ||dU~||2=1.52776 traceCovElite~=0.847865 R2=0.069618 H(w)=6.95189e-05 perp=1.00007 w_max=0.999995
--------Variance: 3.7482e-06
Sum of |delta_u|: 0.349252
Post-update R2: 0.0319837
Final cost after weighting: -2.999019
E1_hat_1: 0.00066667
PI step 36 time: 0.016843 seconds
********a: -7.31322
********New psi: 0.831322
1.46851e-05
Iteration: 37/150 ---------------------------
Expected cost over samples: -11.9297
min cost: -11.9488
%%%%%%%%%E1_hat: 0.000666667
ESS: 1 / 1500
Diag(valid=1500, elite=150) ||dU~||2=2.76077 traceCovElite~=0.80373 R2=0.0725108 H(w)=9.15205e-08 perp=1 w_max=1
--------Variance: 1.01751e-05
Sum of |delta_u|: 0.625569
Post-update R2: 0.0312462
Final cost after weighting: -2.999206
E1_hat_1: 0.000666667
PI step 37 time: 0.0184627 seconds
********a: -7.31322
********New psi: 0.831322
1.2208e-05
Iteration: 38/150 ---------------------------
Expected cost over samples: -11.9391
min cost: -11.9572
%%%%%%%%%E1_hat: 0.000666667
ESS: 1 / 1500
Diag(valid=1500, elite=150) ||dU~||2=3.79583 traceCovElite~=0.832569 R2=0.0873741 H(w)=8.83072e-07 perp=1 w_max=1
--------Variance: 1.59903e-05
Sum of |delta_u|: 0.850658
Post-update R2: 0.00920302
Final cost after weighting: -2.999327
E1_hat_1: 0.000666667
PI step 38 time: 0.0175963 seconds
********a: -7.31322
********New psi: 0.831322
1.01488e-05
Iteration: 39/150 ---------------------------
Expected cost over samples: -11.9395
min cost: -11.9557
%%%%%%%%%E1_hat: 0.000667152
ESS: 1.00146 / 1500
Diag(valid=1500, elite=150) ||dU~||2=2.26211 traceCovElite~=0.834001 R2=0.0704063 H(w)=0.00598231 perp=1.006 w_max=0.999273
--------Variance: 4.7149e-06
Sum of |delta_u|: 0.588003
Post-update R2: 0.0309721
Final cost after weighting: -2.999136
E1_hat_1: 0.000667152
PI step 39 time: 0.0175422 seconds
********a: -7.31249
********New psi: 0.831249
8.43617e-06
Iteration: 40/150 ---------------------------
Expected cost over samples: -11.9496
min cost: -11.9646
%%%%%%%%%E1_hat: 0.000666922
ESS: 1.00077 / 1500
Diag(valid=1500, elite=150) ||dU~||2=2.66578 traceCovElite~=0.864678 R2=0.0786271 H(w)=0.00346637 perp=1.00347 w_max=0.999617
--------Variance: 5.45022e-06
Sum of |delta_u|: 0.564774
Post-update R2: 0.0369428
Final cost after weighting: -2.999253
E1_hat_1: 0.000666922
PI step 40 time: 0.0172405 seconds
********a: -7.31284
********New psi: 0.831284
7.01285e-06
Iteration: 41/150 ---------------------------
Expected cost over samples: -11.9393
min cost: -11.9531
%%%%%%%%%E1_hat: 0.000666667
ESS: 1 / 1500
Diag(valid=1500, elite=150) ||dU~||2=2.7918 traceCovElite~=0.819245 R2=0.0733007 H(w)=1.67868e-07 perp=1 w_max=1
--------Variance: 4.96876e-06
Sum of |delta_u|: 0.569091
Post-update R2: 0.0607022
Final cost after weighting: -2.999269
E1_hat_1: 0.000666667
PI step 41 time: 0.0173359 seconds
********a: -7.31322
********New psi: 0.831322
5.82994e-06
Iteration: 42/150 ---------------------------
Expected cost over samples: -11.9262
min cost: -11.9387
%%%%%%%%%E1_hat: 0.000668117
ESS: 1.00435 / 1500
Diag(valid=1500, elite=150) ||dU~||2=2.82841 traceCovElite~=0.806683 R2=0.111554 H(w)=0.0168238 perp=1.01697 w_max=0.997829
--------Variance: 4.24049e-06
Sum of |delta_u|: 0.720685
Post-update R2: 0.0391381
Final cost after weighting: -2.999062
E1_hat_1: 0.000668117
PI step 42 time: 0.019157 seconds
********a: -7.31105
********New psi: 0.831105
4.84529e-06
Iteration: 43/150 ---------------------------
Expected cost over samples: -11.9433
min cost: -11.9545
%%%%%%%%%E1_hat: 0.000666667
ESS: 1 / 1500
Diag(valid=1500, elite=150) ||dU~||2=2.95373 traceCovElite~=0.794608 R2=0.112417 H(w)=5.12429e-07 perp=1 w_max=1
--------Variance: 3.84296e-06
Sum of |delta_u|: 0.668345
Post-update R2: 0.0565858
Final cost after weighting: -2.999369
E1_hat_1: 0.000666667
PI step 43 time: 0.0192866 seconds
********a: -7.31322
********New psi: 0.831322
4.02799e-06
Iteration: 44/150 ---------------------------
Expected cost over samples: -11.9391
min cost: -11.9495
%%%%%%%%%E1_hat: 0.000666667
ESS: 1 / 1500
Diag(valid=1500, elite=150) ||dU~||2=2.85297 traceCovElite~=0.861189 R2=0.0863009 H(w)=1.00613e-10 perp=1 w_max=1
--------Variance: 2.9805e-06
Sum of |delta_u|: 0.710185
Post-update R2: 0.032797
Final cost after weighting: -2.999262
E1_hat_1: 0.000666667
PI step 44 time: 0.0194873 seconds
********a: -7.31322
********New psi: 0.831322
3.34856e-06
Iteration: 45/150 ---------------------------
Expected cost over samples: -11.9363
min cost: -11.9458
%%%%%%%%%E1_hat: 0.000666667
ESS: 1 / 1500
Diag(valid=1500, elite=150) ||dU~||2=4.03857 traceCovElite~=0.873552 R2=0.0775606 H(w)=3.88232e-07 perp=1 w_max=1
--------Variance: 4.965e-06
Sum of |delta_u|: 0.971292
Post-update R2: 0.00223646
Final cost after weighting: -2.999520
E1_hat_1: 0.000666667
PI step 45 time: 0.0183509 seconds
********a: -7.31322
********New psi: 0.831322
2.78373e-06
Iteration: 46/150 ---------------------------
Expected cost over samples: -11.9285
min cost: -11.937
%%%%%%%%%E1_hat: 0.000666667
ESS: 1 / 1500
Diag(valid=1500, elite=150) ||dU~||2=2.36067 traceCovElite~=0.877501 R2=0.0601519 H(w)=2.34522e-07 perp=1 w_max=1
--------Variance: 1.41025e-06
Sum of |delta_u|: 0.532042
Post-update R2: 0.0422106
Final cost after weighting: -2.999290
E1_hat_1: 0.000666667
PI step 46 time: 0.0189297 seconds
********a: -7.31322
********New psi: 0.831322
2.31418e-06
Iteration: 47/150 ---------------------------
Expected cost over samples: -11.9314
min cost: -11.9393
%%%%%%%%%E1_hat: 0.000666792
ESS: 1.00038 / 1500
Diag(valid=1500, elite=150) ||dU~||2=2.34586 traceCovElite~=0.832467 R2=0.0784708 H(w)=0.00180245 perp=1.0018 w_max=0.999812
--------Variance: 1.15711e-06
Sum of |delta_u|: 0.498444
Post-update R2: 0.0583605
Final cost after weighting: -2.999472
E1_hat_1: 0.000666792
PI step 47 time: 0.0182852 seconds
********a: -7.31303
********New psi: 0.831303
1.92378e-06
Iteration: 48/150 ---------------------------
Expected cost over samples: -11.9307
min cost: -11.9378
%%%%%%%%%E1_hat: 0.000666667
ESS: 1 / 1500
Diag(valid=1500, elite=150) ||dU~||2=3.56669 traceCovElite~=0.835481 R2=0.0650803 H(w)=4.31612e-10 perp=1 w_max=1
--------Variance: 2.22477e-06
Sum of |delta_u|: 0.864382
Post-update R2: 0.0156905
Final cost after weighting: -2.999604
E1_hat_1: 0.000666667
PI step 48 time: 0.0193357 seconds
********a: -7.31322
********New psi: 0.831322
1.59928e-06
Iteration: 49/150 ---------------------------
Expected cost over samples: -11.9332
min cost: -11.9396
%%%%%%%%%E1_hat: 0.000666667
ESS: 1 / 1500
Diag(valid=1500, elite=150) ||dU~||2=2.45503 traceCovElite~=0.821229 R2=0.0923295 H(w)=3.49864e-06 perp=1 w_max=1
--------Variance: 8.76206e-07
Sum of |delta_u|: 0.599466
Post-update R2: 0.0556439
Final cost after weighting: -2.999589
E1_hat_1: 0.000666667
PI step 49 time: 0.01845 seconds
********a: -7.31322
********New psi: 0.831322
1.32952e-06
Iteration: 50/150 ---------------------------
Expected cost over samples: -11.9439
min cost: -11.9499
%%%%%%%%%E1_hat: 0.000666667
ESS: 1 / 1500
Diag(valid=1500, elite=150) ||dU~||2=2.88159 traceCovElite~=0.79305 R2=0.0856654 H(w)=1.61303e-10 perp=1 w_max=1
--------Variance: 1.00361e-06
Sum of |delta_u|: 0.673726
Post-update R2: 0.0514449
Final cost after weighting: -2.999652
E1_hat_1: 0.000666667
PI step 50 time: 0.0188151 seconds
********a: -7.31322
********New psi: 0.831322
1.10526e-06
Iteration: 51/150 ---------------------------
Expected cost over samples: -11.9435
min cost: -11.9489
%%%%%%%%%E1_hat: 0.000673964
ESS: 1.02189 / 1500
Diag(valid=1500, elite=150) ||dU~||2=2.27002 traceCovElite~=0.787045 R2=0.0856334 H(w)=0.0597729 perp=1.0616 w_max=0.989172
--------Variance: 5.26235e-07
Sum of |delta_u|: 0.588848
Post-update R2: 0.0220629
Final cost after weighting: -2.999642
E1_hat_1: 0.000673964
PI step 51 time: 0.0190343 seconds
********a: -7.30233
********New psi: 0.830233
9.17623e-07
Iteration: 52/150 ---------------------------
Expected cost over samples: -11.9482
min cost: -11.9529
%%%%%%%%%E1_hat: 0.000666667
ESS: 1 / 1500
Diag(valid=1500, elite=150) ||dU~||2=3.38379 traceCovElite~=0.758549 R2=0.0861809 H(w)=5.37271e-08 perp=1 w_max=1
--------Variance: 9.55167e-07
Sum of |delta_u|: 0.824621
Post-update R2: 0.0202979
Final cost after weighting: -2.999611
E1_hat_1: 0.000666667
PI step 52 time: 0.0189216 seconds
********a: -7.31322
********New psi: 0.831322
7.6284e-07
Iteration: 53/150 ---------------------------
Expected cost over samples: -11.9459
min cost: -11.9504
%%%%%%%%%E1_hat: 0.000666907
ESS: 1.00072 / 1500
Diag(valid=1500, elite=150) ||dU~||2=1.35399 traceCovElite~=0.841144 R2=0.10251 H(w)=0.0032143 perp=1.00322 w_max=0.99964
--------Variance: 1.27106e-07
Sum of |delta_u|: 0.351329
Post-update R2: 0.0649163
Final cost after weighting: -2.999593
E1_hat_1: 0.000666907
PI step 53 time: 0.0186848 seconds
********a: -7.31286
********New psi: 0.831286
6.34138e-07
Iteration: 54/150 ---------------------------
Expected cost over samples: -11.9481
min cost: -11.9522
%%%%%%%%%E1_hat: 0.000666667
ESS: 1 / 1500
Diag(valid=1500, elite=150) ||dU~||2=1.62228 traceCovElite~=0.834748 R2=0.0807714 H(w)=9.4429e-06 perp=1.00001 w_max=0.999999
--------Variance: 1.51708e-07
Sum of |delta_u|: 0.425967
Post-update R2: 0.0529216
Final cost after weighting: -2.999628
E1_hat_1: 0.000666667
PI step 54 time: 0.0183167 seconds
********a: -7.31322
********New psi: 0.831322
5.27173e-07
Iteration: 55/150 ---------------------------
Expected cost over samples: -11.9523
min cost: -11.9561
%%%%%%%%%E1_hat: 0.000666667
ESS: 1 / 1500
Diag(valid=1500, elite=150) ||dU~||2=3.65006 traceCovElite~=0.825524 R2=0.0673884 H(w)=1.41824e-23 perp=1 w_max=1
--------Variance: 6.38478e-07
Sum of |delta_u|: 0.97804
Post-update R2: 0.0173595
Final cost after weighting: -2.999631
E1_hat_1: 0.000666667
PI step 55 time: 0.0190444 seconds
********a: -7.31322
********New psi: 0.831322
4.38251e-07
Iteration: 56/150 ---------------------------
Expected cost over samples: -11.958
min cost: -11.9613
%%%%%%%%%E1_hat: 0.000974807
ESS: 1.76169 / 1500
Diag(valid=1500, elite=150) ||dU~||2=2.12362 traceCovElite~=0.847596 R2=0.0780816 H(w)=0.623898 perp=1.86619 w_max=0.683896
--------Variance: 1.53092e-07
Sum of |delta_u|: 0.541163
Post-update R2: 0.0195804
Final cost after weighting: -2.999643
E1_hat_1: 0.000974807
PI step 56 time: 0.0187735 seconds
********a: -6.93327
********New psi: 0.793327
3.47676e-07
Iteration: 57/150 ---------------------------
Expected cost over samples: -11.9578
min cost: -11.9608
%%%%%%%%%E1_hat: 0.000666667
ESS: 1 / 1500
Diag(valid=1500, elite=150) ||dU~||2=2.5632 traceCovElite~=0.783559 R2=0.0991586 H(w)=3.04495e-07 perp=1 w_max=1
--------Variance: 2.07648e-07
Sum of |delta_u|: 0.654865
Post-update R2: 0.028034
Final cost after weighting: -2.999690
E1_hat_1: 0.000666667
PI step 57 time: 0.0187093 seconds
********a: -7.31322
********New psi: 0.831322
2.89031e-07
Iteration: 58/150 ---------------------------
Expected cost over samples: -11.9571
min cost: -11.9598
%%%%%%%%%E1_hat: 0.000666667
ESS: 1 / 1500
Diag(valid=1500, elite=150) ||dU~||2=2.93899 traceCovElite~=0.808844 R2=0.0869932 H(w)=9.45476e-11 perp=1 w_max=1
--------Variance: 2.26956e-07
Sum of |delta_u|: 0.717805
Post-update R2: 0.0421549
Final cost after weighting: -2.999703
E1_hat_1: 0.000666667
PI step 58 time: 0.0185976 seconds
********a: -7.31322
********New psi: 0.831322
2.40278e-07
Iteration: 59/150 ---------------------------
Expected cost over samples: -11.9604
min cost: -11.9628
%%%%%%%%%E1_hat: 0.000666667
ESS: 1 / 1500
Diag(valid=1500, elite=150) ||dU~||2=3.24004 traceCovElite~=0.839133 R2=0.082966 H(w)=4.93738e-28 perp=1 w_max=1
--------Variance: 2.29303e-07
Sum of |delta_u|: 0.806846
Post-update R2: 0.0389244
Final cost after weighting: -2.999688
E1_hat_1: 0.000666667
PI step 59 time: 0.0188405 seconds
********a: -7.31322
********New psi: 0.831322
1.99748e-07
Iteration: 60/150 ---------------------------
Expected cost over samples: -11.9613
min cost: -11.9635
%%%%%%%%%E1_hat: 0.000666667
ESS: 1 / 1500
Diag(valid=1500, elite=150) ||dU~||2=3.1194 traceCovElite~=0.83404 R2=0.07704 H(w)=5.89858e-07 perp=1 w_max=1
--------Variance: 1.76688e-07
Sum of |delta_u|: 0.782862
Post-update R2: 0.0269091
Final cost after weighting: -2.999708
E1_hat_1: 0.000666667
PI step 60 time: 0.0176012 seconds
********a: -7.31322
********New psi: 0.831322
1.66055e-07
Iteration: 61/150 ---------------------------
Expected cost over samples: -11.9583
min cost: -11.9603
%%%%%%%%%E1_hat: 0.000666667
ESS: 1 / 1500
Diag(valid=1500, elite=150) ||dU~||2=3.93517 traceCovElite~=0.840706 R2=0.078332 H(w)=1.52703e-12 perp=1 w_max=1
--------Variance: 2.33768e-07
Sum of |delta_u|: 0.936177
Post-update R2: 0.0223337
Final cost after weighting: -2.999678
E1_hat_1: 0.000666667
PI step 61 time: 0.0163181 seconds
********a: -7.31322
********New psi: 0.831322
1.38045e-07
Iteration: 62/150 ---------------------------
Expected cost over samples: -11.9577
min cost: -11.9597
%%%%%%%%%E1_hat: 0.000666667
ESS: 1 / 1500
Diag(valid=1500, elite=150) ||dU~||2=3.07103 traceCovElite~=0.800607 R2=0.0616515 H(w)=8.13847e-70 perp=1 w_max=1
--------Variance: 1.18356e-07
Sum of |delta_u|: 0.65263
Post-update R2: 0.010021
Final cost after weighting: -2.999743
E1_hat_1: 0.000666667
PI step 62 time: 0.0178072 seconds
********a: -7.31322
********New psi: 0.831322
1.1476e-07
Iteration: 63/150 ---------------------------
Expected cost over samples: -11.9577
min cost: -11.9594
%%%%%%%%%E1_hat: 0.000666667
ESS: 1 / 1500
Diag(valid=1500, elite=150) ||dU~||2=2.54034 traceCovElite~=0.829958 R2=0.0988553 H(w)=1.08808e-05 perp=1.00001 w_max=0.999999
--------Variance: 6.73251e-08
Sum of |delta_u|: 0.596516
Post-update R2: 0.0423404
Final cost after weighting: -2.999729
E1_hat_1: 0.000666667
PI step 63 time: 0.0190266 seconds
********a: -7.31322
********New psi: 0.831322
9.54025e-08
Iteration: 64/150 ---------------------------
Expected cost over samples: -11.9577
min cost: -11.9593
%%%%%%%%%E1_hat: 0.000666667
ESS: 1 / 1500
Diag(valid=1500, elite=150) ||dU~||2=3.62619 traceCovElite~=0.845803 R2=0.0512263 H(w)=3.58169e-14 perp=1 w_max=1
--------Variance: 1.14041e-07
Sum of |delta_u|: 0.901662
Post-update R2: 0.00520506
Final cost after weighting: -2.999722
E1_hat_1: 0.000666667
PI step 64 time: 0.0168467 seconds
********a: -7.31322
********New psi: 0.831322
7.93102e-08
Iteration: 65/150 ---------------------------
Expected cost over samples: -11.958
min cost: -11.9595
%%%%%%%%%E1_hat: 0.000666667
ESS: 1 / 1500
Diag(valid=1500, elite=150) ||dU~||2=1.91668 traceCovElite~=0.844088 R2=0.0933843 H(w)=1.15552e-32 perp=1 w_max=1
--------Variance: 2.64868e-08
Sum of |delta_u|: 0.478847
Post-update R2: 0.0618456
Final cost after weighting: -2.999712
E1_hat_1: 0.000666667
PI step 65 time: 0.0186481 seconds
********a: -7.31322
********New psi: 0.831322
6.59323e-08
Iteration: 66/150 ---------------------------
Expected cost over samples: -11.9588
min cost: -11.9601
%%%%%%%%%E1_hat: 0.000666667
ESS: 1 / 1500
Diag(valid=1500, elite=150) ||dU~||2=3.7943 traceCovElite~=0.808193 R2=0.118573 H(w)=1.60579e-11 perp=1 w_max=1
--------Variance: 8.62787e-08
Sum of |delta_u|: 0.8916
Post-update R2: 0.0396741
Final cost after weighting: -2.999742
E1_hat_1: 0.000666667
PI step 66 time: 0.0190873 seconds
********a: -7.31322
********New psi: 0.831322
5.4811e-08
Iteration: 67/150 ---------------------------
Expected cost over samples: -11.9608
min cost: -11.962
%%%%%%%%%E1_hat: 0.000948122
ESS: 1.84141 / 1500
Diag(valid=1500, elite=150) ||dU~||2=1.78181 traceCovElite~=0.77424 R2=0.0868461 H(w)=0.798208 perp=2.22156 w_max=0.703145
--------Variance: 2.3843e-08
Sum of |delta_u|: 0.433989
Post-update R2: 0.0164303
Final cost after weighting: -2.999747
E1_hat_1: 0.000948122
PI step 67 time: 0.0191551 seconds
********a: -6.96103
********New psi: 0.796103
4.36352e-08
Iteration: 68/150 ---------------------------
Expected cost over samples: -11.9604
min cost: -11.9615
%%%%%%%%%E1_hat: 0.000666667
ESS: 1 / 1500
Diag(valid=1500, elite=150) ||dU~||2=1.86648 traceCovElite~=0.834546 R2=0.0681048 H(w)=4.81228e-29 perp=1 w_max=1
--------Variance: 1.38195e-08
Sum of |delta_u|: 0.484675
Post-update R2: 0.0406079
Final cost after weighting: -2.999734
E1_hat_1: 0.000666667
PI step 68 time: 0.0189873 seconds
********a: -7.31322
********New psi: 0.831322
3.62749e-08
Iteration: 69/150 ---------------------------
Expected cost over samples: -11.9608
min cost: -11.9618
%%%%%%%%%E1_hat: 0.000666667
ESS: 1 / 1500
Diag(valid=1500, elite=150) ||dU~||2=2.62295 traceCovElite~=0.850679 R2=0.0652163 H(w)=1.40093e-23 perp=1 w_max=1
--------Variance: 2.26863e-08
Sum of |delta_u|: 0.576391
Post-update R2: 0.0474038
Final cost after weighting: -2.999766
E1_hat_1: 0.000666667
PI step 69 time: 0.0163216 seconds
********a: -7.31322
********New psi: 0.831322
3.01561e-08
Iteration: 70/150 ---------------------------
Expected cost over samples: -11.9616
min cost: -11.9625
%%%%%%%%%E1_hat: 0.000666667
ESS: 1 / 1500
Diag(valid=1500, elite=150) ||dU~||2=2.00241 traceCovElite~=0.816778 R2=0.0722383 H(w)=5.074e-30 perp=1 w_max=1
--------Variance: 1.09922e-08
Sum of |delta_u|: 0.392518
Post-update R2: 0.0548417
Final cost after weighting: -2.999758
E1_hat_1: 0.000666667
PI step 70 time: 0.017468 seconds
********a: -7.31322
********New psi: 0.831322
2.50695e-08
Iteration: 71/150 ---------------------------
Expected cost over samples: -11.9611
min cost: -11.9619
%%%%%%%%%E1_hat: 0.000666667
ESS: 1 / 1500
Diag(valid=1500, elite=150) ||dU~||2=2.71083 traceCovElite~=0.810412 R2=0.119906 H(w)=4.31557e-45 perp=1 w_max=1
--------Variance: 1.67478e-08
Sum of |delta_u|: 0.62446
Post-update R2: 0.0670505
Final cost after weighting: -2.999779
E1_hat_1: 0.000666667
PI step 71 time: 0.0189213 seconds
********a: -7.31322
********New psi: 0.831322
2.08408e-08
Iteration: 72/150 ---------------------------
Expected cost over samples: -11.9615
min cost: -11.9622
%%%%%%%%%E1_hat: 0.000666667
ESS: 1 / 1500
Diag(valid=1500, elite=150) ||dU~||2=3.0019 traceCovElite~=0.854734 R2=0.0523849 H(w)=3.7866e-158 perp=1 w_max=1
--------Variance: 1.70724e-08
Sum of |delta_u|: 0.672721
Post-update R2: 0.0318094
Final cost after weighting: -2.999776
E1_hat_1: 0.000666667
PI step 72 time: 0.0193064 seconds
********a: -7.31322
********New psi: 0.831322
1.73254e-08
Iteration: 73/150 ---------------------------
Expected cost over samples: -11.9614
min cost: -11.962
%%%%%%%%%E1_hat: 0.000666667
ESS: 1 / 1500
Diag(valid=1500, elite=150) ||dU~||2=2.85137 traceCovElite~=0.799378 R2=0.071212 H(w)=2.41665e-72 perp=1 w_max=1
--------Variance: 1.28055e-08
Sum of |delta_u|: 0.691982
Post-update R2: 0.0228118
Final cost after weighting: -2.999769
E1_hat_1: 0.000666667
PI step 73 time: 0.0203836 seconds
********a: -7.31322
********New psi: 0.831322
1.4403e-08
Iteration: 74/150 ---------------------------
Expected cost over samples: -11.9612
min cost: -11.9619
%%%%%%%%%E1_hat: 0.000666667
ESS: 1 / 1500
Diag(valid=1500, elite=150) ||dU~||2=2.28218 traceCovElite~=0.814246 R2=0.0934048 H(w)=3.51447e-239 perp=1 w_max=1
--------Variance: 6.81959e-09
Sum of |delta_u|: 0.553657
Post-update R2: 0.0506587
Final cost after weighting: -2.999780
E1_hat_1: 0.000666667
PI step 74 time: 0.0192574 seconds
********a: -7.31322
********New psi: 0.831322
1.19735e-08
Iteration: 75/150 ---------------------------
Expected cost over samples: -11.9615
min cost: -11.9621
%%%%%%%%%E1_hat: 0.000666667
ESS: 1 / 1500
Diag(valid=1500, elite=150) ||dU~||2=2.72283 traceCovElite~=0.864716 R2=0.0799339 H(w)=3.71357e-129 perp=1 w_max=1
--------Variance: 8.06985e-09
Sum of |delta_u|: 0.619457
Post-update R2: 0.0223805
Final cost after weighting: -2.999773
E1_hat_1: 0.000666667
PI step 75 time: 0.0188254 seconds
********a: -7.31322
********New psi: 0.831322
9.95386e-09
Iteration: 76/150 ---------------------------
Expected cost over samples: -11.9617
min cost: -11.9622
%%%%%%%%%E1_hat: 0.000666667
ESS: 1 / 1500
Diag(valid=1500, elite=150) ||dU~||2=3.51826 traceCovElite~=0.837988 R2=0.0883404 H(w)=8.04035e-183 perp=1 w_max=1
--------Variance: 1.11995e-08
Sum of |delta_u|: 0.737823
Post-update R2: 0.0587193
Final cost after weighting: -2.999787
E1_hat_1: 0.000666667
PI step 76 time: 0.0189442 seconds
********a: -7.31322
********New psi: 0.831322
8.27486e-09
Iteration: 77/150 ---------------------------
Expected cost over samples: -11.9626
min cost: -11.9631
%%%%%%%%%E1_hat: 0.000666667
ESS: 1 / 1500
Diag(valid=1500, elite=150) ||dU~||2=4.12117 traceCovElite~=0.796782 R2=0.0794005 H(w)=2.34626e-116 perp=1 w_max=1
--------Variance: 1.2776e-08
Sum of |delta_u|: 1.03276
Post-update R2: 0.00927827
Final cost after weighting: -2.999779
E1_hat_1: 0.000666667
PI step 77 time: 0.0189903 seconds
********a: -7.31322
********New psi: 0.831322
6.87907e-09
Iteration: 78/150 ---------------------------
Expected cost over samples: -11.9623
min cost: -11.9627
%%%%%%%%%E1_hat: 0.000666667
ESS: 1 / 1500
Diag(valid=1500, elite=150) ||dU~||2=3.39605 traceCovElite~=0.87606 R2=0.0641372 H(w)=1.72524e-151 perp=1 w_max=1
--------Variance: 7.21241e-09
Sum of |delta_u|: 0.713913
Post-update R2: 0.035642
Final cost after weighting: -2.999776
E1_hat_1: 0.000666667
PI step 78 time: 0.0189323 seconds
********a: -7.31322
********New psi: 0.831322
5.71872e-09
Iteration: 79/150 ---------------------------
Expected cost over samples: -11.9622
min cost: -11.9625
%%%%%%%%%E1_hat: 0.000666667
ESS: 1 / 1500
Diag(valid=1500, elite=150) ||dU~||2=2.76399 traceCovElite~=0.781753 R2=0.0764016 H(w)=8.21149e-86 perp=1 w_max=1
--------Variance: 3.97173e-09
Sum of |delta_u|: 0.642947
Post-update R2: 0.0392643
Final cost after weighting: -2.999780
E1_hat_1: 0.000666667
PI step 79 time: 0.019003 seconds
********a: -7.31322
********New psi: 0.831322
4.7541e-09
Iteration: 80/150 ---------------------------
Expected cost over samples: -11.9622
min cost: -11.9626
%%%%%%%%%E1_hat: 0.000666667
ESS: 1 / 1500
Diag(valid=1500, elite=150) ||dU~||2=3.82848 traceCovElite~=0.840353 R2=0.0582302 H(w)=5.9109e-303 perp=1 w_max=1
--------Variance: 6.33437e-09
Sum of |delta_u|: 0.900017
Post-update R2: 0.0165861
Final cost after weighting: -2.999784
E1_hat_1: 0.000666667
PI step 80 time: 0.0178223 seconds
********a: -7.31322
********New psi: 0.831322
3.95219e-09
Iteration: 81/150 ---------------------------
Expected cost over samples: -11.9616
min cost: -11.9619
%%%%%%%%%E1_hat: 0.000666667
ESS: 1 / 1500
Diag(valid=1500, elite=150) ||dU~||2=3.40314 traceCovElite~=0.853764 R2=0.0854397 H(w)=5.79662e-196 perp=1 w_max=1
--------Variance: 4.16093e-09
Sum of |delta_u|: 0.739642
Post-update R2: 0.0280037
Final cost after weighting: -2.999776
E1_hat_1: 0.000666667
PI step 81 time: 0.0165882 seconds
********a: -7.31322
********New psi: 0.831322
3.28554e-09
Iteration: 82/150 ---------------------------
Expected cost over samples: -11.9613
min cost: -11.9616
%%%%%%%%%E1_hat: 0.000666667
ESS: 1 / 1500
Diag(valid=1500, elite=150) ||dU~||2=3.44275 traceCovElite~=0.826399 R2=0.0756288 H(w)=5.9109e-303 perp=1 w_max=1
--------Variance: 3.54014e-09
Sum of |delta_u|: 0.805071
Post-update R2: 0.0318658
Final cost after weighting: -2.999776
E1_hat_1: 0.000666667
PI step 82 time: 0.0196443 seconds
********a: -7.31322
********New psi: 0.831322
2.73134e-09
Iteration: 83/150 ---------------------------
Expected cost over samples: -11.9611
min cost: -11.9614
%%%%%%%%%E1_hat: 0.000666667
ESS: 1 / 1500
Diag(valid=1500, elite=150) ||dU~||2=2.5976 traceCovElite~=0.856361 R2=0.0682732 H(w)=5.9109e-303 perp=1 w_max=1
--------Variance: 1.67533e-09
Sum of |delta_u|: 0.602582
Post-update R2: 0.0334209
Final cost after weighting: -2.999775
E1_hat_1: 0.000666667
PI step 83 time: 0.0189935 seconds
********a: -7.31322
********New psi: 0.831322
2.27063e-09
Iteration: 84/150 ---------------------------
Expected cost over samples: -11.961
min cost: -11.9612
%%%%%%%%%E1_hat: 0.000666667
ESS: 1 / 1500
Diag(valid=1500, elite=150) ||dU~||2=2.89921 traceCovElite~=0.822757 R2=0.0935084 H(w)=5.9109e-303 perp=1 w_max=1
--------Variance: 1.73505e-09
Sum of |delta_u|: 0.64657
Post-update R2: 0.0482104
Final cost after weighting: -2.999778
E1_hat_1: 0.000666667
PI step 84 time: 0.0186088 seconds
********a: -7.31322
********New psi: 0.831322
1.88762e-09
Iteration: 85/150 ---------------------------
Expected cost over samples: -11.9612
min cost: -11.9614
%%%%%%%%%E1_hat: 0.000666667
ESS: 1 / 1500
Diag(valid=1500, elite=150) ||dU~||2=2.52677 traceCovElite~=0.835973 R2=0.0443523 H(w)=5.9109e-303 perp=1 w_max=1
--------Variance: 1.09559e-09
Sum of |delta_u|: 0.614946
Post-update R2: 0.0124688
Final cost after weighting: -2.999778
E1_hat_1: 0.000666667
PI step 85 time: 0.0185457 seconds
********a: -7.31322
********New psi: 0.831322
1.56922e-09
Iteration: 86/150 ---------------------------
Expected cost over samples: -11.9612
min cost: -11.9614
%%%%%%%%%E1_hat: 0.000666667
ESS: 1 / 1500
Diag(valid=1500, elite=150) ||dU~||2=2.70445 traceCovElite~=0.790469 R2=0.0623586 H(w)=1.13907e-257 perp=1 w_max=1
--------Variance: 1.04337e-09
Sum of |delta_u|: 0.687799
Post-update R2: 0.0209345
Final cost after weighting: -2.999778
E1_hat_1: 0.000666667
PI step 86 time: 0.0190287 seconds
********a: -7.31322
********New psi: 0.831322
1.30453e-09
Iteration: 87/150 ---------------------------
Expected cost over samples: -11.9612
min cost: -11.9613
%%%%%%%%%E1_hat: 0.000666667
ESS: 1 / 1500
Diag(valid=1500, elite=150) ||dU~||2=2.41793 traceCovElite~=0.806673 R2=0.0737981 H(w)=5.9109e-303 perp=1 w_max=1
--------Variance: 6.93338e-10
Sum of |delta_u|: 0.568638
Post-update R2: 0.0430521
Final cost after weighting: -2.999779
E1_hat_1: 0.000666667
PI step 87 time: 0.0197711 seconds
********a: -7.31322
********New psi: 0.831322
1.08448e-09
Iteration: 88/150 ---------------------------
Expected cost over samples: -11.9613
min cost: -11.9615
%%%%%%%%%E1_hat: 0.000666667
ESS: 1 / 1500
Diag(valid=1500, elite=150) ||dU~||2=3.00737 traceCovElite~=0.794845 R2=0.0783106 H(w)=7.13135e-90 perp=1 w_max=1
--------Variance: 8.91655e-10
Sum of |delta_u|: 0.710727
Post-update R2: 0.0317673
Final cost after weighting: -2.999778
E1_hat_1: 0.000666667
PI step 88 time: 0.0186728 seconds
********a: -7.31322
********New psi: 0.831322
9.01555e-10
Iteration: 89/150 ---------------------------
Expected cost over samples: -11.9611
min cost: -11.9613
%%%%%%%%%E1_hat: 0.000666667
ESS: 1 / 1500
Diag(valid=1500, elite=150) ||dU~||2=2.1567 traceCovElite~=0.802024 R2=0.0884705 H(w)=5.9109e-303 perp=1 w_max=1
--------Variance: 3.81196e-10
Sum of |delta_u|: 0.518005
Post-update R2: 0.0468579
Final cost after weighting: -2.999781
E1_hat_1: 0.000666667
PI step 89 time: 0.0192701 seconds
********a: -7.31322
********New psi: 0.831322
7.49482e-10
Iteration: 90/150 ---------------------------
Expected cost over samples: -11.9613
min cost: -11.9614
%%%%%%%%%E1_hat: 0.000666667
ESS: 1 / 1500
Diag(valid=1500, elite=150) ||dU~||2=2.30237 traceCovElite~=0.889829 R2=0.101249 H(w)=5.9109e-303 perp=1 w_max=1
--------Variance: 3.61174e-10
Sum of |delta_u|: 0.533136
Post-update R2: 0.0440356
Final cost after weighting: -2.999778
E1_hat_1: 0.000666667
PI step 90 time: 0.0176339 seconds
********a: -7.31322
********New psi: 0.831322
6.23061e-10
Iteration: 91/150 ---------------------------
Expected cost over samples: -11.9613
min cost: -11.9614
%%%%%%%%%E1_hat: 0.000666667
ESS: 1 / 1500
Diag(valid=1500, elite=150) ||dU~||2=3.96889 traceCovElite~=0.829361 R2=0.0654763 H(w)=5.9109e-303 perp=1 w_max=1
--------Variance: 8.92203e-10
Sum of |delta_u|: 0.968008
Post-update R2: 0.018686
Final cost after weighting: -2.999781
E1_hat_1: 0.000666667
PI step 91 time: 0.0183132 seconds
********a: -7.31322
********New psi: 0.831322
5.17965e-10
Iteration: 92/150 ---------------------------
Expected cost over samples: -11.9614
min cost: -11.9615
%%%%%%%%%E1_hat: 0.000666667
ESS: 1 / 1500
Diag(valid=1500, elite=150) ||dU~||2=2.64296 traceCovElite~=0.807498 R2=0.101606 H(w)=5.9109e-303 perp=1 w_max=1
--------Variance: 3.28915e-10
Sum of |delta_u|: 0.595448
Post-update R2: 0.0490494
Final cost after weighting: -2.999778
E1_hat_1: 0.000666667
PI step 92 time: 0.0184426 seconds
********a: -7.31322
********New psi: 0.831322
4.30595e-10
Iteration: 93/150 ---------------------------
Expected cost over samples: -11.9615
min cost: -11.9616
%%%%%%%%%E1_hat: 0.000666667
ESS: 1 / 1500
Diag(valid=1500, elite=150) ||dU~||2=2.90557 traceCovElite~=0.853923 R2=0.0786366 H(w)=5.9109e-303 perp=1 w_max=1
--------Variance: 3.30473e-10
Sum of |delta_u|: 0.711948
Post-update R2: 0.0371571
Final cost after weighting: -2.999781
E1_hat_1: 0.000666667
PI step 93 time: 0.0188109 seconds
********a: -7.31322
********New psi: 0.831322
3.57963e-10
Iteration: 94/150 ---------------------------
Expected cost over samples: -11.9615
min cost: -11.9616
%%%%%%%%%E1_hat: 0.000666667
ESS: 1 / 1500
Diag(valid=1500, elite=150) ||dU~||2=2.30433 traceCovElite~=0.817821 R2=0.0779205 H(w)=6.22541e-42 perp=1 w_max=1
--------Variance: 1.72791e-10
Sum of |delta_u|: 0.50526
Post-update R2: 0.0595216
Final cost after weighting: -2.999781
E1_hat_1: 0.000666667
PI step 94 time: 0.0181214 seconds
********a: -7.31322
********New psi: 0.831322
2.97583e-10
Iteration: 95/150 ---------------------------
Expected cost over samples: -11.9615
min cost: -11.9616
%%%%%%%%%E1_hat: 0.000666667
ESS: 1 / 1500
Diag(valid=1500, elite=150) ||dU~||2=3.36101 traceCovElite~=0.838762 R2=0.057425 H(w)=5.9109e-303 perp=1 w_max=1
--------Variance: 3.05597e-10
Sum of |delta_u|: 0.769159
Post-update R2: 0.025367
Final cost after weighting: -2.999782
E1_hat_1: 0.000666667
PI step 95 time: 0.0163101 seconds
********a: -7.31322
********New psi: 0.831322
2.47387e-10
Iteration: 96/150 ---------------------------
Expected cost over samples: -11.9614
min cost: -11.9615
%%%%%%%%%E1_hat: 0.000666667
ESS: 1 / 1500
Diag(valid=1500, elite=150) ||dU~||2=2.64198 traceCovElite~=0.811907 R2=0.0859119 H(w)=5.9109e-303 perp=1 w_max=1
--------Variance: 1.5698e-10
Sum of |delta_u|: 0.644967
Post-update R2: 0.0283485
Final cost after weighting: -2.999780
E1_hat_1: 0.000666667
PI step 96 time: 0.0158389 seconds
********a: -7.31322
********New psi: 0.831322
2.05658e-10
Iteration: 97/150 ---------------------------
Expected cost over samples: -11.9614
min cost: -11.9615
%%%%%%%%%E1_hat: 0.000666667
ESS: 1 / 1500
Diag(valid=1500, elite=150) ||dU~||2=3.5768 traceCovElite~=0.7905 R2=0.0770856 H(w)=2.86695e-38 perp=1 w_max=1
--------Variance: 2.39178e-10
Sum of |delta_u|: 0.962076
Post-update R2: 0.0197193
Final cost after weighting: -2.999781
E1_hat_1: 0.000666667
PI step 97 time: 0.0152222 seconds
********a: -7.31322
********New psi: 0.831322
1.70968e-10
Iteration: 98/150 ---------------------------
Expected cost over samples: -11.9614
min cost: -11.9614
%%%%%%%%%E1_hat: 0.000666667
ESS: 1 / 1500
Diag(valid=1500, elite=150) ||dU~||2=2.81488 traceCovElite~=0.864494 R2=0.0955092 H(w)=5.9109e-303 perp=1 w_max=1
--------Variance: 1.23152e-10
Sum of |delta_u|: 0.634529
Post-update R2: 0.0630498
Final cost after weighting: -2.999782
E1_hat_1: 0.000666667
PI step 98 time: 0.0154641 seconds
********a: -7.31322
********New psi: 0.831322
1.4213e-10
Iteration: 99/150 ---------------------------
Expected cost over samples: -11.9614
min cost: -11.9614
%%%%%%%%%E1_hat: 0.000666667
ESS: 1 / 1500
Diag(valid=1500, elite=150) ||dU~||2=3.03249 traceCovElite~=0.820864 R2=0.0820007 H(w)=1.47495e-81 perp=1 w_max=1
--------Variance: 1.18821e-10
Sum of |delta_u|: 0.704802
Post-update R2: 0.0634312
Final cost after weighting: -2.999783
E1_hat_1: 0.000666667
PI step 99 time: 0.0151247 seconds
********a: -7.31322
********New psi: 0.831322
1.18156e-10
Iteration: 100/150 ---------------------------
Expected cost over samples: -11.9614
min cost: -11.9614
%%%%%%%%%E1_hat: 0.000666667
ESS: 1 / 1500
Diag(valid=1500, elite=150) ||dU~||2=2.59621 traceCovElite~=0.802737 R2=0.0885823 H(w)=5.9109e-303 perp=1 w_max=1
--------Variance: 7.23998e-11
Sum of |delta_u|: 0.626556
Post-update R2: 0.0346007
Final cost after weighting: -2.999783
E1_hat_1: 0.000666667
PI step 100 time: 0.0155425 seconds
********a: -7.31322
********New psi: 0.831322
9.82254e-11
Iteration: 101/150 ---------------------------
Expected cost over samples: -11.9614
min cost: -11.9614
%%%%%%%%%E1_hat: 0.000666667
ESS: 1 / 1500
Diag(valid=1500, elite=150) ||dU~||2=3.05069 traceCovElite~=0.797998 R2=0.0880511 H(w)=5.9109e-303 perp=1 w_max=1
--------Variance: 8.30944e-11
Sum of |delta_u|: 0.785588
Post-update R2: 0.0255057
Final cost after weighting: -2.999784
E1_hat_1: 0.000666667
PI step 101 time: 0.0153149 seconds
********a: -7.31322
********New psi: 0.831322
8.16569e-11
Iteration: 102/150 ---------------------------
Expected cost over samples: -11.9614
min cost: -11.9615
%%%%%%%%%E1_hat: 0.000666667
ESS: 1 / 1500
Diag(valid=1500, elite=150) ||dU~||2=2.85864 traceCovElite~=0.836658 R2=0.0649801 H(w)=5.9109e-303 perp=1 w_max=1
--------Variance: 6.06622e-11
Sum of |delta_u|: 0.622546
Post-update R2: 0.0470521
Final cost after weighting: -2.999784
E1_hat_1: 0.000666667
PI step 102 time: 0.0152581 seconds
********a: -7.31322
********New psi: 0.831322
6.78832e-11
Iteration: 103/150 ---------------------------
Expected cost over samples: -11.9615
min cost: -11.9615
%%%%%%%%%E1_hat: 0.000666667
ESS: 1 / 1500
Diag(valid=1500, elite=150) ||dU~||2=2.97479 traceCovElite~=0.849238 R2=0.0739631 H(w)=5.9109e-303 perp=1 w_max=1
--------Variance: 5.46085e-11
Sum of |delta_u|: 0.758615
Post-update R2: 0.0196235
Final cost after weighting: -2.999784
E1_hat_1: 0.000666667
PI step 103 time: 0.0157146 seconds
********a: -7.31322
********New psi: 0.831322
5.64328e-11
Iteration: 104/150 ---------------------------
Expected cost over samples: -11.9614
min cost: -11.9614
%%%%%%%%%E1_hat: 0.000666667
ESS: 1 / 1500
Diag(valid=1500, elite=150) ||dU~||2=3.30517 traceCovElite~=0.814512 R2=0.10308 H(w)=5.9109e-303 perp=1 w_max=1
--------Variance: 5.60417e-11
Sum of |delta_u|: 0.71064
Post-update R2: 0.0789829
Final cost after weighting: -2.999784
E1_hat_1: 0.000666667
PI step 104 time: 0.015622 seconds
********a: -7.31322
********New psi: 0.831322
4.69138e-11
Iteration: 105/150 ---------------------------
Expected cost over samples: -11.9614
min cost: -11.9614
%%%%%%%%%E1_hat: 0.000666667
ESS: 1 / 1500
Diag(valid=1500, elite=150) ||dU~||2=2.10332 traceCovElite~=0.859655 R2=0.0922416 H(w)=5.9109e-303 perp=1 w_max=1
--------Variance: 1.88656e-11
Sum of |delta_u|: 0.457469
Post-update R2: 0.0659933
Final cost after weighting: -2.999784
E1_hat_1: 0.000666667
PI step 105 time: 0.0153482 seconds
********a: -7.31322
********New psi: 0.831322
3.90005e-11
Iteration: 106/150 ---------------------------
Expected cost over samples: -11.9614
min cost: -11.9614
%%%%%%%%%E1_hat: 0.000666667
ESS: 1 / 1500
Diag(valid=1500, elite=150) ||dU~||2=2.65998 traceCovElite~=0.823901 R2=0.0703601 H(w)=5.9109e-303 perp=1 w_max=1
--------Variance: 2.50846e-11
Sum of |delta_u|: 0.689428
Post-update R2: 0.0299035
Final cost after weighting: -2.999783
E1_hat_1: 0.000666667
PI step 106 time: 0.0153176 seconds
********a: -7.31322
********New psi: 0.831322
3.2422e-11
Iteration: 107/150 ---------------------------
Expected cost over samples: -11.9614
min cost: -11.9615
%%%%%%%%%E1_hat: 0.000666667
ESS: 1 / 1500
Diag(valid=1500, elite=150) ||dU~||2=3.42958 traceCovElite~=0.819336 R2=0.0897273 H(w)=5.9109e-303 perp=1 w_max=1
--------Variance: 3.46678e-11
Sum of |delta_u|: 0.780706
Post-update R2: 0.0571355
Final cost after weighting: -2.999784
E1_hat_1: 0.000666667
PI step 107 time: 0.0152402 seconds
********a: -7.31322
********New psi: 0.831322
2.69531e-11
Iteration: 108/150 ---------------------------
Expected cost over samples: -11.9615
min cost: -11.9615
%%%%%%%%%E1_hat: 0.000666667
ESS: 1 / 1500
Diag(valid=1500, elite=150) ||dU~||2=1.77707 traceCovElite~=0.754065 R2=0.0864712 H(w)=5.9109e-303 perp=1 w_max=1
--------Variance: 7.73791e-12
Sum of |delta_u|: 0.403634
Post-update R2: 0.0487455
Final cost after weighting: -2.999784
E1_hat_1: 0.000666667
PI step 108 time: 0.0150805 seconds
********a: -7.31322
********New psi: 0.831322
2.24067e-11
Iteration: 109/150 ---------------------------
Expected cost over samples: -11.9615
min cost: -11.9615
%%%%%%%%%E1_hat: 0.000666667
ESS: 1 / 1500
Diag(valid=1500, elite=150) ||dU~||2=2.91637 traceCovElite~=0.818382 R2=0.083115 H(w)=5.9109e-303 perp=1 w_max=1
--------Variance: 1.73249e-11
Sum of |delta_u|: 0.701362
Post-update R2: 0.0157395
Final cost after weighting: -2.999784
E1_hat_1: 0.000666667
PI step 109 time: 0.0155903 seconds
********a: -7.31322
********New psi: 0.831322
1.86272e-11
Iteration: 110/150 ---------------------------
Expected cost over samples: -11.9615
min cost: -11.9615
%%%%%%%%%E1_hat: 0.000666667
ESS: 1 / 1500
Diag(valid=1500, elite=150) ||dU~||2=2.97744 traceCovElite~=0.852442 R2=0.0631034 H(w)=5.9109e-303 perp=1 w_max=1
--------Variance: 1.50106e-11
Sum of |delta_u|: 0.725549
Post-update R2: 0.0266013
Final cost after weighting: -2.999784
E1_hat_1: 0.000666667
PI step 110 time: 0.0155815 seconds
********a: -7.31322
********New psi: 0.831322
1.54852e-11
Iteration: 111/150 ---------------------------
Expected cost over samples: -11.9614
min cost: -11.9614
%%%%%%%%%E1_hat: 0.000666667
ESS: 1 / 1500
Diag(valid=1500, elite=150) ||dU~||2=2.73884 traceCovElite~=0.835569 R2=0.0707204 H(w)=5.9109e-303 perp=1 w_max=1
--------Variance: 1.05598e-11
Sum of |delta_u|: 0.59777
Post-update R2: 0.0437046
Final cost after weighting: -2.999784
E1_hat_1: 0.000666667
PI step 111 time: 0.0155963 seconds
********a: -7.31322
********New psi: 0.831322
1.28732e-11
Iteration: 112/150 ---------------------------
Expected cost over samples: -11.9614
min cost: -11.9614
%%%%%%%%%E1_hat: 0.000666667
ESS: 1 / 1500
Diag(valid=1500, elite=150) ||dU~||2=3.42245 traceCovElite~=0.857201 R2=0.0868361 H(w)=5.9109e-303 perp=1 w_max=1
--------Variance: 1.37075e-11
Sum of |delta_u|: 0.725146
Post-update R2: 0.0190497
Final cost after weighting: -2.999784
E1_hat_1: 0.000666667
PI step 112 time: 0.0151866 seconds
********a: -7.31322
********New psi: 0.831322
1.07018e-11
Iteration: 113/150 ---------------------------
Expected cost over samples: -11.9614
min cost: -11.9614
%%%%%%%%%E1_hat: 0.000666667
ESS: 1 / 1500
Diag(valid=1500, elite=150) ||dU~||2=3.34021 traceCovElite~=0.828398 R2=0.0835517 H(w)=5.9109e-303 perp=1 w_max=1
--------Variance: 1.08534e-11
Sum of |delta_u|: 0.811486
Post-update R2: 0.00772815
Final cost after weighting: -2.999785
E1_hat_1: 0.000666667
PI step 113 time: 0.0154387 seconds
********a: -7.31322
********New psi: 0.831322
8.89661e-12
Iteration: 114/150 ---------------------------
Expected cost over samples: -11.9615
min cost: -11.9615
%%%%%%%%%E1_hat: 0.000666667
ESS: 1 / 1500
Diag(valid=1500, elite=150) ||dU~||2=2.82606 traceCovElite~=0.828488 R2=0.0619494 H(w)=5.9109e-303 perp=1 w_max=1
--------Variance: 6.45944e-12
Sum of |delta_u|: 0.680234
Post-update R2: 0.0153282
Final cost after weighting: -2.999784
E1_hat_1: 0.000666667
PI step 114 time: 0.0158325 seconds
********a: -7.31322
********New psi: 0.831322
7.39595e-12
Iteration: 115/150 ---------------------------
Expected cost over samples: -11.9615
min cost: -11.9615
%%%%%%%%%E1_hat: 0.000666667
ESS: 1 / 1500
Diag(valid=1500, elite=150) ||dU~||2=4.39589 traceCovElite~=0.815644 R2=0.0557929 H(w)=5.9109e-303 perp=1 w_max=1
--------Variance: 1.29924e-11
Sum of |delta_u|: 0.911259
Post-update R2: 0.0257763
Final cost after weighting: -2.999784
E1_hat_1: 0.000666667
PI step 115 time: 0.0152212 seconds
********a: -7.31322
********New psi: 0.831322
6.14841e-12
Iteration: 116/150 ---------------------------
Expected cost over samples: -11.9615
min cost: -11.9615
%%%%%%%%%E1_hat: 0.000666667
ESS: 1 / 1500
Diag(valid=1500, elite=150) ||dU~||2=4.23333 traceCovElite~=0.819739 R2=0.0871552 H(w)=5.9109e-303 perp=1 w_max=1
--------Variance: 1.00169e-11
Sum of |delta_u|: 0.855951
Post-update R2: 0.0428733
Final cost after weighting: -2.999784
E1_hat_1: 0.000666667
PI step 116 time: 0.0159737 seconds
********a: -7.31322
********New psi: 0.831322
5.11131e-12
Iteration: 117/150 ---------------------------
Expected cost over samples: -11.9614
min cost: -11.9615
%%%%%%%%%E1_hat: 0.000666667
ESS: 1 / 1500
Diag(valid=1500, elite=150) ||dU~||2=1.8496 traceCovElite~=0.824237 R2=0.0945126 H(w)=5.9109e-303 perp=1 w_max=1
--------Variance: 1.58955e-12
Sum of |delta_u|: 0.316707
Post-update R2: 0.072635
Final cost after weighting: -2.999784
E1_hat_1: 0.000666667
PI step 117 time: 0.01531 seconds
********a: -7.31322
********New psi: 0.831322
4.24915e-12
Iteration: 118/150 ---------------------------
Expected cost over samples: -11.9615
min cost: -11.9615
%%%%%%%%%E1_hat: 0.000666667
ESS: 1 / 1500
Diag(valid=1500, elite=150) ||dU~||2=2.86863 traceCovElite~=0.83551 R2=0.0626777 H(w)=5.9109e-303 perp=1 w_max=1
--------Variance: 3.17862e-12
Sum of |delta_u|: 0.717265
Post-update R2: 0.0357804
Final cost after weighting: -2.999784
E1_hat_1: 0.000666667
PI step 118 time: 0.0159849 seconds
********a: -7.31322
********New psi: 0.831322
3.53241e-12
Iteration: 119/150 ---------------------------
Expected cost over samples: -11.9614
min cost: -11.9614
%%%%%%%%%E1_hat: 0.000666667
ESS: 1 / 1500
Diag(valid=1500, elite=150) ||dU~||2=2.14034 traceCovElite~=0.807962 R2=0.089274 H(w)=5.9109e-303 perp=1 w_max=1
--------Variance: 1.47099e-12
Sum of |delta_u|: 0.526435
Post-update R2: 0.0506072
Final cost after weighting: -2.999784
E1_hat_1: 0.000666667
PI step 119 time: 0.0154158 seconds
********a: -7.31322
********New psi: 0.831322
2.93657e-12
Iteration: 120/150 ---------------------------
Expected cost over samples: -11.9614
min cost: -11.9615
%%%%%%%%%E1_hat: 0.000666667
ESS: 1 / 1500
Diag(valid=1500, elite=150) ||dU~||2=4.05536 traceCovElite~=0.817081 R2=0.0986624 H(w)=5.9109e-303 perp=1 w_max=1
--------Variance: 4.39041e-12
Sum of |delta_u|: 0.924089
Post-update R2: 0.00458912
Final cost after weighting: -2.999785
E1_hat_1: 0.000666667
PI step 120 time: 0.016679 seconds
********a: -7.31322
********New psi: 0.831322
2.44123e-12
Iteration: 121/150 ---------------------------
Expected cost over samples: -11.9614
min cost: -11.9615
%%%%%%%%%E1_hat: 0.000666667
ESS: 1 / 1500
Diag(valid=1500, elite=150) ||dU~||2=2.35778 traceCovElite~=0.895173 R2=0.0697454 H(w)=5.9109e-303 perp=1 w_max=1
--------Variance: 1.23373e-12
Sum of |delta_u|: 0.604456
Post-update R2: 0.0347337
Final cost after weighting: -2.999785
E1_hat_1: 0.000666667
PI step 121 time: 0.0155868 seconds
********a: -7.31322
********New psi: 0.831322
2.02945e-12
Iteration: 122/150 ---------------------------
Expected cost over samples: -11.9614
min cost: -11.9615
%%%%%%%%%E1_hat: 0.000666667
ESS: 1 / 1500
Diag(valid=1500, elite=150) ||dU~||2=2.27395 traceCovElite~=0.825663 R2=0.0936951 H(w)=5.9109e-303 perp=1 w_max=1
--------Variance: 9.53995e-13
Sum of |delta_u|: 0.551241
Post-update R2: 0.0472322
Final cost after weighting: -2.999784
E1_hat_1: 0.000666667
PI step 122 time: 0.015685 seconds
********a: -7.31322
********New psi: 0.831322
1.68713e-12
Iteration: 123/150 ---------------------------
Expected cost over samples: -11.9614
min cost: -11.9615
%%%%%%%%%E1_hat: 0.000666667
ESS: 1 / 1500
Diag(valid=1500, elite=150) ||dU~||2=2.72324 traceCovElite~=0.809164 R2=0.0980143 H(w)=5.9109e-303 perp=1 w_max=1
--------Variance: 1.1373e-12
Sum of |delta_u|: 0.580973
Post-update R2: 0.0662881
Final cost after weighting: -2.999784
E1_hat_1: 0.000666667
PI step 123 time: 0.0154345 seconds
********a: -7.31322
********New psi: 0.831322
1.40255e-12
Iteration: 124/150 ---------------------------
Expected cost over samples: -11.9614
min cost: -11.9614
%%%%%%%%%E1_hat: 0.000666667
ESS: 1 / 1500
Diag(valid=1500, elite=150) ||dU~||2=2.34067 traceCovElite~=0.871507 R2=0.0794593 H(w)=1.42876e-95 perp=1 w_max=1
--------Variance: 6.98558e-13
Sum of |delta_u|: 0.568115
Post-update R2: 0.0278101
Final cost after weighting: -2.999784
E1_hat_1: 0.000666667
PI step 124 time: 0.0151519 seconds
********a: -7.31322
********New psi: 0.831322
1.16597e-12
Iteration: 125/150 ---------------------------
Expected cost over samples: -11.9614
min cost: -11.9614
%%%%%%%%%E1_hat: 0.000666667
ESS: 1 / 1500
Diag(valid=1500, elite=150) ||dU~||2=1.70525 traceCovElite~=0.847904 R2=0.0834551 H(w)=5.9109e-303 perp=1 w_max=1
--------Variance: 3.08226e-13
Sum of |delta_u|: 0.457559
Post-update R2: 0.0414595
Final cost after weighting: -2.999785
E1_hat_1: 0.000666667
PI step 125 time: 0.0156213 seconds
********a: -7.31322
********New psi: 0.831322
9.69295e-13
Iteration: 126/150 ---------------------------
Expected cost over samples: -11.9614
min cost: -11.9614
%%%%%%%%%E1_hat: 0.000666667
ESS: 1 / 1500
Diag(valid=1500, elite=150) ||dU~||2=2.48908 traceCovElite~=0.826424 R2=0.0545002 H(w)=5.9109e-303 perp=1 w_max=1
--------Variance: 5.45879e-13
Sum of |delta_u|: 0.634755
Post-update R2: 0.0262985
Final cost after weighting: -2.999784
E1_hat_1: 0.000666667
PI step 126 time: 0.0154105 seconds
********a: -7.31322
********New psi: 0.831322
8.05796e-13
Iteration: 127/150 ---------------------------
Expected cost over samples: -11.9614
min cost: -11.9614
%%%%%%%%%E1_hat: 0.000666667
ESS: 1 / 1500
Diag(valid=1500, elite=150) ||dU~||2=2.19372 traceCovElite~=0.793996 R2=0.0794578 H(w)=5.9109e-303 perp=1 w_max=1
--------Variance: 3.52531e-13
Sum of |delta_u|: 0.544744
Post-update R2: 0.0334668
Final cost after weighting: -2.999785
E1_hat_1: 0.000666667
PI step 127 time: 0.0151622 seconds
********a: -7.31322
********New psi: 0.831322
6.69876e-13
Iteration: 128/150 ---------------------------
Expected cost over samples: -11.9614
min cost: -11.9614
%%%%%%%%%E1_hat: 0.000666667
ESS: 1 / 1500
Diag(valid=1500, elite=150) ||dU~||2=3.10963 traceCovElite~=0.859338 R2=0.0933289 H(w)=5.9109e-303 perp=1 w_max=1
--------Variance: 5.88828e-13
Sum of |delta_u|: 0.660022
Post-update R2: 0.0420672
Final cost after weighting: -2.999785
E1_hat_1: 0.000666667
PI step 128 time: 0.0157521 seconds
********a: -7.31322
********New psi: 0.831322
5.56883e-13
Iteration: 129/150 ---------------------------
Expected cost over samples: -11.9614
min cost: -11.9614
%%%%%%%%%E1_hat: 0.000666667
ESS: 1 / 1500
Diag(valid=1500, elite=150) ||dU~||2=2.95559 traceCovElite~=0.820207 R2=0.0757334 H(w)=5.9109e-303 perp=1 w_max=1
--------Variance: 4.42236e-13
Sum of |delta_u|: 0.709691
Post-update R2: 0.028118
Final cost after weighting: -2.999785
E1_hat_1: 0.000666667
PI step 129 time: 0.0156816 seconds
********a: -7.31322
********New psi: 0.831322
4.62949e-13
Iteration: 130/150 ---------------------------
Expected cost over samples: -11.9614
min cost: -11.9614
%%%%%%%%%E1_hat: 0.000666667
ESS: 1 / 1500
Diag(valid=1500, elite=150) ||dU~||2=2.93156 traceCovElite~=0.835891 R2=0.0681508 H(w)=5.9109e-303 perp=1 w_max=1
--------Variance: 3.61689e-13
Sum of |delta_u|: 0.664441
Post-update R2: 0.0250076
Final cost after weighting: -2.999785
E1_hat_1: 0.000666667
PI step 130 time: 0.0159129 seconds
********a: -7.31322
********New psi: 0.831322
3.8486e-13
Iteration: 131/150 ---------------------------
Expected cost over samples: -11.9614
min cost: -11.9614
%%%%%%%%%E1_hat: 0.000666667
ESS: 1 / 1500
Diag(valid=1500, elite=150) ||dU~||2=3.73612 traceCovElite~=0.78099 R2=0.0878175 H(w)=5.9109e-303 perp=1 w_max=1
--------Variance: 4.88281e-13
Sum of |delta_u|: 0.873755
Post-update R2: 0.0448971
Final cost after weighting: -2.999785
E1_hat_1: 0.000666667
PI step 131 time: 0.0166821 seconds
********a: -7.31322
********New psi: 0.831322
3.19942e-13
Iteration: 132/150 ---------------------------
Expected cost over samples: -11.9614
min cost: -11.9615
%%%%%%%%%E1_hat: 0.000666667
ESS: 1 / 1500
Diag(valid=1500, elite=150) ||dU~||2=3.2151 traceCovElite~=0.79231 R2=0.105375 H(w)=5.9109e-303 perp=1 w_max=1
--------Variance: 3.00653e-13
Sum of |delta_u|: 0.773311
Post-update R2: 0.0596659
Final cost after weighting: -2.999785
E1_hat_1: 0.000666667
PI step 132 time: 0.0160123 seconds
********a: -7.31322
********New psi: 0.831322
2.65975e-13
Iteration: 133/150 ---------------------------
Expected cost over samples: -11.9614
min cost: -11.9614
%%%%%%%%%E1_hat: 0.000666667
ESS: 1 / 1500
Diag(valid=1500, elite=150) ||dU~||2=2.63018 traceCovElite~=0.826054 R2=0.0954593 H(w)=5.9109e-303 perp=1 w_max=1
--------Variance: 1.67271e-13
Sum of |delta_u|: 0.691133
Post-update R2: 0.0402829
Final cost after weighting: -2.999785
E1_hat_1: 0.000666667
PI step 133 time: 0.0158636 seconds
********a: -7.31322
********New psi: 0.831322
2.21111e-13
Iteration: 134/150 ---------------------------
Expected cost over samples: -11.9614
min cost: -11.9614
%%%%%%%%%E1_hat: 0.000666667
ESS: 1 / 1500
Diag(valid=1500, elite=150) ||dU~||2=3.87349 traceCovElite~=0.799407 R2=0.0838474 H(w)=5.9109e-303 perp=1 w_max=1
--------Variance: 3.01591e-13
Sum of |delta_u|: 0.810012
Post-update R2: 0.0434049
Final cost after weighting: -2.999785
E1_hat_1: 0.000666667
PI step 134 time: 0.015902 seconds
********a: -7.31322
********New psi: 0.831322
1.83814e-13
Iteration: 135/150 ---------------------------
Expected cost over samples: -11.9615
min cost: -11.9615
%%%%%%%%%E1_hat: 0.000666667
ESS: 1 / 1500
Diag(valid=1500, elite=150) ||dU~||2=3.56531 traceCovElite~=0.809294 R2=0.0689686 H(w)=5.9109e-303 perp=1 w_max=1
--------Variance: 2.12403e-13
Sum of |delta_u|: 0.75557
Post-update R2: 0.0296551
Final cost after weighting: -2.999785
E1_hat_1: 0.000666667
PI step 135 time: 0.0162584 seconds
********a: -7.31322
********New psi: 0.831322
1.52809e-13
Iteration: 136/150 ---------------------------
Expected cost over samples: -11.9615
min cost: -11.9615
%%%%%%%%%E1_hat: 0.000666667
ESS: 1 / 1500
Diag(valid=1500, elite=150) ||dU~||2=1.27341 traceCovElite~=0.772863 R2=0.107258 H(w)=5.9109e-303 perp=1 w_max=1
--------Variance: 2.25262e-14
Sum of |delta_u|: 0.293696
Post-update R2: 0.0870767
Final cost after weighting: -2.999785
E1_hat_1: 0.000666667
PI step 136 time: 0.0173854 seconds
********a: -7.31322
********New psi: 0.831322
1.27033e-13
Iteration: 137/150 ---------------------------
Expected cost over samples: -11.9615
min cost: -11.9615
%%%%%%%%%E1_hat: 0.000666667
ESS: 1 / 1500
Diag(valid=1500, elite=150) ||dU~||2=3.49038 traceCovElite~=0.820139 R2=0.0712812 H(w)=5.9109e-303 perp=1 w_max=1
--------Variance: 1.40682e-13
Sum of |delta_u|: 0.787937
Post-update R2: 0.0543557
Final cost after weighting: -2.999785
E1_hat_1: 0.000666667
PI step 137 time: 0.0158384 seconds
********a: -7.31322
********New psi: 0.831322
1.05606e-13
Iteration: 138/150 ---------------------------
Expected cost over samples: -11.9615
min cost: -11.9615
%%%%%%%%%E1_hat: 0.000666667
ESS: 1 / 1500
Diag(valid=1500, elite=150) ||dU~||2=2.60696 traceCovElite~=0.819022 R2=0.0935002 H(w)=5.9109e-303 perp=1 w_max=1
--------Variance: 6.52474e-14
Sum of |delta_u|: 0.623367
Post-update R2: 0.0572891
Final cost after weighting: -2.999785
E1_hat_1: 0.000666667
PI step 138 time: 0.0162817 seconds
********a: -7.31322
********New psi: 0.831322
8.77924e-14
Iteration: 139/150 ---------------------------
Expected cost over samples: -11.9615
min cost: -11.9615
%%%%%%%%%E1_hat: 0.000666667
ESS: 1 / 1500
Diag(valid=1500, elite=150) ||dU~||2=3.20232 traceCovElite~=0.823228 R2=0.080831 H(w)=5.9109e-303 perp=1 w_max=1
--------Variance: 8.18445e-14
Sum of |delta_u|: 0.790739
Post-update R2: 0.0374472
Final cost after weighting: -2.999785
E1_hat_1: 0.000666667
PI step 139 time: 0.0158425 seconds
********a: -7.31322
********New psi: 0.831322
7.29837e-14
Iteration: 140/150 ---------------------------
Expected cost over samples: -11.9615
min cost: -11.9615
%%%%%%%%%E1_hat: 0.000666667
ESS: 1 / 1500
Diag(valid=1500, elite=150) ||dU~||2=2.74433 traceCovElite~=0.810093 R2=0.0827366 H(w)=5.9109e-303 perp=1 w_max=1
--------Variance: 4.99646e-14
Sum of |delta_u|: 0.672672
Post-update R2: 0.0211328
Final cost after weighting: -2.999785
E1_hat_1: 0.000666667
PI step 140 time: 0.0162433 seconds
********a: -7.31322
********New psi: 0.831322
6.0673e-14
Iteration: 141/150 ---------------------------
Expected cost over samples: -11.9615
min cost: -11.9615
%%%%%%%%%E1_hat: 0.000666667
ESS: 1 / 1500
Diag(valid=1500, elite=150) ||dU~||2=3.66356 traceCovElite~=0.806439 R2=0.0679829 H(w)=5.9109e-303 perp=1 w_max=1
--------Variance: 7.40252e-14
Sum of |delta_u|: 0.902826
Post-update R2: 0.0232535
Final cost after weighting: -2.999785
E1_hat_1: 0.000666667
PI step 141 time: 0.0159234 seconds
********a: -7.31322
********New psi: 0.831322
5.04388e-14
Iteration: 142/150 ---------------------------
Expected cost over samples: -11.9615
min cost: -11.9615
%%%%%%%%%E1_hat: 0.000666667
ESS: 1 / 1500
Diag(valid=1500, elite=150) ||dU~||2=3.14365 traceCovElite~=0.842959 R2=0.0653999 H(w)=5.9109e-303 perp=1 w_max=1
--------Variance: 4.53144e-14
Sum of |delta_u|: 0.739995
Post-update R2: 0.0249681
Final cost after weighting: -2.999785
E1_hat_1: 0.000666667
PI step 142 time: 0.0155444 seconds
********a: -7.31322
********New psi: 0.831322
4.19309e-14
Iteration: 143/150 ---------------------------
Expected cost over samples: -11.9615
min cost: -11.9615
%%%%%%%%%E1_hat: 0.000666667
ESS: 1 / 1500
Diag(valid=1500, elite=150) ||dU~||2=4.58418 traceCovElite~=0.807844 R2=0.105704 H(w)=5.9109e-303 perp=1 w_max=1
--------Variance: 8.00991e-14
Sum of |delta_u|: 1.12855
Post-update R2: 0.0608253
Final cost after weighting: -2.999785
E1_hat_1: 0.000666667
PI step 143 time: 0.0165785 seconds
********a: -7.31322
********New psi: 0.831322
3.48581e-14
Iteration: 144/150 ---------------------------
Expected cost over samples: -11.9615
min cost: -11.9615
%%%%%%%%%E1_hat: 0.000666667
ESS: 1 / 1500
Diag(valid=1500, elite=150) ||dU~||2=2.63584 traceCovElite~=0.890761 R2=0.0562774 H(w)=5.9109e-303 perp=1 w_max=1
--------Variance: 2.2015e-14
Sum of |delta_u|: 0.708433
Post-update R2: 0.0165217
Final cost after weighting: -2.999785
E1_hat_1: 0.000666667
PI step 144 time: 0.0160578 seconds
********a: -7.31322
********New psi: 0.831322
2.89783e-14
Iteration: 145/150 ---------------------------
Expected cost over samples: -11.9615
min cost: -11.9615
%%%%%%%%%E1_hat: 0.000666667
ESS: 1 / 1500
Diag(valid=1500, elite=150) ||dU~||2=1.95736 traceCovElite~=0.811651 R2=0.121894 H(w)=5.9109e-303 perp=1 w_max=1
--------Variance: 1.00928e-14
Sum of |delta_u|: 0.460992
Post-update R2: 0.0832133
Final cost after weighting: -2.999785
E1_hat_1: 0.000666667
PI step 145 time: 0.0163796 seconds
********a: -7.31322
********New psi: 0.831322
2.40903e-14
Iteration: 146/150 ---------------------------
Expected cost over samples: -11.9615
min cost: -11.9615
%%%%%%%%%E1_hat: 0.000666667
ESS: 1 / 1500
Diag(valid=1500, elite=150) ||dU~||2=2.55744 traceCovElite~=0.816943 R2=0.0873725 H(w)=5.9109e-303 perp=1 w_max=1
--------Variance: 1.43233e-14
Sum of |delta_u|: 0.641371
Post-update R2: 0.0490098
Final cost after weighting: -2.999785
E1_hat_1: 0.000666667
PI step 146 time: 0.0160983 seconds
********a: -7.31322
********New psi: 0.831322
2.00268e-14
Iteration: 147/150 ---------------------------
Expected cost over samples: -11.9615
min cost: -11.9615
%%%%%%%%%E1_hat: 0.000666667
ESS: 1 / 1500
Diag(valid=1500, elite=150) ||dU~||2=2.19886 traceCovElite~=0.855233 R2=0.0944755 H(w)=5.9109e-303 perp=1 w_max=1
--------Variance: 8.80243e-15
Sum of |delta_u|: 0.512061
Post-update R2: 0.0242861
Final cost after weighting: -2.999785
E1_hat_1: 0.000666667
PI step 147 time: 0.0158632 seconds
********a: -7.31322
********New psi: 0.831322
1.66487e-14
Iteration: 148/150 ---------------------------
Expected cost over samples: -11.9615
min cost: -11.9615
%%%%%%%%%E1_hat: 0.000666667
ESS: 1 / 1500
Diag(valid=1500, elite=150) ||dU~||2=1.95342 traceCovElite~=0.784475 R2=0.0794549 H(w)=5.9109e-303 perp=1 w_max=1
--------Variance: 5.77535e-15
Sum of |delta_u|: 0.35893
Post-update R2: 0.0591082
Final cost after weighting: -2.999785
E1_hat_1: 0.000666667
PI step 148 time: 0.016165 seconds
********a: -7.31322
********New psi: 0.831322
1.38404e-14
Iteration: 149/150 ---------------------------
Expected cost over samples: -11.9615
min cost: -11.9615
%%%%%%%%%E1_hat: 0.000666667
ESS: 1 / 1500
Diag(valid=1500, elite=150) ||dU~||2=3.1419 traceCovElite~=0.830062 R2=0.0668154 H(w)=5.9109e-303 perp=1 w_max=1
--------Variance: 1.24205e-14
Sum of |delta_u|: 0.787955
Post-update R2: 0.0462247
Final cost after weighting: -2.999785
E1_hat_1: 0.000666667
PI step 149 time: 0.0159499 seconds
********a: -7.31322
********New psi: 0.831322
1.15059e-14
Iteration: 150/150 ---------------------------
Expected cost over samples: -11.9615
min cost: -11.9615
%%%%%%%%%E1_hat: 0.000666667
ESS: 1 / 1500
Diag(valid=1500, elite=150) ||dU~||2=2.95654 traceCovElite~=0.88915 R2=0.0596716 H(w)=5.9109e-303 perp=1 w_max=1
--------Variance: 9.14276e-15
Sum of |delta_u|: 0.715241
Post-update R2: 0.0180692
Final cost after weighting: -2.999785
E1_hat_1: 0.000666667
PI step 150 time: 0.0158372 seconds
********a: -7.31322
********New psi: 0.831322
9.56507e-15
Optimal cost -2.9997847569260747
Optimal rob  -1.400815907715014e-08
Solver time  2.634502833
