R_ : 20  0
 0 20
Iteration: 0/100 ---------------------------
Expected cost over samples: 44.0078
min cost: -4.97729
%%%%%%%%%E1_hat: 0.0204291
ESS: 193.677 / 1700
Diag(valid=1700, elite=170) ||dU~||2=1.24068 traceCovElite~=0.950431 R2=0.00163745 H(w)=6.16415 perp=475.398 w_max=0.028794
--------Variance: 0.00280928
Sum of |delta_u|: 0.185791
Post-update R2: 0.0188341
Final cost after weighting: 29.868874
E1_hat_1: 0.0204291
PI step 0 time: 0.0347532 seconds
********a(H_hat): 0.828695
********New psi: 0.3
0.15    0
   0 0.15
Iteration: 1/100 ---------------------------
Expected cost over samples: 26.6779
min cost: 2.34441
%%%%%%%%%E1_hat: 0.009451
ESS: 62.4392 / 1700
Diag(valid=1700, elite=170) ||dU~||2=0.894348 traceCovElite~=0.964784 R2=0.0228799 H(w)=5.14276 perp=171.187 w_max=0.0622405
--------Variance: 0.0024591
Sum of |delta_u|: 0.12024
Post-update R2: 0.00945972
Final cost after weighting: 31.578532
E1_hat_1: 0.009451
PI step 1 time: 0.0328862 seconds
********a(H_hat): 0.691381
********New psi: 0.3
0.045     0
    0 0.045
Iteration: 2/100 ---------------------------
Expected cost over samples: 18.8485
min cost: 2.76335
%%%%%%%%%E1_hat: 0.0013388
ESS: 4.37234 / 1700
Diag(valid=1700, elite=170) ||dU~||2=2.84291 traceCovElite~=0.980013 R2=0.0106814 H(w)=2.34372 perp=10.4199 w_max=0.439376
--------Variance: 0.0103862
Sum of |delta_u|: 0.420503
Post-update R2: 0.0121783
Final cost after weighting: 25.666809
E1_hat_1: 0.0013388
PI step 2 time: 0.0336682 seconds
********a(H_hat): 0.315085
********New psi: 0.547932
0.0246569         0
        0 0.0246569
Iteration: 3/100 ---------------------------
Expected cost over samples: 15.3161
min cost: 0.838546
%%%%%%%%%E1_hat: 0.00130925
ESS: 3.27447 / 1700
Diag(valid=1700, elite=170) ||dU~||2=3.64753 traceCovElite~=0.945102 R2=0.00596295 H(w)=1.66141 perp=5.26671 w_max=0.449291
--------Variance: 0.00840976
Sum of |delta_u|: 0.558243
Post-update R2: 0.0105866
Final cost after weighting: 17.195401
E1_hat_1: 0.00130925
PI step 3 time: 0.0346132 seconds
********a(H_hat): 0.223356
********New psi: 0.621315
0.0153197         0
        0 0.0153197
Iteration: 4/100 ---------------------------
Expected cost over samples: 10.5646
min cost: -2.05157
%%%%%%%%%E1_hat: 0.000618303
ESS: 1.10248 / 1700
Diag(valid=1700, elite=170) ||dU~||2=5.53786 traceCovElite~=0.937656 R2=0.0441148 H(w)=0.222268 perp=1.24891 w_max=0.951371
--------Variance: 0.0144977
Sum of |delta_u|: 0.768127
Post-update R2: 0.0245982
Final cost after weighting: 17.554657
E1_hat_1: 0.000618303
PI step 4 time: 0.0326074 seconds
********a(H_hat): 0.0298812
********New psi: 0.776095
0.0118896         0
        0 0.0118896
Iteration: 5/100 ---------------------------
Expected cost over samples: 7.19681
min cost: -5.32354
%%%%%%%%%E1_hat: 0.00061114
ESS: 1.07862 / 1700
Diag(valid=1700, elite=170) ||dU~||2=6.17626 traceCovElite~=0.900987 R2=0.0241636 H(w)=0.203941 perp=1.22623 w_max=0.962522
--------Variance: 0.0141199
Sum of |delta_u|: 0.892372
Post-update R2: 0.017498
Final cost after weighting: 19.380593
E1_hat_1: 0.00061114
PI step 5 time: 0.0322686 seconds
********a: -7.40019
********New psi: 0.840019
0.00998746          0
         0 0.00998746
Iteration: 6/100 ---------------------------
Expected cost over samples: 6.42567
min cost: -3.75488
%%%%%%%%%E1_hat: 0.00140828
ESS: 4.10942 / 1700
Diag(valid=1700, elite=170) ||dU~||2=3.44023 traceCovElite~=0.92961 R2=0.0336976 H(w)=1.76108 perp=5.81874 w_max=0.417697
--------Variance: 0.00258695
Sum of |delta_u|: 0.466188
Post-update R2: 0.0512567
Final cost after weighting: 18.406201
E1_hat_1: 0.00140828
PI step 6 time: 0.0302639 seconds
********a: -6.56538
********New psi: 0.756538
0.0075559         0
        0 0.0075559
Iteration: 7/100 ---------------------------
Expected cost over samples: 6.95715
min cost: -2.25978
%%%%%%%%%E1_hat: 0.000948255
ESS: 2.23911 / 1700
Diag(valid=1700, elite=170) ||dU~||2=5.01046 traceCovElite~=0.961326 R2=0.0218641 H(w)=1.06687 perp=2.90626 w_max=0.620335
--------Variance: 0.0047271
Sum of |delta_u|: 0.719329
Post-update R2: 0.0346983
Final cost after weighting: 16.913581
E1_hat_1: 0.000948255
PI step 7 time: 0.035995 seconds
********a: -6.96089
********New psi: 0.796089
0.00601517          0
         0 0.00601517
Iteration: 8/100 ---------------------------
Expected cost over samples: 6.28233
min cost: -1.79422
%%%%%%%%%E1_hat: 0.000623578
ESS: 1.12227 / 1700
Diag(valid=1700, elite=170) ||dU~||2=5.2138 traceCovElite~=0.932023 R2=0.040036 H(w)=0.302012 perp=1.35258 w_max=0.943323
--------Variance: 0.00506933
Sum of |delta_u|: 0.808841
Post-update R2: 0.0523789
Final cost after weighting: 16.660361
E1_hat_1: 0.000623578
PI step 8 time: 0.0307844 seconds
********a: -7.38004
********New psi: 0.838004
0.00504073          0
         0 0.00504073
Iteration: 9/100 ---------------------------
Expected cost over samples: 4.82737
min cost: -3.23709
%%%%%%%%%E1_hat: 0.000589093
ESS: 1.00292 / 1700
Diag(valid=1700, elite=170) ||dU~||2=6.23882 traceCovElite~=0.977108 R2=0.035197 H(w)=0.0118577 perp=1.01193 w_max=0.998544
--------Variance: 0.00612559
Sum of |delta_u|: 0.84825
Post-update R2: 0.0277171
Final cost after weighting: 15.742287
E1_hat_1: 0.000589093
PI step 9 time: 0.0301856 seconds
********a: -7.43693
********New psi: 0.843693
0.00425283          0
         0 0.00425283
Iteration: 10/100 ---------------------------
Expected cost over samples: 3.06385
min cost: -4.11983
%%%%%%%%%E1_hat: 0.00059081
ESS: 1.00876 / 1700
Diag(valid=1700, elite=170) ||dU~||2=5.07874 traceCovElite~=0.929434 R2=0.0269055 H(w)=0.0321056 perp=1.03263 w_max=0.995642
--------Variance: 0.00342674
Sum of |delta_u|: 0.728783
Post-update R2: 0.0229545
Final cost after weighting: 15.469563
E1_hat_1: 0.00059081
PI step 10 time: 0.038616 seconds
********a: -7.43402
********New psi: 0.843402
0.00358684          0
         0 0.00358684
Iteration: 11/100 ---------------------------
Expected cost over samples: 1.20518
min cost: -5.31789
%%%%%%%%%E1_hat: 0.000592355
ESS: 1.01404 / 1700
Diag(valid=1700, elite=170) ||dU~||2=5.74056 traceCovElite~=0.93138 R2=0.0327472 H(w)=0.0518476 perp=1.05322 w_max=0.993044
--------Variance: 0.00368104
Sum of |delta_u|: 0.904702
Post-update R2: 0.0233302
Final cost after weighting: 15.802670
E1_hat_1: 0.000592355
PI step 11 time: 0.0349897 seconds
********a: -7.4314
********New psi: 0.84314
0.00302421          0
         0 0.00302421
Iteration: 12/100 ---------------------------
Expected cost over samples: 2.47388
min cost: -3.46218
%%%%%%%%%E1_hat: 0.000726444
ESS: 1.50377 / 1700
Diag(valid=1700, elite=170) ||dU~||2=5.31976 traceCovElite~=0.942406 R2=0.0267257 H(w)=0.805469 perp=2.23774 w_max=0.809746
--------Variance: 0.00254123
Sum of |delta_u|: 0.829454
Post-update R2: 0.013805
Final cost after weighting: 15.632329
E1_hat_1: 0.000726444
PI step 12 time: 0.0360502 seconds
********a: -7.22735
********New psi: 0.822735
0.00248812          0
         0 0.00248812
Iteration: 13/100 ---------------------------
Expected cost over samples: 0.936288
min cost: -4.88904
%%%%%%%%%E1_hat: 0.000604126
ESS: 1.05443 / 1700
Diag(valid=1700, elite=170) ||dU~||2=5.99991 traceCovElite~=0.957827 R2=0.0351914 H(w)=0.148977 perp=1.16065 w_max=0.973696
--------Variance: 0.00281943
Sum of |delta_u|: 0.851536
Post-update R2: 0.00917679
Final cost after weighting: 15.436339
E1_hat_1: 0.000604126
PI step 13 time: 0.0319494 seconds
********a: -7.41173
********New psi: 0.841173
0.00209294          0
         0 0.00209294
Iteration: 14/100 ---------------------------
Expected cost over samples: 0.741612
min cost: -4.27506
%%%%%%%%%E1_hat: 0.000723047
ESS: 1.4759 / 1700
Diag(valid=1700, elite=170) ||dU~||2=4.82872 traceCovElite~=0.932836 R2=0.0333483 H(w)=0.652761 perp=1.92084 w_max=0.813551
--------Variance: 0.00139854
Sum of |delta_u|: 0.668689
Post-update R2: 0.0205036
Final cost after weighting: 15.259876
E1_hat_1: 0.000723047
PI step 14 time: 0.0326043 seconds
********a: -7.23204
********New psi: 0.823204
0.00172292          0
         0 0.00172292
Iteration: 15/100 ---------------------------
Expected cost over samples: 0.344173
min cost: -4.29472
%%%%%%%%%E1_hat: 0.0005883
ESS: 1.00022 / 1700
Diag(valid=1700, elite=170) ||dU~||2=5.86828 traceCovElite~=0.939413 R2=0.0383254 H(w)=0.0012332 perp=1.00123 w_max=0.999891
--------Variance: 0.00185413
Sum of |delta_u|: 0.870083
Post-update R2: 0.0219223
Final cost after weighting: 15.020551
E1_hat_1: 0.0005883
PI step 15 time: 0.0345442 seconds
********a: -7.43827
********New psi: 0.843827
0.00145385          0
         0 0.00145385
Iteration: 16/100 ---------------------------
Expected cost over samples: 1.03091
min cost: -3.16657
%%%%%%%%%E1_hat: 0.000676339
ESS: 1.31353 / 1700
Diag(valid=1700, elite=170) ||dU~||2=5.76213 traceCovElite~=0.919449 R2=0.0353137 H(w)=0.576509 perp=1.77981 w_max=0.869734
--------Variance: 0.00149216
Sum of |delta_u|: 0.859141
Post-update R2: 0.0216312
Final cost after weighting: 15.131111
E1_hat_1: 0.000676339
PI step 16 time: 0.0351889 seconds
********a: -7.29882
********New psi: 0.829882
0.00120652          0
         0 0.00120652
Iteration: 17/100 ---------------------------
Expected cost over samples: 0.891046
min cost: -2.77277
%%%%%%%%%E1_hat: 0.000945485
ESS: 2.06761 / 1700
Diag(valid=1700, elite=170) ||dU~||2=4.1482 traceCovElite~=0.935909 R2=0.0341732 H(w)=0.861262 perp=2.36614 w_max=0.622152
--------Variance: 0.000563005
Sum of |delta_u|: 0.587789
Post-update R2: 0.0140316
Final cost after weighting: 14.962115
E1_hat_1: 0.000945485
PI step 17 time: 0.0317535 seconds
********a: -6.96381
********New psi: 0.796381
0.000960849           0
          0 0.000960849
Iteration: 18/100 ---------------------------
Expected cost over samples: 0.274582
min cost: -2.9752
%%%%%%%%%E1_hat: 0.00064314
ESS: 1.1913 / 1700
Diag(valid=1700, elite=170) ||dU~||2=4.62089 traceCovElite~=0.924325 R2=0.0413199 H(w)=0.388963 perp=1.47545 w_max=0.91463
--------Variance: 0.000650871
Sum of |delta_u|: 0.681062
Post-update R2: 0.012557
Final cost after weighting: 14.728828
E1_hat_1: 0.00064314
PI step 18 time: 0.0342817 seconds
********a: -7.34915
********New psi: 0.834915
0.000802227           0
          0 0.000802227
Iteration: 19/100 ---------------------------
Expected cost over samples: -0.333211
min cost: -3.67287
%%%%%%%%%E1_hat: 0.000588298
ESS: 1.00021 / 1700
Diag(valid=1700, elite=170) ||dU~||2=6.26632 traceCovElite~=0.927361 R2=0.0289331 H(w)=0.00115279 perp=1.00115 w_max=0.999894
--------Variance: 0.000984367
Sum of |delta_u|: 0.887847
Post-update R2: 0.0288696
Final cost after weighting: 14.479154
E1_hat_1: 0.000588298
PI step 19 time: 0.0362618 seconds
********a: -7.43828
********New psi: 0.843828
0.000676942           0
          0 0.000676942
Iteration: 20/100 ---------------------------
Expected cost over samples: -0.459204
min cost: -3.06976
%%%%%%%%%E1_hat: 0.00130149
ESS: 2.82355 / 1700
Diag(valid=1700, elite=170) ||dU~||2=3.00339 traceCovElite~=0.945778 R2=0.036028 H(w)=1.13447 perp=3.10951 w_max=0.451971
--------Variance: 0.000207306
Sum of |delta_u|: 0.439119
Post-update R2: 0.0130156
Final cost after weighting: 14.173426
E1_hat_1: 0.00130149
PI step 20 time: 0.0354997 seconds
********a: -6.64425
********New psi: 0.764425
0.000517471           0
          0 0.000517471
Iteration: 21/100 ---------------------------
Expected cost over samples: -0.865035
min cost: -3.23583
%%%%%%%%%E1_hat: 0.000668613
ESS: 1.28093 / 1700
Diag(valid=1700, elite=170) ||dU~||2=5.53392 traceCovElite~=0.930626 R2=0.0323509 H(w)=0.472157 perp=1.60345 w_max=0.879784
--------Variance: 0.00045412
Sum of |delta_u|: 0.736325
Post-update R2: 0.0133604
Final cost after weighting: 14.194264
E1_hat_1: 0.000668613
PI step 21 time: 0.0349165 seconds
********a: -7.31031
********New psi: 0.831031
0.000430034           0
          0 0.000430034
Iteration: 22/100 ---------------------------
Expected cost over samples: -1.00499
min cost: -3.11928
%%%%%%%%%E1_hat: 0.0008699
ESS: 1.79081 / 1700
Diag(valid=1700, elite=170) ||dU~||2=4.65165 traceCovElite~=0.931018 R2=0.0460511 H(w)=0.664 perp=1.94255 w_max=0.67621
--------Variance: 0.00028471
Sum of |delta_u|: 0.679573
Post-update R2: 0.0209395
Final cost after weighting: 14.124181
E1_hat_1: 0.0008699
PI step 22 time: 0.0362997 seconds
********a: -7.04713
********New psi: 0.804713
0.000346054           0
          0 0.000346054
Iteration: 23/100 ---------------------------
Expected cost over samples: -1.13795
min cost: -3.25094
%%%%%%%%%E1_hat: 0.000588591
ESS: 1.00121 / 1700
Diag(valid=1700, elite=170) ||dU~||2=5.72379 traceCovElite~=0.925476 R2=0.0345774 H(w)=0.00509283 perp=1.00511 w_max=0.999395
--------Variance: 0.000354192
Sum of |delta_u|: 0.810992
Post-update R2: 0.0368438
Final cost after weighting: 14.021268
E1_hat_1: 0.000588591
PI step 23 time: 0.0335543 seconds
********a: -7.43778
********New psi: 0.843778
0.000291993           0
          0 0.000291993
Iteration: 24/100 ---------------------------
Expected cost over samples: -1.09309
min cost: -2.94047
%%%%%%%%%E1_hat: 0.000732384
ESS: 1.46552 / 1700
Diag(valid=1700, elite=170) ||dU~||2=4.79996 traceCovElite~=0.952503 R2=0.0321811 H(w)=0.518311 perp=1.67919 w_max=0.803179
--------Variance: 0.000199373
Sum of |delta_u|: 0.658302
Post-update R2: 0.00901046
Final cost after weighting: 13.921807
E1_hat_1: 0.000732384
PI step 24 time: 0.0336942 seconds
********a: -7.21921
********New psi: 0.821921
0.000239995           0
          0 0.000239995
Iteration: 25/100 ---------------------------
Expected cost over samples: -1.28342
min cost: -2.90665
%%%%%%%%%E1_hat: 0.00058838
ESS: 1.00049 / 1700
Diag(valid=1700, elite=170) ||dU~||2=5.09236 traceCovElite~=0.964254 R2=0.0227749 H(w)=0.00236545 perp=1.00237 w_max=0.999755
--------Variance: 0.00019449
Sum of |delta_u|: 0.718429
Post-update R2: 0.00478783
Final cost after weighting: 13.892259
E1_hat_1: 0.00058838
PI step 25 time: 0.0345516 seconds
********a: -7.43814
********New psi: 0.843814
0.000202511           0
          0 0.000202511
Iteration: 26/100 ---------------------------
Expected cost over samples: -1.18385
min cost: -2.72914
%%%%%%%%%E1_hat: 0.000635715
ESS: 1.16038 / 1700
Diag(valid=1700, elite=170) ||dU~||2=4.82449 traceCovElite~=0.927006 R2=0.0492703 H(w)=0.265596 perp=1.30421 w_max=0.925314
--------Variance: 0.000136829
Sum of |delta_u|: 0.655708
Post-update R2: 0.0352231
Final cost after weighting: 13.782335
E1_hat_1: 0.000635715
PI step 26 time: 0.0346653 seconds
********a: -7.36076
********New psi: 0.836076
0.000169315           0
          0 0.000169315
Iteration: 27/100 ---------------------------
Expected cost over samples: -1.24907
min cost: -2.57346
%%%%%%%%%E1_hat: 0.00127927
ESS: 3.50397 / 1700
Diag(valid=1700, elite=170) ||dU~||2=3.52609 traceCovElite~=0.945093 R2=0.0217205 H(w)=1.51508 perp=4.5498 w_max=0.459821
--------Variance: 5.50824e-05
Sum of |delta_u|: 0.492486
Post-update R2: 0.00744316
Final cost after weighting: 13.764258
E1_hat_1: 0.00127927
PI step 27 time: 0.0336308 seconds
********a: -6.66146
********New psi: 0.766146
0.00012972          0
         0 0.00012972
Iteration: 28/100 ---------------------------
Expected cost over samples: -1.15975
min cost: -2.36031
%%%%%%%%%E1_hat: 0.000588235
ESS: 1 / 1700
Diag(valid=1700, elite=170) ||dU~||2=6.43972 traceCovElite~=0.929055 R2=0.0480341 H(w)=5.5448e-06 perp=1.00001 w_max=1
--------Variance: 0.000168108
Sum of |delta_u|: 0.940878
Post-update R2: 0.0200927
Final cost after weighting: 13.700522
E1_hat_1: 0.000588235
PI step 28 time: 0.0347351 seconds
********a: -7.43838
********New psi: 0.843838
0.000109463           0
          0 0.000109463
Iteration: 29/100 ---------------------------
Expected cost over samples: -0.95071
min cost: -2.04059
%%%%%%%%%E1_hat: 0.000588243
ESS: 1.00003 / 1700
Diag(valid=1700, elite=170) ||dU~||2=6.15993 traceCovElite~=0.917765 R2=0.039408 H(w)=0.00017031 perp=1.00017 w_max=0.999987
--------Variance: 0.000129798
Sum of |delta_u|: 0.89898
Post-update R2: 0.0134057
Final cost after weighting: 13.659393
E1_hat_1: 0.000588243
PI step 29 time: 0.0347931 seconds
********a: -7.43837
********New psi: 0.843837
9.23685e-05           0
          0 9.23685e-05
Iteration: 30/100 ---------------------------
Expected cost over samples: -0.768807
min cost: -1.77797
%%%%%%%%%E1_hat: 0.000588235
ESS: 1 / 1700
Diag(valid=1700, elite=170) ||dU~||2=6.09905 traceCovElite~=0.963477 R2=0.0317921 H(w)=2.75736e-06 perp=1 w_max=1
--------Variance: 0.000107374
Sum of |delta_u|: 0.869524
Post-update R2: 0.00718629
Final cost after weighting: 13.663381
E1_hat_1: 0.000588235
PI step 30 time: 0.0329656 seconds
********a: -7.43838
********New psi: 0.843838
7.79441e-05           0
          0 7.79441e-05
Iteration: 31/100 ---------------------------
Expected cost over samples: -1.04148
min cost: -1.9576
%%%%%%%%%E1_hat: 0.000588235
ESS: 1 / 1700
Diag(valid=1700, elite=170) ||dU~||2=5.11252 traceCovElite~=0.990909 R2=0.015987 H(w)=2.12197e-08 perp=1 w_max=1
--------Variance: 6.36652e-05
Sum of |delta_u|: 0.767348
Post-update R2: 0.00730755
Final cost after weighting: 13.629013
E1_hat_1: 0.000588235
PI step 31 time: 0.0338774 seconds
********a: -7.43838
********New psi: 0.843838
6.57722e-05           0
          0 6.57722e-05
Iteration: 32/100 ---------------------------
Expected cost over samples: -1.06807
min cost: -1.97543
%%%%%%%%%E1_hat: 0.000588235
ESS: 1 / 1700
Diag(valid=1700, elite=170) ||dU~||2=5.29431 traceCovElite~=0.906524 R2=0.042583 H(w)=1.6763e-10 perp=1 w_max=1
--------Variance: 5.76114e-05
Sum of |delta_u|: 0.709445
Post-update R2: 0.0199749
Final cost after weighting: 13.558400
E1_hat_1: 0.000588235
PI step 32 time: 0.0328836 seconds
********a: -7.43838
********New psi: 0.843838
5.55011e-05           0
          0 5.55011e-05
Iteration: 33/100 ---------------------------
Expected cost over samples: -1.12516
min cost: -1.91596
%%%%%%%%%E1_hat: 0.000588235
ESS: 1 / 1700
Diag(valid=1700, elite=170) ||dU~||2=5.28864 traceCovElite~=0.933269 R2=0.0279418 H(w)=4.56242e-09 perp=1 w_max=1
--------Variance: 4.85108e-05
Sum of |delta_u|: 0.693344
Post-update R2: 0.0215408
Final cost after weighting: 13.549852
E1_hat_1: 0.000588235
PI step 33 time: 0.0342595 seconds
********a: -7.43838
********New psi: 0.843838
4.6834e-05          0
         0 4.6834e-05
Iteration: 34/100 ---------------------------
Expected cost over samples: -0.951909
min cost: -1.67532
%%%%%%%%%E1_hat: 0.000588235
ESS: 1 / 1700
Diag(valid=1700, elite=170) ||dU~||2=5.91199 traceCovElite~=0.972644 R2=0.0373544 H(w)=5.95066e-07 perp=1 w_max=1
--------Variance: 5.11537e-05
Sum of |delta_u|: 0.809543
Post-update R2: 0.0105363
Final cost after weighting: 13.528568
E1_hat_1: 0.000588235
PI step 34 time: 0.0354079 seconds
********a: -7.43838
********New psi: 0.843838
3.95203e-05           0
          0 3.95203e-05
Iteration: 35/100 ---------------------------
Expected cost over samples: -1.19213
min cost: -1.86311
%%%%%%%%%E1_hat: 0.000589739
ESS: 1.00511 / 1700
Diag(valid=1700, elite=170) ||dU~||2=5.41344 traceCovElite~=0.958 R2=0.020379 H(w)=0.0177772 perp=1.01794 w_max=0.99745
--------Variance: 3.61887e-05
Sum of |delta_u|: 0.681231
Post-update R2: 0.00548057
Final cost after weighting: 13.527205
E1_hat_1: 0.000589739
PI step 35 time: 0.0353725 seconds
********a: -7.43583
********New psi: 0.843583
3.33387e-05           0
          0 3.33387e-05
Iteration: 36/100 ---------------------------
Expected cost over samples: -1.42217
min cost: -2.0285
%%%%%%%%%E1_hat: 0.000588236
ESS: 1 / 1700
Diag(valid=1700, elite=170) ||dU~||2=6.47984 traceCovElite~=0.940545 R2=0.0548256 H(w)=1.04373e-05 perp=1.00001 w_max=0.999999
--------Variance: 4.37449e-05
Sum of |delta_u|: 0.920105
Post-update R2: 0.0170404
Final cost after weighting: 13.515186
E1_hat_1: 0.000588236
PI step 36 time: 0.035454 seconds
********a: -7.43838
********New psi: 0.843838
2.81324e-05           0
          0 2.81324e-05
Iteration: 37/100 ---------------------------
Expected cost over samples: -1.5358
min cost: -2.07926
%%%%%%%%%E1_hat: 0.00101893
ESS: 2.30412 / 1700
Diag(valid=1700, elite=170) ||dU~||2=3.73116 traceCovElite~=0.922105 R2=0.0275008 H(w)=0.952029 perp=2.59096 w_max=0.577309
--------Variance: 1.13131e-05
Sum of |delta_u|: 0.498077
Post-update R2: 0.0126295
Final cost after weighting: 13.490550
E1_hat_1: 0.00101893
PI step 37 time: 0.0354551 seconds
********a: -6.88901
********New psi: 0.788901
2.21937e-05           0
          0 2.21937e-05
Optimal cost 13.490549859457147
Optimal rob  0.2077884356976094
Solver time  1.30958325
