R_ : 20  0
 0 20
Iteration: 0/100 ---------------------------
Expected cost over samples: 43.8704
min cost: -6.99273
%%%%%%%%%E1_hat: 0.0180882
ESS: 165.559 / 1700
Diag(valid=1700, elite=170) ||dU~||2=1.27543 traceCovElite~=0.958078 R2=0.00149675 H(w)=6.07386 perp=434.352 w_max=0.0325204
--------Variance: 0.00345067
Sum of |delta_u|: 0.190606
Post-update R2: 0.00646162
Final cost after weighting: 30.047450
E1_hat_1: 0.0180882
PI step 0 time: 0.0310856 seconds
********a: -4.0125
********New psi: 0.50125
0.250625        0
       0 0.250625
Iteration: 1/100 ---------------------------
Expected cost over samples: 28.5161
min cost: -3.81685
%%%%%%%%%E1_hat: 0.0101884
ESS: 105.555 / 1700
Diag(valid=1700, elite=170) ||dU~||2=0.78294 traceCovElite~=0.965928 R2=0.0146556 H(w)=5.82854 perp=339.864 w_max=0.057736
--------Variance: 0.00269059
Sum of |delta_u|: 0.10081
Post-update R2: 0.00601221
Final cost after weighting: 31.548493
E1_hat_1: 0.0101884
PI step 1 time: 0.0305772 seconds
********a: -4.58651
********New psi: 0.558651
0.140012        0
       0 0.140012
Iteration: 2/100 ---------------------------
Expected cost over samples: 23.7834
min cost: -0.724124
%%%%%%%%%E1_hat: 0.00570771
ESS: 37.1868 / 1700
Diag(valid=1700, elite=170) ||dU~||2=0.896152 traceCovElite~=0.953116 R2=0.0219554 H(w)=4.81716 perp=123.613 w_max=0.10306
--------Variance: 0.00359438
Sum of |delta_u|: 0.130797
Post-update R2: 0.00381626
Final cost after weighting: 31.376628
E1_hat_1: 0.00570771
PI step 2 time: 0.0333973 seconds
********a: -5.16594
********New psi: 0.616594
0.0863304         0
        0 0.0863304
Iteration: 3/100 ---------------------------
Expected cost over samples: 20.9552
min cost: 0.894898
%%%%%%%%%E1_hat: 0.00365122
ESS: 15.6469 / 1700
Diag(valid=1700, elite=170) ||dU~||2=2.26895 traceCovElite~=0.983118 R2=0.0145363 H(w)=3.65581 perp=38.6987 w_max=0.161106
--------Variance: 0.00673697
Sum of |delta_u|: 0.343292
Post-update R2: 0.00551508
Final cost after weighting: 22.401958
E1_hat_1: 0.00365122
PI step 3 time: 0.029232 seconds
********a: -5.61269
********New psi: 0.661269
0.0570876         0
        0 0.0570876
Iteration: 4/100 ---------------------------
Expected cost over samples: 17.2238
min cost: -2.24049
%%%%%%%%%E1_hat: 0.00144877
ESS: 4.85759 / 1700
Diag(valid=1700, elite=170) ||dU~||2=3.04188 traceCovElite~=0.943481 R2=0.0318426 H(w)=2.57461 perp=13.1261 w_max=0.406024
--------Variance: 0.0129939
Sum of |delta_u|: 0.443137
Post-update R2: 0.0271625
Final cost after weighting: 17.871787
E1_hat_1: 0.00144877
PI step 4 time: 0.0306024 seconds
********a: -6.53704
********New psi: 0.753704
0.0430272         0
        0 0.0430272
Iteration: 5/100 ---------------------------
Expected cost over samples: 16.4945
min cost: -0.932056
%%%%%%%%%E1_hat: 0.00459293
ESS: 13.0005 / 1700
Diag(valid=1700, elite=170) ||dU~||2=2.2196 traceCovElite~=0.947923 R2=0.0297906 H(w)=3.00531 perp=20.1925 w_max=0.128074
--------Variance: 0.00333449
Sum of |delta_u|: 0.333119
Post-update R2: 0.0384793
Final cost after weighting: 15.558025
E1_hat_1: 0.00459293
PI step 5 time: 0.0362597 seconds
********a: -5.38324
********New psi: 0.638324
0.0274653         0
        0 0.0274653
Iteration: 6/100 ---------------------------
Expected cost over samples: 13.226
min cost: 0.0576497
%%%%%%%%%E1_hat: 0.00401605
ESS: 13.8121 / 1700
Diag(valid=1700, elite=170) ||dU~||2=1.77107 traceCovElite~=0.927601 R2=0.0160902 H(w)=3.13634 perp=23.0194 w_max=0.146471
--------Variance: 0.00180317
Sum of |delta_u|: 0.263674
Post-update R2: 0.0143434
Final cost after weighting: 15.146186
E1_hat_1: 0.00401605
PI step 6 time: 0.0330614 seconds
********a: -5.51746
********New psi: 0.651746
0.0179004         0
        0 0.0179004
Iteration: 7/100 ---------------------------
Expected cost over samples: 10.2922
min cost: -1.52757
%%%%%%%%%E1_hat: 0.0016376
ESS: 4.65667 / 1700
Diag(valid=1700, elite=170) ||dU~||2=2.9083 traceCovElite~=0.951757 R2=0.0488215 H(w)=1.98927 perp=7.31021 w_max=0.359206
--------Variance: 0.00404226
Sum of |delta_u|: 0.399799
Post-update R2: 0.0283252
Final cost after weighting: 14.386600
E1_hat_1: 0.0016376
PI step 7 time: 0.0319105 seconds
********a: -6.41452
********New psi: 0.741452
0.0132723         0
        0 0.0132723
Iteration: 8/100 ---------------------------
Expected cost over samples: 7.44765
min cost: -3.12904
%%%%%%%%%E1_hat: 0.00218167
ESS: 6.695 / 1700
Diag(valid=1700, elite=170) ||dU~||2=2.69249 traceCovElite~=0.917831 R2=0.0428449 H(w)=2.48579 perp=12.0106 w_max=0.269626
--------Variance: 0.00181043
Sum of |delta_u|: 0.364508
Post-update R2: 0.0183874
Final cost after weighting: 14.867178
E1_hat_1: 0.00218167
PI step 8 time: 0.0328749 seconds
********a: -6.12766
********New psi: 0.712766
0.00946003          0
         0 0.00946003
Iteration: 9/100 ---------------------------
Expected cost over samples: 8.05348
min cost: -1.36318
%%%%%%%%%E1_hat: 0.000660023
ESS: 1.24494 / 1700
Diag(valid=1700, elite=170) ||dU~||2=6.03378 traceCovElite~=0.956926 R2=0.0298015 H(w)=0.423419 perp=1.52717 w_max=0.891235
--------Variance: 0.0100715
Sum of |delta_u|: 0.816989
Post-update R2: 0.00800105
Final cost after weighting: 16.453901
E1_hat_1: 0.000660023
PI step 9 time: 0.0308427 seconds
********a: -7.32324
********New psi: 0.832324
0.00787381          0
         0 0.00787381
Iteration: 10/100 ---------------------------
Expected cost over samples: 7.28593
min cost: -1.31391
%%%%%%%%%E1_hat: 0.00123602
ESS: 3.23038 / 1700
Diag(valid=1700, elite=170) ||dU~||2=3.68309 traceCovElite~=0.918742 R2=0.0348149 H(w)=1.62357 perp=5.07114 w_max=0.47591
--------Variance: 0.00278161
Sum of |delta_u|: 0.527739
Post-update R2: 0.0281063
Final cost after weighting: 15.737810
E1_hat_1: 0.00123602
PI step 10 time: 0.0284175 seconds
********a: -6.69586
********New psi: 0.769586
0.00605957          0
         0 0.00605957
Iteration: 11/100 ---------------------------
Expected cost over samples: 5.50795
min cost: -2.10572
%%%%%%%%%E1_hat: 0.00110336
ESS: 2.92866 / 1700
Diag(valid=1700, elite=170) ||dU~||2=3.76557 traceCovElite~=0.928781 R2=0.0406379 H(w)=1.53287 perp=4.63146 w_max=0.533131
--------Variance: 0.00223716
Sum of |delta_u|: 0.54414
Post-update R2: 0.0218603
Final cost after weighting: 15.647498
E1_hat_1: 0.00110336
PI step 11 time: 0.0298437 seconds
********a: -6.80939
********New psi: 0.780939
0.00473216          0
         0 0.00473216
Iteration: 12/100 ---------------------------
Expected cost over samples: 5.95141
min cost: -1.08867
%%%%%%%%%E1_hat: 0.00119893
ESS: 2.92223 / 1700
Diag(valid=1700, elite=170) ||dU~||2=3.30551 traceCovElite~=0.951388 R2=0.0287968 H(w)=1.22893 perp=3.41756 w_max=0.490633
--------Variance: 0.0013049
Sum of |delta_u|: 0.497899
Post-update R2: 0.0210964
Final cost after weighting: 14.622089
E1_hat_1: 0.00119893
PI step 12 time: 0.0275567 seconds
********a: -6.72632
********New psi: 0.772632
0.00365622          0
         0 0.00365622
Iteration: 13/100 ---------------------------
Expected cost over samples: 4.63835
min cost: -1.40831
%%%%%%%%%E1_hat: 0.00127134
ESS: 2.94532 / 1700
Diag(valid=1700, elite=170) ||dU~||2=4.06887 traceCovElite~=0.939843 R2=0.0337 H(w)=1.35872 perp=3.89121 w_max=0.462689
--------Variance: 0.00176913
Sum of |delta_u|: 0.537358
Post-update R2: 0.00714024
Final cost after weighting: 14.744011
E1_hat_1: 0.00127134
PI step 13 time: 0.0278729 seconds
********a: -6.66768
********New psi: 0.766768
0.00280347          0
         0 0.00280347
Iteration: 14/100 ---------------------------
Expected cost over samples: 3.41088
min cost: -1.82073
%%%%%%%%%E1_hat: 0.000630046
ESS: 1.14314 / 1700
Diag(valid=1700, elite=170) ||dU~||2=4.78677 traceCovElite~=0.920751 R2=0.040314 H(w)=0.288361 perp=1.33424 w_max=0.933639
--------Variance: 0.00204354
Sum of |delta_u|: 0.72937
Post-update R2: 0.0122599
Final cost after weighting: 14.731178
E1_hat_1: 0.000630046
PI step 14 time: 0.0273882 seconds
********a: -7.36972
********New psi: 0.836972
0.00234643          0
         0 0.00234643
Iteration: 15/100 ---------------------------
Expected cost over samples: 2.19326
min cost: -2.58043
%%%%%%%%%E1_hat: 0.000923247
ESS: 2.25255 / 1700
Diag(valid=1700, elite=170) ||dU~||2=4.08678 traceCovElite~=0.936313 R2=0.0316464 H(w)=1.22447 perp=3.40237 w_max=0.637137
--------Variance: 0.00109358
Sum of |delta_u|: 0.56539
Post-update R2: 0.0159368
Final cost after weighting: 14.640625
E1_hat_1: 0.000923247
PI step 15 time: 0.0283881 seconds
********a: -6.98761
********New psi: 0.798761
0.00187424          0
         0 0.00187424
Iteration: 16/100 ---------------------------
Expected cost over samples: 2.1861
min cost: -2.34843
%%%%%%%%%E1_hat: 0.000601458
ESS: 1.04526 / 1700
Diag(valid=1700, elite=170) ||dU~||2=6.18432 traceCovElite~=0.942628 R2=0.0277678 H(w)=0.130031 perp=1.13886 w_max=0.978016
--------Variance: 0.00221033
Sum of |delta_u|: 0.908833
Post-update R2: 0.0119143
Final cost after weighting: 14.518958
E1_hat_1: 0.000601458
PI step 16 time: 0.0277395 seconds
********a: -7.41615
********New psi: 0.841615
0.00157739          0
         0 0.00157739
Iteration: 17/100 ---------------------------
Expected cost over samples: 2.19131
min cost: -2.26742
%%%%%%%%%E1_hat: 0.000619019
ESS: 1.10446 / 1700
Diag(valid=1700, elite=170) ||dU~||2=6.18018 traceCovElite~=0.990535 R2=0.0170989 H(w)=0.201342 perp=1.22304 w_max=0.95027
--------Variance: 0.00189344
Sum of |delta_u|: 0.903231
Post-update R2: 0.0224752
Final cost after weighting: 14.403274
E1_hat_1: 0.000619019
PI step 17 time: 0.0285725 seconds
********a: -7.38737
********New psi: 0.838737
0.00132301          0
         0 0.00132301
Iteration: 18/100 ---------------------------
Expected cost over samples: 2.66618
min cost: -1.24001
%%%%%%%%%E1_hat: 0.000631375
ESS: 1.14675 / 1700
Diag(valid=1700, elite=170) ||dU~||2=5.47546 traceCovElite~=0.916573 R2=0.0398639 H(w)=0.270717 perp=1.3109 w_max=0.931673
--------Variance: 0.00126225
Sum of |delta_u|: 0.757476
Post-update R2: 0.0195959
Final cost after weighting: 14.252392
E1_hat_1: 0.000631375
PI step 18 time: 0.0275037 seconds
********a: -7.36761
********New psi: 0.836761
0.00110705          0
         0 0.00110705
Iteration: 19/100 ---------------------------
Expected cost over samples: 2.95682
min cost: -0.504159
%%%%%%%%%E1_hat: 0.00059139
ESS: 1.01074 / 1700
Diag(valid=1700, elite=170) ||dU~||2=5.23853 traceCovElite~=0.952864 R2=0.0222887 H(w)=0.03733 perp=1.03804 w_max=0.994665
--------Variance: 0.000949803
Sum of |delta_u|: 0.766933
Post-update R2: 0.0152101
Final cost after weighting: 14.142848
E1_hat_1: 0.00059139
PI step 19 time: 0.0287738 seconds
********a: -7.43303
********New psi: 0.843303
0.000933575           0
          0 0.000933575
Iteration: 20/100 ---------------------------
Expected cost over samples: 2.3856
min cost: -0.943278
%%%%%%%%%E1_hat: 0.000588255
ESS: 1.00007 / 1700
Diag(valid=1700, elite=170) ||dU~||2=6.89988 traceCovElite~=0.916702 R2=0.0433048 H(w)=0.000415622 perp=1.00042 w_max=0.999967
--------Variance: 0.00138891
Sum of |delta_u|: 0.949632
Post-update R2: 0.0181799
Final cost after weighting: 14.337971
E1_hat_1: 0.000588255
PI step 20 time: 0.027943 seconds
********a: -7.43835
********New psi: 0.843835
0.000787783           0
          0 0.000787783
Iteration: 21/100 ---------------------------
Expected cost over samples: 2.13005
min cost: -0.741314
%%%%%%%%%E1_hat: 0.000926133
ESS: 2.12571 / 1700
Diag(valid=1700, elite=170) ||dU~||2=4.22082 traceCovElite~=0.961899 R2=0.0468175 H(w)=0.972652 perp=2.64495 w_max=0.635152
--------Variance: 0.000449058
Sum of |delta_u|: 0.600028
Post-update R2: 0.028938
Final cost after weighting: 14.251676
E1_hat_1: 0.000926133
PI step 21 time: 0.0285257 seconds
********a: -6.98449
********New psi: 0.798449
0.000629005           0
          0 0.000629005
Iteration: 22/100 ---------------------------
Expected cost over samples: 1.26235
min cost: -1.3358
%%%%%%%%%E1_hat: 0.000605068
ESS: 1.05719 / 1700
Diag(valid=1700, elite=170) ||dU~||2=5.24736 traceCovElite~=0.974209 R2=0.0251064 H(w)=0.127196 perp=1.13564 w_max=0.97218
--------Variance: 0.000537359
Sum of |delta_u|: 0.772992
Post-update R2: 0.0149824
Final cost after weighting: 14.081606
E1_hat_1: 0.000605068
PI step 22 time: 0.0288096 seconds
********a: -7.41017
********New psi: 0.841017
0.000529004           0
          0 0.000529004
Iteration: 23/100 ---------------------------
Expected cost over samples: 0.798708
min cost: -1.52763
%%%%%%%%%E1_hat: 0.00113054
ESS: 2.58984 / 1700
Diag(valid=1700, elite=170) ||dU~||2=2.93012 traceCovElite~=0.911667 R2=0.0633494 H(w)=1.08324 perp=2.95425 w_max=0.520312
--------Variance: 0.000119723
Sum of |delta_u|: 0.420831
Post-update R2: 0.0410457
Final cost after weighting: 13.922725
E1_hat_1: 0.00113054
PI step 23 time: 0.0290707 seconds
********a: -6.78506
********New psi: 0.778506
0.000411832           0
          0 0.000411832
Iteration: 24/100 ---------------------------
Expected cost over samples: 0.842151
min cost: -1.26381
%%%%%%%%%E1_hat: 0.000588539
ESS: 1.00103 / 1700
Diag(valid=1700, elite=170) ||dU~||2=5.54829 traceCovElite~=0.913607 R2=0.0638964 H(w)=0.00445485 perp=1.00446 w_max=0.999484
--------Variance: 0.00039625
Sum of |delta_u|: 0.827586
Post-update R2: 0.0283442
Final cost after weighting: 13.918110
E1_hat_1: 0.000588539
PI step 24 time: 0.0277433 seconds
********a: -7.43787
********New psi: 0.843787
0.000347499           0
          0 0.000347499
Iteration: 25/100 ---------------------------
Expected cost over samples: 0.571146
min cost: -1.47199
%%%%%%%%%E1_hat: 0.000588235
ESS: 1 / 1700
Diag(valid=1700, elite=170) ||dU~||2=7.35867 traceCovElite~=0.920678 R2=0.0357934 H(w)=2.06079e-06 perp=1 w_max=1
--------Variance: 0.000588032
Sum of |delta_u|: 1.04805
Post-update R2: 0.0151805
Final cost after weighting: 13.979717
E1_hat_1: 0.000588235
PI step 25 time: 0.0279213 seconds
********a: -7.43838
********New psi: 0.843838
0.000293233           0
          0 0.000293233
Iteration: 26/100 ---------------------------
Expected cost over samples: 0.788069
min cost: -1.0167
%%%%%%%%%E1_hat: 0.000594876
ESS: 1.02265 / 1700
Diag(valid=1700, elite=170) ||dU~||2=3.88703 traceCovElite~=0.943893 R2=0.0297886 H(w)=0.0717505 perp=1.07439 w_max=0.988837
--------Variance: 0.00013724
Sum of |delta_u|: 0.57461
Post-update R2: 0.0219818
Final cost after weighting: 13.835881
E1_hat_1: 0.000594876
PI step 26 time: 0.0282952 seconds
********a: -7.42716
********New psi: 0.842716
0.000247112           0
          0 0.000247112
Iteration: 27/100 ---------------------------
Expected cost over samples: 0.588971
min cost: -1.08542
%%%%%%%%%E1_hat: 0.000593876
ESS: 1.01918 / 1700
Diag(valid=1700, elite=170) ||dU~||2=6.39928 traceCovElite~=0.94566 R2=0.0289465 H(w)=0.0536853 perp=1.05515 w_max=0.990502
--------Variance: 0.000316061
Sum of |delta_u|: 0.924296
Post-update R2: 0.0117977
Final cost after weighting: 13.865975
E1_hat_1: 0.000593876
PI step 27 time: 0.0293624 seconds
********a: -7.42884
********New psi: 0.842884
0.000208287           0
          0 0.000208287
Iteration: 28/100 ---------------------------
Expected cost over samples: 0.290285
min cost: -1.23187
%%%%%%%%%E1_hat: 0.000588235
ESS: 1 / 1700
Diag(valid=1700, elite=170) ||dU~||2=5.47241 traceCovElite~=0.923374 R2=0.0404628 H(w)=3.6599e-10 perp=1 w_max=1
--------Variance: 0.000194925
Sum of |delta_u|: 0.779177
Post-update R2: 0.0218687
Final cost after weighting: 13.835037
E1_hat_1: 0.000588235
PI step 28 time: 0.0270468 seconds
********a: -7.43838
********New psi: 0.843838
0.00017576          0
         0 0.00017576
Iteration: 29/100 ---------------------------
Expected cost over samples: 0.0918457
min cost: -1.27467
%%%%%%%%%E1_hat: 0.000588235
ESS: 1 / 1700
Diag(valid=1700, elite=170) ||dU~||2=5.2945 traceCovElite~=0.93878 R2=0.0306534 H(w)=4.58643e-06 perp=1 w_max=1
--------Variance: 0.000153965
Sum of |delta_u|: 0.775251
Post-update R2: 0.0115681
Final cost after weighting: 13.853301
E1_hat_1: 0.000588235
PI step 29 time: 0.029058 seconds
********a: -7.43838
********New psi: 0.843838
0.000148313           0
          0 0.000148313
Iteration: 30/100 ---------------------------
Expected cost over samples: -0.076888
min cost: -1.35776
%%%%%%%%%E1_hat: 0.000588254
ESS: 1.00006 / 1700
Diag(valid=1700, elite=170) ||dU~||2=5.82666 traceCovElite~=0.95969 R2=0.0558705 H(w)=0.000364575 perp=1.00036 w_max=0.999968
--------Variance: 0.000157351
Sum of |delta_u|: 0.850659
Post-update R2: 0.0157928
Final cost after weighting: 13.858504
E1_hat_1: 0.000588254
PI step 30 time: 0.0287904 seconds
********a: -7.43835
********New psi: 0.843835
0.000125152           0
          0 0.000125152
Iteration: 31/100 ---------------------------
Expected cost over samples: -0.122697
min cost: -1.29001
%%%%%%%%%E1_hat: 0.00105632
ESS: 1.97447 / 1700
Diag(valid=1700, elite=170) ||dU~||2=3.17757 traceCovElite~=0.913223 R2=0.044758 H(w)=0.686733 perp=1.98721 w_max=0.556874
--------Variance: 3.56386e-05
Sum of |delta_u|: 0.446652
Post-update R2: 0.0305893
Final cost after weighting: 13.717506
E1_hat_1: 0.00105632
PI step 31 time: 0.028919 seconds
********a: -6.85297
********New psi: 0.785297
9.82814e-05           0
          0 9.82814e-05
Iteration: 32/100 ---------------------------
Expected cost over samples: -0.449899
min cost: -1.46987
%%%%%%%%%E1_hat: 0.000588235
ESS: 1 / 1700
Diag(valid=1700, elite=170) ||dU~||2=5.52651 traceCovElite~=0.912546 R2=0.0312831 H(w)=1.05345e-08 perp=1 w_max=1
--------Variance: 9.38039e-05
Sum of |delta_u|: 0.795366
Post-update R2: 0.00953802
Final cost after weighting: 13.699475
E1_hat_1: 0.000588235
PI step 32 time: 0.0291246 seconds
********a: -7.43838
********New psi: 0.843838
8.29336e-05           0
          0 8.29336e-05
Iteration: 33/100 ---------------------------
Expected cost over samples: -0.210097
min cost: -1.20543
%%%%%%%%%E1_hat: 0.000588236
ESS: 1 / 1700
Diag(valid=1700, elite=170) ||dU~||2=6.90981 traceCovElite~=0.922878 R2=0.0438098 H(w)=1.42867e-05 perp=1.00001 w_max=0.999999
--------Variance: 0.000123741
Sum of |delta_u|: 1.06752
Post-update R2: 0.0140786
Final cost after weighting: 13.661227
E1_hat_1: 0.000588236
PI step 33 time: 0.0290199 seconds
********a: -7.43838
********New psi: 0.843838
6.99826e-05           0
          0 6.99826e-05
Iteration: 34/100 ---------------------------
Expected cost over samples: -0.537991
min cost: -1.37175
%%%%%%%%%E1_hat: 0.000644493
ESS: 1.18954 / 1700
Diag(valid=1700, elite=170) ||dU~||2=5.58784 traceCovElite~=0.942793 R2=0.0159707 H(w)=0.296223 perp=1.34477 w_max=0.91271
--------Variance: 6.70428e-05
Sum of |delta_u|: 0.707137
Post-update R2: 0.00835374
Final cost after weighting: 13.687293
E1_hat_1: 0.000644493
PI step 34 time: 0.0291283 seconds
********a: -7.34705
********New psi: 0.834705
5.84148e-05           0
          0 5.84148e-05
Iteration: 35/100 ---------------------------
Expected cost over samples: -0.559447
min cost: -1.38494
%%%%%%%%%E1_hat: 0.000588235
ESS: 1 / 1700
Diag(valid=1700, elite=170) ||dU~||2=7.04255 traceCovElite~=0.950389 R2=0.0285157 H(w)=1.88367e-12 perp=1 w_max=1
--------Variance: 9.05382e-05
Sum of |delta_u|: 1.01964
Post-update R2: 0.00518006
Final cost after weighting: 13.654353
E1_hat_1: 0.000588235
PI step 35 time: 0.0287024 seconds
********a: -7.43838
********New psi: 0.843838
4.92926e-05           0
          0 4.92926e-05
Iteration: 36/100 ---------------------------
Expected cost over samples: -0.761506
min cost: -1.50574
%%%%%%%%%E1_hat: 0.000588235
ESS: 1 / 1700
Diag(valid=1700, elite=170) ||dU~||2=4.93016 traceCovElite~=0.925769 R2=0.0526011 H(w)=8.63321e-13 perp=1 w_max=1
--------Variance: 3.74415e-05
Sum of |delta_u|: 0.720403
Post-update R2: 0.0267767
Final cost after weighting: 13.619041
E1_hat_1: 0.000588235
PI step 36 time: 0.0286038 seconds
********a: -7.43838
********New psi: 0.843838
4.1595e-05          0
         0 4.1595e-05
Iteration: 37/100 ---------------------------
Expected cost over samples: -0.882244
min cost: -1.5806
%%%%%%%%%E1_hat: 0.000588235
ESS: 1 / 1700
Diag(valid=1700, elite=170) ||dU~||2=5.11594 traceCovElite~=0.954516 R2=0.0387915 H(w)=3.42242e-09 perp=1 w_max=1
--------Variance: 3.40206e-05
Sum of |delta_u|: 0.721361
Post-update R2: 0.019449
Final cost after weighting: 13.592067
E1_hat_1: 0.000588235
PI step 37 time: 0.0325643 seconds
********a: -7.43838
********New psi: 0.843838
3.50995e-05           0
          0 3.50995e-05
Iteration: 38/100 ---------------------------
Expected cost over samples: -0.79545
min cost: -1.45319
%%%%%%%%%E1_hat: 0.000588235
ESS: 1 / 1700
Diag(valid=1700, elite=170) ||dU~||2=5.67617 traceCovElite~=0.927133 R2=0.0457038 H(w)=2.8422e-28 perp=1 w_max=1
--------Variance: 3.53391e-05
Sum of |delta_u|: 0.792115
Post-update R2: 0.0149846
Final cost after weighting: 13.541150
E1_hat_1: 0.000588235
PI step 38 time: 0.0366857 seconds
********a: -7.43838
********New psi: 0.843838
2.96183e-05           0
          0 2.96183e-05
Iteration: 39/100 ---------------------------
Expected cost over samples: -0.928269
min cost: -1.49999
%%%%%%%%%E1_hat: 0.000588235
ESS: 1 / 1700
Diag(valid=1700, elite=170) ||dU~||2=5.30667 traceCovElite~=0.954995 R2=0.0412887 H(w)=2.76645e-06 perp=1 w_max=1
--------Variance: 2.60642e-05
Sum of |delta_u|: 0.756082
Post-update R2: 0.0246544
Final cost after weighting: 13.531378
E1_hat_1: 0.000588235
PI step 39 time: 0.0329337 seconds
********a: -7.43838
********New psi: 0.843838
2.4993e-05          0
         0 2.4993e-05
Iteration: 40/100 ---------------------------
Expected cost over samples: -0.991851
min cost: -1.50831
%%%%%%%%%E1_hat: 0.000588235
ESS: 1 / 1700
Diag(valid=1700, elite=170) ||dU~||2=5.93597 traceCovElite~=0.922116 R2=0.0284507 H(w)=3.73222e-07 perp=1 w_max=1
--------Variance: 2.75202e-05
Sum of |delta_u|: 0.782937
Post-update R2: 0.0141596
Final cost after weighting: 13.519845
E1_hat_1: 0.000588235
PI step 40 time: 0.0443343 seconds
********a: -7.43838
********New psi: 0.843838
2.10901e-05           0
          0 2.10901e-05
Iteration: 41/100 ---------------------------
Expected cost over samples: -0.994286
min cost: -1.49975
%%%%%%%%%E1_hat: 0.000588235
ESS: 1 / 1700
Diag(valid=1700, elite=170) ||dU~||2=6.07967 traceCovElite~=0.907913 R2=0.056291 H(w)=1.18339e-25 perp=1 w_max=1
--------Variance: 2.43606e-05
Sum of |delta_u|: 0.878973
Post-update R2: 0.0338595
Final cost after weighting: 13.501018
E1_hat_1: 0.000588235
PI step 41 time: 0.043595 seconds
********a: -7.43838
********New psi: 0.843838
1.77966e-05           0
          0 1.77966e-05
Iteration: 42/100 ---------------------------
Expected cost over samples: -0.989638
min cost: -1.43781
%%%%%%%%%E1_hat: 0.000588235
ESS: 1 / 1700
Diag(valid=1700, elite=170) ||dU~||2=5.05643 traceCovElite~=0.926565 R2=0.0291639 H(w)=5.28415e-10 perp=1 w_max=1
--------Variance: 1.42192e-05
Sum of |delta_u|: 0.690687
Post-update R2: 0.0169264
Final cost after weighting: 13.504473
E1_hat_1: 0.000588235
PI step 42 time: 0.0302891 seconds
********a: -7.43838
********New psi: 0.843838
1.50175e-05           0
          0 1.50175e-05
Iteration: 43/100 ---------------------------
Expected cost over samples: -1.0784
min cost: -1.48732
%%%%%%%%%E1_hat: 0.00059353
ESS: 1.018 / 1700
Diag(valid=1700, elite=170) ||dU~||2=6.45671 traceCovElite~=0.924396 R2=0.0377002 H(w)=0.0509789 perp=1.0523 w_max=0.99108
--------Variance: 1.9504e-05
Sum of |delta_u|: 0.981196
Post-update R2: 0.0103224
Final cost after weighting: 13.507901
E1_hat_1: 0.00059353
PI step 43 time: 0.0327989 seconds
********a: -7.42942
********New psi: 0.842942
1.26589e-05           0
          0 1.26589e-05
Iteration: 44/100 ---------------------------
Expected cost over samples: -1.16051
min cost: -1.53587
%%%%%%%%%E1_hat: 0.000592317
ESS: 1.01388 / 1700
Diag(valid=1700, elite=170) ||dU~||2=5.36505 traceCovElite~=0.921189 R2=0.0294006 H(w)=0.0411686 perp=1.04203 w_max=0.993109
--------Variance: 1.13643e-05
Sum of |delta_u|: 0.796592
Post-update R2: 0.0180942
Final cost after weighting: 13.498574
E1_hat_1: 0.000592317
PI step 44 time: 0.0400207 seconds
********a: -7.43147
********New psi: 0.843147
1.06733e-05           0
          0 1.06733e-05
Optimal cost 13.498573903447221
Optimal rob  0.1541633742448214
Solver time  1.396526416
