R_ : 20  0
 0 20
Iteration: 0/100 ---------------------------
Expected cost over samples: 43.4232
min cost: -4.83756
%%%%%%%%%E1_hat: 0.0215366
ESS: 231.857 / 1700
Diag(valid=1700, elite=170) ||dU~||2=1.25111 traceCovElite~=0.941465 R2=0.00383907 H(w)=6.25762 perp=521.973 w_max=0.0273133
--------Variance: 0.00233529
Sum of |delta_u|: 0.175019
Post-update R2: 0.0230735
Final cost after weighting: 29.520896
E1_hat_1: 0.0215366
PI step 0 time: 0.0292556 seconds
********a(H_hat): 0.84126
********New psi: 0.3
0.15    0
   0 0.15
Iteration: 1/100 ---------------------------
Expected cost over samples: 25.7487
min cost: 1.68279
%%%%%%%%%E1_hat: 0.00778654
ESS: 56.2274 / 1700
Diag(valid=1700, elite=170) ||dU~||2=0.904482 traceCovElite~=0.91753 R2=0.0269298 H(w)=5.1531 perp=172.968 w_max=0.0755452
--------Variance: 0.00287768
Sum of |delta_u|: 0.130452
Post-update R2: 0.00553672
Final cost after weighting: 29.476766
E1_hat_1: 0.00778654
PI step 1 time: 0.028844 seconds
********a(H_hat): 0.692772
********New psi: 0.3
0.045     0
    0 0.045
Iteration: 2/100 ---------------------------
Expected cost over samples: 18.8132
min cost: 3.04007
%%%%%%%%%E1_hat: 0.00201171
ESS: 6.73461 / 1700
Diag(valid=1700, elite=170) ||dU~||2=2.26129 traceCovElite~=0.959176 R2=0.00837468 H(w)=2.56173 perp=12.9582 w_max=0.292406
--------Variance: 0.00568352
Sum of |delta_u|: 0.296592
Post-update R2: 0.00625366
Final cost after weighting: 31.682933
E1_hat_1: 0.00201171
PI step 2 time: 0.0272937 seconds
********a(H_hat): 0.344393
********New psi: 0.393364
0.0177014         0
        0 0.0177014
Iteration: 3/100 ---------------------------
Expected cost over samples: 17.8342
min cost: 4.09412
%%%%%%%%%E1_hat: 0.00121437
ESS: 3.17317 / 1700
Diag(valid=1700, elite=170) ||dU~||2=3.82609 traceCovElite~=0.976305 R2=0.000426357 H(w)=1.48998 perp=4.43701 w_max=0.484397
--------Variance: 0.00577885
Sum of |delta_u|: 0.537453
Post-update R2: 0.0070248
Final cost after weighting: 18.142864
E1_hat_1: 0.00121437
PI step 3 time: 0.0277642 seconds
********a(H_hat): 0.20031
********New psi: 0.479814
0.00849337          0
         0 0.00849337
Iteration: 4/100 ---------------------------
Expected cost over samples: 10.1776
min cost: 1.12471
%%%%%%%%%E1_hat: 0.000675746
ESS: 1.30102 / 1700
Diag(valid=1700, elite=170) ||dU~||2=5.23757 traceCovElite~=0.937231 R2=0.0291825 H(w)=0.508332 perp=1.66252 w_max=0.870497
--------Variance: 0.00681521
Sum of |delta_u|: 0.74877
Post-update R2: 0.0167274
Final cost after weighting: 17.751384
E1_hat_1: 0.000675746
PI step 4 time: 0.0280189 seconds
********a(H_hat): 0.068339
********New psi: 0.558997
0.00474777          0
         0 0.00474777
Iteration: 5/100 ---------------------------
Expected cost over samples: 7.49151
min cost: 0.45044
%%%%%%%%%E1_hat: 0.00196446
ESS: 4.65709 / 1700
Diag(valid=1700, elite=170) ||dU~||2=3.12558 traceCovElite~=0.937161 R2=0.0312511 H(w)=1.65733 perp=5.24527 w_max=0.299438
--------Variance: 0.000975345
Sum of |delta_u|: 0.430708
Post-update R2: 0.0349818
Final cost after weighting: 16.890533
E1_hat_1: 0.00196446
PI step 5 time: 0.0275719 seconds
********a(H_hat): 0.222807
********New psi: 0.466316
0.00221396          0
         0 0.00221396
Iteration: 6/100 ---------------------------
Expected cost over samples: 5.49572
min cost: 0.895114
%%%%%%%%%E1_hat: 0.00111512
ESS: 2.91524 / 1700
Diag(valid=1700, elite=170) ||dU~||2=3.28751 traceCovElite~=0.910906 R2=0.0370882 H(w)=1.41839 perp=4.13047 w_max=0.527508
--------Variance: 0.000839774
Sum of |delta_u|: 0.480359
Post-update R2: 0.0265247
Final cost after weighting: 15.753667
E1_hat_1: 0.00111512
PI step 6 time: 0.0271175 seconds
********a(H_hat): 0.190685
********New psi: 0.485589
0.00107507          0
         0 0.00107507
Iteration: 7/100 ---------------------------
Expected cost over samples: 3.93252
min cost: 0.478913
%%%%%%%%%E1_hat: 0.000640734
ESS: 1.17711 / 1700
Diag(valid=1700, elite=170) ||dU~||2=4.68095 traceCovElite~=0.921895 R2=0.0341588 H(w)=0.284346 perp=1.32889 w_max=0.918064
--------Variance: 0.000753282
Sum of |delta_u|: 0.663511
Post-update R2: 0.0296795
Final cost after weighting: 15.466371
E1_hat_1: 0.000640734
PI step 7 time: 0.0281934 seconds
********a(H_hat): 0.0382269
********New psi: 0.577064
0.000620386           0
          0 0.000620386
Iteration: 8/100 ---------------------------
Expected cost over samples: 2.83066
min cost: 0.280929
%%%%%%%%%E1_hat: 0.00109791
ESS: 2.75365 / 1700
Diag(valid=1700, elite=170) ||dU~||2=3.93133 traceCovElite~=0.932019 R2=0.0396425 H(w)=1.26386 perp=3.53906 w_max=0.535778
--------Variance: 0.000248887
Sum of |delta_u|: 0.569644
Post-update R2: 0.0128356
Final cost after weighting: 15.202580
E1_hat_1: 0.00109791
PI step 8 time: 0.0278987 seconds
********a(H_hat): 0.169911
********New psi: 0.498054
0.000308985           0
          0 0.000308985
Iteration: 9/100 ---------------------------
Expected cost over samples: 2.0871
min cost: 0.0675922
%%%%%%%%%E1_hat: 0.000588235
ESS: 1 / 1700
Diag(valid=1700, elite=170) ||dU~||2=6.82792 traceCovElite~=0.944357 R2=0.0311749 H(w)=4.29764e-07 perp=1 w_max=1
--------Variance: 0.000450152
Sum of |delta_u|: 0.991366
Post-update R2: 0.0216672
Final cost after weighting: 14.880417
E1_hat_1: 0.000588235
PI step 9 time: 0.0268298 seconds
********a(H_hat): 5.77766e-08
********New psi: 0.6
0.000185391           0
          0 0.000185391
Iteration: 10/100 ---------------------------
Expected cost over samples: 1.23185
min cost: -0.217838
%%%%%%%%%E1_hat: 0.000588238
ESS: 1.00001 / 1700
Diag(valid=1700, elite=170) ||dU~||2=6.13146 traceCovElite~=0.940682 R2=0.0385925 H(w)=5.21769e-05 perp=1.00005 w_max=0.999996
--------Variance: 0.000217797
Sum of |delta_u|: 0.929927
Post-update R2: 0.0161298
Final cost after weighting: 14.821789
E1_hat_1: 0.000588238
PI step 10 time: 0.026781 seconds
********a(H_hat): 7.01454e-06
********New psi: 0.599996
0.000111234           0
          0 0.000111234
Iteration: 11/100 ---------------------------
Expected cost over samples: 0.812091
min cost: -0.30618
%%%%%%%%%E1_hat: 0.000588258
ESS: 1.00008 / 1700
Diag(valid=1700, elite=170) ||dU~||2=6.01764 traceCovElite~=0.927924 R2=0.0285341 H(w)=0.000438802 perp=1.00044 w_max=0.999961
--------Variance: 0.000125868
Sum of |delta_u|: 0.84497
Post-update R2: 0.0124001
Final cost after weighting: 14.658892
E1_hat_1: 0.000588258
PI step 11 time: 0.02697 seconds
********a(H_hat): 5.89916e-05
********New psi: 0.599965
6.67364e-05           0
          0 6.67364e-05
Iteration: 12/100 ---------------------------
Expected cost over samples: 0.409759
min cost: -0.407125
%%%%%%%%%E1_hat: 0.000588238
ESS: 1.00001 / 1700
Diag(valid=1700, elite=170) ||dU~||2=5.17379 traceCovElite~=0.909519 R2=0.0435391 H(w)=5.70888e-05 perp=1.00006 w_max=0.999996
--------Variance: 5.5825e-05
Sum of |delta_u|: 0.761347
Post-update R2: 0.0168722
Final cost after weighting: 14.516617
E1_hat_1: 0.000588238
PI step 12 time: 0.0266897 seconds
********a(H_hat): 7.67489e-06
********New psi: 0.599995
4.00416e-05           0
          0 4.00416e-05
Iteration: 13/100 ---------------------------
Expected cost over samples: 0.139819
min cost: -0.519878
%%%%%%%%%E1_hat: 0.000588235
ESS: 1 / 1700
Diag(valid=1700, elite=170) ||dU~||2=4.52051 traceCovElite~=0.934249 R2=0.0443819 H(w)=1.86048e-06 perp=1 w_max=1
--------Variance: 2.55703e-05
Sum of |delta_u|: 0.601066
Post-update R2: 0.0299779
Final cost after weighting: 14.409960
E1_hat_1: 0.000588235
PI step 13 time: 0.0271225 seconds
********a(H_hat): 2.50119e-07
********New psi: 0.6
2.40249e-05           0
          0 2.40249e-05
Iteration: 14/100 ---------------------------
Expected cost over samples: -0.104306
min cost: -0.6451
%%%%%%%%%E1_hat: 0.000588235
ESS: 1 / 1700
Diag(valid=1700, elite=170) ||dU~||2=5.20793 traceCovElite~=0.912607 R2=0.0366889 H(w)=3.0409e-15 perp=1 w_max=1
--------Variance: 2.03629e-05
Sum of |delta_u|: 0.723238
Post-update R2: 0.0103733
Final cost after weighting: 14.347945
E1_hat_1: 0.000588235
PI step 14 time: 0.0267833 seconds
********a(H_hat): 4.08812e-16
********New psi: 0.6
1.4415e-05          0
         0 1.4415e-05
Iteration: 15/100 ---------------------------
Expected cost over samples: -0.237656
min cost: -0.644115
%%%%%%%%%E1_hat: 0.000689299
ESS: 1.33376 / 1700
Diag(valid=1700, elite=170) ||dU~||2=4.93405 traceCovElite~=0.959041 R2=0.0288727 H(w)=0.416797 perp=1.51709 w_max=0.853382
--------Variance: 1.03477e-05
Sum of |delta_u|: 0.722426
Post-update R2: 0.00922436
Final cost after weighting: 14.335514
E1_hat_1: 0.000689299
PI step 15 time: 0.0278605 seconds
********a(H_hat): 0.0560333
********New psi: 0.56638
8.16434e-06           0
          0 8.16434e-06
Iteration: 16/100 ---------------------------
Expected cost over samples: -0.341843
min cost: -0.623516
%%%%%%%%%E1_hat: 0.000588237
ESS: 1.00001 / 1700
Diag(valid=1700, elite=170) ||dU~||2=5.57391 traceCovElite~=0.893593 R2=0.0370447 H(w)=3.74469e-05 perp=1.00004 w_max=0.999997
--------Variance: 7.92662e-06
Sum of |delta_u|: 0.812877
Post-update R2: 0.0154613
Final cost after weighting: 14.333488
E1_hat_1: 0.000588237
PI step 16 time: 0.0289574 seconds
********a(H_hat): 5.03428e-06
********New psi: 0.599997
4.89858e-06           0
          0 4.89858e-06
Iteration: 17/100 ---------------------------
Expected cost over samples: -0.382251
min cost: -0.614503
%%%%%%%%%E1_hat: 0.000588235
ESS: 1 / 1700
Diag(valid=1700, elite=170) ||dU~||2=5.17017 traceCovElite~=0.926633 R2=0.0301819 H(w)=1.12115e-07 perp=1 w_max=1
--------Variance: 4.09194e-06
Sum of |delta_u|: 0.711698
Post-update R2: 0.0119076
Final cost after weighting: 14.289639
E1_hat_1: 0.000588235
PI step 17 time: 0.0289555 seconds
********a(H_hat): 1.50725e-08
********New psi: 0.6
2.93915e-06           0
          0 2.93915e-06
Iteration: 18/100 ---------------------------
Expected cost over samples: -0.457149
min cost: -0.641809
%%%%%%%%%E1_hat: 0.000588235
ESS: 1 / 1700
Diag(valid=1700, elite=170) ||dU~||2=5.26857 traceCovElite~=0.935457 R2=0.0343638 H(w)=2.64857e-32 perp=1 w_max=1
--------Variance: 2.54942e-06
Sum of |delta_u|: 0.750115
Post-update R2: 0.0129443
Final cost after weighting: 14.277117
E1_hat_1: 0.000588235
PI step 18 time: 0.0298605 seconds
********a(H_hat): 3.56069e-33
********New psi: 0.6
1.76349e-06           0
          0 1.76349e-06
Iteration: 19/100 ---------------------------
Expected cost over samples: -0.496093
min cost: -0.630611
%%%%%%%%%E1_hat: 0.000588235
ESS: 1 / 1700
Diag(valid=1700, elite=170) ||dU~||2=6.23347 traceCovElite~=0.963036 R2=0.0348221 H(w)=8.68981e-31 perp=1 w_max=1
--------Variance: 2.1413e-06
Sum of |delta_u|: 0.873093
Post-update R2: 0.0083266
Final cost after weighting: 14.269788
E1_hat_1: 0.000588235
PI step 19 time: 0.0298845 seconds
********a(H_hat): 1.16824e-31
********New psi: 0.6
1.05809e-06           0
          0 1.05809e-06
Iteration: 20/100 ---------------------------
Expected cost over samples: -0.491305
min cost: -0.599997
%%%%%%%%%E1_hat: 0.000588235
ESS: 1 / 1700
Diag(valid=1700, elite=170) ||dU~||2=7.10726 traceCovElite~=0.973802 R2=0.0478827 H(w)=6.36519e-55 perp=1 w_max=1
--------Variance: 1.67022e-06
Sum of |delta_u|: 0.958888
Post-update R2: 0.0235928
Final cost after weighting: 14.265254
E1_hat_1: 0.000588235
PI step 20 time: 0.031721 seconds
********a(H_hat): 8.55722e-56
********New psi: 0.6
6.34856e-07           0
          0 6.34856e-07
Iteration: 21/100 ---------------------------
Expected cost over samples: -0.504125
min cost: -0.584389
%%%%%%%%%E1_hat: 0.000588235
ESS: 1 / 1700
Diag(valid=1700, elite=170) ||dU~||2=7.17816 traceCovElite~=0.945738 R2=0.0189727 H(w)=3.97537e-09 perp=1 w_max=1
--------Variance: 1.02223e-06
Sum of |delta_u|: 1.06038
Post-update R2: 0.00652255
Final cost after weighting: 14.258612
E1_hat_1: 0.000588235
PI step 21 time: 0.0295661 seconds
********a(H_hat): 5.3444e-10
********New psi: 0.6
3.80914e-07           0
          0 3.80914e-07
Iteration: 22/100 ---------------------------
Expected cost over samples: -0.55168
min cost: -0.614247
%%%%%%%%%E1_hat: 0.000588235
ESS: 1 / 1700
Diag(valid=1700, elite=170) ||dU~||2=5.13266 traceCovElite~=0.899089 R2=0.0393835 H(w)=4.1902e-42 perp=1 w_max=1
--------Variance: 3.13589e-07
Sum of |delta_u|: 0.721043
Post-update R2: 0.0225035
Final cost after weighting: 14.251911
E1_hat_1: 0.000588235
PI step 22 time: 0.0306562 seconds
********a(H_hat): 5.63322e-43
********New psi: 0.6
2.28548e-07           0
          0 2.28548e-07
Iteration: 23/100 ---------------------------
Expected cost over samples: -0.581995
min cost: -0.630346
%%%%%%%%%E1_hat: 0.000588235
ESS: 1 / 1700
Diag(valid=1700, elite=170) ||dU~||2=5.00253 traceCovElite~=0.943719 R2=0.038926 H(w)=2.35375e-33 perp=1 w_max=1
--------Variance: 1.78734e-07
Sum of |delta_u|: 0.718561
Post-update R2: 0.0122137
Final cost after weighting: 14.243130
E1_hat_1: 0.000588235
PI step 23 time: 0.0295755 seconds
********a(H_hat): 3.16433e-34
********New psi: 0.6
1.37129e-07           0
          0 1.37129e-07
Iteration: 24/100 ---------------------------
Expected cost over samples: -0.591802
min cost: -0.633062
%%%%%%%%%E1_hat: 0.000588235
ESS: 1 / 1700
Diag(valid=1700, elite=170) ||dU~||2=6.33907 traceCovElite~=0.918168 R2=0.0481866 H(w)=1.24557e-126 perp=1 w_max=1
--------Variance: 1.72194e-07
Sum of |delta_u|: 0.898718
Post-update R2: 0.0218435
Final cost after weighting: 14.239698
E1_hat_1: 0.000588235
PI step 24 time: 0.0303968 seconds
********a(H_hat): 1.67452e-127
********New psi: 0.6
8.22773e-08           0
          0 8.22773e-08
Iteration: 25/100 ---------------------------
Expected cost over samples: -0.608202
min cost: -0.638435
%%%%%%%%%E1_hat: 0.000588235
ESS: 1 / 1700
Diag(valid=1700, elite=170) ||dU~||2=6.22858 traceCovElite~=0.944326 R2=0.0214803 H(w)=2.17024e-20 perp=1 w_max=1
--------Variance: 9.97487e-08
Sum of |delta_u|: 0.873592
Post-update R2: 0.00332965
Final cost after weighting: 14.237238
E1_hat_1: 0.000588235
PI step 25 time: 0.029826 seconds
********a(H_hat): 2.91762e-21
********New psi: 0.6
4.93664e-08           0
          0 4.93664e-08
Iteration: 26/100 ---------------------------
Expected cost over samples: -0.609434
min cost: -0.632375
%%%%%%%%%E1_hat: 0.000588235
ESS: 1 / 1700
Diag(valid=1700, elite=170) ||dU~||2=4.90802 traceCovElite~=0.93172 R2=0.0382461 H(w)=1.75434e-70 perp=1 w_max=1
--------Variance: 3.71614e-08
Sum of |delta_u|: 0.698282
Post-update R2: 0.0106724
Final cost after weighting: 14.235285
E1_hat_1: 0.000588235
PI step 26 time: 0.0291493 seconds
********a(H_hat): 2.3585e-71
********New psi: 0.6
2.96198e-08           0
          0 2.96198e-08
Iteration: 27/100 ---------------------------
Expected cost over samples: -0.614277
min cost: -0.634051
%%%%%%%%%E1_hat: 0.000588235
ESS: 1 / 1700
Diag(valid=1700, elite=170) ||dU~||2=6.55506 traceCovElite~=0.896871 R2=0.0435379 H(w)=6.69954e-303 perp=1 w_max=1
--------Variance: 3.97726e-08
Sum of |delta_u|: 0.904745
Post-update R2: 0.022249
Final cost after weighting: 14.232731
E1_hat_1: 0.000588235
PI step 27 time: 0.0297335 seconds
********a(H_hat): 9.00672e-304
********New psi: 0.6
1.77719e-08           0
          0 1.77719e-08
Iteration: 28/100 ---------------------------
Expected cost over samples: -0.622505
min cost: -0.637297
%%%%%%%%%E1_hat: 0.000588235
ESS: 1 / 1700
Diag(valid=1700, elite=170) ||dU~||2=6.12655 traceCovElite~=0.91468 R2=0.0327056 H(w)=6.69954e-303 perp=1 w_max=1
--------Variance: 2.08455e-08
Sum of |delta_u|: 0.866556
Post-update R2: 0.0301721
Final cost after weighting: 14.230184
E1_hat_1: 0.000588235
PI step 28 time: 0.0292825 seconds
********a(H_hat): 9.00672e-304
********New psi: 0.6
1.06631e-08           0
          0 1.06631e-08
Iteration: 29/100 ---------------------------
Expected cost over samples: -0.626898
min cost: -0.637848
%%%%%%%%%E1_hat: 0.000588235
ESS: 1 / 1700
Diag(valid=1700, elite=170) ||dU~||2=5.60644 traceCovElite~=0.907169 R2=0.0335001 H(w)=6.69954e-303 perp=1 w_max=1
--------Variance: 1.04739e-08
Sum of |delta_u|: 0.844264
Post-update R2: 0.0155212
Final cost after weighting: 14.228366
E1_hat_1: 0.000588235
PI step 29 time: 0.0293248 seconds
********a(H_hat): 9.00672e-304
********New psi: 0.6
6.39789e-09           0
          0 6.39789e-09
Iteration: 30/100 ---------------------------
Expected cost over samples: -0.62983
min cost: -0.638634
%%%%%%%%%E1_hat: 0.000588235
ESS: 1 / 1700
Diag(valid=1700, elite=170) ||dU~||2=4.76617 traceCovElite~=0.913618 R2=0.0320798 H(w)=6.69954e-303 perp=1 w_max=1
--------Variance: 4.54175e-09
Sum of |delta_u|: 0.712459
Post-update R2: 0.0141522
Final cost after weighting: 14.227020
E1_hat_1: 0.000588235
PI step 30 time: 0.0286806 seconds
********a(H_hat): 9.00672e-304
********New psi: 0.6
3.83873e-09           0
          0 3.83873e-09
Iteration: 31/100 ---------------------------
Expected cost over samples: -0.631879
min cost: -0.638397
%%%%%%%%%E1_hat: 0.000588235
ESS: 1 / 1700
Diag(valid=1700, elite=170) ||dU~||2=4.91829 traceCovElite~=0.91366 R2=0.0278123 H(w)=2.07227e-13 perp=1 w_max=1
--------Variance: 2.90177e-09
Sum of |delta_u|: 0.668517
Post-update R2: 0.00825221
Final cost after weighting: 14.226860
E1_hat_1: 0.000588235
PI step 31 time: 0.0332371 seconds
********a(H_hat): 2.78591e-14
********New psi: 0.6
2.30324e-09           0
          0 2.30324e-09
Iteration: 32/100 ---------------------------
Expected cost over samples: -0.633103
min cost: -0.638036
%%%%%%%%%E1_hat: 0.000588235
ESS: 1 / 1700
Diag(valid=1700, elite=170) ||dU~||2=5.06056 traceCovElite~=0.946294 R2=0.0326433 H(w)=6.69954e-303 perp=1 w_max=1
--------Variance: 1.84326e-09
Sum of |delta_u|: 0.684166
Post-update R2: 0.0115475
Final cost after weighting: 14.226720
E1_hat_1: 0.000588235
PI step 32 time: 0.0307873 seconds
********a(H_hat): 9.00672e-304
********New psi: 0.6
1.38194e-09           0
          0 1.38194e-09
Iteration: 33/100 ---------------------------
Expected cost over samples: -0.635122
min cost: -0.639352
%%%%%%%%%E1_hat: 0.000588235
ESS: 1 / 1700
Diag(valid=1700, elite=170) ||dU~||2=5.38106 traceCovElite~=0.933111 R2=0.0443107 H(w)=6.69954e-303 perp=1 w_max=1
--------Variance: 1.25048e-09
Sum of |delta_u|: 0.823233
Post-update R2: 0.0164332
Final cost after weighting: 14.226088
E1_hat_1: 0.000588235
PI step 33 time: 0.0296602 seconds
********a(H_hat): 9.00672e-304
********New psi: 0.6
8.29166e-10           0
          0 8.29166e-10
Iteration: 34/100 ---------------------------
Expected cost over samples: -0.636075
min cost: -0.639204
%%%%%%%%%E1_hat: 0.000588235
ESS: 1 / 1700
Diag(valid=1700, elite=170) ||dU~||2=5.8848 traceCovElite~=0.958947 R2=0.0572552 H(w)=6.69954e-303 perp=1 w_max=1
--------Variance: 8.97331e-10
Sum of |delta_u|: 0.803669
Post-update R2: 0.0258794
Final cost after weighting: 14.225961
E1_hat_1: 0.000588235
PI step 34 time: 0.02864 seconds
********a(H_hat): 9.00672e-304
********New psi: 0.6
4.975e-10         0
        0 4.975e-10
Iteration: 35/100 ---------------------------
Expected cost over samples: -0.636683
min cost: -0.639068
%%%%%%%%%E1_hat: 0.000588235
ESS: 1 / 1700
Diag(valid=1700, elite=170) ||dU~||2=5.04627 traceCovElite~=0.90316 R2=0.0579761 H(w)=6.69954e-303 perp=1 w_max=1
--------Variance: 3.95897e-10
Sum of |delta_u|: 0.728954
Post-update R2: 0.0241186
Final cost after weighting: 14.225564
E1_hat_1: 0.000588235
PI step 35 time: 0.0317605 seconds
********a(H_hat): 9.00672e-304
********New psi: 0.6
2.985e-10         0
        0 2.985e-10
Iteration: 36/100 ---------------------------
Expected cost over samples: -0.63727
min cost: -0.639145
%%%%%%%%%E1_hat: 0.000588235
ESS: 1 / 1700
Diag(valid=1700, elite=170) ||dU~||2=6.16165 traceCovElite~=0.907523 R2=0.0423613 H(w)=6.69954e-303 perp=1 w_max=1
--------Variance: 3.54151e-10
Sum of |delta_u|: 0.893028
Post-update R2: 0.0113218
Final cost after weighting: 14.225377
E1_hat_1: 0.000588235
PI step 36 time: 0.0309253 seconds
********a(H_hat): 9.00672e-304
********New psi: 0.6
1.791e-10         0
        0 1.791e-10
Iteration: 37/100 ---------------------------
Expected cost over samples: -0.637342
min cost: -0.638722
%%%%%%%%%E1_hat: 0.000588235
ESS: 1 / 1700
Diag(valid=1700, elite=170) ||dU~||2=4.98362 traceCovElite~=0.915877 R2=0.0300837 H(w)=1.33352e-221 perp=1 w_max=1
--------Variance: 1.39003e-10
Sum of |delta_u|: 0.739178
Post-update R2: 0.00870401
Final cost after weighting: 14.225296
E1_hat_1: 0.000588235
PI step 37 time: 0.030798 seconds
********a(H_hat): 1.79275e-222
********New psi: 0.6
1.0746e-10          0
         0 1.0746e-10
Iteration: 38/100 ---------------------------
Expected cost over samples: -0.63763
min cost: -0.638777
%%%%%%%%%E1_hat: 0.000588235
ESS: 1 / 1700
Diag(valid=1700, elite=170) ||dU~||2=5.74466 traceCovElite~=0.955396 R2=0.0280245 H(w)=6.69954e-303 perp=1 w_max=1
--------Variance: 1.1082e-10
Sum of |delta_u|: 0.833647
Post-update R2: 0.0279311
Final cost after weighting: 14.225224
E1_hat_1: 0.000588235
PI step 38 time: 0.0305472 seconds
********a(H_hat): 9.00672e-304
********New psi: 0.6
6.4476e-11          0
         0 6.4476e-11
Iteration: 39/100 ---------------------------
Expected cost over samples: -0.637792
min cost: -0.638648
%%%%%%%%%E1_hat: 0.000588235
ESS: 1 / 1700
Diag(valid=1700, elite=170) ||dU~||2=5.55462 traceCovElite~=0.934289 R2=0.0320427 H(w)=6.69954e-303 perp=1 w_max=1
--------Variance: 6.21663e-11
Sum of |delta_u|: 0.842515
Post-update R2: 0.0174213
Final cost after weighting: 14.225160
E1_hat_1: 0.000588235
PI step 39 time: 0.0296666 seconds
********a(H_hat): 9.00672e-304
********New psi: 0.6
3.86856e-11           0
          0 3.86856e-11
Iteration: 40/100 ---------------------------
Expected cost over samples: -0.638059
min cost: -0.638712
%%%%%%%%%E1_hat: 0.000588235
ESS: 1 / 1700
Diag(valid=1700, elite=170) ||dU~||2=5.0756 traceCovElite~=0.941833 R2=0.0368344 H(w)=6.69954e-303 perp=1 w_max=1
--------Variance: 3.11438e-11
Sum of |delta_u|: 0.771644
Post-update R2: 0.00815092
Final cost after weighting: 14.225099
E1_hat_1: 0.000588235
PI step 40 time: 0.029957 seconds
********a(H_hat): 9.00672e-304
********New psi: 0.6
2.32113e-11           0
          0 2.32113e-11
Iteration: 41/100 ---------------------------
Expected cost over samples: -0.638289
min cost: -0.638791
%%%%%%%%%E1_hat: 0.000588235
ESS: 1 / 1700
Diag(valid=1700, elite=170) ||dU~||2=7.75783 traceCovElite~=0.922438 R2=0.0298921 H(w)=6.69954e-303 perp=1 w_max=1
--------Variance: 4.36538e-11
Sum of |delta_u|: 1.08329
Post-update R2: 0.0152774
Final cost after weighting: 14.225037
E1_hat_1: 0.000588235
PI step 41 time: 0.0295435 seconds
********a(H_hat): 9.00672e-304
********New psi: 0.6
1.39268e-11           0
          0 1.39268e-11
Iteration: 42/100 ---------------------------
Expected cost over samples: -0.638374
min cost: -0.638782
%%%%%%%%%E1_hat: 0.000588235
ESS: 1 / 1700
Diag(valid=1700, elite=170) ||dU~||2=6.2243 traceCovElite~=0.929981 R2=0.0466595 H(w)=6.69954e-303 perp=1 w_max=1
--------Variance: 1.6861e-11
Sum of |delta_u|: 0.886295
Post-update R2: 0.0291758
Final cost after weighting: 14.224946
E1_hat_1: 0.000588235
PI step 42 time: 0.0280585 seconds
********a(H_hat): 9.00672e-304
********New psi: 0.6
8.35608e-12           0
          0 8.35608e-12
Iteration: 43/100 ---------------------------
Expected cost over samples: -0.63853
min cost: -0.638831
%%%%%%%%%E1_hat: 0.000588235
ESS: 1 / 1700
Diag(valid=1700, elite=170) ||dU~||2=5.68047 traceCovElite~=0.948612 R2=0.0324787 H(w)=6.69954e-303 perp=1 w_max=1
--------Variance: 8.42599e-12
Sum of |delta_u|: 0.791769
Post-update R2: 0.0136115
Final cost after weighting: 14.224929
E1_hat_1: 0.000588235
PI step 43 time: 0.0306569 seconds
********a(H_hat): 9.00672e-304
********New psi: 0.6
5.01365e-12           0
          0 5.01365e-12
Iteration: 44/100 ---------------------------
Expected cost over samples: -0.638559
min cost: -0.638808
%%%%%%%%%E1_hat: 0.000588235
ESS: 1 / 1700
Diag(valid=1700, elite=170) ||dU~||2=5.77198 traceCovElite~=0.975453 R2=0.0309424 H(w)=6.69954e-303 perp=1 w_max=1
--------Variance: 5.2198e-12
Sum of |delta_u|: 0.857751
Post-update R2: 0.014862
Final cost after weighting: 14.224882
E1_hat_1: 0.000588235
PI step 44 time: 0.030525 seconds
********a(H_hat): 9.00672e-304
********New psi: 0.6
3.00819e-12           0
          0 3.00819e-12
Iteration: 45/100 ---------------------------
Expected cost over samples: -0.63861
min cost: -0.638802
%%%%%%%%%E1_hat: 0.000588235
ESS: 1 / 1700
Diag(valid=1700, elite=170) ||dU~||2=5.11748 traceCovElite~=0.934811 R2=0.0427678 H(w)=6.69954e-303 perp=1 w_max=1
--------Variance: 2.46188e-12
Sum of |delta_u|: 0.722208
Post-update R2: 0.0341273
Final cost after weighting: 14.224863
E1_hat_1: 0.000588235
PI step 45 time: 0.0288655 seconds
********a(H_hat): 9.00672e-304
********New psi: 0.6
1.80491e-12           0
          0 1.80491e-12
Iteration: 46/100 ---------------------------
Expected cost over samples: -0.63865
min cost: -0.638795
%%%%%%%%%E1_hat: 0.000588235
ESS: 1 / 1700
Diag(valid=1700, elite=170) ||dU~||2=5.96335 traceCovElite~=0.963964 R2=0.0388375 H(w)=6.69954e-303 perp=1 w_max=1
--------Variance: 2.00577e-12
Sum of |delta_u|: 0.834745
Post-update R2: 0.0146367
Final cost after weighting: 14.224836
E1_hat_1: 0.000588235
PI step 46 time: 0.0283263 seconds
********a(H_hat): 9.00672e-304
********New psi: 0.6
1.08295e-12           0
          0 1.08295e-12
Iteration: 47/100 ---------------------------
Expected cost over samples: -0.638706
min cost: -0.638818
%%%%%%%%%E1_hat: 0.000588235
ESS: 1 / 1700
Diag(valid=1700, elite=170) ||dU~||2=6.40348 traceCovElite~=0.9588 R2=0.0366708 H(w)=6.69954e-303 perp=1 w_max=1
--------Variance: 1.38768e-12
Sum of |delta_u|: 0.989981
Post-update R2: 0.0113423
Final cost after weighting: 14.224828
E1_hat_1: 0.000588235
PI step 47 time: 0.0292537 seconds
********a(H_hat): 9.00672e-304
********New psi: 0.6
6.49769e-13           0
          0 6.49769e-13
Iteration: 48/100 ---------------------------
Expected cost over samples: -0.638744
min cost: -0.638834
%%%%%%%%%E1_hat: 0.000588235
ESS: 1 / 1700
Diag(valid=1700, elite=170) ||dU~||2=5.63446 traceCovElite~=0.944755 R2=0.0221109 H(w)=6.69954e-303 perp=1 w_max=1
--------Variance: 6.44632e-13
Sum of |delta_u|: 0.820853
Post-update R2: 0.00664291
Final cost after weighting: 14.224816
E1_hat_1: 0.000588235
PI step 48 time: 0.028444 seconds
********a(H_hat): 9.00672e-304
********New psi: 0.6
3.89861e-13           0
          0 3.89861e-13
Iteration: 49/100 ---------------------------
Expected cost over samples: -0.638763
min cost: -0.63883
%%%%%%%%%E1_hat: 0.000588235
ESS: 1 / 1700
Diag(valid=1700, elite=170) ||dU~||2=4.75556 traceCovElite~=0.945342 R2=0.0350498 H(w)=6.69954e-303 perp=1 w_max=1
--------Variance: 2.75527e-13
Sum of |delta_u|: 0.669384
Post-update R2: 0.0151291
Final cost after weighting: 14.224813
E1_hat_1: 0.000588235
PI step 49 time: 0.0289939 seconds
********a(H_hat): 9.00672e-304
********New psi: 0.6
2.33917e-13           0
          0 2.33917e-13
Iteration: 50/100 ---------------------------
Expected cost over samples: -0.638777
min cost: -0.638826
%%%%%%%%%E1_hat: 0.000588235
ESS: 1 / 1700
Diag(valid=1700, elite=170) ||dU~||2=5.92494 traceCovElite~=0.960488 R2=0.0301394 H(w)=6.69954e-303 perp=1 w_max=1
--------Variance: 2.56613e-13
Sum of |delta_u|: 0.844158
Post-update R2: 0.0165601
Final cost after weighting: 14.224811
E1_hat_1: 0.000588235
PI step 50 time: 0.0287804 seconds
********a(H_hat): 9.00672e-304
********New psi: 0.6
1.4035e-13          0
         0 1.4035e-13
Iteration: 51/100 ---------------------------
Expected cost over samples: -0.638785
min cost: -0.638826
%%%%%%%%%E1_hat: 0.000588235
ESS: 1 / 1700
Diag(valid=1700, elite=170) ||dU~||2=5.28485 traceCovElite~=0.955199 R2=0.0286326 H(w)=6.69954e-303 perp=1 w_max=1
--------Variance: 1.22497e-13
Sum of |delta_u|: 0.769321
Post-update R2: 0.0114077
Final cost after weighting: 14.224809
E1_hat_1: 0.000588235
PI step 51 time: 0.0281061 seconds
********a(H_hat): 9.00672e-304
********New psi: 0.6
8.42101e-14           0
          0 8.42101e-14
Iteration: 52/100 ---------------------------
Expected cost over samples: -0.638792
min cost: -0.638823
%%%%%%%%%E1_hat: 0.000588235
ESS: 1 / 1700
Diag(valid=1700, elite=170) ||dU~||2=4.66876 traceCovElite~=0.943145 R2=0.0516176 H(w)=6.69954e-303 perp=1 w_max=1
--------Variance: 5.73609e-14
Sum of |delta_u|: 0.704619
Post-update R2: 0.0151678
Final cost after weighting: 14.224807
E1_hat_1: 0.000588235
PI step 52 time: 0.0300488 seconds
********a(H_hat): 9.00672e-304
********New psi: 0.6
5.0526e-14          0
         0 5.0526e-14
Iteration: 53/100 ---------------------------
Expected cost over samples: -0.638797
min cost: -0.638821
%%%%%%%%%E1_hat: 0.000588235
ESS: 1 / 1700
Diag(valid=1700, elite=170) ||dU~||2=5.29033 traceCovElite~=0.931018 R2=0.0491625 H(w)=6.69954e-303 perp=1 w_max=1
--------Variance: 4.41897e-14
Sum of |delta_u|: 0.699017
Post-update R2: 0.0406152
Final cost after weighting: 14.224806
E1_hat_1: 0.000588235
PI step 53 time: 0.0287008 seconds
********a(H_hat): 9.00672e-304
********New psi: 0.6
3.03156e-14           0
          0 3.03156e-14
Iteration: 54/100 ---------------------------
Expected cost over samples: -0.638803
min cost: -0.638822
%%%%%%%%%E1_hat: 0.000588235
ESS: 1 / 1700
Diag(valid=1700, elite=170) ||dU~||2=6.52068 traceCovElite~=0.942942 R2=0.0240951 H(w)=6.69954e-303 perp=1 w_max=1
--------Variance: 4.02812e-14
Sum of |delta_u|: 0.894964
Post-update R2: 0.00255055
Final cost after weighting: 14.224802
E1_hat_1: 0.000588235
PI step 54 time: 0.0288161 seconds
********a(H_hat): 9.00672e-304
********New psi: 0.6
1.81894e-14           0
          0 1.81894e-14
Iteration: 55/100 ---------------------------
Expected cost over samples: -0.638807
min cost: -0.638823
%%%%%%%%%E1_hat: 0.000588235
ESS: 1 / 1700
Diag(valid=1700, elite=170) ||dU~||2=6.86995 traceCovElite~=0.930185 R2=0.0428622 H(w)=6.69954e-303 perp=1 w_max=1
--------Variance: 2.68268e-14
Sum of |delta_u|: 0.995318
Post-update R2: 0.0169021
Final cost after weighting: 14.224800
E1_hat_1: 0.000588235
PI step 55 time: 0.0294517 seconds
********a(H_hat): 9.00672e-304
********New psi: 0.6
1.09136e-14           0
          0 1.09136e-14
Iteration: 56/100 ---------------------------
Expected cost over samples: -0.638811
min cost: -0.638823
%%%%%%%%%E1_hat: 0.000588235
ESS: 1 / 1700
Diag(valid=1700, elite=170) ||dU~||2=6.55832 traceCovElite~=0.918561 R2=0.0356365 H(w)=6.69954e-303 perp=1 w_max=1
--------Variance: 1.46691e-14
Sum of |delta_u|: 1.00741
Post-update R2: 0.00573258
Final cost after weighting: 14.224799
E1_hat_1: 0.000588235
PI step 56 time: 0.0285801 seconds
********a(H_hat): 9.00672e-304
********New psi: 0.6
6.54818e-15           0
          0 6.54818e-15
Iteration: 57/100 ---------------------------
Expected cost over samples: -0.638817
min cost: -0.638826
%%%%%%%%%E1_hat: 0.000588235
ESS: 1 / 1700
Diag(valid=1700, elite=170) ||dU~||2=5.45738 traceCovElite~=0.924389 R2=0.0448401 H(w)=6.69954e-303 perp=1 w_max=1
--------Variance: 6.0945e-15
Sum of |delta_u|: 0.76244
Post-update R2: 0.0108021
Final cost after weighting: 14.224798
E1_hat_1: 0.000588235
PI step 57 time: 0.0282371 seconds
********a(H_hat): 9.00672e-304
********New psi: 0.6
3.92891e-15           0
          0 3.92891e-15
Iteration: 58/100 ---------------------------
Expected cost over samples: -0.638821
min cost: -0.638827
%%%%%%%%%E1_hat: 0.000588235
ESS: 1 / 1700
Diag(valid=1700, elite=170) ||dU~||2=4.24681 traceCovElite~=0.925962 R2=0.0400471 H(w)=6.69954e-303 perp=1 w_max=1
--------Variance: 2.21432e-15
Sum of |delta_u|: 0.584673
Post-update R2: 0.0209607
Final cost after weighting: 14.224797
E1_hat_1: 0.000588235
PI step 58 time: 0.0299661 seconds
********a(H_hat): 9.00672e-304
********New psi: 0.6
2.35734e-15           0
          0 2.35734e-15
Iteration: 59/100 ---------------------------
Expected cost over samples: -0.638821
min cost: -0.638827
%%%%%%%%%E1_hat: 0.000588235
ESS: 1 / 1700
Diag(valid=1700, elite=170) ||dU~||2=5.87315 traceCovElite~=0.943396 R2=0.0375786 H(w)=6.69954e-303 perp=1 w_max=1
--------Variance: 2.54099e-15
Sum of |delta_u|: 0.73629
Post-update R2: 0.0391601
Final cost after weighting: 14.224797
E1_hat_1: 0.000588235
PI step 59 time: 0.0284566 seconds
********a(H_hat): 9.00672e-304
********New psi: 0.6
1.41441e-15           0
          0 1.41441e-15
Iteration: 60/100 ---------------------------
Expected cost over samples: -0.638824
min cost: -0.638828
%%%%%%%%%E1_hat: 0.000588235
ESS: 1 / 1700
Diag(valid=1700, elite=170) ||dU~||2=5.94189 traceCovElite~=0.918496 R2=0.0377004 H(w)=6.69954e-303 perp=1 w_max=1
--------Variance: 1.56053e-15
Sum of |delta_u|: 0.805224
Post-update R2: 0.0129667
Final cost after weighting: 14.224796
E1_hat_1: 0.000588235
PI step 60 time: 0.0282362 seconds
********a(H_hat): 9.00672e-304
********New psi: 0.6
8.48643e-16           0
          0 8.48643e-16
Iteration: 61/100 ---------------------------
Expected cost over samples: -0.638826
min cost: -0.638829
%%%%%%%%%E1_hat: 0.000588235
ESS: 1 / 1700
Diag(valid=1700, elite=170) ||dU~||2=7.15141 traceCovElite~=0.931662 R2=0.0505638 H(w)=6.69954e-303 perp=1 w_max=1
--------Variance: 1.3563e-15
Sum of |delta_u|: 1.01619
Post-update R2: 0.0244614
Final cost after weighting: 14.224796
E1_hat_1: 0.000588235
PI step 61 time: 0.0275077 seconds
********a(H_hat): 9.00672e-304
********New psi: 0.6
5.09186e-16           0
          0 5.09186e-16
Iteration: 62/100 ---------------------------
Expected cost over samples: -0.638827
min cost: -0.638829
%%%%%%%%%E1_hat: 0.000588235
ESS: 1 / 1700
Diag(valid=1700, elite=170) ||dU~||2=6.19968 traceCovElite~=0.916745 R2=0.0250769 H(w)=6.69954e-303 perp=1 w_max=1
--------Variance: 6.11595e-16
Sum of |delta_u|: 0.956794
Post-update R2: 0.00978961
Final cost after weighting: 14.224796
E1_hat_1: 0.000588235
PI step 62 time: 0.0291567 seconds
********a(H_hat): 9.00672e-304
********New psi: 0.6
3.05512e-16           0
          0 3.05512e-16
Iteration: 63/100 ---------------------------
Expected cost over samples: -0.638828
min cost: -0.63883
%%%%%%%%%E1_hat: 0.000588235
ESS: 1 / 1700
Diag(valid=1700, elite=170) ||dU~||2=6.30105 traceCovElite~=0.948176 R2=0.0292875 H(w)=6.69954e-303 perp=1 w_max=1
--------Variance: 3.79051e-16
Sum of |delta_u|: 0.852935
Post-update R2: 0.0143975
Final cost after weighting: 14.224796
E1_hat_1: 0.000588235
PI step 63 time: 0.0297583 seconds
********a(H_hat): 9.00672e-304
********New psi: 0.6
1.83307e-16           0
          0 1.83307e-16
Iteration: 64/100 ---------------------------
Expected cost over samples: -0.638829
min cost: -0.63883
%%%%%%%%%E1_hat: 0.000588235
ESS: 1 / 1700
Diag(valid=1700, elite=170) ||dU~||2=5.33496 traceCovElite~=0.954715 R2=0.0318758 H(w)=6.69954e-303 perp=1 w_max=1
--------Variance: 1.63039e-16
Sum of |delta_u|: 0.789034
Post-update R2: 0.0173376
Final cost after weighting: 14.224795
E1_hat_1: 0.000588235
PI step 64 time: 0.0297425 seconds
********a(H_hat): 9.00672e-304
********New psi: 0.6
1.09984e-16           0
          0 1.09984e-16
Iteration: 65/100 ---------------------------
Expected cost over samples: -0.638829
min cost: -0.63883
%%%%%%%%%E1_hat: 0.000588235
ESS: 1 / 1700
Diag(valid=1700, elite=170) ||dU~||2=6.30686 traceCovElite~=0.944612 R2=0.0409289 H(w)=6.69954e-303 perp=1 w_max=1
--------Variance: 1.36712e-16
Sum of |delta_u|: 0.781822
Post-update R2: 0.02147
Final cost after weighting: 14.224795
E1_hat_1: 0.000588235
PI step 65 time: 0.0307683 seconds
********a(H_hat): 9.00672e-304
********New psi: 0.6
6.59905e-17           0
          0 6.59905e-17
Iteration: 66/100 ---------------------------
Expected cost over samples: -0.63883
min cost: -0.63883
%%%%%%%%%E1_hat: 0.000588235
ESS: 1 / 1700
Diag(valid=1700, elite=170) ||dU~||2=4.85101 traceCovElite~=0.972541 R2=0.014641 H(w)=6.69954e-303 perp=1 w_max=1
--------Variance: 4.85279e-17
Sum of |delta_u|: 0.598929
Post-update R2: 0.0120898
Final cost after weighting: 14.224795
E1_hat_1: 0.000588235
PI step 66 time: 0.0292176 seconds
********a(H_hat): 9.00672e-304
********New psi: 0.6
3.95943e-17           0
          0 3.95943e-17
Iteration: 67/100 ---------------------------
Expected cost over samples: -0.63883
min cost: -0.638831
%%%%%%%%%E1_hat: 0.000588235
ESS: 1 / 1700
Diag(valid=1700, elite=170) ||dU~||2=6.14846 traceCovElite~=0.912745 R2=0.0423095 H(w)=6.69954e-303 perp=1 w_max=1
--------Variance: 4.67748e-17
Sum of |delta_u|: 0.901662
Post-update R2: 0.00908282
Final cost after weighting: 14.224795
E1_hat_1: 0.000588235
PI step 67 time: 0.0294769 seconds
********a(H_hat): 9.00672e-304
********New psi: 0.6
2.37566e-17           0
          0 2.37566e-17
Iteration: 68/100 ---------------------------
Expected cost over samples: -0.63883
min cost: -0.638831
%%%%%%%%%E1_hat: 0.000588235
ESS: 1 / 1700
Diag(valid=1700, elite=170) ||dU~||2=4.57587 traceCovElite~=0.937153 R2=0.04666 H(w)=6.69954e-303 perp=1 w_max=1
--------Variance: 1.55446e-17
Sum of |delta_u|: 0.658718
Post-update R2: 0.0237897
Final cost after weighting: 14.224795
E1_hat_1: 0.000588235
PI step 68 time: 0.0285493 seconds
********a(H_hat): 9.00672e-304
********New psi: 0.6
1.4254e-17          0
         0 1.4254e-17
Iteration: 69/100 ---------------------------
Expected cost over samples: -0.63883
min cost: -0.638831
%%%%%%%%%E1_hat: 0.000588235
ESS: 1 / 1700
Diag(valid=1700, elite=170) ||dU~||2=6.89707 traceCovElite~=0.912575 R2=0.0449398 H(w)=6.69954e-303 perp=1 w_max=1
--------Variance: 2.11891e-17
Sum of |delta_u|: 0.996272
Post-update R2: 0.00411122
Final cost after weighting: 14.224795
E1_hat_1: 0.000588235
PI step 69 time: 0.0289643 seconds
********a(H_hat): 9.00672e-304
********New psi: 0.6
8.55237e-18           0
          0 8.55237e-18
Iteration: 70/100 ---------------------------
Expected cost over samples: -0.63883
min cost: -0.638831
%%%%%%%%%E1_hat: 0.000588235
ESS: 1 / 1700
Diag(valid=1700, elite=170) ||dU~||2=4.1665 traceCovElite~=0.9586 R2=0.0300415 H(w)=6.69954e-303 perp=1 w_max=1
--------Variance: 4.63958e-18
Sum of |delta_u|: 0.577717
Post-update R2: 0.0118196
Final cost after weighting: 14.224795
E1_hat_1: 0.000588235
PI step 70 time: 0.0283422 seconds
********a(H_hat): 9.00672e-304
********New psi: 0.6
5.13142e-18           0
          0 5.13142e-18
Iteration: 71/100 ---------------------------
Expected cost over samples: -0.63883
min cost: -0.638831
%%%%%%%%%E1_hat: 0.000588235
ESS: 1 / 1700
Diag(valid=1700, elite=170) ||dU~||2=6.09123 traceCovElite~=0.954209 R2=0.0353174 H(w)=6.69954e-303 perp=1 w_max=1
--------Variance: 5.9497e-18
Sum of |delta_u|: 0.909602
Post-update R2: 0.013076
Final cost after weighting: 14.224795
E1_hat_1: 0.000588235
PI step 71 time: 0.0276813 seconds
********a(H_hat): 9.00672e-304
********New psi: 0.6
3.07885e-18           0
          0 3.07885e-18
Iteration: 72/100 ---------------------------
Expected cost over samples: -0.638831
min cost: -0.638831
%%%%%%%%%E1_hat: 0.000588235
ESS: 1 / 1700
Diag(valid=1700, elite=170) ||dU~||2=6.43794 traceCovElite~=0.924012 R2=0.0322538 H(w)=6.69954e-303 perp=1 w_max=1
--------Variance: 3.98779e-18
Sum of |delta_u|: 0.950694
Post-update R2: 0.00870829
Final cost after weighting: 14.224795
E1_hat_1: 0.000588235
PI step 72 time: 0.0274952 seconds
********a(H_hat): 9.00672e-304
********New psi: 0.6
1.84731e-18           0
          0 1.84731e-18
Iteration: 73/100 ---------------------------
Expected cost over samples: -0.638831
min cost: -0.638831
%%%%%%%%%E1_hat: 0.000588235
ESS: 1 / 1700
Diag(valid=1700, elite=170) ||dU~||2=5.75158 traceCovElite~=0.951225 R2=0.0290149 H(w)=6.69954e-303 perp=1 w_max=1
--------Variance: 1.90963e-18
Sum of |delta_u|: 0.851122
Post-update R2: 0.0130587
Final cost after weighting: 14.224795
E1_hat_1: 0.000588235
PI step 73 time: 0.0290194 seconds
********a(H_hat): 9.00672e-304
********New psi: 0.6
1.10839e-18           0
          0 1.10839e-18
Iteration: 74/100 ---------------------------
Expected cost over samples: -0.638831
min cost: -0.638831
%%%%%%%%%E1_hat: 0.000588235
ESS: 1 / 1700
Diag(valid=1700, elite=170) ||dU~||2=4.86337 traceCovElite~=0.956635 R2=0.0387503 H(w)=6.69954e-303 perp=1 w_max=1
--------Variance: 8.19236e-19
Sum of |delta_u|: 0.658144
Post-update R2: 0.0171308
Final cost after weighting: 14.224795
E1_hat_1: 0.000588235
PI step 74 time: 0.0293133 seconds
********a(H_hat): 9.00672e-304
********New psi: 0.6
6.65032e-19           0
          0 6.65032e-19
Iteration: 75/100 ---------------------------
Expected cost over samples: -0.638831
min cost: -0.638831
%%%%%%%%%E1_hat: 0.000588235
ESS: 1 / 1700
Diag(valid=1700, elite=170) ||dU~||2=4.05939 traceCovElite~=0.607759 R2=0.0486027 H(w)=6.69954e-303 perp=1 w_max=1
--------Variance: 5.14957e-19
Sum of |delta_u|: 0.681204
Post-update R2: 0.0184384
Final cost after weighting: 14.224795
E1_hat_1: 0.000588235
PI step 75 time: 0.0288755 seconds
********a(H_hat): 9.00672e-304
********New psi: 0.6
3.99019e-19           0
          0 3.99019e-19
Iteration: 76/100 ---------------------------
Expected cost over samples: -0.638831
min cost: -0.638831
%%%%%%%%%E1_hat: 0.000588235
ESS: 1 / 1700
Diag(valid=1700, elite=170) ||dU~||2=2.96871 traceCovElite~=0.376628 R2=0.0290785 H(w)=6.69954e-303 perp=1 w_max=1
--------Variance: 2.75399e-19
Sum of |delta_u|: 0.620619
Post-update R2: 0.0226626
Final cost after weighting: 14.224795
E1_hat_1: 0.000588235
PI step 76 time: 0.0300331 seconds
********a(H_hat): 9.00672e-304
********New psi: 0.6
2.39412e-19           0
          0 2.39412e-19
Iteration: 77/100 ---------------------------
Expected cost over samples: -0.638831
min cost: -0.638831
%%%%%%%%%E1_hat: 0.000588235
ESS: 1 / 1700
Diag(valid=1700, elite=170) ||dU~||2=2.73906 traceCovElite~=0.226579 R2=0.0325825 H(w)=6.69954e-303 perp=1 w_max=1
--------Variance: 2.34451e-19
Sum of |delta_u|: 0.839026
Post-update R2: 0.0167649
Final cost after weighting: 14.224795
E1_hat_1: 0.000588235
PI step 77 time: 0.0286546 seconds
********a(H_hat): 9.00672e-304
********New psi: 0.6
1.43647e-19           0
          0 1.43647e-19
Iteration: 78/100 ---------------------------
Expected cost over samples: -0.638831
min cost: -0.638831
%%%%%%%%%E1_hat: 0.000588235
ESS: 1 / 1700
Diag(valid=1700, elite=170) ||dU~||2=2.3077 traceCovElite~=0.132677 R2=0.0319206 H(w)=6.69954e-303 perp=1 w_max=1
--------Variance: 1.66421e-19
Sum of |delta_u|: 0.921476
Post-update R2: 0.00842208
Final cost after weighting: 14.224795
E1_hat_1: 0.000588235
PI step 78 time: 0.0289936 seconds
********a(H_hat): 9.00672e-304
********New psi: 0.6
8.61882e-20           0
          0 8.61882e-20
Iteration: 79/100 ---------------------------
Expected cost over samples: -0.638831
min cost: -0.638831
%%%%%%%%%E1_hat: 0.000588235
ESS: 1 / 1700
Diag(valid=1700, elite=170) ||dU~||2=1.48015 traceCovElite~=0.0809765 R2=0.0436813 H(w)=6.69954e-303 perp=1 w_max=1
--------Variance: 6.8464e-20
Sum of |delta_u|: 0.709113
Post-update R2: 0.0177834
Final cost after weighting: 14.224795
E1_hat_1: 0.000588235
PI step 79 time: 0.0286012 seconds
********a(H_hat): 9.00672e-304
********New psi: 0.6
5.17129e-20           0
          0 5.17129e-20
Iteration: 80/100 ---------------------------
Expected cost over samples: -0.638831
min cost: -0.638831
%%%%%%%%%E1_hat: 0.000588235
ESS: 1 / 1700
Diag(valid=1700, elite=170) ||dU~||2=1.49076 traceCovElite~=0.047231 R2=0.0303167 H(w)=6.69954e-303 perp=1 w_max=1
--------Variance: 6.94485e-20
Sum of |delta_u|: 0.96481
Post-update R2: 0
Final cost after weighting: 14.224795
E1_hat_1: 0.000588235
PI step 80 time: 0.0297988 seconds
********a(H_hat): 9.00672e-304
********New psi: 0.6
3.10278e-20           0
          0 3.10278e-20
Iteration: 81/100 ---------------------------
Expected cost over samples: -0.638831
min cost: -0.638831
%%%%%%%%%E1_hat: 0.000588235
ESS: 1 / 1700
Diag(valid=1700, elite=170) ||dU~||2=1.15709 traceCovElite~=0.0286999 R2=0.0420603 H(w)=6.69954e-303 perp=1 w_max=1
--------Variance: 4.18384e-20
Sum of |delta_u|: 0.969063
Post-update R2: 0
Final cost after weighting: 14.224795
E1_hat_1: 0.000588235
PI step 81 time: 0.0286095 seconds
********a(H_hat): 9.00672e-304
********New psi: 0.6
1.86167e-20           0
          0 1.86167e-20
Iteration: 82/100 ---------------------------
Expected cost over samples: -0.638831
min cost: -0.638831
%%%%%%%%%E1_hat: 0.000588235
ESS: 1 / 1700
Diag(valid=1700, elite=170) ||dU~||2=0.93638 traceCovElite~=0.0173291 R2=0.0381286 H(w)=6.69954e-303 perp=1 w_max=1
--------Variance: 2.74002e-20
Sum of |delta_u|: 0.875853
Post-update R2: 0
Final cost after weighting: 14.224795
E1_hat_1: 0.000588235
PI step 82 time: 0.0286908 seconds
********a(H_hat): 9.00672e-304
********New psi: 0.6
1.117e-20         0
        0 1.117e-20
Iteration: 83/100 ---------------------------
Expected cost over samples: -0.638831
min cost: -0.638831
%%%%%%%%%E1_hat: 0.000588235
ESS: 1 / 1700
Diag(valid=1700, elite=170) ||dU~||2=0.706225 traceCovElite~=0.0103375 R2=0.0300767 H(w)=6.69954e-303 perp=1 w_max=1
--------Variance: 1.5586e-20
Sum of |delta_u|: 0.936722
Post-update R2: 0
Final cost after weighting: 14.224795
E1_hat_1: 0.000588235
PI step 83 time: 0.0283166 seconds
********a(H_hat): 9.00672e-304
********New psi: 0.6
6.70199e-21           0
          0 6.70199e-21
Iteration: 84/100 ---------------------------
Expected cost over samples: -0.638831
min cost: -0.638831
%%%%%%%%%E1_hat: 0.000588235
ESS: 1 / 1700
Diag(valid=1700, elite=170) ||dU~||2=0.449611 traceCovElite~=0.00623945 R2=0.0334455 H(w)=6.69954e-303 perp=1 w_max=1
--------Variance: 6.31696e-21
Sum of |delta_u|: 0.839952
Post-update R2: 0
Final cost after weighting: 14.224795
E1_hat_1: 0.000588235
PI step 84 time: 0.0284441 seconds
********a(H_hat): 9.00672e-304
********New psi: 0.6
4.0212e-21          0
         0 4.0212e-21
Iteration: 85/100 ---------------------------
Expected cost over samples: -0.638831
min cost: -0.638831
%%%%%%%%%E1_hat: 0.000588235
ESS: 1 / 1700
Diag(valid=1700, elite=170) ||dU~||2=0.360652 traceCovElite~=0.00368478 R2=0.0525446 H(w)=6.69954e-303 perp=1 w_max=1
--------Variance: 4.06469e-21
Sum of |delta_u|: 0.805332
Post-update R2: 0
Final cost after weighting: 14.224795
E1_hat_1: 0.000588235
PI step 85 time: 0.0285781 seconds
********a(H_hat): 9.00672e-304
********New psi: 0.6
2.41272e-21           0
          0 2.41272e-21
Iteration: 86/100 ---------------------------
Expected cost over samples: -0.638831
min cost: -0.638831
%%%%%%%%%E1_hat: 0.000588235
ESS: 1 / 1700
Diag(valid=1700, elite=170) ||dU~||2=0.285719 traceCovElite~=0.00225455 R2=0.0408856 H(w)=6.69954e-303 perp=1 w_max=1
--------Variance: 2.55104e-21
Sum of |delta_u|: 0.831536
Post-update R2: 0
Final cost after weighting: 14.224795
E1_hat_1: 0.000588235
PI step 86 time: 0.0304711 seconds
********a(H_hat): 9.00672e-304
********New psi: 0.6
1.44763e-21           0
          0 1.44763e-21
Iteration: 87/100 ---------------------------
Expected cost over samples: -0.638831
min cost: -0.638831
%%%%%%%%%E1_hat: 0.000588235
ESS: 1 / 1700
Diag(valid=1700, elite=170) ||dU~||2=0.218123 traceCovElite~=0.00138576 R2=0.0412295 H(w)=6.69954e-303 perp=1 w_max=1
--------Variance: 1.48681e-21
Sum of |delta_u|: 0.800336
Post-update R2: 0
Final cost after weighting: 14.224795
E1_hat_1: 0.000588235
PI step 87 time: 0.0354165 seconds
********a(H_hat): 9.00672e-304
********New psi: 0.6
8.68578e-22           0
          0 8.68578e-22
Iteration: 88/100 ---------------------------
Expected cost over samples: -0.638831
min cost: -0.638831
%%%%%%%%%E1_hat: 0.000588235
ESS: 1 / 1700
Diag(valid=1700, elite=170) ||dU~||2=0.172577 traceCovElite~=0.000785943 R2=0.0485642 H(w)=6.69954e-303 perp=1 w_max=1
--------Variance: 9.30712e-22
Sum of |delta_u|: 0.854507
Post-update R2: 0
Final cost after weighting: 14.224795
E1_hat_1: 0.000588235
PI step 88 time: 0.0301613 seconds
********a(H_hat): 9.00672e-304
********New psi: 0.6
5.21147e-22           0
          0 5.21147e-22
Iteration: 89/100 ---------------------------
Expected cost over samples: -0.638831
min cost: -0.638831
%%%%%%%%%E1_hat: 0.000588235
ESS: 1 / 1700
Diag(valid=1700, elite=170) ||dU~||2=0.135314 traceCovElite~=0.000500138 R2=0.0367436 H(w)=6.69954e-303 perp=1 w_max=1
--------Variance: 5.72177e-22
Sum of |delta_u|: 0.869053
Post-update R2: 0
Final cost after weighting: 14.224795
E1_hat_1: 0.000588235
PI step 89 time: 0.0297373 seconds
********a(H_hat): 9.00672e-304
********New psi: 0.6
3.12688e-22           0
          0 3.12688e-22
Iteration: 90/100 ---------------------------
Expected cost over samples: -0.638831
min cost: -0.638831
%%%%%%%%%E1_hat: 0.000588235
ESS: 1 / 1700
Diag(valid=1700, elite=170) ||dU~||2=0.11515 traceCovElite~=0.000297675 R2=0.0421154 H(w)=6.69954e-303 perp=1 w_max=1
--------Variance: 4.14358e-22
Sum of |delta_u|: 0.878492
Post-update R2: 0
Final cost after weighting: 14.224795
E1_hat_1: 0.000588235
PI step 90 time: 0.0296397 seconds
********a(H_hat): 9.00672e-304
********New psi: 0.6
1.87613e-22           0
          0 1.87613e-22
Iteration: 91/100 ---------------------------
Expected cost over samples: -0.638831
min cost: -0.638831
%%%%%%%%%E1_hat: 0.000588235
ESS: 1 / 1700
Diag(valid=1700, elite=170) ||dU~||2=0.0768382 traceCovElite~=0.000178242 R2=0.0302564 H(w)=6.69954e-303 perp=1 w_max=1
--------Variance: 1.84502e-22
Sum of |delta_u|: 0.803429
Post-update R2: 0
Final cost after weighting: 14.224795
E1_hat_1: 0.000588235
PI step 91 time: 0.0288862 seconds
********a(H_hat): 9.00672e-304
********New psi: 0.6
1.12568e-22           0
          0 1.12568e-22
Iteration: 92/100 ---------------------------
Expected cost over samples: -0.638831
min cost: -0.638831
%%%%%%%%%E1_hat: 0.000588235
ESS: 1 / 1700
Diag(valid=1700, elite=170) ||dU~||2=0.0739065 traceCovElite~=0.000107412 R2=0.0292475 H(w)=6.69954e-303 perp=1 w_max=1
--------Variance: 1.70693e-22
Sum of |delta_u|: 1.01902
Post-update R2: 0
Final cost after weighting: 14.224795
E1_hat_1: 0.000588235
PI step 92 time: 0.0284451 seconds
********a(H_hat): 9.00672e-304
********New psi: 0.6
6.75407e-23           0
          0 6.75407e-23
Iteration: 93/100 ---------------------------
Expected cost over samples: -0.638831
min cost: -0.638831
%%%%%%%%%E1_hat: 0.000588235
ESS: 1 / 1700
Diag(valid=1700, elite=170) ||dU~||2=0.0430501 traceCovElite~=6.3142e-05 R2=0.0490628 H(w)=6.69954e-303 perp=1 w_max=1
--------Variance: 5.7916e-23
Sum of |delta_u|: 0.686664
Post-update R2: 0
Final cost after weighting: 14.224795
E1_hat_1: 0.000588235
PI step 93 time: 0.0285095 seconds
********a(H_hat): 9.00672e-304
********New psi: 0.6
4.05244e-23           0
          0 4.05244e-23
Iteration: 94/100 ---------------------------
Expected cost over samples: -0.638831
min cost: -0.638831
%%%%%%%%%E1_hat: 0.000588235
ESS: 1 / 1700
Diag(valid=1700, elite=170) ||dU~||2=0.0352901 traceCovElite~=3.64814e-05 R2=0.0523114 H(w)=6.69954e-303 perp=1 w_max=1
--------Variance: 3.89182e-23
Sum of |delta_u|: 0.82308
Post-update R2: 0
Final cost after weighting: 14.224795
E1_hat_1: 0.000588235
PI step 94 time: 0.0285961 seconds
********a(H_hat): 9.00672e-304
********New psi: 0.6
2.43146e-23           0
          0 2.43146e-23
Iteration: 95/100 ---------------------------
Expected cost over samples: -0.638831
min cost: -0.638831
%%%%%%%%%E1_hat: 0.000588235
ESS: 1 / 1700
Diag(valid=1700, elite=170) ||dU~||2=0.028844 traceCovElite~=2.25073e-05 R2=0.0529448 H(w)=6.69954e-303 perp=1 w_max=1
--------Variance: 2.59992e-23
Sum of |delta_u|: 0.89707
Post-update R2: 0
Final cost after weighting: 14.224795
E1_hat_1: 0.000588235
PI step 95 time: 0.0298851 seconds
********a(H_hat): 9.00672e-304
********New psi: 0.6
1.45888e-23           0
          0 1.45888e-23
Iteration: 96/100 ---------------------------
Expected cost over samples: -0.638831
min cost: -0.638831
%%%%%%%%%E1_hat: 0.000588235
ESS: 1 / 1700
Diag(valid=1700, elite=170) ||dU~||2=0.0243722 traceCovElite~=1.40361e-05 R2=0.0293624 H(w)=6.69954e-303 perp=1 w_max=1
--------Variance: 1.85626e-23
Sum of |delta_u|: 0.910229
Post-update R2: 0
Final cost after weighting: 14.224795
E1_hat_1: 0.000588235
PI step 96 time: 0.0298249 seconds
********a(H_hat): 9.00672e-304
********New psi: 0.6
8.75327e-24           0
          0 8.75327e-24
Iteration: 97/100 ---------------------------
Expected cost over samples: -0.638831
min cost: -0.638831
%%%%%%%%%E1_hat: 0.000588235
ESS: 1 / 1700
Diag(valid=1700, elite=170) ||dU~||2=0.0212916 traceCovElite~=8.20431e-06 R2=0.0316875 H(w)=6.69954e-303 perp=1 w_max=1
--------Variance: 1.41667e-23
Sum of |delta_u|: 1.00798
Post-update R2: 0
Final cost after weighting: 14.224795
E1_hat_1: 0.000588235
PI step 97 time: 0.029117 seconds
********a(H_hat): 9.00672e-304
********New psi: 0.6
5.25196e-24           0
          0 5.25196e-24
Iteration: 98/100 ---------------------------
Expected cost over samples: -0.638831
min cost: -0.638831
%%%%%%%%%E1_hat: 0.000588235
ESS: 1 / 1700
Diag(valid=1700, elite=170) ||dU~||2=0.0114051 traceCovElite~=4.81266e-06 R2=0.0530042 H(w)=6.69954e-303 perp=1 w_max=1
--------Variance: 4.06487e-24
Sum of |delta_u|: 0.695428
Post-update R2: 0
Final cost after weighting: 14.224795
E1_hat_1: 0.000588235
PI step 98 time: 0.0287235 seconds
********a(H_hat): 9.00672e-304
********New psi: 0.6
3.15118e-24           0
          0 3.15118e-24
Iteration: 99/100 ---------------------------
Expected cost over samples: -0.638831
min cost: -0.638831
%%%%%%%%%E1_hat: 0.000588235
ESS: 1 / 1700
Diag(valid=1700, elite=170) ||dU~||2=0.010423 traceCovElite~=2.91781e-06 R2=0.0510546 H(w)=6.69954e-303 perp=1 w_max=1
--------Variance: 3.39493e-24
Sum of |delta_u|: 0.84216
Post-update R2: 0
Final cost after weighting: 14.224795
E1_hat_1: 0.000588235
PI step 99 time: 0.029154 seconds
********a(H_hat): 9.00672e-304
********New psi: 0.6
1.89071e-24           0
          0 1.89071e-24
Iteration: 100/100 ---------------------------
Expected cost over samples: -0.638831
min cost: -0.638831
%%%%%%%%%E1_hat: 0.000588235
ESS: 1 / 1700
Diag(valid=1700, elite=170) ||dU~||2=0.00641217 traceCovElite~=1.76692e-06 R2=0.0253511 H(w)=6.69954e-303 perp=1 w_max=1
--------Variance: 1.28486e-24
Sum of |delta_u|: 0.647745
Post-update R2: 0
Final cost after weighting: 14.224795
E1_hat_1: 0.000588235
PI step 100 time: 0.0291306 seconds
********a(H_hat): 9.00672e-304
********New psi: 0.6
1.13442e-24           0
          0 1.13442e-24
Optimal cost 14.224794933059849
Optimal rob  0.06388308248173646
Solver time  2.969628625
