R_ : 2
Iteration: 0/150 ---------------------------
Expected cost over samples: -0.631296
min cost: -52.6524
%%%%%%%%%E1_hat: 0.0537619
ESS: 606.291 / 1500
Diag(valid=1500, elite=150) ||dU~||2=0.833266 traceCovElite~=0.978653 R2=0.00385683 H(w)=6.93252 perp=1025.07 w_max=0.0124004
--------Variance: 0.018216
Sum of |delta_u|: 0.21618
Post-update R2: 0.209295
Final cost after weighting: 2.111079
E1_hat_1: 0.0537619
PI step 0 time: 0.0192123 seconds
********a: -2.92319
********New psi: 0.8
6.4
Iteration: 1/150 ---------------------------
Expected cost over samples: -9.19421
min cost: -29.7833
%%%%%%%%%E1_hat: 0.222476
ESS: 1204.28 / 1500
Diag(valid=1500, elite=150) ||dU~||2=0.168396 traceCovElite~=1.19395 R2=0.0200687 H(w)=7.20646 perp=1348.11 w_max=0.00299657
--------Variance: 0.00606068
Sum of |delta_u|: 0.0386898
Post-update R2: 0.000911695
Final cost after weighting: 2.125856
E1_hat_1: 0.222476
PI step 1 time: 0.0161265 seconds
********a: -1.50293
********New psi: 0.8
5.12
Iteration: 2/150 ---------------------------
Expected cost over samples: -7.61095
min cost: -24.7855
%%%%%%%%%E1_hat: 0.208476
ESS: 1193.97 / 1500
Diag(valid=1500, elite=150) ||dU~||2=0.092408 traceCovElite~=1.21407 R2=0.032626 H(w)=7.20222 perp=1342.4 w_max=0.00319782
--------Variance: 0.00486386
Sum of |delta_u|: 0.0235296
Post-update R2: 0.0154624
Final cost after weighting: 2.130422
E1_hat_1: 0.208476
PI step 2 time: 0.0168574 seconds
********a: -1.56793
********New psi: 0.8
4.096
Iteration: 3/150 ---------------------------
Expected cost over samples: -7.27045
min cost: -22.988
%%%%%%%%%E1_hat: 0.172219
ESS: 1080.48 / 1500
Diag(valid=1500, elite=150) ||dU~||2=0.193796 traceCovElite~=1.22844 R2=0.03594 H(w)=7.15209 perp=1276.78 w_max=0.00387103
--------Variance: 0.00441278
Sum of |delta_u|: 0.043229
Post-update R2: 0.0397792
Final cost after weighting: 2.340554
E1_hat_1: 0.172219
PI step 3 time: 0.0174713 seconds
********a: -1.75899
********New psi: 0.8
3.2768
Iteration: 4/150 ---------------------------
Expected cost over samples: -6.50588
min cost: -26.9095
%%%%%%%%%E1_hat: 0.0538752
ESS: 875.122 / 1500
Diag(valid=1500, elite=150) ||dU~||2=0.10522 traceCovElite~=1.1841 R2=0.0348428 H(w)=7.0993 perp=1211.12 w_max=0.0123743
--------Variance: 0.00475227
Sum of |delta_u|: 0.0242643
Post-update R2: 0.0367975
Final cost after weighting: 2.197641
E1_hat_1: 0.0538752
PI step 4 time: 0.0168363 seconds
********a: -2.92108
********New psi: 0.8
2.62144
Iteration: 5/150 ---------------------------
Expected cost over samples: -5.99076
min cost: -17.6183
%%%%%%%%%E1_hat: 0.14079
ESS: 893.26 / 1500
Diag(valid=1500, elite=150) ||dU~||2=0.110574 traceCovElite~=1.23118 R2=0.0263147 H(w)=7.05033 perp=1153.24 w_max=0.00473518
--------Variance: 0.00344721
Sum of |delta_u|: 0.0251795
Post-update R2: 0.00156913
Final cost after weighting: 1.753106
E1_hat_1: 0.14079
PI step 5 time: 0.0166007 seconds
********a: -1.96048
********New psi: 0.8
2.09715
Iteration: 6/150 ---------------------------
Expected cost over samples: -6.15701
min cost: -21.0094
%%%%%%%%%E1_hat: 0.04098
ESS: 615.031 / 1500
Diag(valid=1500, elite=150) ||dU~||2=0.253716 traceCovElite~=1.21325 R2=0.0494065 H(w)=6.92888 perp=1021.35 w_max=0.0162681
--------Variance: 0.00451646
Sum of |delta_u|: 0.0607054
Post-update R2: 0.0389264
Final cost after weighting: 1.544553
E1_hat_1: 0.04098
PI step 6 time: 0.0163893 seconds
********a: -3.19467
********New psi: 0.8
1.67772
Iteration: 7/150 ---------------------------
Expected cost over samples: -5.48531
min cost: -20.7277
%%%%%%%%%E1_hat: 0.0179511
ESS: 315.481 / 1500
Diag(valid=1500, elite=150) ||dU~||2=0.231625 traceCovElite~=1.28696 R2=0.0891387 H(w)=6.69412 perp=807.643 w_max=0.0371379
--------Variance: 0.00945293
Sum of |delta_u|: 0.0574991
Post-update R2: 0.0742812
Final cost after weighting: 1.798818
E1_hat_1: 0.0179511
PI step 7 time: 0.0167078 seconds
********a: -4.0201
********New psi: 0.8
1.34218
Iteration: 8/150 ---------------------------
Expected cost over samples: -4.99588
min cost: -17.5877
%%%%%%%%%E1_hat: 0.0171005
ESS: 263.621 / 1500
Diag(valid=1500, elite=150) ||dU~||2=0.261996 traceCovElite~=1.26763 R2=0.0556296 H(w)=6.58031 perp=720.759 w_max=0.0389852
--------Variance: 0.00869801
Sum of |delta_u|: 0.0695409
Post-update R2: 0.0840928
Final cost after weighting: 1.855255
E1_hat_1: 0.0171005
PI step 8 time: 0.015974 seconds
********a: -4.06865
********New psi: 0.8
1.07374
Iteration: 9/150 ---------------------------
Expected cost over samples: -4.57318
min cost: -13.1679
%%%%%%%%%E1_hat: 0.0406165
ESS: 343.134 / 1500
Diag(valid=1500, elite=150) ||dU~||2=0.526677 traceCovElite~=1.19191 R2=0.0531609 H(w)=6.5118 perp=673.035 w_max=0.0164137
--------Variance: 0.0043647
Sum of |delta_u|: 0.133692
Post-update R2: 0.0558529
Final cost after weighting: 0.168893
E1_hat_1: 0.0406165
PI step 9 time: 0.015972 seconds
********a: -3.20358
********New psi: 0.8
0.858993
Iteration: 10/150 ---------------------------
Expected cost over samples: -6.15949
min cost: -14.8212
%%%%%%%%%E1_hat: 0.0158654
ESS: 179.372 / 1500
Diag(valid=1500, elite=150) ||dU~||2=0.374798 traceCovElite~=1.27331 R2=0.0253683 H(w)=6.28068 perp=534.151 w_max=0.0420203
--------Variance: 0.00908471
Sum of |delta_u|: 0.0797821
Post-update R2: 0.0228498
Final cost after weighting: 0.823865
E1_hat_1: 0.0158654
PI step 10 time: 0.0166009 seconds
********a: -4.14362
********New psi: 0.8
0.687195
Iteration: 11/150 ---------------------------
Expected cost over samples: -5.04524
min cost: -12.7776
%%%%%%%%%E1_hat: 0.013771
ESS: 144.244 / 1500
Diag(valid=1500, elite=150) ||dU~||2=0.636423 traceCovElite~=1.27046 R2=0.0216142 H(w)=6.00002 perp=403.437 w_max=0.048411
--------Variance: 0.00815106
Sum of |delta_u|: 0.15388
Post-update R2: 0.00711787
Final cost after weighting: -0.687091
E1_hat_1: 0.013771
PI step 11 time: 0.0163075 seconds
********a: -4.28519
********New psi: 0.8
0.549756
Iteration: 12/150 ---------------------------
Expected cost over samples: -7.06347
min cost: -15.6381
%%%%%%%%%E1_hat: 0.00190516
ESS: 7.9414 / 1500
Diag(valid=1500, elite=150) ||dU~||2=1.91214 traceCovElite~=1.13933 R2=0.00223469 H(w)=4.62816 perp=102.326 w_max=0.349926
--------Variance: 0.172123
Sum of |delta_u|: 0.465275
Post-update R2: 0.00309395
Final cost after weighting: 0.753874
E1_hat_1: 0.00190516
PI step 12 time: 0.0161923 seconds
********a: -6.26319
********New psi: 0.8
0.439805
Iteration: 13/150 ---------------------------
Expected cost over samples: -5.3316
min cost: -12.8702
%%%%%%%%%E1_hat: 0.00334806
ESS: 19.485 / 1500
Diag(valid=1500, elite=150) ||dU~||2=2.17292 traceCovElite~=0.994637 R2=0.000316466 H(w)=4.57876 perp=97.3937 w_max=0.199121
--------Variance: 0.0350065
Sum of |delta_u|: 0.531518
Post-update R2: 0.172448
Final cost after weighting: -2.018043
E1_hat_1: 0.00334806
PI step 13 time: 0.0162773 seconds
********a: -5.69938
********New psi: 0.8
0.351844
Iteration: 14/150 ---------------------------
Expected cost over samples: -8.44452
min cost: -13.3023
%%%%%%%%%E1_hat: 0.00771805
ESS: 74.5059 / 1500
Diag(valid=1500, elite=150) ||dU~||2=0.903625 traceCovElite~=0.994511 R2=0.0365882 H(w)=5.7011 perp=299.196 w_max=0.0863776
--------Variance: 0.00680188
Sum of |delta_u|: 0.203379
Post-update R2: 0.0210737
Final cost after weighting: -1.867357
E1_hat_1: 0.00771805
PI step 14 time: 0.0162707 seconds
********a: -4.86419
********New psi: 0.8
0.281475
Iteration: 15/150 ---------------------------
Expected cost over samples: -8.59148
min cost: -12.5027
%%%%%%%%%E1_hat: 0.00774308
ESS: 57.7796 / 1500
Diag(valid=1500, elite=150) ||dU~||2=0.627196 traceCovElite~=1.08778 R2=0.0181384 H(w)=5.48743 perp=241.635 w_max=0.0860984
--------Variance: 0.00937091
Sum of |delta_u|: 0.147186
Post-update R2: 0.00513672
Final cost after weighting: -0.915305
E1_hat_1: 0.00774308
PI step 15 time: 0.016221 seconds
********a: -4.86096
********New psi: 0.8
0.22518
Iteration: 16/150 ---------------------------
Expected cost over samples: -8.55932
min cost: -11.4329
%%%%%%%%%E1_hat: 0.0176815
ESS: 121.849 / 1500
Diag(valid=1500, elite=150) ||dU~||2=0.775715 traceCovElite~=1.01983 R2=0.0141093 H(w)=5.66689 perp=289.135 w_max=0.0377043
--------Variance: 0.00250186
Sum of |delta_u|: 0.188902
Post-update R2: 0.0388144
Final cost after weighting: -1.181118
E1_hat_1: 0.0176815
PI step 16 time: 0.0165629 seconds
********a: -4.03524
********New psi: 0.8
0.180144
Iteration: 17/150 ---------------------------
Expected cost over samples: -9.52085
min cost: -12.4561
%%%%%%%%%E1_hat: 0.00616295
ESS: 49.9494 / 1500
Diag(valid=1500, elite=150) ||dU~||2=0.592705 traceCovElite~=1.10037 R2=0.017113 H(w)=5.16962 perp=175.847 w_max=0.108173
--------Variance: 0.00428053
Sum of |delta_u|: 0.151507
Post-update R2: 0.00548201
Final cost after weighting: -1.532004
E1_hat_1: 0.00616295
PI step 17 time: 0.015421 seconds
********a: -5.0892
********New psi: 0.8
0.144115
Iteration: 18/150 ---------------------------
Expected cost over samples: -9.38826
min cost: -12.2409
%%%%%%%%%E1_hat: 0.00207216
ESS: 9.25395 / 1500
Diag(valid=1500, elite=150) ||dU~||2=1.61747 traceCovElite~=0.963804 R2=0.0253682 H(w)=4.28257 perp=72.426 w_max=0.321726
--------Variance: 0.0378573
Sum of |delta_u|: 0.33035
Post-update R2: 5.53737e-06
Final cost after weighting: -0.910391
E1_hat_1: 0.00207216
PI step 18 time: 0.0165757 seconds
********a: -6.17917
********New psi: 0.8
0.115292
Iteration: 19/150 ---------------------------
Expected cost over samples: -10.437
min cost: -13.0525
%%%%%%%%%E1_hat: 0.00303305
ESS: 14.4986 / 1500
Diag(valid=1500, elite=150) ||dU~||2=1.48534 traceCovElite~=0.934996 R2=0.00970891 H(w)=3.98164 perp=53.6049 w_max=0.219801
--------Variance: 0.0095016
Sum of |delta_u|: 0.336537
Post-update R2: 0.000836487
Final cost after weighting: -1.005631
E1_hat_1: 0.00303305
PI step 19 time: 0.0159901 seconds
********a: -5.79819
********New psi: 0.8
0.0922337
Iteration: 20/150 ---------------------------
Expected cost over samples: -10.3403
min cost: -12.4513
%%%%%%%%%E1_hat: 0.00493621
ESS: 16.6302 / 1500
Diag(valid=1500, elite=150) ||dU~||2=0.973104 traceCovElite~=1.07031 R2=0.0151567 H(w)=3.81234 perp=45.2562 w_max=0.135056
--------Variance: 0.00730732
Sum of |delta_u|: 0.221516
Post-update R2: 0.00941731
Final cost after weighting: -0.885049
E1_hat_1: 0.00493621
PI step 20 time: 0.0156328 seconds
********a: -5.31116
********New psi: 0.8
0.073787
Iteration: 21/150 ---------------------------
Expected cost over samples: -10.4555
min cost: -12.2161
%%%%%%%%%E1_hat: 0.00829968
ESS: 36.2963 / 1500
Diag(valid=1500, elite=150) ||dU~||2=1.13193 traceCovElite~=1.07684 R2=0.00502999 H(w)=4.23939 perp=69.3656 w_max=0.0803244
--------Variance: 0.00238182
Sum of |delta_u|: 0.241774
Post-update R2: 0.00934238
Final cost after weighting: -1.997909
E1_hat_1: 0.00829968
PI step 21 time: 0.0159127 seconds
********a: -4.79154
********New psi: 0.8
0.0590296
Iteration: 22/150 ---------------------------
Expected cost over samples: -10.5857
min cost: -12.1915
%%%%%%%%%E1_hat: 0.00347103
ESS: 15.1581 / 1500
Diag(valid=1500, elite=150) ||dU~||2=2.10125 traceCovElite~=0.812548 R2=0.0405025 H(w)=3.73307 perp=41.8072 w_max=0.192066
--------Variance: 0.00507383
Sum of |delta_u|: 0.460193
Post-update R2: 0.0667901
Final cost after weighting: -2.839052
E1_hat_1: 0.00347103
PI step 22 time: 0.0161789 seconds
********a: -5.6633
********New psi: 0.8
0.0472237
Iteration: 23/150 ---------------------------
Expected cost over samples: -11.2211
min cost: -12.2902
%%%%%%%%%E1_hat: 0.0196181
ESS: 100.046 / 1500
Diag(valid=1500, elite=150) ||dU~||2=0.580401 traceCovElite~=0.815737 R2=0.108205 H(w)=5.13343 perp=169.599 w_max=0.0339823
--------Variance: 0.000469037
Sum of |delta_u|: 0.122872
Post-update R2: 0.0614385
Final cost after weighting: -2.950395
E1_hat_1: 0.0196181
PI step 23 time: 0.0168574 seconds
********a: -3.9313
********New psi: 0.8
0.0377789
Iteration: 24/150 ---------------------------
Expected cost over samples: -11.1146
min cost: -12.0631
%%%%%%%%%E1_hat: 0.0170514
ESS: 87.83 / 1500
Diag(valid=1500, elite=150) ||dU~||2=0.4047 traceCovElite~=0.795963 R2=0.111584 H(w)=4.97726 perp=145.076 w_max=0.0390976
--------Variance: 0.000321562
Sum of |delta_u|: 0.103412
Post-update R2: 0.0665543
Final cost after weighting: -2.953974
E1_hat_1: 0.0170514
PI step 24 time: 0.0162229 seconds
********a: -4.07153
********New psi: 0.8
0.0302231
Iteration: 25/150 ---------------------------
Expected cost over samples: -11.0273
min cost: -11.8793
%%%%%%%%%E1_hat: 0.0129295
ESS: 64.6177 / 1500
Diag(valid=1500, elite=150) ||dU~||2=0.420548 traceCovElite~=0.80596 R2=0.0805666 H(w)=4.73168 perp=113.486 w_max=0.0515616
--------Variance: 0.000437098
Sum of |delta_u|: 0.089581
Post-update R2: 0.0399306
Final cost after weighting: -2.957057
E1_hat_1: 0.0129295
PI step 25 time: 0.01617 seconds
********a: -4.34824
********New psi: 0.8
0.0241785
Iteration: 26/150 ---------------------------
Expected cost over samples: -11.2495
min cost: -12.0571
%%%%%%%%%E1_hat: 0.00930781
ESS: 38.7071 / 1500
Diag(valid=1500, elite=150) ||dU~||2=0.589794 traceCovElite~=0.804061 R2=0.104169 H(w)=4.30744 perp=74.25 w_max=0.0716244
--------Variance: 0.00045315
Sum of |delta_u|: 0.135087
Post-update R2: 0.0293937
Final cost after weighting: -2.974727
E1_hat_1: 0.00930781
PI step 26 time: 0.0163672 seconds
********a: -4.6769
********New psi: 0.8
0.0193428
Iteration: 27/150 ---------------------------
Expected cost over samples: -11.2916
min cost: -12.0017
%%%%%%%%%E1_hat: 0.00982716
ESS: 43.4394 / 1500
Diag(valid=1500, elite=150) ||dU~||2=0.458416 traceCovElite~=0.83376 R2=0.095005 H(w)=4.34037 perp=76.7359 w_max=0.0678392
--------Variance: 0.000407002
Sum of |delta_u|: 0.106013
Post-update R2: 0.0240453
Final cost after weighting: -2.966890
E1_hat_1: 0.00982716
PI step 27 time: 0.0170804 seconds
********a: -4.62261
********New psi: 0.8
0.0154743
Iteration: 28/150 ---------------------------
Expected cost over samples: -11.4247
min cost: -12.0385
%%%%%%%%%E1_hat: 0.00702904
ESS: 30.9997 / 1500
Diag(valid=1500, elite=150) ||dU~||2=0.628389 traceCovElite~=0.784735 R2=0.0887916 H(w)=4.03525 perp=56.557 w_max=0.0948446
--------Variance: 0.000363851
Sum of |delta_u|: 0.155963
Post-update R2: 0.0463132
Final cost after weighting: -2.977773
E1_hat_1: 0.00702904
PI step 28 time: 0.0169088 seconds
********a: -4.9577
********New psi: 0.8
0.0123794
Iteration: 29/150 ---------------------------
Expected cost over samples: -11.4324
min cost: -12.0062
%%%%%%%%%E1_hat: 0.0043494
ESS: 21.3647 / 1500
Diag(valid=1500, elite=150) ||dU~||2=0.625297 traceCovElite~=0.860777 R2=0.0808904 H(w)=3.78161 perp=43.8867 w_max=0.153278
--------Variance: 0.000421789
Sum of |delta_u|: 0.144789
Post-update R2: 0.0341483
Final cost after weighting: -2.981072
E1_hat_1: 0.0043494
PI step 29 time: 0.016741 seconds
********a: -5.43772
********New psi: 0.8
0.00990352
Iteration: 30/150 ---------------------------
Expected cost over samples: -11.5159
min cost: -12.0361
%%%%%%%%%E1_hat: 0.00372866
ESS: 13.2918 / 1500
Diag(valid=1500, elite=150) ||dU~||2=1.24947 traceCovElite~=0.80121 R2=0.0944517 H(w)=3.29297 perp=26.9227 w_max=0.178795
--------Variance: 0.000744829
Sum of |delta_u|: 0.286592
Post-update R2: 0.0467134
Final cost after weighting: -2.977276
E1_hat_1: 0.00372866
PI step 30 time: 0.0168101 seconds
********a: -5.59171
********New psi: 0.8
0.00792282
Iteration: 31/150 ---------------------------
Expected cost over samples: -11.6316
min cost: -12.112
%%%%%%%%%E1_hat: 0.00192066
ESS: 6.40051 / 1500
Diag(valid=1500, elite=150) ||dU~||2=1.61865 traceCovElite~=0.870964 R2=0.063198 H(w)=2.73816 perp=15.4584 w_max=0.347103
--------Variance: 0.00130611
Sum of |delta_u|: 0.411034
Post-update R2: 0.0346451
Final cost after weighting: -2.983233
E1_hat_1: 0.00192066
PI step 31 time: 0.0158873 seconds
********a: -6.25509
********New psi: 0.8
0.00633825
Iteration: 32/150 ---------------------------
Expected cost over samples: -11.818
min cost: -12.2296
%%%%%%%%%E1_hat: 0.00263211
ESS: 9.17491 / 1500
Diag(valid=1500, elite=150) ||dU~||2=1.21072 traceCovElite~=0.820324 R2=0.0627625 H(w)=2.93989 perp=18.9138 w_max=0.253282
--------Variance: 0.000782537
Sum of |delta_u|: 0.270606
Post-update R2: 0.0147837
Final cost after weighting: -2.981654
E1_hat_1: 0.00263211
PI step 32 time: 0.0165512 seconds
********a: -5.93997
********New psi: 0.8
0.0050706
Iteration: 33/150 ---------------------------
Expected cost over samples: -11.5802
min cost: -11.9455
%%%%%%%%%E1_hat: 0.00390088
ESS: 14.3625 / 1500
Diag(valid=1500, elite=150) ||dU~||2=1.2529 traceCovElite~=0.878787 R2=0.0748273 H(w)=3.10285 perp=22.2614 w_max=0.170901
--------Variance: 0.00034292
Sum of |delta_u|: 0.340129
Post-update R2: 0.0449573
Final cost after weighting: -2.979778
E1_hat_1: 0.00390088
PI step 33 time: 0.0170686 seconds
********a: -5.54655
********New psi: 0.8
0.00405648
Iteration: 34/150 ---------------------------
Expected cost over samples: -11.633
min cost: -11.9443
%%%%%%%%%E1_hat: 0.0017883
ESS: 5.40721 / 1500
Diag(valid=1500, elite=150) ||dU~||2=1.54618 traceCovElite~=0.817983 R2=0.0840936 H(w)=2.38772 perp=10.8886 w_max=0.372794
--------Variance: 0.00067436
Sum of |delta_u|: 0.410721
Post-update R2: 0.0316942
Final cost after weighting: -2.991431
E1_hat_1: 0.0017883
PI step 34 time: 0.0175335 seconds
********a: -6.32649
********New psi: 0.8
0.00324519
Iteration: 35/150 ---------------------------
Expected cost over samples: -11.6931
min cost: -11.982
%%%%%%%%%E1_hat: 0.00536357
ESS: 16.1669 / 1500
Diag(valid=1500, elite=150) ||dU~||2=0.626689 traceCovElite~=0.818926 R2=0.0810902 H(w)=3.12807 perp=22.8298 w_max=0.124295
--------Variance: 0.000136312
Sum of |delta_u|: 0.159475
Post-update R2: 0.0211232
Final cost after weighting: -2.986081
E1_hat_1: 0.00536357
PI step 35 time: 0.0174581 seconds
********a: -5.22813
********New psi: 0.8
0.00259615
Iteration: 36/150 ---------------------------
Expected cost over samples: -11.6916
min cost: -11.9484
%%%%%%%%%E1_hat: 0.00296314
ESS: 10.1911 / 1500
Diag(valid=1500, elite=150) ||dU~||2=0.976804 traceCovElite~=0.772014 R2=0.0954171 H(w)=2.80275 perp=16.4899 w_max=0.224987
--------Variance: 0.000231802
Sum of |delta_u|: 0.248819
Post-update R2: 0.040566
Final cost after weighting: -2.988727
E1_hat_1: 0.00296314
PI step 36 time: 0.0169573 seconds
********a: -5.82151
********New psi: 0.8
0.00207692
Iteration: 37/150 ---------------------------
Expected cost over samples: -11.7145
min cost: -11.9442
%%%%%%%%%E1_hat: 0.001556
ESS: 4.51588 / 1500
Diag(valid=1500, elite=150) ||dU~||2=1.58499 traceCovElite~=0.78999 R2=0.0906763 H(w)=2.12984 perp=8.41352 w_max=0.428448
--------Variance: 0.000481154
Sum of |delta_u|: 0.33171
Post-update R2: 0.0495444
Final cost after weighting: -2.987870
E1_hat_1: 0.001556
PI step 37 time: 0.0163002 seconds
********a: -6.46563
********New psi: 0.8
0.00166153
Iteration: 38/150 ---------------------------
Expected cost over samples: -11.6349
min cost: -11.8477
%%%%%%%%%E1_hat: 0.000882764
ESS: 1.7056 / 1500
Diag(valid=1500, elite=150) ||dU~||2=3.35441 traceCovElite~=0.870099 R2=0.0700622 H(w)=0.997378 perp=2.71116 w_max=0.755204
--------Variance: 0.00175869
Sum of |delta_u|: 0.863088
Post-update R2: 0.0128701
Final cost after weighting: -2.981696
E1_hat_1: 0.000882764
PI step 38 time: 0.0164273 seconds
********a: -7.03245
********New psi: 0.8
0.00132923
Iteration: 39/150 ---------------------------
Expected cost over samples: -11.787
min cost: -11.9708
%%%%%%%%%E1_hat: 0.00158029
ESS: 3.14019 / 1500
Diag(valid=1500, elite=150) ||dU~||2=2.04841 traceCovElite~=0.885968 R2=0.0898465 H(w)=1.33533 perp=3.80126 w_max=0.421865
--------Variance: 0.000391844
Sum of |delta_u|: 0.464043
Post-update R2: 0.0232037
Final cost after weighting: -2.983804
E1_hat_1: 0.00158029
PI step 39 time: 0.0163074 seconds
********a: -6.45015
********New psi: 0.8
0.00106338
Iteration: 40/150 ---------------------------
Expected cost over samples: -11.8237
min cost: -12.0024
%%%%%%%%%E1_hat: 0.00110148
ESS: 1.93264 / 1500
Diag(valid=1500, elite=150) ||dU~||2=3.84775 traceCovElite~=0.805784 R2=0.0946235 H(w)=0.712596 perp=2.03928 w_max=0.605249
--------Variance: 0.000884384
Sum of |delta_u|: 0.870218
Post-update R2: 0.0528689
Final cost after weighting: -2.988312
E1_hat_1: 0.00110148
PI step 40 time: 0.0161841 seconds
********a: -6.81111
********New psi: 0.8
0.000850706
Iteration: 41/150 ---------------------------
Expected cost over samples: -11.8731
min cost: -12.0162
%%%%%%%%%E1_hat: 0.00112967
ESS: 2.51127 / 1500
Diag(valid=1500, elite=150) ||dU~||2=1.46259 traceCovElite~=0.836111 R2=0.0713535 H(w)=1.29762 perp=3.66058 w_max=0.590144
--------Variance: 0.000163508
Sum of |delta_u|: 0.373204
Post-update R2: 0.0477823
Final cost after weighting: -2.989752
E1_hat_1: 0.00112967
PI step 41 time: 0.016972 seconds
********a: -6.78583
********New psi: 0.8
0.000680565
Iteration: 42/150 ---------------------------
Expected cost over samples: -11.8009
min cost: -11.9368
%%%%%%%%%E1_hat: 0.000748755
ESS: 1.25573 / 1500
Diag(valid=1500, elite=150) ||dU~||2=3.6178 traceCovElite~=0.828744 R2=0.0580567 H(w)=0.498864 perp=1.64685 w_max=0.890367
--------Variance: 0.00077094
Sum of |delta_u|: 0.793826
Post-update R2: 0.0363175
Final cost after weighting: -2.995611
E1_hat_1: 0.000748755
PI step 42 time: 0.0165705 seconds
********a: -7.1971
********New psi: 0.8
0.000544452
Iteration: 43/150 ---------------------------
Expected cost over samples: -11.916
min cost: -12.0397
%%%%%%%%%E1_hat: 0.00145845
ESS: 2.53928 / 1500
Diag(valid=1500, elite=150) ||dU~||2=1.95721 traceCovElite~=0.797891 R2=0.0776232 H(w)=1.07627 perp=2.93371 w_max=0.457105
--------Variance: 0.000190601
Sum of |delta_u|: 0.499008
Post-update R2: 0.0359218
Final cost after weighting: -2.995256
E1_hat_1: 0.00145845
PI step 43 time: 0.0167955 seconds
********a: -6.53038
********New psi: 0.8
0.000435561
Iteration: 44/150 ---------------------------
Expected cost over samples: -11.8035
min cost: -11.9118
%%%%%%%%%E1_hat: 0.000934293
ESS: 1.80456 / 1500
Diag(valid=1500, elite=150) ||dU~||2=1.70638 traceCovElite~=0.806266 R2=0.0499543 H(w)=0.898548 perp=2.45603 w_max=0.713552
--------Variance: 0.000127339
Sum of |delta_u|: 0.416482
Post-update R2: 0.0231384
Final cost after weighting: -2.996063
E1_hat_1: 0.000934293
PI step 44 time: 0.0169609 seconds
********a: -6.97572
********New psi: 0.8
0.000348449
Iteration: 45/150 ---------------------------
Expected cost over samples: -11.8159
min cost: -11.9123
%%%%%%%%%E1_hat: 0.0012019
ESS: 2.716 / 1500
Diag(valid=1500, elite=150) ||dU~||2=1.83811 traceCovElite~=0.785356 R2=0.100649 H(w)=1.33287 perp=3.79192 w_max=0.554676
--------Variance: 8.65672e-05
Sum of |delta_u|: 0.392065
Post-update R2: 0.0614355
Final cost after weighting: -2.996436
E1_hat_1: 0.0012019
PI step 45 time: 0.0161307 seconds
********a: -6.72385
********New psi: 0.8
0.000278759
Iteration: 46/150 ---------------------------
Expected cost over samples: -11.8654
min cost: -11.9526
%%%%%%%%%E1_hat: 0.000685068
ESS: 1.05581 / 1500
Diag(valid=1500, elite=150) ||dU~||2=3.08218 traceCovElite~=0.842675 R2=0.0707237 H(w)=0.172694 perp=1.1885 w_max=0.973139
--------Variance: 0.000240144
Sum of |delta_u|: 0.808048
Post-update R2: 0.0269291
Final cost after weighting: -2.996377
E1_hat_1: 0.000685068
PI step 46 time: 0.0160748 seconds
********a: -7.28599
********New psi: 0.8
0.000223007
Iteration: 47/150 ---------------------------
Expected cost over samples: -11.8205
min cost: -11.8993
%%%%%%%%%E1_hat: 0.000795384
ESS: 1.37629 / 1500
Diag(valid=1500, elite=150) ||dU~||2=1.93148 traceCovElite~=0.818452 R2=0.0655911 H(w)=0.474623 perp=1.60741 w_max=0.83817
--------Variance: 7.19486e-05
Sum of |delta_u|: 0.462024
Post-update R2: 0.0530476
Final cost after weighting: -2.997345
E1_hat_1: 0.000795384
PI step 47 time: 0.0163526 seconds
********a: -7.13669
********New psi: 0.8
0.000178406
Iteration: 48/150 ---------------------------
Expected cost over samples: -11.8005
min cost: -11.8697
%%%%%%%%%E1_hat: 0.00101081
ESS: 1.87061 / 1500
Diag(valid=1500, elite=150) ||dU~||2=2.13631 traceCovElite~=0.82374 R2=0.0765027 H(w)=0.758979 perp=2.13609 w_max=0.659538
--------Variance: 8.90279e-05
Sum of |delta_u|: 0.472955
Post-update R2: 0.0146134
Final cost after weighting: -2.996427
E1_hat_1: 0.00101081
PI step 48 time: 0.0165936 seconds
********a: -6.89701
********New psi: 0.8
0.000142725
Iteration: 49/150 ---------------------------
Expected cost over samples: -11.8063
min cost: -11.8701
%%%%%%%%%E1_hat: 0.001253
ESS: 2.63257 / 1500
Diag(valid=1500, elite=150) ||dU~||2=1.82147 traceCovElite~=0.844683 R2=0.08307 H(w)=1.12234 perp=3.07202 w_max=0.532058
--------Variance: 2.95514e-05
Sum of |delta_u|: 0.472217
Post-update R2: 0.0447289
Final cost after weighting: -2.997083
E1_hat_1: 0.001253
PI step 49 time: 0.0162441 seconds
********a: -6.68222
********New psi: 0.8
0.00011418
Iteration: 50/150 ---------------------------
Expected cost over samples: -11.8547
min cost: -11.9088
%%%%%%%%%E1_hat: 0.00131503
ESS: 3.1183 / 1500
Diag(valid=1500, elite=150) ||dU~||2=2.30971 traceCovElite~=0.810407 R2=0.0780096 H(w)=1.467 perp=4.33619 w_max=0.506959
--------Variance: 5.86925e-05
Sum of |delta_u|: 0.606483
Post-update R2: 0.00624866
Final cost after weighting: -2.997572
E1_hat_1: 0.00131503
PI step 50 time: 0.0159892 seconds
********a: -6.63389
********New psi: 0.8
9.13439e-05
Iteration: 51/150 ---------------------------
Expected cost over samples: -11.8796
min cost: -11.9299
%%%%%%%%%E1_hat: 0.000685317
ESS: 1.05608 / 1500
Diag(valid=1500, elite=150) ||dU~||2=2.78695 traceCovElite~=0.812717 R2=0.0903773 H(w)=0.1386 perp=1.14866 w_max=0.972785
--------Variance: 6.33136e-05
Sum of |delta_u|: 0.696385
Post-update R2: 0.0288155
Final cost after weighting: -2.998368
E1_hat_1: 0.000685317
PI step 51 time: 0.0160895 seconds
********a: -7.28563
********New psi: 0.8
7.30751e-05
Iteration: 52/150 ---------------------------
Expected cost over samples: -11.9088
min cost: -11.9523
%%%%%%%%%E1_hat: 0.000717712
ESS: 1.15374 / 1500
Diag(valid=1500, elite=150) ||dU~||2=2.98433 traceCovElite~=0.787719 R2=0.0607529 H(w)=0.288945 perp=1.33502 w_max=0.928877
--------Variance: 6.48832e-05
Sum of |delta_u|: 0.817547
Post-update R2: 0.0253804
Final cost after weighting: -2.997760
E1_hat_1: 0.000717712
PI step 52 time: 0.0161976 seconds
********a: -7.23944
********New psi: 0.8
5.84601e-05
Iteration: 53/150 ---------------------------
Expected cost over samples: -11.9814
min cost: -12.0208
%%%%%%%%%E1_hat: 0.000836245
ESS: 1.4822 / 1500
Diag(valid=1500, elite=150) ||dU~||2=2.18035 traceCovElite~=0.86177 R2=0.0744374 H(w)=0.528662 perp=1.69666 w_max=0.797214
--------Variance: 2.38461e-05
Sum of |delta_u|: 0.490414
Post-update R2: 0.0319143
Final cost after weighting: -2.998192
E1_hat_1: 0.000836245
PI step 53 time: 0.0162111 seconds
********a: -7.08659
********New psi: 0.8
4.67681e-05
Iteration: 54/150 ---------------------------
Expected cost over samples: -11.9788
min cost: -12.0151
%%%%%%%%%E1_hat: 0.000675519
ESS: 1.02662 / 1500
Diag(valid=1500, elite=150) ||dU~||2=3.03647 traceCovElite~=0.843701 R2=0.0837011 H(w)=0.0782154 perp=1.08136 w_max=0.986896
--------Variance: 3.86581e-05
Sum of |delta_u|: 0.742293
Post-update R2: 0.0199911
Final cost after weighting: -2.997190
E1_hat_1: 0.000675519
PI step 54 time: 0.0168937 seconds
********a: -7.30003
********New psi: 0.8
3.74144e-05
Iteration: 55/150 ---------------------------
Expected cost over samples: -11.9285
min cost: -11.9595
%%%%%%%%%E1_hat: 0.000698191
ESS: 1.09497 / 1500
Diag(valid=1500, elite=150) ||dU~||2=3.26849 traceCovElite~=0.794849 R2=0.0957211 H(w)=0.203899 perp=1.22617 w_max=0.954849
--------Variance: 3.66392e-05
Sum of |delta_u|: 0.718858
Post-update R2: 0.0521468
Final cost after weighting: -2.998562
E1_hat_1: 0.000698191
PI step 55 time: 0.0169305 seconds
********a: -7.26702
********New psi: 0.8
2.99316e-05
Iteration: 56/150 ---------------------------
Expected cost over samples: -11.9705
min cost: -11.9975
%%%%%%%%%E1_hat: 0.000965233
ESS: 1.87566 / 1500
Diag(valid=1500, elite=150) ||dU~||2=2.31859 traceCovElite~=0.799491 R2=0.0708704 H(w)=0.815525 perp=2.26036 w_max=0.69068
--------Variance: 1.59603e-05
Sum of |delta_u|: 0.507721
Post-update R2: 0.0445007
Final cost after weighting: -2.999228
E1_hat_1: 0.000965233
PI step 56 time: 0.0165323 seconds
********a: -6.94314
********New psi: 0.8
2.39452e-05
Iteration: 57/150 ---------------------------
Expected cost over samples: -11.9631
min cost: -11.9881
%%%%%%%%%E1_hat: 0.00107891
ESS: 2.03946 / 1500
Diag(valid=1500, elite=150) ||dU~||2=2.00383 traceCovElite~=0.78701 R2=0.0816057 H(w)=0.827461 perp=2.2875 w_max=0.617909
--------Variance: 7.64911e-06
Sum of |delta_u|: 0.490706
Post-update R2: 0.0378154
Final cost after weighting: -2.999178
E1_hat_1: 0.00107891
PI step 57 time: 0.0172243 seconds
********a: -6.83181
********New psi: 0.8
1.91562e-05
Iteration: 58/150 ---------------------------
Expected cost over samples: -11.9473
min cost: -11.9694
%%%%%%%%%E1_hat: 0.000682236
ESS: 1.04675 / 1500
Diag(valid=1500, elite=150) ||dU~||2=1.78169 traceCovElite~=0.862265 R2=0.0605907 H(w)=0.114006 perp=1.12076 w_max=0.977179
--------Variance: 5.61741e-06
Sum of |delta_u|: 0.441038
Post-update R2: 0.054502
Final cost after weighting: -2.998813
E1_hat_1: 0.000682236
PI step 58 time: 0.0175179 seconds
********a: -7.29014
********New psi: 0.8
1.5325e-05
Iteration: 59/150 ---------------------------
Expected cost over samples: -11.964
min cost: -11.9831
%%%%%%%%%E1_hat: 0.000666828
ESS: 1.00048 / 1500
Diag(valid=1500, elite=150) ||dU~||2=2.52721 traceCovElite~=0.817442 R2=0.0616323 H(w)=0.00242911 perp=1.00243 w_max=0.999758
--------Variance: 8.89799e-06
Sum of |delta_u|: 0.654475
Post-update R2: 0.0367133
Final cost after weighting: -2.998646
E1_hat_1: 0.000666828
PI step 59 time: 0.0213162 seconds
********a: -7.31298
********New psi: 0.8
1.226e-05
Iteration: 60/150 ---------------------------
Expected cost over samples: -11.9675
min cost: -11.9855
%%%%%%%%%E1_hat: 0.000698055
ESS: 1.09396 / 1500
Diag(valid=1500, elite=150) ||dU~||2=3.33773 traceCovElite~=0.838465 R2=0.0871032 H(w)=0.183415 perp=1.20131 w_max=0.955035
--------Variance: 1.19253e-05
Sum of |delta_u|: 0.816406
Post-update R2: 0.0400894
Final cost after weighting: -2.999242
E1_hat_1: 0.000698055
PI step 60 time: 0.0286915 seconds
********a: -7.26721
********New psi: 0.8
9.80797e-06
Iteration: 61/150 ---------------------------
Expected cost over samples: -11.9705
min cost: -11.987
%%%%%%%%%E1_hat: 0.000666668
ESS: 1.00001 / 1500
Diag(valid=1500, elite=150) ||dU~||2=2.09264 traceCovElite~=0.868223 R2=0.0716001 H(w)=3.69785e-05 perp=1.00004 w_max=0.999997
--------Variance: 3.90353e-06
Sum of |delta_u|: 0.454052
Post-update R2: 0.0435435
Final cost after weighting: -2.999376
E1_hat_1: 0.000666668
PI step 61 time: 0.0182055 seconds
********a: -7.31322
********New psi: 0.8
7.84638e-06
Iteration: 62/150 ---------------------------
Expected cost over samples: -11.9995
min cost: -12.014
%%%%%%%%%E1_hat: 0.000666667
ESS: 1 / 1500
Diag(valid=1500, elite=150) ||dU~||2=2.24645 traceCovElite~=0.784873 R2=0.0539391 H(w)=8.76853e-06 perp=1.00001 w_max=0.999999
--------Variance: 3.59944e-06
Sum of |delta_u|: 0.514479
Post-update R2: 0.0327369
Final cost after weighting: -2.999377
E1_hat_1: 0.000666667
PI step 62 time: 0.0166663 seconds
********a: -7.31322
********New psi: 0.8
6.2771e-06
Iteration: 63/150 ---------------------------
Expected cost over samples: -11.987
min cost: -11.9999
%%%%%%%%%E1_hat: 0.000666669
ESS: 1.00001 / 1500
Diag(valid=1500, elite=150) ||dU~||2=3.48093 traceCovElite~=0.838439 R2=0.0598963 H(w)=5.10791e-05 perp=1.00005 w_max=0.999996
--------Variance: 6.91437e-06
Sum of |delta_u|: 0.816073
Post-update R2: 0.02362
Final cost after weighting: -2.999474
E1_hat_1: 0.000666669
PI step 63 time: 0.016856 seconds
********a: -7.31322
********New psi: 0.8
5.02168e-06
Iteration: 64/150 ---------------------------
Expected cost over samples: -12
min cost: -12.012
%%%%%%%%%E1_hat: 0.000666691
ESS: 1.00007 / 1500
Diag(valid=1500, elite=150) ||dU~||2=3.20307 traceCovElite~=0.867974 R2=0.0836074 H(w)=0.000416843 perp=1.00042 w_max=0.999964
--------Variance: 4.68377e-06
Sum of |delta_u|: 0.679547
Post-update R2: 0.00998699
Final cost after weighting: -2.999552
E1_hat_1: 0.000666691
PI step 64 time: 0.0187947 seconds
********a: -7.31318
********New psi: 0.8
4.01735e-06
Iteration: 65/150 ---------------------------
Expected cost over samples: -11.9996
min cost: -12.0101
%%%%%%%%%E1_hat: 0.000668203
ESS: 1.00461 / 1500
Diag(valid=1500, elite=150) ||dU~||2=3.64908 traceCovElite~=0.834237 R2=0.0709 H(w)=0.0162658 perp=1.0164 w_max=0.997701
--------Variance: 4.85792e-06
Sum of |delta_u|: 0.913116
Post-update R2: 0.0386149
Final cost after weighting: -2.999528
E1_hat_1: 0.000668203
PI step 65 time: 0.0191549 seconds
********a: -7.31092
********New psi: 0.8
3.21388e-06
Iteration: 66/150 ---------------------------
Expected cost over samples: -12.0031
min cost: -12.0121
%%%%%%%%%E1_hat: 0.000666667
ESS: 1 / 1500
Diag(valid=1500, elite=150) ||dU~||2=3.37809 traceCovElite~=0.825929 R2=0.0955195 H(w)=1.22928e-05 perp=1.00001 w_max=0.999999
--------Variance: 3.33375e-06
Sum of |delta_u|: 0.66958
Post-update R2: 0.0497822
Final cost after weighting: -2.999583
E1_hat_1: 0.000666667
PI step 66 time: 0.0171915 seconds
********a: -7.31322
********New psi: 0.8
2.5711e-06
Iteration: 67/150 ---------------------------
Expected cost over samples: -11.9855
min cost: -11.9936
%%%%%%%%%E1_hat: 0.000666667
ESS: 1 / 1500
Diag(valid=1500, elite=150) ||dU~||2=1.9448 traceCovElite~=0.807821 R2=0.0678994 H(w)=5.77102e-17 perp=1 w_max=1
--------Variance: 8.83852e-07
Sum of |delta_u|: 0.374603
Post-update R2: 0.0494939
Final cost after weighting: -2.999647
E1_hat_1: 0.000666667
PI step 67 time: 0.0190076 seconds
********a: -7.31322
********New psi: 0.8
2.05688e-06
Iteration: 68/150 ---------------------------
Expected cost over samples: -11.9948
min cost: -12.0021
%%%%%%%%%E1_hat: 0.000676248
ESS: 1.02874 / 1500
Diag(valid=1500, elite=150) ||dU~||2=2.84422 traceCovElite~=0.833154 R2=0.0842975 H(w)=0.0743805 perp=1.07722 w_max=0.985831
--------Variance: 1.50903e-06
Sum of |delta_u|: 0.626054
Post-update R2: 0.0298394
Final cost after weighting: -2.999617
E1_hat_1: 0.000676248
PI step 68 time: 0.0190026 seconds
********a: -7.29895
********New psi: 0.8
1.6455e-06
Iteration: 69/150 ---------------------------
Expected cost over samples: -12.0022
min cost: -12.0086
%%%%%%%%%E1_hat: 0.000666829
ESS: 1.00049 / 1500
Diag(valid=1500, elite=150) ||dU~||2=3.02388 traceCovElite~=0.819165 R2=0.0712509 H(w)=0.00229068 perp=1.00229 w_max=0.999757
--------Variance: 1.36769e-06
Sum of |delta_u|: 0.702368
Post-update R2: 0.0317263
Final cost after weighting: -2.999539
E1_hat_1: 0.000666829
PI step 69 time: 0.0178747 seconds
********a: -7.31298
********New psi: 0.8
1.3164e-06
Iteration: 70/150 ---------------------------
Expected cost over samples: -11.999
min cost: -12.0047
%%%%%%%%%E1_hat: 0.000666667
ESS: 1 / 1500
Diag(valid=1500, elite=150) ||dU~||2=3.38389 traceCovElite~=0.789286 R2=0.0865883 H(w)=3.42893e-20 perp=1 w_max=1
--------Variance: 1.37028e-06
Sum of |delta_u|: 0.82266
Post-update R2: 0.0349807
Final cost after weighting: -2.999565
E1_hat_1: 0.000666667
PI step 70 time: 0.017209 seconds
********a: -7.31322
********New psi: 0.8
1.05312e-06
Iteration: 71/150 ---------------------------
Expected cost over samples: -12.0027
min cost: -12.008
%%%%%%%%%E1_hat: 0.000673606
ESS: 1.02081 / 1500
Diag(valid=1500, elite=150) ||dU~||2=3.23854 traceCovElite~=0.836578 R2=0.0858606 H(w)=0.0574095 perp=1.05909 w_max=0.989699
--------Variance: 1.00505e-06
Sum of |delta_u|: 0.811284
Post-update R2: 0.0584245
Final cost after weighting: -2.999689
E1_hat_1: 0.000673606
PI step 71 time: 0.0169115 seconds
********a: -7.30287
********New psi: 0.8
8.42498e-07
Iteration: 72/150 ---------------------------
Expected cost over samples: -12.0045
min cost: -12.0092
%%%%%%%%%E1_hat: 0.000666667
ESS: 1 / 1500
Diag(valid=1500, elite=150) ||dU~||2=2.94072 traceCovElite~=0.833239 R2=0.0820748 H(w)=1.30152e-25 perp=1 w_max=1
--------Variance: 6.62304e-07
Sum of |delta_u|: 0.658915
Post-update R2: 0.0268583
Final cost after weighting: -2.999715
E1_hat_1: 0.000666667
PI step 72 time: 0.0165795 seconds
********a: -7.31322
********New psi: 0.8
6.73999e-07
Iteration: 73/150 ---------------------------
Expected cost over samples: -11.9997
min cost: -12.004
%%%%%%%%%E1_hat: 0.000666667
ESS: 1 / 1500
Diag(valid=1500, elite=150) ||dU~||2=2.89321 traceCovElite~=0.806519 R2=0.0755683 H(w)=8.74931e-13 perp=1 w_max=1
--------Variance: 5.12861e-07
Sum of |delta_u|: 0.725838
Post-update R2: 0.0376198
Final cost after weighting: -2.999709
E1_hat_1: 0.000666667
PI step 73 time: 0.0173181 seconds
********a: -7.31322
********New psi: 0.8
5.39199e-07
Iteration: 74/150 ---------------------------
Expected cost over samples: -11.993
min cost: -11.9966
%%%%%%%%%E1_hat: 0.000666667
ESS: 1 / 1500
Diag(valid=1500, elite=150) ||dU~||2=3.47577 traceCovElite~=0.820686 R2=0.071968 H(w)=1.91207e-14 perp=1 w_max=1
--------Variance: 5.92127e-07
Sum of |delta_u|: 0.823391
Post-update R2: 0.0104138
Final cost after weighting: -2.999631
E1_hat_1: 0.000666667
PI step 74 time: 0.0173955 seconds
********a: -7.31322
********New psi: 0.8
4.31359e-07
Iteration: 75/150 ---------------------------
Expected cost over samples: -11.9868
min cost: -11.9901
%%%%%%%%%E1_hat: 0.000666667
ESS: 1 / 1500
Diag(valid=1500, elite=150) ||dU~||2=2.97588 traceCovElite~=0.857552 R2=0.0650092 H(w)=1.94706e-18 perp=1 w_max=1
--------Variance: 3.47269e-07
Sum of |delta_u|: 0.734594
Post-update R2: 0.0235011
Final cost after weighting: -2.999755
E1_hat_1: 0.000666667
PI step 75 time: 0.0176092 seconds
********a: -7.31322
********New psi: 0.8
3.45087e-07
Iteration: 76/150 ---------------------------
Expected cost over samples: -11.9882
min cost: -11.9912
%%%%%%%%%E1_hat: 0.000666667
ESS: 1 / 1500
Diag(valid=1500, elite=150) ||dU~||2=2.65241 traceCovElite~=0.836089 R2=0.0648716 H(w)=6.50032e-26 perp=1 w_max=1
--------Variance: 2.20707e-07
Sum of |delta_u|: 0.623181
Post-update R2: 0.0183912
Final cost after weighting: -2.999780
E1_hat_1: 0.000666667
PI step 76 time: 0.0195201 seconds
********a: -7.31322
********New psi: 0.8
2.7607e-07
Iteration: 77/150 ---------------------------
Expected cost over samples: -11.9865
min cost: -11.9891
%%%%%%%%%E1_hat: 0.00066713
ESS: 1.00139 / 1500
Diag(valid=1500, elite=150) ||dU~||2=0.640404 traceCovElite~=0.807076 R2=0.0708275 H(w)=0.0057437 perp=1.00576 w_max=0.999306
--------Variance: 1.03016e-08
Sum of |delta_u|: 0.143772
Post-update R2: 0.061858
Final cost after weighting: -2.999710
E1_hat_1: 0.00066713
PI step 77 time: 0.0188488 seconds
********a: -7.31253
********New psi: 0.8
2.20856e-07
Iteration: 78/150 ---------------------------
Expected cost over samples: -11.9867
min cost: -11.9891
%%%%%%%%%E1_hat: 0.000666667
ESS: 1 / 1500
Diag(valid=1500, elite=150) ||dU~||2=3.4706 traceCovElite~=0.881661 R2=0.0558631 H(w)=7.02296e-09 perp=1 w_max=1
--------Variance: 2.41837e-07
Sum of |delta_u|: 0.726317
Post-update R2: 0.0291124
Final cost after weighting: -2.999812
E1_hat_1: 0.000666667
PI step 78 time: 0.0201812 seconds
********a: -7.31322
********New psi: 0.8
1.76685e-07
Iteration: 79/150 ---------------------------
Expected cost over samples: -11.9869
min cost: -11.9891
%%%%%%%%%E1_hat: 0.000666667
ESS: 1 / 1500
Diag(valid=1500, elite=150) ||dU~||2=4.28468 traceCovElite~=0.842366 R2=0.0704697 H(w)=1.3417e-59 perp=1 w_max=1
--------Variance: 2.94878e-07
Sum of |delta_u|: 1.08677
Post-update R2: 0.00678752
Final cost after weighting: -2.999814
E1_hat_1: 0.000666667
PI step 79 time: 0.018267 seconds
********a: -7.31322
********New psi: 0.8
1.41348e-07
Iteration: 80/150 ---------------------------
Expected cost over samples: -11.9873
min cost: -11.9892
%%%%%%%%%E1_hat: 0.000683319
ESS: 1.04993 / 1500
Diag(valid=1500, elite=150) ||dU~||2=2.32226 traceCovElite~=0.798208 R2=0.0901229 H(w)=0.114589 perp=1.12141 w_max=0.975631
--------Variance: 6.75375e-08
Sum of |delta_u|: 0.548932
Post-update R2: 0.0557068
Final cost after weighting: -2.999843
E1_hat_1: 0.000683319
PI step 80 time: 0.019329 seconds
********a: -7.28855
********New psi: 0.8
1.13078e-07
Iteration: 81/150 ---------------------------
Expected cost over samples: -11.9903
min cost: -11.9921
%%%%%%%%%E1_hat: 0.000666667
ESS: 1 / 1500
Diag(valid=1500, elite=150) ||dU~||2=1.94386 traceCovElite~=0.825365 R2=0.105701 H(w)=1.64738e-123 perp=1 w_max=1
--------Variance: 3.88432e-08
Sum of |delta_u|: 0.471021
Post-update R2: 0.0571672
Final cost after weighting: -2.999862
E1_hat_1: 0.000666667
PI step 81 time: 0.0179179 seconds
********a: -7.31322
********New psi: 0.8
9.04626e-08
Iteration: 82/150 ---------------------------
Expected cost over samples: -11.99
min cost: -11.9915
%%%%%%%%%E1_hat: 0.000799195
ESS: 1.38247 / 1500
Diag(valid=1500, elite=150) ||dU~||2=1.91018 traceCovElite~=0.801507 R2=0.0791679 H(w)=0.449208 perp=1.56707 w_max=0.834172
--------Variance: 2.66754e-08
Sum of |delta_u|: 0.496417
Post-update R2: 0.0387154
Final cost after weighting: -2.999830
E1_hat_1: 0.000799195
PI step 82 time: 0.020149 seconds
********a: -7.13191
********New psi: 0.8
7.23701e-08
Iteration: 83/150 ---------------------------
Expected cost over samples: -11.9912
min cost: -11.9925
%%%%%%%%%E1_hat: 0.000666667
ESS: 1 / 1500
Diag(valid=1500, elite=150) ||dU~||2=2.66089 traceCovElite~=0.791823 R2=0.0890523 H(w)=2.57764e-64 perp=1 w_max=1
--------Variance: 4.6582e-08
Sum of |delta_u|: 0.657905
Post-update R2: 0.0281959
Final cost after weighting: -2.999875
E1_hat_1: 0.000666667
PI step 83 time: 0.0205028 seconds
********a: -7.31322
********New psi: 0.8
5.7896e-08
Iteration: 84/150 ---------------------------
Expected cost over samples: -11.9909
min cost: -11.9921
%%%%%%%%%E1_hat: 0.000666667
ESS: 1 / 1500
Diag(valid=1500, elite=150) ||dU~||2=3.5508 traceCovElite~=0.827324 R2=0.0822296 H(w)=2.11136e-47 perp=1 w_max=1
--------Variance: 6.63544e-08
Sum of |delta_u|: 0.844149
Post-update R2: 0.00923849
Final cost after weighting: -2.999849
E1_hat_1: 0.000666667
PI step 84 time: 0.018697 seconds
********a: -7.31322
********New psi: 0.8
4.63168e-08
Iteration: 85/150 ---------------------------
Expected cost over samples: -11.9926
min cost: -11.9937
%%%%%%%%%E1_hat: 0.000666667
ESS: 1 / 1500
Diag(valid=1500, elite=150) ||dU~||2=2.32308 traceCovElite~=0.79757 R2=0.0947917 H(w)=6.07083e-38 perp=1 w_max=1
--------Variance: 2.27234e-08
Sum of |delta_u|: 0.630565
Post-update R2: 0.0377863
Final cost after weighting: -2.999861
E1_hat_1: 0.000666667
PI step 85 time: 0.0195673 seconds
********a: -7.31322
********New psi: 0.8
3.70535e-08
Iteration: 86/150 ---------------------------
Expected cost over samples: -11.9926
min cost: -11.9935
%%%%%%%%%E1_hat: 0.000666667
ESS: 1 / 1500
Diag(valid=1500, elite=150) ||dU~||2=1.84312 traceCovElite~=0.79523 R2=0.0564035 H(w)=1.48645e-12 perp=1 w_max=1
--------Variance: 1.1443e-08
Sum of |delta_u|: 0.35026
Post-update R2: 0.0462298
Final cost after weighting: -2.999846
E1_hat_1: 0.000666667
PI step 86 time: 0.0195127 seconds
********a: -7.31322
********New psi: 0.8
2.96428e-08
Iteration: 87/150 ---------------------------
Expected cost over samples: -11.9923
min cost: -11.9931
%%%%%%%%%E1_hat: 0.000666667
ESS: 1 / 1500
Diag(valid=1500, elite=150) ||dU~||2=2.96087 traceCovElite~=0.881897 R2=0.0812854 H(w)=8.09761e-39 perp=1 w_max=1
--------Variance: 2.36245e-08
Sum of |delta_u|: 0.740915
Post-update R2: 0.0459876
Final cost after weighting: -2.999876
E1_hat_1: 0.000666667
PI step 87 time: 0.0179225 seconds
********a: -7.31322
********New psi: 0.8
2.37142e-08
Iteration: 88/150 ---------------------------
Expected cost over samples: -11.9917
min cost: -11.9924
%%%%%%%%%E1_hat: 0.000666667
ESS: 1 / 1500
Diag(valid=1500, elite=150) ||dU~||2=2.66409 traceCovElite~=0.794891 R2=0.0808147 H(w)=3.42794e-29 perp=1 w_max=1
--------Variance: 1.53008e-08
Sum of |delta_u|: 0.547553
Post-update R2: 0.0588151
Final cost after weighting: -2.999856
E1_hat_1: 0.000666667
PI step 88 time: 0.0181933 seconds
********a: -7.31322
********New psi: 0.8
1.89714e-08
Iteration: 89/150 ---------------------------
Expected cost over samples: -11.9923
min cost: -11.993
%%%%%%%%%E1_hat: 0.000666667
ESS: 1 / 1500
Diag(valid=1500, elite=150) ||dU~||2=2.06381 traceCovElite~=0.773699 R2=0.0913614 H(w)=2.54487e-94 perp=1 w_max=1
--------Variance: 7.3451e-09
Sum of |delta_u|: 0.526364
Post-update R2: 0.0618397
Final cost after weighting: -2.999888
E1_hat_1: 0.000666667
PI step 89 time: 0.0184297 seconds
********a: -7.31322
********New psi: 0.8
1.51771e-08
Iteration: 90/150 ---------------------------
Expected cost over samples: -11.9929
min cost: -11.9935
%%%%%%%%%E1_hat: 0.000666667
ESS: 1 / 1500
Diag(valid=1500, elite=150) ||dU~||2=3.01922 traceCovElite~=0.808151 R2=0.062448 H(w)=1.78506e-224 perp=1 w_max=1
--------Variance: 1.25767e-08
Sum of |delta_u|: 0.785187
Post-update R2: 0.0138396
Final cost after weighting: -2.999879
E1_hat_1: 0.000666667
PI step 90 time: 0.0187604 seconds
********a: -7.31322
********New psi: 0.8
1.21417e-08
Iteration: 91/150 ---------------------------
Expected cost over samples: -11.9927
min cost: -11.9932
%%%%%%%%%E1_hat: 0.000666667
ESS: 1 / 1500
Diag(valid=1500, elite=150) ||dU~||2=3.32763 traceCovElite~=0.848274 R2=0.0823694 H(w)=1.87121e-139 perp=1 w_max=1
--------Variance: 1.22224e-08
Sum of |delta_u|: 0.75433
Post-update R2: 0.0336868
Final cost after weighting: -2.999888
E1_hat_1: 0.000666667
PI step 91 time: 0.0206857 seconds
********a: -7.31322
********New psi: 0.8
9.71334e-09
Iteration: 92/150 ---------------------------
Expected cost over samples: -11.9924
min cost: -11.9929
%%%%%%%%%E1_hat: 0.000666667
ESS: 1 / 1500
Diag(valid=1500, elite=150) ||dU~||2=3.73765 traceCovElite~=0.851971 R2=0.0825236 H(w)=1.42112e-168 perp=1 w_max=1
--------Variance: 1.23354e-08
Sum of |delta_u|: 0.8443
Post-update R2: 0.017309
Final cost after weighting: -2.999887
E1_hat_1: 0.000666667
PI step 92 time: 0.0196652 seconds
********a: -7.31322
********New psi: 0.8
7.77068e-09
Iteration: 93/150 ---------------------------
Expected cost over samples: -11.9931
min cost: -11.9936
%%%%%%%%%E1_hat: 0.000666667
ESS: 1 / 1500
Diag(valid=1500, elite=150) ||dU~||2=2.33928 traceCovElite~=0.776432 R2=0.0750742 H(w)=5.9109e-303 perp=1 w_max=1
--------Variance: 3.86572e-09
Sum of |delta_u|: 0.527172
Post-update R2: 0.03348
Final cost after weighting: -2.999891
E1_hat_1: 0.000666667
PI step 93 time: 0.0187572 seconds
********a: -7.31322
********New psi: 0.8
6.21654e-09
Iteration: 94/150 ---------------------------
Expected cost over samples: -11.9931
min cost: -11.9935
%%%%%%%%%E1_hat: 0.000666667
ESS: 1 / 1500
Diag(valid=1500, elite=150) ||dU~||2=2.77118 traceCovElite~=0.815907 R2=0.103736 H(w)=5.9109e-303 perp=1 w_max=1
--------Variance: 4.33994e-09
Sum of |delta_u|: 0.647789
Post-update R2: 0.0338127
Final cost after weighting: -2.999892
E1_hat_1: 0.000666667
PI step 94 time: 0.0179124 seconds
********a: -7.31322
********New psi: 0.8
4.97323e-09
Iteration: 95/150 ---------------------------
Expected cost over samples: -11.9932
min cost: -11.9935
%%%%%%%%%E1_hat: 0.000666667
ESS: 1 / 1500
Diag(valid=1500, elite=150) ||dU~||2=2.26096 traceCovElite~=0.836064 R2=0.0924644 H(w)=2.19032e-256 perp=1 w_max=1
--------Variance: 2.31113e-09
Sum of |delta_u|: 0.533355
Post-update R2: 0.0610932
Final cost after weighting: -2.999892
E1_hat_1: 0.000666667
PI step 95 time: 0.0181063 seconds
********a: -7.31322
********New psi: 0.8
3.97859e-09
Iteration: 96/150 ---------------------------
Expected cost over samples: -11.9931
min cost: -11.9934
%%%%%%%%%E1_hat: 0.000666667
ESS: 1 / 1500
Diag(valid=1500, elite=150) ||dU~||2=2.70969 traceCovElite~=0.877492 R2=0.0853993 H(w)=9.24488e-156 perp=1 w_max=1
--------Variance: 2.65557e-09
Sum of |delta_u|: 0.589719
Post-update R2: 0.0264471
Final cost after weighting: -2.999890
E1_hat_1: 0.000666667
PI step 96 time: 0.0174663 seconds
********a: -7.31322
********New psi: 0.8
3.18287e-09
Iteration: 97/150 ---------------------------
Expected cost over samples: -11.9934
min cost: -11.9937
%%%%%%%%%E1_hat: 0.000666667
ESS: 1 / 1500
Diag(valid=1500, elite=150) ||dU~||2=1.89306 traceCovElite~=0.823595 R2=0.0895977 H(w)=5.9109e-303 perp=1 w_max=1
--------Variance: 1.03693e-09
Sum of |delta_u|: 0.391281
Post-update R2: 0.0588757
Final cost after weighting: -2.999894
E1_hat_1: 0.000666667
PI step 97 time: 0.0180912 seconds
********a: -7.31322
********New psi: 0.8
2.54629e-09
Iteration: 98/150 ---------------------------
Expected cost over samples: -11.9934
min cost: -11.9937
%%%%%%%%%E1_hat: 0.000666667
ESS: 1 / 1500
Diag(valid=1500, elite=150) ||dU~||2=2.4161 traceCovElite~=0.826892 R2=0.0781672 H(w)=5.9109e-303 perp=1 w_max=1
--------Variance: 1.35128e-09
Sum of |delta_u|: 0.59089
Post-update R2: 0.0389914
Final cost after weighting: -2.999892
E1_hat_1: 0.000666667
PI step 98 time: 0.0181459 seconds
********a: -7.31322
********New psi: 0.8
2.03704e-09
Iteration: 99/150 ---------------------------
Expected cost over samples: -11.9933
min cost: -11.9935
%%%%%%%%%E1_hat: 0.000666667
ESS: 1 / 1500
Diag(valid=1500, elite=150) ||dU~||2=4.18142 traceCovElite~=0.827367 R2=0.0740596 H(w)=3.43072e-82 perp=1 w_max=1
--------Variance: 3.23744e-09
Sum of |delta_u|: 0.939553
Post-update R2: 0.0322626
Final cost after weighting: -2.999889
E1_hat_1: 0.000666667
PI step 99 time: 0.0189347 seconds
********a: -7.31322
********New psi: 0.8
1.62963e-09
Iteration: 100/150 ---------------------------
Expected cost over samples: -11.9928
min cost: -11.993
%%%%%%%%%E1_hat: 0.000666667
ESS: 1 / 1500
Diag(valid=1500, elite=150) ||dU~||2=4.01858 traceCovElite~=0.818625 R2=0.097427 H(w)=3.50563e-70 perp=1 w_max=1
--------Variance: 2.39216e-09
Sum of |delta_u|: 0.930936
Post-update R2: 0.0497944
Final cost after weighting: -2.999893
E1_hat_1: 0.000666667
PI step 100 time: 0.018499 seconds
********a: -7.31322
********New psi: 0.8
1.3037e-09
Iteration: 101/150 ---------------------------
Expected cost over samples: -11.9925
min cost: -11.9926
%%%%%%%%%E1_hat: 0.000666667
ESS: 1 / 1500
Diag(valid=1500, elite=150) ||dU~||2=3.06767 traceCovElite~=0.828372 R2=0.0716279 H(w)=1.83145e-184 perp=1 w_max=1
--------Variance: 1.11517e-09
Sum of |delta_u|: 0.684476
Post-update R2: 0.0367838
Final cost after weighting: -2.999893
E1_hat_1: 0.000666667
PI step 101 time: 0.0180534 seconds
********a: -7.31322
********New psi: 0.8
1.04296e-09
Iteration: 102/150 ---------------------------
Expected cost over samples: -11.9921
min cost: -11.9923
%%%%%%%%%E1_hat: 0.000666667
ESS: 1 / 1500
Diag(valid=1500, elite=150) ||dU~||2=3.69167 traceCovElite~=0.822159 R2=0.0959484 H(w)=7.26223e-13 perp=1 w_max=1
--------Variance: 1.29216e-09
Sum of |delta_u|: 0.860487
Post-update R2: 0.075226
Final cost after weighting: -2.999893
E1_hat_1: 0.000666667
PI step 102 time: 0.0176082 seconds
********a: -7.31322
********New psi: 0.8
8.3437e-10
Iteration: 103/150 ---------------------------
Expected cost over samples: -11.9923
min cost: -11.9924
%%%%%%%%%E1_hat: 0.000666667
ESS: 1 / 1500
Diag(valid=1500, elite=150) ||dU~||2=2.63814 traceCovElite~=0.815191 R2=0.100959 H(w)=5.9109e-303 perp=1 w_max=1
--------Variance: 5.27875e-10
Sum of |delta_u|: 0.624021
Post-update R2: 0.0323797
Final cost after weighting: -2.999892
E1_hat_1: 0.000666667
PI step 103 time: 0.0184143 seconds
********a: -7.31322
********New psi: 0.8
6.67496e-10
Iteration: 104/150 ---------------------------
Expected cost over samples: -11.9924
min cost: -11.9926
%%%%%%%%%E1_hat: 0.000666667
ESS: 1 / 1500
Diag(valid=1500, elite=150) ||dU~||2=3.20397 traceCovElite~=0.873839 R2=0.0466759 H(w)=5.9109e-303 perp=1 w_max=1
--------Variance: 6.22909e-10
Sum of |delta_u|: 0.781213
Post-update R2: 0.0374824
Final cost after weighting: -2.999896
E1_hat_1: 0.000666667
PI step 104 time: 0.0187478 seconds
********a: -7.31322
********New psi: 0.8
5.33997e-10
Iteration: 105/150 ---------------------------
Expected cost over samples: -11.9925
min cost: -11.9926
%%%%%%%%%E1_hat: 0.000666667
ESS: 1 / 1500
Diag(valid=1500, elite=150) ||dU~||2=2.11436 traceCovElite~=0.830841 R2=0.0891088 H(w)=1.19562e-08 perp=1 w_max=1
--------Variance: 2.1702e-10
Sum of |delta_u|: 0.447053
Post-update R2: 0.05084
Final cost after weighting: -2.999895
E1_hat_1: 0.000666667
PI step 105 time: 0.0191132 seconds
********a: -7.31322
********New psi: 0.8
4.27197e-10
Iteration: 106/150 ---------------------------
Expected cost over samples: -11.9925
min cost: -11.9926
%%%%%%%%%E1_hat: 0.000666667
ESS: 1 / 1500
Diag(valid=1500, elite=150) ||dU~||2=3.00973 traceCovElite~=0.837783 R2=0.0984218 H(w)=5.9109e-303 perp=1 w_max=1
--------Variance: 3.51796e-10
Sum of |delta_u|: 0.716419
Post-update R2: 0.0370027
Final cost after weighting: -2.999897
E1_hat_1: 0.000666667
PI step 106 time: 0.019021 seconds
********a: -7.31322
********New psi: 0.8
3.41758e-10
Iteration: 107/150 ---------------------------
Expected cost over samples: -11.9924
min cost: -11.9925
%%%%%%%%%E1_hat: 0.000666667
ESS: 1 / 1500
Diag(valid=1500, elite=150) ||dU~||2=2.01323 traceCovElite~=0.81787 R2=0.0760007 H(w)=5.9109e-303 perp=1 w_max=1
--------Variance: 1.25924e-10
Sum of |delta_u|: 0.485117
Post-update R2: 0.0500476
Final cost after weighting: -2.999896
E1_hat_1: 0.000666667
PI step 107 time: 0.0188264 seconds
********a: -7.31322
********New psi: 0.8
2.73406e-10
Iteration: 108/150 ---------------------------
Expected cost over samples: -11.9924
min cost: -11.9925
%%%%%%%%%E1_hat: 0.000666667
ESS: 1 / 1500
Diag(valid=1500, elite=150) ||dU~||2=3.48288 traceCovElite~=0.908439 R2=0.0704233 H(w)=3.48536e-75 perp=1 w_max=1
--------Variance: 3.01504e-10
Sum of |delta_u|: 0.865271
Post-update R2: 0.00555789
Final cost after weighting: -2.999896
E1_hat_1: 0.000666667
PI step 108 time: 0.0190912 seconds
********a: -7.31322
********New psi: 0.8
2.18725e-10
Iteration: 109/150 ---------------------------
Expected cost over samples: -11.9924
min cost: -11.9925
%%%%%%%%%E1_hat: 0.000666667
ESS: 1 / 1500
Diag(valid=1500, elite=150) ||dU~||2=3.81976 traceCovElite~=0.781039 R2=0.0633294 H(w)=5.9109e-303 perp=1 w_max=1
--------Variance: 2.90102e-10
Sum of |delta_u|: 0.86324
Post-update R2: 0.0262929
Final cost after weighting: -2.999897
E1_hat_1: 0.000666667
PI step 109 time: 0.0187099 seconds
********a: -7.31322
********New psi: 0.8
1.7498e-10
Iteration: 110/150 ---------------------------
Expected cost over samples: -11.9922
min cost: -11.9923
%%%%%%%%%E1_hat: 0.000666667
ESS: 1 / 1500
Diag(valid=1500, elite=150) ||dU~||2=3.59823 traceCovElite~=0.801215 R2=0.0531294 H(w)=3.3008e-23 perp=1 w_max=1
--------Variance: 2.05955e-10
Sum of |delta_u|: 0.790197
Post-update R2: 0.0170519
Final cost after weighting: -2.999896
E1_hat_1: 0.000666667
PI step 110 time: 0.018298 seconds
********a: -7.31322
********New psi: 0.8
1.39984e-10
Iteration: 111/150 ---------------------------
Expected cost over samples: -11.9923
min cost: -11.9924
%%%%%%%%%E1_hat: 0.000666667
ESS: 1 / 1500
Diag(valid=1500, elite=150) ||dU~||2=1.75155 traceCovElite~=0.846356 R2=0.0693705 H(w)=5.9109e-303 perp=1 w_max=1
--------Variance: 3.9041e-11
Sum of |delta_u|: 0.422572
Post-update R2: 0.0308703
Final cost after weighting: -2.999897
E1_hat_1: 0.000666667
PI step 111 time: 0.0183125 seconds
********a: -7.31322
********New psi: 0.8
1.11987e-10
Iteration: 112/150 ---------------------------
Expected cost over samples: -11.9923
min cost: -11.9924
%%%%%%%%%E1_hat: 0.000666667
ESS: 1 / 1500
Diag(valid=1500, elite=150) ||dU~||2=2.58008 traceCovElite~=0.853097 R2=0.0853329 H(w)=5.9109e-303 perp=1 w_max=1
--------Variance: 6.77666e-11
Sum of |delta_u|: 0.688641
Post-update R2: 0.036076
Final cost after weighting: -2.999896
E1_hat_1: 0.000666667
PI step 112 time: 0.0182361 seconds
********a: -7.31322
********New psi: 0.8
8.95898e-11
Iteration: 113/150 ---------------------------
Expected cost over samples: -11.9923
min cost: -11.9923
%%%%%%%%%E1_hat: 0.000666667
ESS: 1 / 1500
Diag(valid=1500, elite=150) ||dU~||2=3.54745 traceCovElite~=0.809318 R2=0.0855726 H(w)=5.9109e-303 perp=1 w_max=1
--------Variance: 1.02488e-10
Sum of |delta_u|: 0.836571
Post-update R2: 0.0495056
Final cost after weighting: -2.999896
E1_hat_1: 0.000666667
PI step 113 time: 0.0183405 seconds
********a: -7.31322
********New psi: 0.8
7.16718e-11
Iteration: 114/150 ---------------------------
Expected cost over samples: -11.9922
min cost: -11.9923
%%%%%%%%%E1_hat: 0.000666667
ESS: 1 / 1500
Diag(valid=1500, elite=150) ||dU~||2=2.49874 traceCovElite~=0.833409 R2=0.0686045 H(w)=5.9109e-303 perp=1 w_max=1
--------Variance: 4.068e-11
Sum of |delta_u|: 0.632114
Post-update R2: 0.0348795
Final cost after weighting: -2.999895
E1_hat_1: 0.000666667
PI step 114 time: 0.0191187 seconds
********a: -7.31322
********New psi: 0.8
5.73375e-11
Iteration: 115/150 ---------------------------
Expected cost over samples: -11.9923
min cost: -11.9923
%%%%%%%%%E1_hat: 0.000666667
ESS: 1 / 1500
Diag(valid=1500, elite=150) ||dU~||2=3.33287 traceCovElite~=0.819219 R2=0.076702 H(w)=5.9109e-303 perp=1 w_max=1
--------Variance: 5.78959e-11
Sum of |delta_u|: 0.634382
Post-update R2: 0.0405909
Final cost after weighting: -2.999897
E1_hat_1: 0.000666667
PI step 115 time: 0.0188359 seconds
********a: -7.31322
********New psi: 0.8
4.587e-11
Iteration: 116/150 ---------------------------
Expected cost over samples: -11.9923
min cost: -11.9924
%%%%%%%%%E1_hat: 0.000666667
ESS: 1 / 1500
Diag(valid=1500, elite=150) ||dU~||2=2.43245 traceCovElite~=0.81379 R2=0.0904279 H(w)=5.9109e-303 perp=1 w_max=1
--------Variance: 2.46726e-11
Sum of |delta_u|: 0.591983
Post-update R2: 0.0441868
Final cost after weighting: -2.999897
E1_hat_1: 0.000666667
PI step 116 time: 0.0185779 seconds
********a: -7.31322
********New psi: 0.8
3.6696e-11
Iteration: 117/150 ---------------------------
Expected cost over samples: -11.9923
min cost: -11.9924
%%%%%%%%%E1_hat: 0.000666667
ESS: 1 / 1500
Diag(valid=1500, elite=150) ||dU~||2=2.11587 traceCovElite~=0.891005 R2=0.101518 H(w)=5.9109e-303 perp=1 w_max=1
--------Variance: 1.49342e-11
Sum of |delta_u|: 0.511276
Post-update R2: 0.062471
Final cost after weighting: -2.999896
E1_hat_1: 0.000666667
PI step 117 time: 0.018182 seconds
********a: -7.31322
********New psi: 0.8
2.93568e-11
Iteration: 118/150 ---------------------------
Expected cost over samples: -11.9924
min cost: -11.9924
%%%%%%%%%E1_hat: 0.000666667
ESS: 1 / 1500
Diag(valid=1500, elite=150) ||dU~||2=3.03186 traceCovElite~=0.838728 R2=0.0668158 H(w)=5.9109e-303 perp=1 w_max=1
--------Variance: 2.45305e-11
Sum of |delta_u|: 0.701002
Post-update R2: 0.017387
Final cost after weighting: -2.999896
E1_hat_1: 0.000666667
PI step 118 time: 0.0182815 seconds
********a: -7.31322
********New psi: 0.8
2.34854e-11
Iteration: 119/150 ---------------------------
Expected cost over samples: -11.9923
min cost: -11.9924
%%%%%%%%%E1_hat: 0.000666667
ESS: 1 / 1500
Diag(valid=1500, elite=150) ||dU~||2=3.39186 traceCovElite~=0.74836 R2=0.0812989 H(w)=5.9109e-303 perp=1 w_max=1
--------Variance: 2.45623e-11
Sum of |delta_u|: 0.705012
Post-update R2: 0.0296124
Final cost after weighting: -2.999897
E1_hat_1: 0.000666667
PI step 119 time: 0.0182868 seconds
********a: -7.31322
********New psi: 0.8
1.87883e-11
Iteration: 120/150 ---------------------------
Expected cost over samples: -11.9923
min cost: -11.9924
%%%%%%%%%E1_hat: 0.000666667
ESS: 1 / 1500
Diag(valid=1500, elite=150) ||dU~||2=2.12641 traceCovElite~=0.815142 R2=0.0913018 H(w)=5.9109e-303 perp=1 w_max=1
--------Variance: 7.72265e-12
Sum of |delta_u|: 0.471685
Post-update R2: 0.0334632
Final cost after weighting: -2.999897
E1_hat_1: 0.000666667
PI step 120 time: 0.0181142 seconds
********a: -7.31322
********New psi: 0.8
1.50307e-11
Iteration: 121/150 ---------------------------
Expected cost over samples: -11.9924
min cost: -11.9924
%%%%%%%%%E1_hat: 0.000666667
ESS: 1 / 1500
Diag(valid=1500, elite=150) ||dU~||2=2.74267 traceCovElite~=0.859115 R2=0.0834592 H(w)=5.9109e-303 perp=1 w_max=1
--------Variance: 1.02786e-11
Sum of |delta_u|: 0.654453
Post-update R2: 0.0551901
Final cost after weighting: -2.999897
E1_hat_1: 0.000666667
PI step 121 time: 0.0187066 seconds
********a: -7.31322
********New psi: 0.8
1.20245e-11
Iteration: 122/150 ---------------------------
Expected cost over samples: -11.9924
min cost: -11.9924
%%%%%%%%%E1_hat: 0.000666667
ESS: 1 / 1500
Diag(valid=1500, elite=150) ||dU~||2=3.1203 traceCovElite~=0.828103 R2=0.0702598 H(w)=2.5621e-226 perp=1 w_max=1
--------Variance: 1.06431e-11
Sum of |delta_u|: 0.776641
Post-update R2: 0.0282513
Final cost after weighting: -2.999897
E1_hat_1: 0.000666667
PI step 122 time: 0.0186554 seconds
********a: -7.31322
********New psi: 0.8
9.61963e-12
Iteration: 123/150 ---------------------------
Expected cost over samples: -11.9924
min cost: -11.9924
%%%%%%%%%E1_hat: 0.000666667
ESS: 1 / 1500
Diag(valid=1500, elite=150) ||dU~||2=3.76368 traceCovElite~=0.825433 R2=0.0872751 H(w)=5.9109e-303 perp=1 w_max=1
--------Variance: 1.23877e-11
Sum of |delta_u|: 0.904785
Post-update R2: 0.0351879
Final cost after weighting: -2.999897
E1_hat_1: 0.000666667
PI step 123 time: 0.01927 seconds
********a: -7.31322
********New psi: 0.8
7.6957e-12
Iteration: 124/150 ---------------------------
Expected cost over samples: -11.9924
min cost: -11.9924
%%%%%%%%%E1_hat: 0.000666667
ESS: 1 / 1500
Diag(valid=1500, elite=150) ||dU~||2=1.54558 traceCovElite~=0.867643 R2=0.0556972 H(w)=5.9109e-303 perp=1 w_max=1
--------Variance: 1.67124e-12
Sum of |delta_u|: 0.38033
Post-update R2: 0.0305162
Final cost after weighting: -2.999897
E1_hat_1: 0.000666667
PI step 124 time: 0.0200025 seconds
********a: -7.31322
********New psi: 0.8
6.15656e-12
Iteration: 125/150 ---------------------------
Expected cost over samples: -11.9924
min cost: -11.9924
%%%%%%%%%E1_hat: 0.000666667
ESS: 1 / 1500
Diag(valid=1500, elite=150) ||dU~||2=2.16633 traceCovElite~=0.862965 R2=0.060385 H(w)=5.9109e-303 perp=1 w_max=1
--------Variance: 2.62656e-12
Sum of |delta_u|: 0.467098
Post-update R2: 0.0451224
Final cost after weighting: -2.999897
E1_hat_1: 0.000666667
PI step 125 time: 0.0186377 seconds
********a: -7.31322
********New psi: 0.8
4.92525e-12
Iteration: 126/150 ---------------------------
Expected cost over samples: -11.9924
min cost: -11.9924
%%%%%%%%%E1_hat: 0.000666667
ESS: 1 / 1500
Diag(valid=1500, elite=150) ||dU~||2=2.26964 traceCovElite~=0.796953 R2=0.0762614 H(w)=5.9109e-303 perp=1 w_max=1
--------Variance: 2.30646e-12
Sum of |delta_u|: 0.616053
Post-update R2: 0.0188676
Final cost after weighting: -2.999897
E1_hat_1: 0.000666667
PI step 126 time: 0.0183887 seconds
********a: -7.31322
********New psi: 0.8
3.9402e-12
Iteration: 127/150 ---------------------------
Expected cost over samples: -11.9924
min cost: -11.9924
%%%%%%%%%E1_hat: 0.000666667
ESS: 1 / 1500
Diag(valid=1500, elite=150) ||dU~||2=2.90099 traceCovElite~=0.81096 R2=0.0714421 H(w)=5.9109e-303 perp=1 w_max=1
--------Variance: 3.01421e-12
Sum of |delta_u|: 0.69346
Post-update R2: 0.0232271
Final cost after weighting: -2.999897
E1_hat_1: 0.000666667
PI step 127 time: 0.0189978 seconds
********a: -7.31322
********New psi: 0.8
3.15216e-12
Iteration: 128/150 ---------------------------
Expected cost over samples: -11.9924
min cost: -11.9924
%%%%%%%%%E1_hat: 0.000666667
ESS: 1 / 1500
Diag(valid=1500, elite=150) ||dU~||2=2.96966 traceCovElite~=0.795799 R2=0.0921933 H(w)=5.9109e-303 perp=1 w_max=1
--------Variance: 2.52684e-12
Sum of |delta_u|: 0.742729
Post-update R2: 0.0300333
Final cost after weighting: -2.999897
E1_hat_1: 0.000666667
PI step 128 time: 0.0188113 seconds
********a: -7.31322
********New psi: 0.8
2.52173e-12
Iteration: 129/150 ---------------------------
Expected cost over samples: -11.9924
min cost: -11.9924
%%%%%%%%%E1_hat: 0.000666667
ESS: 1 / 1500
Diag(valid=1500, elite=150) ||dU~||2=2.38148 traceCovElite~=0.837387 R2=0.0676385 H(w)=5.9109e-303 perp=1 w_max=1
--------Variance: 1.30016e-12
Sum of |delta_u|: 0.554994
Post-update R2: 0.034529
Final cost after weighting: -2.999897
E1_hat_1: 0.000666667
PI step 129 time: 0.0184773 seconds
********a: -7.31322
********New psi: 0.8
2.01738e-12
Iteration: 130/150 ---------------------------
Expected cost over samples: -11.9924
min cost: -11.9924
%%%%%%%%%E1_hat: 0.000666667
ESS: 1 / 1500
Diag(valid=1500, elite=150) ||dU~||2=2.28882 traceCovElite~=0.856478 R2=0.0914595 H(w)=5.9109e-303 perp=1 w_max=1
--------Variance: 9.60719e-13
Sum of |delta_u|: 0.395589
Post-update R2: 0.0579183
Final cost after weighting: -2.999897
E1_hat_1: 0.000666667
PI step 130 time: 0.017658 seconds
********a: -7.31322
********New psi: 0.8
1.61391e-12
Iteration: 131/150 ---------------------------
Expected cost over samples: -11.9924
min cost: -11.9924
%%%%%%%%%E1_hat: 0.000666667
ESS: 1 / 1500
Diag(valid=1500, elite=150) ||dU~||2=2.03724 traceCovElite~=0.811881 R2=0.0855386 H(w)=5.9109e-303 perp=1 w_max=1
--------Variance: 6.08906e-13
Sum of |delta_u|: 0.461391
Post-update R2: 0.051577
Final cost after weighting: -2.999897
E1_hat_1: 0.000666667
PI step 131 time: 0.017891 seconds
********a: -7.31322
********New psi: 0.8
1.29112e-12
Iteration: 132/150 ---------------------------
Expected cost over samples: -11.9924
min cost: -11.9924
%%%%%%%%%E1_hat: 0.000666667
ESS: 1 / 1500
Diag(valid=1500, elite=150) ||dU~||2=3.02905 traceCovElite~=0.818208 R2=0.0722401 H(w)=5.9109e-303 perp=1 w_max=1
--------Variance: 1.07685e-12
Sum of |delta_u|: 0.738932
Post-update R2: 0.0462794
Final cost after weighting: -2.999897
E1_hat_1: 0.000666667
PI step 132 time: 0.0195913 seconds
********a: -7.31322
********New psi: 0.8
1.0329e-12
Iteration: 133/150 ---------------------------
Expected cost over samples: -11.9924
min cost: -11.9924
%%%%%%%%%E1_hat: 0.000666667
ESS: 1 / 1500
Diag(valid=1500, elite=150) ||dU~||2=3.43951 traceCovElite~=0.827209 R2=0.0616717 H(w)=5.9109e-303 perp=1 w_max=1
--------Variance: 1.11086e-12
Sum of |delta_u|: 0.780422
Post-update R2: 0.014139
Final cost after weighting: -2.999897
E1_hat_1: 0.000666667
PI step 133 time: 0.018815 seconds
********a: -7.31322
********New psi: 0.8
8.2632e-13
Iteration: 134/150 ---------------------------
Expected cost over samples: -11.9924
min cost: -11.9924
%%%%%%%%%E1_hat: 0.000666667
ESS: 1 / 1500
Diag(valid=1500, elite=150) ||dU~||2=2.60423 traceCovElite~=0.798601 R2=0.0618607 H(w)=5.9109e-303 perp=1 w_max=1
--------Variance: 5.09432e-13
Sum of |delta_u|: 0.584692
Post-update R2: 0.0437928
Final cost after weighting: -2.999897
E1_hat_1: 0.000666667
PI step 134 time: 0.0177362 seconds
********a: -7.31322
********New psi: 0.8
6.61056e-13
Iteration: 135/150 ---------------------------
Expected cost over samples: -11.9924
min cost: -11.9924
%%%%%%%%%E1_hat: 0.000666667
ESS: 1 / 1500
Diag(valid=1500, elite=150) ||dU~||2=3.24922 traceCovElite~=0.833394 R2=0.0930777 H(w)=5.9109e-303 perp=1 w_max=1
--------Variance: 6.34452e-13
Sum of |delta_u|: 0.802676
Post-update R2: 0.0296812
Final cost after weighting: -2.999897
E1_hat_1: 0.000666667
PI step 135 time: 0.0185859 seconds
********a: -7.31322
********New psi: 0.8
5.28845e-13
Iteration: 136/150 ---------------------------
Expected cost over samples: -11.9924
min cost: -11.9924
%%%%%%%%%E1_hat: 0.000666667
ESS: 1 / 1500
Diag(valid=1500, elite=150) ||dU~||2=3.82861 traceCovElite~=0.812491 R2=0.0786968 H(w)=5.9109e-303 perp=1 w_max=1
--------Variance: 7.04721e-13
Sum of |delta_u|: 0.996219
Post-update R2: 0.0244076
Final cost after weighting: -2.999897
E1_hat_1: 0.000666667
PI step 136 time: 0.0184978 seconds
********a: -7.31322
********New psi: 0.8
4.23076e-13
Iteration: 137/150 ---------------------------
Expected cost over samples: -11.9924
min cost: -11.9924
%%%%%%%%%E1_hat: 0.000666667
ESS: 1 / 1500
Diag(valid=1500, elite=150) ||dU~||2=2.45095 traceCovElite~=0.830009 R2=0.0777476 H(w)=5.9109e-303 perp=1 w_max=1
--------Variance: 2.3103e-13
Sum of |delta_u|: 0.575944
Post-update R2: 0.0282668
Final cost after weighting: -2.999897
E1_hat_1: 0.000666667
PI step 137 time: 0.0180832 seconds
********a: -7.31322
********New psi: 0.8
3.38461e-13
Iteration: 138/150 ---------------------------
Expected cost over samples: -11.9924
min cost: -11.9924
%%%%%%%%%E1_hat: 0.000666667
ESS: 1 / 1500
Diag(valid=1500, elite=150) ||dU~||2=3.11514 traceCovElite~=0.877342 R2=0.0651957 H(w)=5.9109e-303 perp=1 w_max=1
--------Variance: 2.9857e-13
Sum of |delta_u|: 0.758749
Post-update R2: 0.0392567
Final cost after weighting: -2.999897
E1_hat_1: 0.000666667
PI step 138 time: 0.0185482 seconds
********a: -7.31322
********New psi: 0.8
2.70769e-13
Iteration: 139/150 ---------------------------
Expected cost over samples: -11.9924
min cost: -11.9924
%%%%%%%%%E1_hat: 0.000666667
ESS: 1 / 1500
Diag(valid=1500, elite=150) ||dU~||2=2.91147 traceCovElite~=0.860447 R2=0.0802777 H(w)=5.9109e-303 perp=1 w_max=1
--------Variance: 2.08655e-13
Sum of |delta_u|: 0.622054
Post-update R2: 0.0394623
Final cost after weighting: -2.999897
E1_hat_1: 0.000666667
PI step 139 time: 0.0188689 seconds
********a: -7.31322
********New psi: 0.8
2.16615e-13
Iteration: 140/150 ---------------------------
Expected cost over samples: -11.9924
min cost: -11.9924
%%%%%%%%%E1_hat: 0.000666667
ESS: 1 / 1500
Diag(valid=1500, elite=150) ||dU~||2=2.52451 traceCovElite~=0.817441 R2=0.0706292 H(w)=5.9109e-303 perp=1 w_max=1
--------Variance: 1.25492e-13
Sum of |delta_u|: 0.605324
Post-update R2: 0.0273722
Final cost after weighting: -2.999897
E1_hat_1: 0.000666667
PI step 140 time: 0.0189155 seconds
********a: -7.31322
********New psi: 0.8
1.73292e-13
Iteration: 141/150 ---------------------------
Expected cost over samples: -11.9924
min cost: -11.9924
%%%%%%%%%E1_hat: 0.000666667
ESS: 1 / 1500
Diag(valid=1500, elite=150) ||dU~||2=2.99553 traceCovElite~=0.83536 R2=0.0951554 H(w)=5.9109e-303 perp=1 w_max=1
--------Variance: 1.41361e-13
Sum of |delta_u|: 0.710688
Post-update R2: 0.0575241
Final cost after weighting: -2.999897
E1_hat_1: 0.000666667
PI step 141 time: 0.018866 seconds
********a: -7.31322
********New psi: 0.8
1.38633e-13
Iteration: 142/150 ---------------------------
Expected cost over samples: -11.9924
min cost: -11.9924
%%%%%%%%%E1_hat: 0.000666667
ESS: 1 / 1500
Diag(valid=1500, elite=150) ||dU~||2=2.79666 traceCovElite~=0.791106 R2=0.0919614 H(w)=5.9109e-303 perp=1 w_max=1
--------Variance: 9.85639e-14
Sum of |delta_u|: 0.589427
Post-update R2: 0.0715337
Final cost after weighting: -2.999897
E1_hat_1: 0.000666667
PI step 142 time: 0.0187857 seconds
********a: -7.31322
********New psi: 0.8
1.10907e-13
Iteration: 143/150 ---------------------------
Expected cost over samples: -11.9924
min cost: -11.9924
%%%%%%%%%E1_hat: 0.000666667
ESS: 1 / 1500
Diag(valid=1500, elite=150) ||dU~||2=3.74179 traceCovElite~=0.835676 R2=0.0863002 H(w)=5.9109e-303 perp=1 w_max=1
--------Variance: 1.41158e-13
Sum of |delta_u|: 0.922075
Post-update R2: 0.0189032
Final cost after weighting: -2.999897
E1_hat_1: 0.000666667
PI step 143 time: 0.0187501 seconds
********a: -7.31322
********New psi: 0.8
8.87254e-14
Iteration: 144/150 ---------------------------
Expected cost over samples: -11.9924
min cost: -11.9924
%%%%%%%%%E1_hat: 0.000666667
ESS: 1 / 1500
Diag(valid=1500, elite=150) ||dU~||2=3.55948 traceCovElite~=0.845884 R2=0.0645299 H(w)=5.9109e-303 perp=1 w_max=1
--------Variance: 1.02192e-13
Sum of |delta_u|: 0.631895
Post-update R2: 0.0307008
Final cost after weighting: -2.999897
E1_hat_1: 0.000666667
PI step 144 time: 0.0184504 seconds
********a: -7.31322
********New psi: 0.8
7.09803e-14
Iteration: 145/150 ---------------------------
Expected cost over samples: -11.9924
min cost: -11.9924
%%%%%%%%%E1_hat: 0.000666667
ESS: 1 / 1500
Diag(valid=1500, elite=150) ||dU~||2=2.38635 traceCovElite~=0.871565 R2=0.0483527 H(w)=5.9109e-303 perp=1 w_max=1
--------Variance: 3.67458e-14
Sum of |delta_u|: 0.474983
Post-update R2: 0.0367852
Final cost after weighting: -2.999897
E1_hat_1: 0.000666667
PI step 145 time: 0.0185641 seconds
********a: -7.31322
********New psi: 0.8
5.67843e-14
Iteration: 146/150 ---------------------------
Expected cost over samples: -11.9924
min cost: -11.9924
%%%%%%%%%E1_hat: 0.000666667
ESS: 1 / 1500
Diag(valid=1500, elite=150) ||dU~||2=2.40481 traceCovElite~=0.881902 R2=0.0588294 H(w)=5.9109e-303 perp=1 w_max=1
--------Variance: 2.98537e-14
Sum of |delta_u|: 0.587649
Post-update R2: 0.0374777
Final cost after weighting: -2.999897
E1_hat_1: 0.000666667
PI step 146 time: 0.0185334 seconds
********a: -7.31322
********New psi: 0.8
4.54274e-14
Iteration: 147/150 ---------------------------
Expected cost over samples: -11.9924
min cost: -11.9924
%%%%%%%%%E1_hat: 0.000666667
ESS: 1 / 1500
Diag(valid=1500, elite=150) ||dU~||2=3.55991 traceCovElite~=0.783016 R2=0.0738001 H(w)=5.9109e-303 perp=1 w_max=1
--------Variance: 5.23305e-14
Sum of |delta_u|: 0.786332
Post-update R2: 0.044625
Final cost after weighting: -2.999897
E1_hat_1: 0.000666667
PI step 147 time: 0.0185421 seconds
********a: -7.31322
********New psi: 0.8
3.63419e-14
Iteration: 148/150 ---------------------------
Expected cost over samples: -11.9924
min cost: -11.9924
%%%%%%%%%E1_hat: 0.000666667
ESS: 1 / 1500
Diag(valid=1500, elite=150) ||dU~||2=4.67018 traceCovElite~=0.901181 R2=0.0760789 H(w)=5.9109e-303 perp=1 w_max=1
--------Variance: 7.2056e-14
Sum of |delta_u|: 1.11747
Post-update R2: 0.0524964
Final cost after weighting: -2.999897
E1_hat_1: 0.000666667
PI step 148 time: 0.0187299 seconds
********a: -7.31322
********New psi: 0.8
2.90735e-14
Iteration: 149/150 ---------------------------
Expected cost over samples: -11.9924
min cost: -11.9924
%%%%%%%%%E1_hat: 0.000666667
ESS: 1 / 1500
Diag(valid=1500, elite=150) ||dU~||2=3.49397 traceCovElite~=0.806774 R2=0.0700362 H(w)=5.9109e-303 perp=1 w_max=1
--------Variance: 3.22605e-14
Sum of |delta_u|: 0.898162
Post-update R2: 0.0225776
Final cost after weighting: -2.999897
E1_hat_1: 0.000666667
PI step 149 time: 0.018925 seconds
********a: -7.31322
********New psi: 0.8
2.32588e-14
Iteration: 150/150 ---------------------------
Expected cost over samples: -11.9924
min cost: -11.9924
%%%%%%%%%E1_hat: 0.000666667
ESS: 1 / 1500
Diag(valid=1500, elite=150) ||dU~||2=1.9522 traceCovElite~=0.866407 R2=0.0568181 H(w)=5.9109e-303 perp=1 w_max=1
--------Variance: 8.0572e-15
Sum of |delta_u|: 0.504311
Post-update R2: 0.0319706
Final cost after weighting: -2.999897
E1_hat_1: 0.000666667
PI step 150 time: 0.0189549 seconds
********a: -7.31322
********New psi: 0.8
1.86071e-14
Optimal cost -2.9998972875891017
Optimal rob  4.9138124680325745e-09
Solver time  2.727919291
