R_ : 20  0
 0 20
Iteration: 0/100 ---------------------------
Expected cost over samples: 44.2357
min cost: -6.65087
%%%%%%%%%E1_hat: 0.0164254
ESS: 184.784 / 1700
Diag(valid=1700, elite=170) ||dU~||2=1.18012 traceCovElite~=0.955203 R2=0.00210505 H(w)=6.17446 perp=480.324 w_max=0.0358124
--------Variance: 0.00302467
Sum of |delta_u|: 0.167046
Post-update R2: 0.0158412
Final cost after weighting: 28.860037
E1_hat_1: 0.0164254
PI step 0 time: 0.0325324 seconds
********a(H_hat): 0.830081
********New psi: 0.3
0.15    0
   0 0.15
Iteration: 1/100 ---------------------------
Expected cost over samples: 27.7188
min cost: -3.33332
%%%%%%%%%E1_hat: 0.00192682
ESS: 9.56375 / 1700
Diag(valid=1700, elite=170) ||dU~||2=2.25139 traceCovElite~=0.980703 R2=0.0124483 H(w)=3.97254 perp=53.1193 w_max=0.305288
--------Variance: 0.0188579
Sum of |delta_u|: 0.308995
Post-update R2: 0.025711
Final cost after weighting: 34.108616
E1_hat_1: 0.00192682
PI step 1 time: 0.033322 seconds
********a(H_hat): 0.53406
********New psi: 0.3
0.045     0
    0 0.045
Iteration: 2/100 ---------------------------
Expected cost over samples: 18.3086
min cost: -1.41401
%%%%%%%%%E1_hat: 0.00115528
ESS: 3.20888 / 1700
Diag(valid=1700, elite=170) ||dU~||2=3.75738 traceCovElite~=0.957302 R2=0.00967974 H(w)=1.74921 perp=5.75007 w_max=0.50917
--------Variance: 0.0153516
Sum of |delta_u|: 0.495167
Post-update R2: 0.0126891
Final cost after weighting: 20.155082
E1_hat_1: 0.00115528
PI step 2 time: 0.0327057 seconds
********a(H_hat): 0.23516
********New psi: 0.458904
0.0206507         0
        0 0.0206507
Iteration: 3/100 ---------------------------
Expected cost over samples: 12.8766
min cost: -3.90171
%%%%%%%%%E1_hat: 0.000591531
ESS: 1.01123 / 1700
Diag(valid=1700, elite=170) ||dU~||2=5.84371 traceCovElite~=0.93769 R2=0.0214141 H(w)=0.0449583 perp=1.04598 w_max=0.994429
--------Variance: 0.0220055
Sum of |delta_u|: 0.832773
Post-update R2: 0.0353057
Final cost after weighting: 20.290831
E1_hat_1: 0.000591531
PI step 3 time: 0.0289612 seconds
********a(H_hat): 0.00604409
********New psi: 0.596374
0.0123155         0
        0 0.0123155
Iteration: 4/100 ---------------------------
Expected cost over samples: 8.27677
min cost: -3.82267
%%%%%%%%%E1_hat: 0.000596733
ESS: 1.02907 / 1700
Diag(valid=1700, elite=170) ||dU~||2=6.03753 traceCovElite~=0.947765 R2=0.0279423 H(w)=0.107443 perp=1.11343 w_max=0.985759
--------Variance: 0.0140128
Sum of |delta_u|: 0.892759
Post-update R2: 0.0298304
Final cost after weighting: 20.774303
E1_hat_1: 0.000596733
PI step 4 time: 0.0287376 seconds
********a(H_hat): 0.0144444
********New psi: 0.591333
0.00728258          0
         0 0.00728258
Iteration: 5/100 ---------------------------
Expected cost over samples: 8.322
min cost: -0.81697
%%%%%%%%%E1_hat: 0.000949943
ESS: 2.03834 / 1700
Diag(valid=1700, elite=170) ||dU~||2=4.48728 traceCovElite~=0.924396 R2=0.0257799 H(w)=0.931626 perp=2.53863 w_max=0.619232
--------Variance: 0.00402618
Sum of |delta_u|: 0.64964
Post-update R2: 0.0414682
Final cost after weighting: 19.267917
E1_hat_1: 0.000949943
PI step 5 time: 0.028525 seconds
********a(H_hat): 0.125246
********New psi: 0.524853
0.00382228          0
         0 0.00382228
Iteration: 6/100 ---------------------------
Expected cost over samples: 6.18167
min cost: -1.12523
%%%%%%%%%E1_hat: 0.000595634
ESS: 1.02517 / 1700
Diag(valid=1700, elite=170) ||dU~||2=5.27637 traceCovElite~=0.948161 R2=0.0279965 H(w)=0.0694649 perp=1.07193 w_max=0.987579
--------Variance: 0.00332802
Sum of |delta_u|: 0.735114
Post-update R2: 0.0274188
Final cost after weighting: 17.209916
E1_hat_1: 0.000595634
PI step 6 time: 0.0278586 seconds
********a: -7.42588
********New psi: 0.843838
0.00322538          0
         0 0.00322538
Iteration: 7/100 ---------------------------
Expected cost over samples: 4.56077
min cost: -2.19084
%%%%%%%%%E1_hat: 0.000591767
ESS: 1.01201 / 1700
Diag(valid=1700, elite=170) ||dU~||2=5.5833 traceCovElite~=0.932772 R2=0.0331099 H(w)=0.0369591 perp=1.03765 w_max=0.994031
--------Variance: 0.00313979
Sum of |delta_u|: 0.768843
Post-update R2: 0.0469208
Final cost after weighting: 16.480558
E1_hat_1: 0.000591767
PI step 7 time: 0.0277509 seconds
********a: -7.4324
********New psi: 0.843838
0.0027217         0
        0 0.0027217
Iteration: 8/100 ---------------------------
Expected cost over samples: 3.96565
min cost: -1.91571
%%%%%%%%%E1_hat: 0.000591106
ESS: 1.00976 / 1700
Diag(valid=1700, elite=170) ||dU~||2=5.68268 traceCovElite~=0.954386 R2=0.0362721 H(w)=0.0321109 perp=1.03263 w_max=0.995143
--------Variance: 0.00273958
Sum of |delta_u|: 0.875713
Post-update R2: 0.0236937
Final cost after weighting: 15.696607
E1_hat_1: 0.000591106
PI step 8 time: 0.0303864 seconds
********a: -7.43351
********New psi: 0.843838
0.00229668          0
         0 0.00229668
Iteration: 9/100 ---------------------------
Expected cost over samples: 3.25296
min cost: -2.49614
%%%%%%%%%E1_hat: 0.000588236
ESS: 1 / 1700
Diag(valid=1700, elite=170) ||dU~||2=6.85584 traceCovElite~=0.937054 R2=0.026084 H(w)=1.31222e-05 perp=1.00001 w_max=0.999999
--------Variance: 0.0033733
Sum of |delta_u|: 0.931181
Post-update R2: 0.0220319
Final cost after weighting: 15.265656
E1_hat_1: 0.000588236
PI step 9 time: 0.029661 seconds
********a: -7.43838
********New psi: 0.843838
0.00193802          0
         0 0.00193802
Iteration: 10/100 ---------------------------
Expected cost over samples: 3.97522
min cost: -0.995763
%%%%%%%%%E1_hat: 0.000950742
ESS: 1.91847 / 1700
Diag(valid=1700, elite=170) ||dU~||2=5.10247 traceCovElite~=0.96859 R2=0.0353437 H(w)=0.708499 perp=2.03094 w_max=0.618712
--------Variance: 0.00158759
Sum of |delta_u|: 0.730049
Post-update R2: 0.0235668
Final cost after weighting: 14.506560
E1_hat_1: 0.000950742
PI step 10 time: 0.0298185 seconds
********a: -6.95827
********New psi: 0.843838
0.00163538          0
         0 0.00163538
Iteration: 11/100 ---------------------------
Expected cost over samples: 2.46693
min cost: -1.78831
%%%%%%%%%E1_hat: 0.00114378
ESS: 2.16212 / 1700
Diag(valid=1700, elite=170) ||dU~||2=4.28455 traceCovElite~=0.95209 R2=0.0349058 H(w)=0.847374 perp=2.33351 w_max=0.514291
--------Variance: 0.000994782
Sum of |delta_u|: 0.650935
Post-update R2: 0.0292621
Final cost after weighting: 14.393451
E1_hat_1: 0.00114378
PI step 11 time: 0.029368 seconds
********a: -6.77342
********New psi: 0.843838
0.00137999          0
         0 0.00137999
Iteration: 12/100 ---------------------------
Expected cost over samples: 1.64169
min cost: -2.40055
%%%%%%%%%E1_hat: 0.000588262
ESS: 1.00009 / 1700
Diag(valid=1700, elite=170) ||dU~||2=5.48657 traceCovElite~=0.910883 R2=0.0295304 H(w)=0.000512849 perp=1.00051 w_max=0.999954
--------Variance: 0.00129817
Sum of |delta_u|: 0.826577
Post-update R2: 0.0171605
Final cost after weighting: 14.247749
E1_hat_1: 0.000588262
PI step 12 time: 0.028159 seconds
********a: -7.43834
********New psi: 0.843838
0.00116449          0
         0 0.00116449
Iteration: 13/100 ---------------------------
Expected cost over samples: 0.692758
min cost: -2.99361
%%%%%%%%%E1_hat: 0.000592607
ESS: 1.01486 / 1700
Diag(valid=1700, elite=170) ||dU~||2=5.73029 traceCovElite~=0.953146 R2=0.0302662 H(w)=0.0436228 perp=1.04459 w_max=0.992623
--------Variance: 0.00119104
Sum of |delta_u|: 0.794567
Post-update R2: 0.0153775
Final cost after weighting: 14.318503
E1_hat_1: 0.000592607
PI step 13 time: 0.028888 seconds
********a: -7.43098
********New psi: 0.843838
0.000982641           0
          0 0.000982641
Iteration: 14/100 ---------------------------
Expected cost over samples: 1.1399
min cost: -2.21541
%%%%%%%%%E1_hat: 0.00100659
ESS: 2.03885 / 1700
Diag(valid=1700, elite=170) ||dU~||2=3.44153 traceCovElite~=0.896178 R2=0.0448626 H(w)=0.803475 perp=2.23329 w_max=0.584384
--------Variance: 0.000402323
Sum of |delta_u|: 0.4755
Post-update R2: 0.0137859
Final cost after weighting: 14.050823
E1_hat_1: 0.00100659
PI step 14 time: 0.0284339 seconds
********a: -6.90119
********New psi: 0.843838
0.00082919          0
         0 0.00082919
Iteration: 15/100 ---------------------------
Expected cost over samples: 0.922215
min cost: -2.27844
%%%%%%%%%E1_hat: 0.000588235
ESS: 1 / 1700
Diag(valid=1700, elite=170) ||dU~||2=6.22161 traceCovElite~=0.898168 R2=0.0489131 H(w)=3.2868e-06 perp=1 w_max=1
--------Variance: 0.00100302
Sum of |delta_u|: 0.920009
Post-update R2: 0.0168121
Final cost after weighting: 14.121587
E1_hat_1: 0.000588235
PI step 15 time: 0.0288827 seconds
********a: -7.43838
********New psi: 0.843838
0.000699702           0
          0 0.000699702
Iteration: 16/100 ---------------------------
Expected cost over samples: 1.10275
min cost: -1.71056
%%%%%%%%%E1_hat: 0.000600965
ESS: 1.04362 / 1700
Diag(valid=1700, elite=170) ||dU~||2=5.75619 traceCovElite~=0.954388 R2=0.0282248 H(w)=0.133823 perp=1.14319 w_max=0.978817
--------Variance: 0.000723226
Sum of |delta_u|: 0.896757
Post-update R2: 0.0235701
Final cost after weighting: 14.140814
E1_hat_1: 0.000600965
PI step 16 time: 0.0288161 seconds
********a: -7.41697
********New psi: 0.843838
0.000590435           0
          0 0.000590435
Iteration: 17/100 ---------------------------
Expected cost over samples: 1.25469
min cost: -1.20832
%%%%%%%%%E1_hat: 0.000588242
ESS: 1.00002 / 1700
Diag(valid=1700, elite=170) ||dU~||2=5.27206 traceCovElite~=0.925471 R2=0.0421773 H(w)=0.000141302 perp=1.00014 w_max=0.999989
--------Variance: 0.000512834
Sum of |delta_u|: 0.73864
Post-update R2: 0.0104233
Final cost after weighting: 13.989533
E1_hat_1: 0.000588242
PI step 17 time: 0.0287191 seconds
********a: -7.43837
********New psi: 0.843838
0.000498232           0
          0 0.000498232
Iteration: 18/100 ---------------------------
Expected cost over samples: 0.749294
min cost: -1.74762
%%%%%%%%%E1_hat: 0.000588237
ESS: 1 / 1700
Diag(valid=1700, elite=170) ||dU~||2=6.20566 traceCovElite~=0.920795 R2=0.0495173 H(w)=3.15552e-05 perp=1.00003 w_max=0.999998
--------Variance: 0.000599591
Sum of |delta_u|: 0.757218
Post-update R2: 0.0376516
Final cost after weighting: 13.974463
E1_hat_1: 0.000588237
PI step 18 time: 0.0290256 seconds
********a: -7.43838
********New psi: 0.843838
0.000420427           0
          0 0.000420427
Iteration: 19/100 ---------------------------
Expected cost over samples: 0.185723
min cost: -2.06998
%%%%%%%%%E1_hat: 0.000591581
ESS: 1.01139 / 1700
Diag(valid=1700, elite=170) ||dU~||2=5.38112 traceCovElite~=0.937076 R2=0.0462253 H(w)=0.0386574 perp=1.03941 w_max=0.994345
--------Variance: 0.000380868
Sum of |delta_u|: 0.788695
Post-update R2: 0.0143179
Final cost after weighting: 13.964973
E1_hat_1: 0.000591581
PI step 19 time: 0.0288522 seconds
********a: -7.43271
********New psi: 0.843838
0.000354772           0
          0 0.000354772
Iteration: 20/100 ---------------------------
Expected cost over samples: -0.0387939
min cost: -1.988
%%%%%%%%%E1_hat: 0.000588282
ESS: 1.00016 / 1700
Diag(valid=1700, elite=170) ||dU~||2=5.57188 traceCovElite~=0.926665 R2=0.0374876 H(w)=0.00085705 perp=1.00086 w_max=0.99992
--------Variance: 0.000344189
Sum of |delta_u|: 0.775119
Post-update R2: 0.0205462
Final cost after weighting: 13.919041
E1_hat_1: 0.000588282
PI step 20 time: 0.0299153 seconds
********a: -7.4383
********New psi: 0.843838
0.00029937          0
         0 0.00029937
Iteration: 21/100 ---------------------------
Expected cost over samples: 0.208799
min cost: -1.56821
%%%%%%%%%E1_hat: 0.00130356
ESS: 2.98651 / 1700
Diag(valid=1700, elite=170) ||dU~||2=3.54237 traceCovElite~=0.92602 R2=0.0344629 H(w)=1.23405 perp=3.43512 w_max=0.451253
--------Variance: 0.000110825
Sum of |delta_u|: 0.508017
Post-update R2: 0.0175779
Final cost after weighting: 13.900362
E1_hat_1: 0.00130356
PI step 21 time: 0.028295 seconds
********a: -6.64266
********New psi: 0.843838
0.00025262          0
         0 0.00025262
Iteration: 22/100 ---------------------------
Expected cost over samples: 0.419735
min cost: -1.34558
%%%%%%%%%E1_hat: 0.000588236
ESS: 1 / 1700
Diag(valid=1700, elite=170) ||dU~||2=5.95712 traceCovElite~=0.919196 R2=0.0361931 H(w)=6.24096e-06 perp=1.00001 w_max=1
--------Variance: 0.000280149
Sum of |delta_u|: 0.701657
Post-update R2: 0.0142035
Final cost after weighting: 13.857330
E1_hat_1: 0.000588236
PI step 22 time: 0.0291123 seconds
********a: -7.43838
********New psi: 0.843838
0.00021317          0
         0 0.00021317
Iteration: 23/100 ---------------------------
Expected cost over samples: 0.264757
min cost: -1.3158
%%%%%%%%%E1_hat: 0.000588451
ESS: 1.00073 / 1700
Diag(valid=1700, elite=170) ||dU~||2=6.64299 traceCovElite~=0.964833 R2=0.0373782 H(w)=0.00327285 perp=1.00328 w_max=0.999633
--------Variance: 0.000293936
Sum of |delta_u|: 0.986818
Post-update R2: 0.0145252
Final cost after weighting: 13.786363
E1_hat_1: 0.000588451
PI step 23 time: 0.029376 seconds
********a: -7.43802
********New psi: 0.843838
0.000179881           0
          0 0.000179881
Iteration: 24/100 ---------------------------
Expected cost over samples: 0.287055
min cost: -1.18018
%%%%%%%%%E1_hat: 0.000590087
ESS: 1.0063 / 1700
Diag(valid=1700, elite=170) ||dU~||2=5.35691 traceCovElite~=0.917123 R2=0.0524074 H(w)=0.0221837 perp=1.02243 w_max=0.996862
--------Variance: 0.000161261
Sum of |delta_u|: 0.716425
Post-update R2: 0.019155
Final cost after weighting: 13.737117
E1_hat_1: 0.000590087
PI step 24 time: 0.0289568 seconds
********a: -7.43524
********New psi: 0.843838
0.000151791           0
          0 0.000151791
Iteration: 25/100 ---------------------------
Expected cost over samples: -0.0358876
min cost: -1.37042
%%%%%%%%%E1_hat: 0.000589423
ESS: 1.00404 / 1700
Diag(valid=1700, elite=170) ||dU~||2=5.53655 traceCovElite~=0.940477 R2=0.0405193 H(w)=0.0145216 perp=1.01463 w_max=0.997985
--------Variance: 0.00014535
Sum of |delta_u|: 0.800135
Post-update R2: 0.011946
Final cost after weighting: 13.700657
E1_hat_1: 0.000589423
PI step 25 time: 0.0288679 seconds
********a: -7.43637
********New psi: 0.843838
0.000128087           0
          0 0.000128087
Iteration: 26/100 ---------------------------
Expected cost over samples: -0.203383
min cost: -1.39921
%%%%%%%%%E1_hat: 0.000645403
ESS: 1.19318 / 1700
Diag(valid=1700, elite=170) ||dU~||2=4.15997 traceCovElite~=0.937299 R2=0.0456747 H(w)=0.311456 perp=1.36541 w_max=0.911423
--------Variance: 6.79229e-05
Sum of |delta_u|: 0.524047
Post-update R2: 0.0327585
Final cost after weighting: 13.677271
E1_hat_1: 0.000645403
PI step 26 time: 0.029206 seconds
********a: -7.34564
********New psi: 0.843838
0.000108084           0
          0 0.000108084
Iteration: 27/100 ---------------------------
Expected cost over samples: -0.326173
min cost: -1.45951
%%%%%%%%%E1_hat: 0.000589578
ESS: 1.00457 / 1700
Diag(valid=1700, elite=170) ||dU~||2=4.2474 traceCovElite~=0.920699 R2=0.0503884 H(w)=0.0164718 perp=1.01661 w_max=0.997723
--------Variance: 6.10535e-05
Sum of |delta_u|: 0.566029
Post-update R2: 0.0222908
Final cost after weighting: 13.655194
E1_hat_1: 0.000589578
PI step 27 time: 0.0291724 seconds
********a: -7.4361
********New psi: 0.843838
9.12057e-05           0
          0 9.12057e-05
Iteration: 28/100 ---------------------------
Expected cost over samples: -0.422476
min cost: -1.46997
%%%%%%%%%E1_hat: 0.000588252
ESS: 1.00006 / 1700
Diag(valid=1700, elite=170) ||dU~||2=5.99886 traceCovElite~=0.9224 R2=0.0418479 H(w)=0.000334504 perp=1.00033 w_max=0.999971
--------Variance: 0.000102567
Sum of |delta_u|: 0.901037
Post-update R2: 0.0166729
Final cost after weighting: 13.632794
E1_hat_1: 0.000588252
PI step 28 time: 0.0294992 seconds
********a: -7.43835
********New psi: 0.843838
7.69629e-05           0
          0 7.69629e-05
Iteration: 29/100 ---------------------------
Expected cost over samples: -0.425307
min cost: -1.37976
%%%%%%%%%E1_hat: 0.000830619
ESS: 1.82857 / 1700
Diag(valid=1700, elite=170) ||dU~||2=3.45447 traceCovElite~=0.941945 R2=0.0307695 H(w)=0.796466 perp=2.21769 w_max=0.708189
--------Variance: 3.40462e-05
Sum of |delta_u|: 0.486758
Post-update R2: 0.0127371
Final cost after weighting: 13.592814
E1_hat_1: 0.000830619
PI step 29 time: 0.0297397 seconds
********a: -7.09334
********New psi: 0.843838
6.49442e-05           0
          0 6.49442e-05
Iteration: 30/100 ---------------------------
Expected cost over samples: -0.4846
min cost: -1.31643
%%%%%%%%%E1_hat: 0.000595303
ESS: 1.02409 / 1700
Diag(valid=1700, elite=170) ||dU~||2=4.60712 traceCovElite~=0.925415 R2=0.0454715 H(w)=0.0717205 perp=1.07436 w_max=0.988127
--------Variance: 4.31985e-05
Sum of |delta_u|: 0.62081
Post-update R2: 0.0357506
Final cost after weighting: 13.601020
E1_hat_1: 0.000595303
PI step 30 time: 0.028524 seconds
********a: -7.42644
********New psi: 0.843838
5.48024e-05           0
          0 5.48024e-05
Iteration: 31/100 ---------------------------
Expected cost over samples: -0.607569
min cost: -1.40627
%%%%%%%%%E1_hat: 0.000588235
ESS: 1 / 1700
Diag(valid=1700, elite=170) ||dU~||2=4.88477 traceCovElite~=0.916895 R2=0.0580791 H(w)=3.9346e-12 perp=1 w_max=1
--------Variance: 4.08637e-05
Sum of |delta_u|: 0.722838
Post-update R2: 0.0235794
Final cost after weighting: 13.555078
E1_hat_1: 0.000588235
PI step 31 time: 0.029519 seconds
********a: -7.43838
********New psi: 0.843838
4.62443e-05           0
          0 4.62443e-05
Iteration: 32/100 ---------------------------
Expected cost over samples: -0.659062
min cost: -1.35844
%%%%%%%%%E1_hat: 0.000599363
ESS: 1.03783 / 1700
Diag(valid=1700, elite=170) ||dU~||2=5.80663 traceCovElite~=0.908152 R2=0.0493319 H(w)=0.0937078 perp=1.09824 w_max=0.981434
--------Variance: 4.87708e-05
Sum of |delta_u|: 0.79642
Post-update R2: 0.010027
Final cost after weighting: 13.558114
E1_hat_1: 0.000599363
PI step 32 time: 0.0290473 seconds
********a: -7.41964
********New psi: 0.843838
3.90227e-05           0
          0 3.90227e-05
Iteration: 33/100 ---------------------------
Expected cost over samples: -0.738645
min cost: -1.41147
%%%%%%%%%E1_hat: 0.000590997
ESS: 1.0094 / 1700
Diag(valid=1700, elite=170) ||dU~||2=4.6422 traceCovElite~=0.931895 R2=0.0473736 H(w)=0.0314593 perp=1.03196 w_max=0.995327
--------Variance: 2.63089e-05
Sum of |delta_u|: 0.68383
Post-update R2: 0.0218065
Final cost after weighting: 13.546574
E1_hat_1: 0.000590997
PI step 33 time: 0.0283191 seconds
********a: -7.4337
********New psi: 0.843838
3.29288e-05           0
          0 3.29288e-05
Iteration: 34/100 ---------------------------
Expected cost over samples: -0.826618
min cost: -1.45154
%%%%%%%%%E1_hat: 0.000588235
ESS: 1 / 1700
Diag(valid=1700, elite=170) ||dU~||2=6.47371 traceCovElite~=0.917611 R2=0.0452144 H(w)=2.50063e-11 perp=1 w_max=1
--------Variance: 4.31252e-05
Sum of |delta_u|: 0.928498
Post-update R2: 0.00654522
Final cost after weighting: 13.520065
E1_hat_1: 0.000588235
PI step 34 time: 0.0295851 seconds
********a: -7.43838
********New psi: 0.843838
2.77866e-05           0
          0 2.77866e-05
Iteration: 35/100 ---------------------------
Expected cost over samples: -0.798425
min cost: -1.33884
%%%%%%%%%E1_hat: 0.000588239
ESS: 1.00001 / 1700
Diag(valid=1700, elite=170) ||dU~||2=4.80941 traceCovElite~=0.950797 R2=0.0333047 H(w)=8.40246e-05 perp=1.00008 w_max=0.999994
--------Variance: 2.00848e-05
Sum of |delta_u|: 0.740509
Post-update R2: 0.0126372
Final cost after weighting: 13.511608
E1_hat_1: 0.000588239
PI step 35 time: 0.0288618 seconds
********a: -7.43838
********New psi: 0.843838
2.34474e-05           0
          0 2.34474e-05
Iteration: 36/100 ---------------------------
Expected cost over samples: -0.831483
min cost: -1.32601
%%%%%%%%%E1_hat: 0.000588248
ESS: 1.00004 / 1700
Diag(valid=1700, elite=170) ||dU~||2=5.40637 traceCovElite~=0.902756 R2=0.0470166 H(w)=0.000272938 perp=1.00027 w_max=0.999978
--------Variance: 2.14167e-05
Sum of |delta_u|: 0.760882
Post-update R2: 0.0175703
Final cost after weighting: 13.509178
E1_hat_1: 0.000588248
PI step 36 time: 0.0288733 seconds
********a: -7.43836
********New psi: 0.843838
1.97858e-05           0
          0 1.97858e-05
Iteration: 37/100 ---------------------------
Expected cost over samples: -0.967856
min cost: -1.42801
%%%%%%%%%E1_hat: 0.000588235
ESS: 1 / 1700
Diag(valid=1700, elite=170) ||dU~||2=5.78588 traceCovElite~=0.930508 R2=0.0354568 H(w)=2.89465e-12 perp=1 w_max=1
--------Variance: 2.06985e-05
Sum of |delta_u|: 0.825141
Post-update R2: 0.00454151
Final cost after weighting: 13.494313
E1_hat_1: 0.000588235
PI step 37 time: 0.0381203 seconds
********a: -7.43838
********New psi: 0.843838
1.6696e-05          0
         0 1.6696e-05
Optimal cost 13.494312789223859
Optimal rob  0.14434427933148442
Solver time  1.134331
