R_ : 20  0
 0 20
Iteration: 0/100 ---------------------------
Expected cost over samples: 43.6618
min cost: 0.604111
%%%%%%%%%E1_hat: 0.0358957
ESS: 268.292 / 1700
Diag(valid=1700, elite=170) ||dU~||2=1.27061 traceCovElite~=1.0101 R2=0.0130275 H(w)=6.2841 perp=535.981 w_max=0.0163873
--------Variance: 0.00209418
Sum of |delta_u|: 0.1817
Post-update R2: 0.000356734
Final cost after weighting: 29.957925
E1_hat_1: 0.0358957
PI step 0 time: 0.0326675 seconds
********a(H_hat): 0.844821
********New psi: 0.3
0.15    0
   0 0.15
Iteration: 1/100 ---------------------------
Expected cost over samples: 25.6821
min cost: -2.73742
%%%%%%%%%E1_hat: 0.00248423
ESS: 12.1279 / 1700
Diag(valid=1700, elite=170) ||dU~||2=1.80709 traceCovElite~=0.985161 R2=0.0141143 H(w)=4.28547 perp=72.6365 w_max=0.236787
--------Variance: 0.0170608
Sum of |delta_u|: 0.255855
Post-update R2: 0.00367157
Final cost after weighting: 34.685688
E1_hat_1: 0.00248423
PI step 1 time: 0.029765 seconds
********a(H_hat): 0.576129
********New psi: 0.3
0.045     0
    0 0.045
Iteration: 2/100 ---------------------------
Expected cost over samples: 18.6615
min cost: 0.270341
%%%%%%%%%E1_hat: 0.00173004
ESS: 6.03356 / 1700
Diag(valid=1700, elite=170) ||dU~||2=2.8381 traceCovElite~=0.939868 R2=0.0071832 H(w)=2.37605 perp=10.7623 w_max=0.340012
--------Variance: 0.00779484
Sum of |delta_u|: 0.418581
Post-update R2: 0.0178039
Final cost after weighting: 19.369275
E1_hat_1: 0.00173004
PI step 2 time: 0.031208 seconds
********a(H_hat): 0.31943
********New psi: 0.408342
0.0183754         0
        0 0.0183754
Iteration: 3/100 ---------------------------
Expected cost over samples: 11.7996
min cost: -1.23592
%%%%%%%%%E1_hat: 0.00103082
ESS: 2.50381 / 1700
Diag(valid=1700, elite=170) ||dU~||2=3.93531 traceCovElite~=0.928409 R2=0.0319794 H(w)=1.25261 perp=3.49947 w_max=0.570646
--------Variance: 0.00771844
Sum of |delta_u|: 0.56694
Post-update R2: 0.0247376
Final cost after weighting: 16.765962
E1_hat_1: 0.00103082
PI step 3 time: 0.0302871 seconds
********a(H_hat): 0.168398
********New psi: 0.498961
0.0091686         0
        0 0.0091686
Iteration: 4/100 ---------------------------
Expected cost over samples: 7.60174
min cost: -3.62129
%%%%%%%%%E1_hat: 0.000588568
ESS: 1.00113 / 1700
Diag(valid=1700, elite=170) ||dU~||2=6.30578 traceCovElite~=0.906264 R2=0.0430711 H(w)=0.00509267 perp=1.00511 w_max=0.999435
--------Variance: 0.0113903
Sum of |delta_u|: 0.887159
Post-update R2: 0.037856
Final cost after weighting: 16.642110
E1_hat_1: 0.000588568
PI step 4 time: 0.0318045 seconds
********a(H_hat): 0.000684647
********New psi: 0.599589
0.00549739          0
         0 0.00549739
Iteration: 5/100 ---------------------------
Expected cost over samples: 5.56624
min cost: -2.67082
%%%%%%%%%E1_hat: 0.000591668
ESS: 1.01168 / 1700
Diag(valid=1700, elite=170) ||dU~||2=5.03008 traceCovElite~=0.948929 R2=0.0268747 H(w)=0.0379279 perp=1.03866 w_max=0.994198
--------Variance: 0.00433101
Sum of |delta_u|: 0.71868
Post-update R2: 0.0312932
Final cost after weighting: 16.039016
E1_hat_1: 0.000591668
PI step 5 time: 0.0317891 seconds
********a(H_hat): 0.00509894
********New psi: 0.596941
0.00328162          0
         0 0.00328162
Iteration: 6/100 ---------------------------
Expected cost over samples: 3.7093
min cost: -2.40742
%%%%%%%%%E1_hat: 0.000763933
ESS: 1.55136 / 1700
Diag(valid=1700, elite=170) ||dU~||2=4.37954 traceCovElite~=0.970861 R2=0.0222692 H(w)=0.554721 perp=1.74145 w_max=0.770009
--------Variance: 0.00180841
Sum of |delta_u|: 0.535562
Post-update R2: 0.0218802
Final cost after weighting: 15.041121
E1_hat_1: 0.000763933
PI step 6 time: 0.0350429 seconds
********a: -7.17703
********New psi: 0.813838
0.0026707         0
        0 0.0026707
Iteration: 7/100 ---------------------------
Expected cost over samples: 2.79749
min cost: -2.74416
%%%%%%%%%E1_hat: 0.000667677
ESS: 1.27493 / 1700
Diag(valid=1700, elite=170) ||dU~||2=5.1693 traceCovElite~=0.925859 R2=0.0315001 H(w)=0.447829 perp=1.56491 w_max=0.881018
--------Variance: 0.00207652
Sum of |delta_u|: 0.773002
Post-update R2: 0.0193577
Final cost after weighting: 14.778639
E1_hat_1: 0.000667677
PI step 7 time: 0.0333083 seconds
********a: -7.31171
********New psi: 0.813838
0.00217352          0
         0 0.00217352
Iteration: 8/100 ---------------------------
Expected cost over samples: 3.24765
min cost: -1.80539
%%%%%%%%%E1_hat: 0.000644278
ESS: 1.189 / 1700
Diag(valid=1700, elite=170) ||dU~||2=4.78428 traceCovElite~=0.957869 R2=0.0240114 H(w)=0.300216 perp=1.35015 w_max=0.913015
--------Variance: 0.00151994
Sum of |delta_u|: 0.715533
Post-update R2: 0.0256024
Final cost after weighting: 14.627322
E1_hat_1: 0.000644278
PI step 8 time: 0.0319405 seconds
********a: -7.34738
********New psi: 0.813838
0.00176889          0
         0 0.00176889
Iteration: 9/100 ---------------------------
Expected cost over samples: 3.01576
min cost: -1.27563
%%%%%%%%%E1_hat: 0.000721382
ESS: 1.45301 / 1700
Diag(valid=1700, elite=170) ||dU~||2=4.59109 traceCovElite~=0.948761 R2=0.051203 H(w)=0.576516 perp=1.77983 w_max=0.815428
--------Variance: 0.0011114
Sum of |delta_u|: 0.662537
Post-update R2: 0.0122646
Final cost after weighting: 14.363865
E1_hat_1: 0.000721382
PI step 9 time: 0.0326621 seconds
********a: -7.23434
********New psi: 0.813838
0.00143959          0
         0 0.00143959
Iteration: 10/100 ---------------------------
Expected cost over samples: 2.0166
min cost: -2.11476
%%%%%%%%%E1_hat: 0.000589432
ESS: 1.00407 / 1700
Diag(valid=1700, elite=170) ||dU~||2=5.2236 traceCovElite~=0.953989 R2=0.0276216 H(w)=0.016219 perp=1.01635 w_max=0.997969
--------Variance: 0.0012271
Sum of |delta_u|: 0.757232
Post-update R2: 0.0138979
Final cost after weighting: 14.431981
E1_hat_1: 0.000589432
PI step 10 time: 0.0326842 seconds
********a: -7.43635
********New psi: 0.813838
0.0011716         0
        0 0.0011716
Iteration: 11/100 ---------------------------
Expected cost over samples: 1.30527
min cost: -2.40025
%%%%%%%%%E1_hat: 0.000653237
ESS: 1.21854 / 1700
Diag(valid=1700, elite=170) ||dU~||2=5.44749 traceCovElite~=0.943363 R2=0.0438505 H(w)=0.328933 perp=1.38949 w_max=0.900493
--------Variance: 0.00106386
Sum of |delta_u|: 0.759078
Post-update R2: 0.0177278
Final cost after weighting: 14.308803
E1_hat_1: 0.000653237
PI step 11 time: 0.0316981 seconds
********a: -7.33357
********New psi: 0.813838
0.000953489           0
          0 0.000953489
Iteration: 12/100 ---------------------------
Expected cost over samples: 1.74186
min cost: -1.72558
%%%%%%%%%E1_hat: 0.000588236
ESS: 1 / 1700
Diag(valid=1700, elite=170) ||dU~||2=5.74425 traceCovElite~=0.937874 R2=0.0305456 H(w)=7.04471e-06 perp=1.00001 w_max=1
--------Variance: 0.000983172
Sum of |delta_u|: 0.864558
Post-update R2: 0.0122373
Final cost after weighting: 14.131720
E1_hat_1: 0.000588236
PI step 12 time: 0.0322735 seconds
********a: -7.43838
********New psi: 0.813838
0.000775985           0
          0 0.000775985
Iteration: 13/100 ---------------------------
Expected cost over samples: 1.58548
min cost: -1.24438
%%%%%%%%%E1_hat: 0.000791333
ESS: 1.76468 / 1700
Diag(valid=1700, elite=170) ||dU~||2=4.53218 traceCovElite~=0.944008 R2=0.0272932 H(w)=1.02033 perp=2.7741 w_max=0.743347
--------Variance: 0.000462828
Sum of |delta_u|: 0.65153
Post-update R2: 0.0136278
Final cost after weighting: 14.065090
E1_hat_1: 0.000791333
PI step 13 time: 0.0316737 seconds
********a: -7.14179
********New psi: 0.813838
0.000631526           0
          0 0.000631526
Iteration: 14/100 ---------------------------
Expected cost over samples: 1.4263
min cost: -1.12005
%%%%%%%%%E1_hat: 0.000588755
ESS: 1.00177 / 1700
Diag(valid=1700, elite=170) ||dU~||2=6.39885 traceCovElite~=0.960678 R2=0.0249666 H(w)=0.00742937 perp=1.00746 w_max=0.999117
--------Variance: 0.00080763
Sum of |delta_u|: 0.942263
Post-update R2: 0.02011
Final cost after weighting: 14.043435
E1_hat_1: 0.000588755
PI step 14 time: 0.0309394 seconds
********a: -7.4375
********New psi: 0.813838
0.00051396          0
         0 0.00051396
Iteration: 15/100 ---------------------------
Expected cost over samples: 0.77496
min cost: -1.56177
%%%%%%%%%E1_hat: 0.000638383
ESS: 1.16968 / 1700
Diag(valid=1700, elite=170) ||dU~||2=4.93689 traceCovElite~=0.917915 R2=0.0511206 H(w)=0.285729 perp=1.33073 w_max=0.921446
--------Variance: 0.000388265
Sum of |delta_u|: 0.669985
Post-update R2: 0.0224388
Final cost after weighting: 13.912385
E1_hat_1: 0.000638383
PI step 15 time: 0.0316957 seconds
********a: -7.35657
********New psi: 0.813838
0.00041828          0
         0 0.00041828
Iteration: 16/100 ---------------------------
Expected cost over samples: 0.255669
min cost: -1.9456
%%%%%%%%%E1_hat: 0.000588235
ESS: 1 / 1700
Diag(valid=1700, elite=170) ||dU~||2=5.64365 traceCovElite~=0.956974 R2=0.0401545 H(w)=6.56779e-07 perp=1 w_max=1
--------Variance: 0.000416327
Sum of |delta_u|: 0.764364
Post-update R2: 0.0238068
Final cost after weighting: 13.810521
E1_hat_1: 0.000588235
PI step 16 time: 0.0308043 seconds
********a: -7.43838
********New psi: 0.813838
0.000340412           0
          0 0.000340412
Iteration: 17/100 ---------------------------
Expected cost over samples: -0.130595
min cost: -2.0928
%%%%%%%%%E1_hat: 0.000588781
ESS: 1.00185 / 1700
Diag(valid=1700, elite=170) ||dU~||2=6.31222 traceCovElite~=0.942605 R2=0.0313019 H(w)=0.00750501 perp=1.00753 w_max=0.999073
--------Variance: 0.000423933
Sum of |delta_u|: 0.889778
Post-update R2: 0.00777561
Final cost after weighting: 13.687857
E1_hat_1: 0.000588781
PI step 17 time: 0.0311962 seconds
********a: -7.43746
********New psi: 0.813838
0.000277041           0
          0 0.000277041
Iteration: 18/100 ---------------------------
Expected cost over samples: -0.313318
min cost: -2.13556
%%%%%%%%%E1_hat: 0.00105209
ESS: 2.05758 / 1700
Diag(valid=1700, elite=170) ||dU~||2=3.24632 traceCovElite~=0.954524 R2=0.0323487 H(w)=0.784624 perp=2.19158 w_max=0.559112
--------Variance: 0.000103903
Sum of |delta_u|: 0.448833
Post-update R2: 0.0225506
Final cost after weighting: 13.663618
E1_hat_1: 0.00105209
PI step 18 time: 0.0333838 seconds
********a: -6.85698
********New psi: 0.813838
0.000225466           0
          0 0.000225466
Iteration: 19/100 ---------------------------
Expected cost over samples: -0.405808
min cost: -2.00358
%%%%%%%%%E1_hat: 0.000718248
ESS: 1.42299 / 1700
Diag(valid=1700, elite=170) ||dU~||2=4.00645 traceCovElite~=0.942718 R2=0.0281093 H(w)=0.485769 perp=1.62542 w_max=0.818986
--------Variance: 0.00012009
Sum of |delta_u|: 0.570218
Post-update R2: 0.0126032
Final cost after weighting: 13.663526
E1_hat_1: 0.000718248
PI step 19 time: 0.0327095 seconds
********a: -7.2387
********New psi: 0.813838
0.000183493           0
          0 0.000183493
Iteration: 20/100 ---------------------------
Expected cost over samples: -0.3845
min cost: -1.78299
%%%%%%%%%E1_hat: 0.000990261
ESS: 1.93327 / 1700
Diag(valid=1700, elite=170) ||dU~||2=4.42928 traceCovElite~=0.928303 R2=0.0511508 H(w)=0.679602 perp=1.97309 w_max=0.59402
--------Variance: 0.000103431
Sum of |delta_u|: 0.634995
Post-update R2: 0.0118808
Final cost after weighting: 13.620859
E1_hat_1: 0.000990261
PI step 20 time: 0.0322477 seconds
********a: -6.91754
********New psi: 0.813838
0.000149334           0
          0 0.000149334
Iteration: 21/100 ---------------------------
Expected cost over samples: -0.773645
min cost: -2.11808
%%%%%%%%%E1_hat: 0.000812464
ESS: 1.67779 / 1700
Diag(valid=1700, elite=170) ||dU~||2=3.76268 traceCovElite~=0.970867 R2=0.0186573 H(w)=0.625704 perp=1.86956 w_max=0.724014
--------Variance: 7.02729e-05
Sum of |delta_u|: 0.543398
Post-update R2: 0.00697715
Final cost after weighting: 13.568413
E1_hat_1: 0.000812464
PI step 21 time: 0.0318814 seconds
********a: -7.11544
********New psi: 0.813838
0.000121533           0
          0 0.000121533
Iteration: 22/100 ---------------------------
Expected cost over samples: -0.961597
min cost: -2.10754
%%%%%%%%%E1_hat: 0.000588678
ESS: 1.00151 / 1700
Diag(valid=1700, elite=170) ||dU~||2=5.05932 traceCovElite~=0.952055 R2=0.0226023 H(w)=0.00629999 perp=1.00632 w_max=0.999247
--------Variance: 9.71904e-05
Sum of |delta_u|: 0.700184
Post-update R2: 0.0034962
Final cost after weighting: 13.593078
E1_hat_1: 0.000588678
PI step 22 time: 0.0315377 seconds
********a: -7.43763
********New psi: 0.813838
9.89084e-05           0
          0 9.89084e-05
Iteration: 23/100 ---------------------------
Expected cost over samples: -0.980475
min cost: -2.02937
%%%%%%%%%E1_hat: 0.00083075
ESS: 1.8237 / 1700
Diag(valid=1700, elite=170) ||dU~||2=5.5239 traceCovElite~=0.949306 R2=0.0415202 H(w)=0.810436 perp=2.24889 w_max=0.708077
--------Variance: 9.15272e-05
Sum of |delta_u|: 0.816434
Post-update R2: 0.00279898
Final cost after weighting: 13.599771
E1_hat_1: 0.00083075
PI step 23 time: 0.0314595 seconds
********a: -7.09318
********New psi: 0.813838
8.04954e-05           0
          0 8.04954e-05
Iteration: 24/100 ---------------------------
Expected cost over samples: -1.07209
min cost: -2.00763
%%%%%%%%%E1_hat: 0.000807052
ESS: 1.74007 / 1700
Diag(valid=1700, elite=170) ||dU~||2=4.13069 traceCovElite~=0.933554 R2=0.0351555 H(w)=0.756296 perp=2.13037 w_max=0.728869
--------Variance: 4.06761e-05
Sum of |delta_u|: 0.600913
Post-update R2: 0.0266803
Final cost after weighting: 13.568468
E1_hat_1: 0.000807052
PI step 24 time: 0.0327111 seconds
********a: -7.12212
********New psi: 0.813838
6.55102e-05           0
          0 6.55102e-05
Iteration: 25/100 ---------------------------
Expected cost over samples: -1.13911
min cost: -1.98185
%%%%%%%%%E1_hat: 0.000776245
ESS: 1.65814 / 1700
Diag(valid=1700, elite=170) ||dU~||2=4.08052 traceCovElite~=0.931214 R2=0.0339369 H(w)=0.758308 perp=2.13466 w_max=0.757796
--------Variance: 3.17226e-05
Sum of |delta_u|: 0.598336
Post-update R2: 0.0118378
Final cost after weighting: 13.567135
E1_hat_1: 0.000776245
PI step 25 time: 0.031819 seconds
********a: -7.16104
********New psi: 0.813838
5.33147e-05           0
          0 5.33147e-05
Iteration: 26/100 ---------------------------
Expected cost over samples: -1.30681
min cost: -2.08244
%%%%%%%%%E1_hat: 0.000588235
ESS: 1 / 1700
Diag(valid=1700, elite=170) ||dU~||2=6.43678 traceCovElite~=0.943028 R2=0.0367869 H(w)=2.9401e-13 perp=1 w_max=1
--------Variance: 6.90293e-05
Sum of |delta_u|: 0.935308
Post-update R2: 0.0157004
Final cost after weighting: 13.527188
E1_hat_1: 0.000588235
PI step 26 time: 0.031976 seconds
********a: -7.43838
********New psi: 0.813838
4.33895e-05           0
          0 4.33895e-05
Iteration: 27/100 ---------------------------
Expected cost over samples: -1.34842
min cost: -2.06155
%%%%%%%%%E1_hat: 0.000588235
ESS: 1 / 1700
Diag(valid=1700, elite=170) ||dU~||2=5.62402 traceCovElite~=0.915946 R2=0.0450009 H(w)=1.69591e-10 perp=1 w_max=1
--------Variance: 4.28873e-05
Sum of |delta_u|: 0.813128
Post-update R2: 0.0169789
Final cost after weighting: 13.506148
E1_hat_1: 0.000588235
PI step 27 time: 0.0337948 seconds
********a: -7.43838
********New psi: 0.813838
3.53121e-05           0
          0 3.53121e-05
Iteration: 28/100 ---------------------------
Expected cost over samples: -1.32016
min cost: -1.96292
%%%%%%%%%E1_hat: 0.000588282
ESS: 1.00016 / 1700
Diag(valid=1700, elite=170) ||dU~||2=4.4454 traceCovElite~=0.968839 R2=0.0387408 H(w)=0.00087209 perp=1.00087 w_max=0.99992
--------Variance: 2.18059e-05
Sum of |delta_u|: 0.65244
Post-update R2: 0.014343
Final cost after weighting: 13.474129
E1_hat_1: 0.000588282
PI step 28 time: 0.0330719 seconds
********a: -7.4383
********New psi: 0.813838
2.87383e-05           0
          0 2.87383e-05
Optimal cost 13.47412870884069
Optimal rob  0.19573367214446424
Solver time  0.940271875
