R_ : 2
Iteration: 0/150 ---------------------------
Expected cost over samples: -0.138598
min cost: -48.1997
%%%%%%%%%E1_hat: 0.0667652
ESS: 729.059 / 1500
Diag(valid=1500, elite=150) ||dU~||2=0.711645 traceCovElite~=0.934244 R2=2.93911e-05 H(w)=6.98893 perp=1084.56 w_max=0.00998524
--------Variance: 0.0138282
Sum of |delta_u|: 0.186748
Post-update R2: 0.260556
Final cost after weighting: 2.996913
E1_hat_1: 0.0667652
PI step 0 time: 0.0196382 seconds
********a(H_hat): 0.955657
********New psi: 0.6
4.8
Iteration: 1/150 ---------------------------
Expected cost over samples: -7.30282
min cost: -25.5756
%%%%%%%%%E1_hat: 0.169874
ESS: 1145.87 / 1500
Diag(valid=1500, elite=150) ||dU~||2=0.170001 traceCovElite~=1.19778 R2=0.0346738 H(w)=7.18104 perp=1314.27 w_max=0.00392449
--------Variance: 0.00483673
Sum of |delta_u|: 0.0415152
Post-update R2: 0.00326304
Final cost after weighting: 1.962682
E1_hat_1: 0.169874
PI step 1 time: 0.0178984 seconds
********a(H_hat): 0.981926
********New psi: 0.6
2.88
Iteration: 2/150 ---------------------------
Expected cost over samples: -7.31225
min cost: -22.6479
%%%%%%%%%E1_hat: 0.0878549
ESS: 887.096 / 1500
Diag(valid=1500, elite=150) ||dU~||2=0.212168 traceCovElite~=1.22268 R2=0.0506441 H(w)=7.0671 perp=1172.75 w_max=0.00758827
--------Variance: 0.00415311
Sum of |delta_u|: 0.0446319
Post-update R2: 0.02988
Final cost after weighting: 1.879368
E1_hat_1: 0.0878549
PI step 2 time: 0.020395 seconds
********a(H_hat): 0.966346
********New psi: 0.6
1.728
Iteration: 3/150 ---------------------------
Expected cost over samples: -5.75443
min cost: -15.7835
%%%%%%%%%E1_hat: 0.0836825
ESS: 630.465 / 1500
Diag(valid=1500, elite=150) ||dU~||2=0.372192 traceCovElite~=1.15104 R2=0.0567323 H(w)=6.87315 perp=965.987 w_max=0.00796662
--------Variance: 0.00351377
Sum of |delta_u|: 0.0886496
Post-update R2: 0.0708804
Final cost after weighting: 1.219255
E1_hat_1: 0.0836825
PI step 3 time: 0.019812 seconds
********a(H_hat): 0.939825
********New psi: 0.6
1.0368
Iteration: 4/150 ---------------------------
Expected cost over samples: -5.95743
min cost: -15.2811
%%%%%%%%%E1_hat: 0.0235765
ESS: 293.802 / 1500
Diag(valid=1500, elite=150) ||dU~||2=0.397572 traceCovElite~=1.26745 R2=0.0944907 H(w)=6.51675 perp=676.376 w_max=0.0282767
--------Variance: 0.00524539
Sum of |delta_u|: 0.099566
Post-update R2: 0.0755694
Final cost after weighting: 1.214295
E1_hat_1: 0.0235765
PI step 4 time: 0.01805 seconds
********a(H_hat): 0.891092
********New psi: 0.6
0.62208
Iteration: 5/150 ---------------------------
Expected cost over samples: -5.70368
min cost: -15.4726
%%%%%%%%%E1_hat: 0.00209473
ESS: 9.60089 / 1500
Diag(valid=1500, elite=150) ||dU~||2=1.39231 traceCovElite~=1.1963 R2=0.0711029 H(w)=4.75285 perp=115.915 w_max=0.318258
--------Variance: 0.190843
Sum of |delta_u|: 0.332732
Post-update R2: 0.164825
Final cost after weighting: 2.869306
E1_hat_1: 0.00209473
PI step 5 time: 0.0195607 seconds
********a(H_hat): 0.649899
********New psi: 0.6
0.373248
Iteration: 6/150 ---------------------------
Expected cost over samples: -3.06351
min cost: -10.2915
%%%%%%%%%E1_hat: 0.00551997
ESS: 17.9587 / 1500
Diag(valid=1500, elite=150) ||dU~||2=2.2281 traceCovElite~=1.0577 R2=0.0472933 H(w)=3.67572 perp=39.4773 w_max=0.120774
--------Variance: 0.0307095
Sum of |delta_u|: 0.515306
Post-update R2: 0.0756488
Final cost after weighting: 0.157949
E1_hat_1: 0.00551997
PI step 6 time: 0.0186892 seconds
********a: -5.19938
********New psi: 0.9
0.335923
Iteration: 7/150 ---------------------------
Expected cost over samples: -6.88824
min cost: -12.9482
%%%%%%%%%E1_hat: 0.00154824
ESS: 5.31982 / 1500
Diag(valid=1500, elite=150) ||dU~||2=2.17333 traceCovElite~=1.07505 R2=0.00846192 H(w)=3.91313 perp=50.0552 w_max=0.430596
--------Variance: 0.14332
Sum of |delta_u|: 0.541171
Post-update R2: 0.00422508
Final cost after weighting: 0.166044
E1_hat_1: 0.00154824
PI step 7 time: 0.0183129 seconds
********a: -6.47064
********New psi: 0.9
0.302331
Iteration: 8/150 ---------------------------
Expected cost over samples: -10.312
min cost: -14.1136
%%%%%%%%%E1_hat: 0.012436
ESS: 87.4746 / 1500
Diag(valid=1500, elite=150) ||dU~||2=1.28071 traceCovElite~=1.07124 R2=0.00195935 H(w)=5.52129 perp=249.957 w_max=0.0536078
--------Variance: 0.00531646
Sum of |delta_u|: 0.285974
Post-update R2: 0.081527
Final cost after weighting: -1.536991
E1_hat_1: 0.012436
PI step 8 time: 0.0194224 seconds
********a: -4.38716
********New psi: 0.9
0.272098
Iteration: 9/150 ---------------------------
Expected cost over samples: -11.023
min cost: -14.8355
%%%%%%%%%E1_hat: 0.00527571
ESS: 41.1866 / 1500
Diag(valid=1500, elite=150) ||dU~||2=1.1438 traceCovElite~=0.997037 R2=0.0207942 H(w)=5.48639 perp=241.385 w_max=0.126365
--------Variance: 0.00886946
Sum of |delta_u|: 0.254989
Post-update R2: 0.0396082
Final cost after weighting: -1.553887
E1_hat_1: 0.00527571
PI step 9 time: 0.0187387 seconds
********a: -5.24464
********New psi: 0.9
0.244888
Iteration: 10/150 ---------------------------
Expected cost over samples: -9.91591
min cost: -13.1544
%%%%%%%%%E1_hat: 0.00882824
ESS: 82.7572 / 1500
Diag(valid=1500, elite=150) ||dU~||2=0.703689 traceCovElite~=0.999279 R2=0.0318942 H(w)=5.70612 perp=300.701 w_max=0.0755152
--------Variance: 0.00388785
Sum of |delta_u|: 0.161934
Post-update R2: 0.0112951
Final cost after weighting: -0.885834
E1_hat_1: 0.00882824
PI step 10 time: 0.0196084 seconds
********a: -4.7298
********New psi: 0.9
0.220399
Iteration: 11/150 ---------------------------
Expected cost over samples: -10.1124
min cost: -13.1245
%%%%%%%%%E1_hat: 0.0119043
ESS: 98.9992 / 1500
Diag(valid=1500, elite=150) ||dU~||2=0.642842 traceCovElite~=1.02636 R2=0.0256909 H(w)=5.64348 perp=282.444 w_max=0.0560023
--------Variance: 0.00310747
Sum of |delta_u|: 0.150887
Post-update R2: 0.000129561
Final cost after weighting: -1.427001
E1_hat_1: 0.0119043
PI step 11 time: 0.0179298 seconds
********a: -4.43086
********New psi: 0.9
0.198359
Iteration: 12/150 ---------------------------
Expected cost over samples: -9.86934
min cost: -12.4462
%%%%%%%%%E1_hat: 0.0190366
ESS: 123.004 / 1500
Diag(valid=1500, elite=150) ||dU~||2=0.547932 traceCovElite~=1.00286 R2=0.0237792 H(w)=5.71423 perp=303.151 w_max=0.0350203
--------Variance: 0.00200436
Sum of |delta_u|: 0.132649
Post-update R2: 0.00284618
Final cost after weighting: -1.732725
E1_hat_1: 0.0190366
PI step 12 time: 0.0166987 seconds
********a: -3.96139
********New psi: 0.9
0.178523
Iteration: 13/150 ---------------------------
Expected cost over samples: -9.29487
min cost: -11.8852
%%%%%%%%%E1_hat: 0.0117698
ESS: 82.1627 / 1500
Diag(valid=1500, elite=150) ||dU~||2=0.409485 traceCovElite~=0.948417 R2=0.0471699 H(w)=5.48526 perp=241.111 w_max=0.0566422
--------Variance: 0.00287199
Sum of |delta_u|: 0.110018
Post-update R2: 0.0145048
Final cost after weighting: -2.051743
E1_hat_1: 0.0117698
PI step 13 time: 0.0166555 seconds
********a: -4.44222
********New psi: 0.9
0.160671
Iteration: 14/150 ---------------------------
Expected cost over samples: -9.76829
min cost: -12.1018
%%%%%%%%%E1_hat: 0.0172582
ESS: 115.586 / 1500
Diag(valid=1500, elite=150) ||dU~||2=0.602152 traceCovElite~=0.985623 R2=0.0534653 H(w)=5.53914 perp=254.459 w_max=0.038629
--------Variance: 0.00172956
Sum of |delta_u|: 0.140921
Post-update R2: 0.0221171
Final cost after weighting: -2.281867
E1_hat_1: 0.0172582
PI step 14 time: 0.0186374 seconds
********a: -4.05947
********New psi: 0.9
0.144604
Iteration: 15/150 ---------------------------
Expected cost over samples: -9.98496
min cost: -12.5372
%%%%%%%%%E1_hat: 0.00445034
ESS: 31.5556 / 1500
Diag(valid=1500, elite=150) ||dU~||2=0.835036 traceCovElite~=0.951606 R2=0.0551547 H(w)=5.16899 perp=175.737 w_max=0.149801
--------Variance: 0.00837701
Sum of |delta_u|: 0.182973
Post-update R2: 0.0327975
Final cost after weighting: -2.200133
E1_hat_1: 0.00445034
PI step 15 time: 0.0172015 seconds
********a: -5.41477
********New psi: 0.9
0.130144
Iteration: 16/150 ---------------------------
Expected cost over samples: -9.29209
min cost: -11.2827
%%%%%%%%%E1_hat: 0.0159622
ESS: 110.623 / 1500
Diag(valid=1500, elite=150) ||dU~||2=0.505274 traceCovElite~=0.930807 R2=0.0608899 H(w)=5.4987 perp=244.375 w_max=0.0417655
--------Variance: 0.00173407
Sum of |delta_u|: 0.122155
Post-update R2: 0.02524
Final cost after weighting: -2.616372
E1_hat_1: 0.0159622
PI step 16 time: 0.0173949 seconds
********a: -4.13753
********New psi: 0.9
0.117129
Iteration: 17/150 ---------------------------
Expected cost over samples: -9.75581
min cost: -12.4416
%%%%%%%%%E1_hat: 0.00121923
ESS: 3.31255 / 1500
Diag(valid=1500, elite=150) ||dU~||2=2.49898 traceCovElite~=0.910583 R2=0.0908686 H(w)=3.09152 perp=22.0104 w_max=0.546792
--------Variance: 0.0628285
Sum of |delta_u|: 0.584006
Post-update R2: 0.000286395
Final cost after weighting: -1.343394
E1_hat_1: 0.00121923
PI step 17 time: 0.0174608 seconds
********a: -6.70953
********New psi: 0.9
0.105416
Iteration: 18/150 ---------------------------
Expected cost over samples: -10.2107
min cost: -12.6146
%%%%%%%%%E1_hat: 0.00237468
ESS: 10.8565 / 1500
Diag(valid=1500, elite=150) ||dU~||2=1.65247 traceCovElite~=0.969299 R2=0.0305553 H(w)=3.95716 perp=52.3087 w_max=0.28074
--------Variance: 0.0171463
Sum of |delta_u|: 0.463011
Post-update R2: 0.010539
Final cost after weighting: -1.141587
E1_hat_1: 0.00237468
PI step 18 time: 0.0164685 seconds
********a: -6.04289
********New psi: 0.9
0.0948746
Iteration: 19/150 ---------------------------
Expected cost over samples: -10.9224
min cost: -12.9863
%%%%%%%%%E1_hat: 0.00490658
ESS: 21.5993 / 1500
Diag(valid=1500, elite=150) ||dU~||2=1.25612 traceCovElite~=1.0013 R2=0.0214735 H(w)=4.17911 perp=65.3079 w_max=0.135872
--------Variance: 0.00503742
Sum of |delta_u|: 0.32705
Post-update R2: 0.010455
Final cost after weighting: -1.959053
E1_hat_1: 0.00490658
PI step 19 time: 0.0176183 seconds
********a: -5.31718
********New psi: 0.9
0.0853872
Iteration: 20/150 ---------------------------
Expected cost over samples: -10.4024
min cost: -12.4177
%%%%%%%%%E1_hat: 0.00293079
ESS: 12.688 / 1500
Diag(valid=1500, elite=150) ||dU~||2=1.2459 traceCovElite~=0.861567 R2=0.0442932 H(w)=3.82174 perp=45.6836 w_max=0.22747
--------Variance: 0.0125124
Sum of |delta_u|: 0.303098
Post-update R2: 0.000277377
Final cost after weighting: -1.423436
E1_hat_1: 0.00293079
PI step 20 time: 0.0179933 seconds
********a: -5.83248
********New psi: 0.9
0.0768485
Iteration: 21/150 ---------------------------
Expected cost over samples: -10.0608
min cost: -12.0749
%%%%%%%%%E1_hat: 0.00396584
ESS: 12.6041 / 1500
Diag(valid=1500, elite=150) ||dU~||2=2.2107 traceCovElite~=0.988262 R2=0.0125552 H(w)=3.43011 perp=30.88 w_max=0.168102
--------Variance: 0.00866361
Sum of |delta_u|: 0.519484
Post-update R2: 0.0339819
Final cost after weighting: -2.668238
E1_hat_1: 0.00396584
PI step 21 time: 0.0187741 seconds
********a: -5.53004
********New psi: 0.9
0.0691636
Iteration: 22/150 ---------------------------
Expected cost over samples: -10.8293
min cost: -12.2722
%%%%%%%%%E1_hat: 0.0119809
ESS: 61.5256 / 1500
Diag(valid=1500, elite=150) ||dU~||2=1.17917 traceCovElite~=0.858542 R2=0.088834 H(w)=4.92686 perp=137.945 w_max=0.0556441
--------Variance: 0.00144887
Sum of |delta_u|: 0.272743
Post-update R2: 0.0798884
Final cost after weighting: -2.882251
E1_hat_1: 0.0119809
PI step 22 time: 0.0174632 seconds
********a: -4.42444
********New psi: 0.9
0.0622472
Iteration: 23/150 ---------------------------
Expected cost over samples: -10.6138
min cost: -11.8481
%%%%%%%%%E1_hat: 0.0241398
ESS: 123.113 / 1500
Diag(valid=1500, elite=150) ||dU~||2=0.220915 traceCovElite~=0.815295 R2=0.0882774 H(w)=5.35095 perp=210.809 w_max=0.0276169
--------Variance: 0.000430836
Sum of |delta_u|: 0.0566686
Post-update R2: 0.0546231
Final cost after weighting: -2.923383
E1_hat_1: 0.0241398
PI step 23 time: 0.0167369 seconds
********a: -3.72389
********New psi: 0.9
0.0560225
Iteration: 24/150 ---------------------------
Expected cost over samples: -10.6664
min cost: -11.781
%%%%%%%%%E1_hat: 0.0256471
ESS: 114.701 / 1500
Diag(valid=1500, elite=150) ||dU~||2=0.434464 traceCovElite~=0.842074 R2=0.081161 H(w)=5.31039 perp=202.429 w_max=0.0259939
--------Variance: 0.000361509
Sum of |delta_u|: 0.098909
Post-update R2: 0.0333297
Final cost after weighting: -2.936545
E1_hat_1: 0.0256471
PI step 24 time: 0.0169478 seconds
********a: -3.66333
********New psi: 0.9
0.0504203
Iteration: 25/150 ---------------------------
Expected cost over samples: -10.7115
min cost: -11.7735
%%%%%%%%%E1_hat: 0.0279516
ESS: 103.287 / 1500
Diag(valid=1500, elite=150) ||dU~||2=0.374917 traceCovElite~=0.765195 R2=0.0780643 H(w)=5.13622 perp=170.072 w_max=0.0238508
--------Variance: 0.000355982
Sum of |delta_u|: 0.0896614
Post-update R2: 0.0512662
Final cost after weighting: -2.944360
E1_hat_1: 0.0279516
PI step 25 time: 0.0174243 seconds
********a: -3.57728
********New psi: 0.9
0.0453782
Iteration: 26/150 ---------------------------
Expected cost over samples: -10.7996
min cost: -11.8767
%%%%%%%%%E1_hat: 0.0195165
ESS: 84.7177 / 1500
Diag(valid=1500, elite=150) ||dU~||2=0.51095 traceCovElite~=0.808786 R2=0.0893796 H(w)=5.00136 perp=148.616 w_max=0.0341591
--------Variance: 0.000418675
Sum of |delta_u|: 0.122458
Post-update R2: 0.0536658
Final cost after weighting: -2.952593
E1_hat_1: 0.0195165
PI step 26 time: 0.017382 seconds
********a: -3.93649
********New psi: 0.9
0.0408404
Iteration: 27/150 ---------------------------
Expected cost over samples: -10.9694
min cost: -11.9901
%%%%%%%%%E1_hat: 0.0145721
ESS: 79.9588 / 1500
Diag(valid=1500, elite=150) ||dU~||2=0.461607 traceCovElite~=0.798352 R2=0.0872337 H(w)=5.0104 perp=149.964 w_max=0.0457496
--------Variance: 0.000380718
Sum of |delta_u|: 0.0903776
Post-update R2: 0.0348753
Final cost after weighting: -2.953631
E1_hat_1: 0.0145721
PI step 27 time: 0.019147 seconds
********a: -4.22865
********New psi: 0.9
0.0367564
Iteration: 28/150 ---------------------------
Expected cost over samples: -10.9545
min cost: -11.9101
%%%%%%%%%E1_hat: 0.01447
ESS: 66.1988 / 1500
Diag(valid=1500, elite=150) ||dU~||2=0.562707 traceCovElite~=0.849512 R2=0.0916509 H(w)=4.76296 perp=117.092 w_max=0.0460722
--------Variance: 0.000543108
Sum of |delta_u|: 0.145885
Post-update R2: 0.0440425
Final cost after weighting: -2.960177
E1_hat_1: 0.01447
PI step 28 time: 0.0168177 seconds
********a: -4.23568
********New psi: 0.9
0.0330807
Iteration: 29/150 ---------------------------
Expected cost over samples: -11.0078
min cost: -11.9412
%%%%%%%%%E1_hat: 0.010075
ESS: 51.4248 / 1500
Diag(valid=1500, elite=150) ||dU~||2=0.676892 traceCovElite~=0.803557 R2=0.0935832 H(w)=4.60081 perp=99.5646 w_max=0.0661704
--------Variance: 0.00059803
Sum of |delta_u|: 0.170279
Post-update R2: 0.0620209
Final cost after weighting: -2.966914
E1_hat_1: 0.010075
PI step 29 time: 0.0186381 seconds
********a: -4.5977
********New psi: 0.9
0.0297727
Iteration: 30/150 ---------------------------
Expected cost over samples: -11.1126
min cost: -11.9772
%%%%%%%%%E1_hat: 0.0131817
ESS: 59.5539 / 1500
Diag(valid=1500, elite=150) ||dU~||2=0.627605 traceCovElite~=0.80517 R2=0.0933081 H(w)=4.74299 perp=114.777 w_max=0.0505751
--------Variance: 0.000427595
Sum of |delta_u|: 0.147122
Post-update R2: 0.0355623
Final cost after weighting: -2.959702
E1_hat_1: 0.0131817
PI step 30 time: 0.0185682 seconds
********a: -4.32892
********New psi: 0.9
0.0267954
Iteration: 31/150 ---------------------------
Expected cost over samples: -11.3473
min cost: -12.1923
%%%%%%%%%E1_hat: 0.00760927
ESS: 37.1812 / 1500
Diag(valid=1500, elite=150) ||dU~||2=0.722682 traceCovElite~=0.799253 R2=0.0766391 H(w)=4.36976 perp=79.0247 w_max=0.0876125
--------Variance: 0.00063495
Sum of |delta_u|: 0.168536
Post-update R2: 0.0185646
Final cost after weighting: -2.970577
E1_hat_1: 0.00760927
PI step 31 time: 0.0193666 seconds
********a: -4.87839
********New psi: 0.9
0.0241159
Iteration: 32/150 ---------------------------
Expected cost over samples: -11.0814
min cost: -11.8508
%%%%%%%%%E1_hat: 0.0106639
ESS: 46.3461 / 1500
Diag(valid=1500, elite=150) ||dU~||2=0.523196 traceCovElite~=0.831471 R2=0.0751335 H(w)=4.43627 perp=84.4594 w_max=0.0625162
--------Variance: 0.000564395
Sum of |delta_u|: 0.136854
Post-update R2: 0.0407178
Final cost after weighting: -2.969216
E1_hat_1: 0.0106639
PI step 32 time: 0.0191548 seconds
********a: -4.54089
********New psi: 0.9
0.0217043
Iteration: 33/150 ---------------------------
Expected cost over samples: -11.2184
min cost: -11.9686
%%%%%%%%%E1_hat: 0.010489
ESS: 47.4139 / 1500
Diag(valid=1500, elite=150) ||dU~||2=0.814931 traceCovElite~=0.841214 R2=0.0627161 H(w)=4.40401 perp=81.7782 w_max=0.0635586
--------Variance: 0.000557211
Sum of |delta_u|: 0.212183
Post-update R2: 0.0207255
Final cost after weighting: -2.969218
E1_hat_1: 0.010489
PI step 33 time: 0.0204076 seconds
********a: -4.55743
********New psi: 0.9
0.0195338
Iteration: 34/150 ---------------------------
Expected cost over samples: -11.4031
min cost: -12.0807
%%%%%%%%%E1_hat: 0.0111412
ESS: 44.4962 / 1500
Diag(valid=1500, elite=150) ||dU~||2=0.553067 traceCovElite~=0.852585 R2=0.112301 H(w)=4.38578 perp=80.3006 w_max=0.0598378
--------Variance: 0.000476615
Sum of |delta_u|: 0.139571
Post-update R2: 0.0531064
Final cost after weighting: -2.968644
E1_hat_1: 0.0111412
PI step 34 time: 0.0197932 seconds
********a: -4.4971
********New psi: 0.9
0.0175805
Iteration: 35/150 ---------------------------
Expected cost over samples: -11.29
min cost: -11.9647
%%%%%%%%%E1_hat: 0.00546531
ESS: 24.3165 / 1500
Diag(valid=1500, elite=150) ||dU~||2=0.809537 traceCovElite~=0.798924 R2=0.0905323 H(w)=3.96692 perp=52.8214 w_max=0.121982
--------Variance: 0.000696082
Sum of |delta_u|: 0.178206
Post-update R2: 0.0783178
Final cost after weighting: -2.976363
E1_hat_1: 0.00546531
PI step 35 time: 0.019506 seconds
********a: -5.20934
********New psi: 0.9
0.0158224
Iteration: 36/150 ---------------------------
Expected cost over samples: -11.4593
min cost: -12.098
%%%%%%%%%E1_hat: 0.00954868
ESS: 35.0147 / 1500
Diag(valid=1500, elite=150) ||dU~||2=0.655443 traceCovElite~=0.851082 R2=0.0800417 H(w)=4.09787 perp=60.212 w_max=0.0698177
--------Variance: 0.000396445
Sum of |delta_u|: 0.168658
Post-update R2: 0.0249909
Final cost after weighting: -2.974205
E1_hat_1: 0.00954868
PI step 36 time: 0.0193373 seconds
********a: -4.65135
********New psi: 0.9
0.0142402
Iteration: 37/150 ---------------------------
Expected cost over samples: -11.3427
min cost: -11.9481
%%%%%%%%%E1_hat: 0.008021
ESS: 30.263 / 1500
Diag(valid=1500, elite=150) ||dU~||2=0.610535 traceCovElite~=0.788651 R2=0.0830475 H(w)=3.96797 perp=52.8771 w_max=0.0831152
--------Variance: 0.000352865
Sum of |delta_u|: 0.14691
Post-update R2: 0.0249473
Final cost after weighting: -2.981861
E1_hat_1: 0.008021
PI step 37 time: 0.0197283 seconds
********a: -4.82569
********New psi: 0.9
0.0128162
Iteration: 38/150 ---------------------------
Expected cost over samples: -11.503
min cost: -12.0748
%%%%%%%%%E1_hat: 0.00595697
ESS: 24.5753 / 1500
Diag(valid=1500, elite=150) ||dU~||2=0.799397 traceCovElite~=0.735581 R2=0.0816951 H(w)=3.92125 perp=50.4637 w_max=0.111914
--------Variance: 0.000364454
Sum of |delta_u|: 0.183465
Post-update R2: 0.0342431
Final cost after weighting: -2.984255
E1_hat_1: 0.00595697
PI step 38 time: 0.0187088 seconds
********a: -5.12319
********New psi: 0.9
0.0115345
Iteration: 39/150 ---------------------------
Expected cost over samples: -11.6663
min cost: -12.2081
%%%%%%%%%E1_hat: 0.0040057
ESS: 16.6793 / 1500
Diag(valid=1500, elite=150) ||dU~||2=0.792958 traceCovElite~=0.792755 R2=0.0662805 H(w)=3.57993 perp=35.8709 w_max=0.16643
--------Variance: 0.00046813
Sum of |delta_u|: 0.19478
Post-update R2: 0.0573267
Final cost after weighting: -2.980201
E1_hat_1: 0.0040057
PI step 39 time: 0.0190059 seconds
********a: -5.52004
********New psi: 0.9
0.0103811
Iteration: 40/150 ---------------------------
Expected cost over samples: -11.4343
min cost: -11.9343
%%%%%%%%%E1_hat: 0.0068902
ESS: 27.8974 / 1500
Diag(valid=1500, elite=150) ||dU~||2=0.7719 traceCovElite~=0.829428 R2=0.0707313 H(w)=3.98616 perp=53.8478 w_max=0.0967557
--------Variance: 0.000391652
Sum of |delta_u|: 0.183826
Post-update R2: 0.0208107
Final cost after weighting: -2.982608
E1_hat_1: 0.0068902
PI step 40 time: 0.019889 seconds
********a: -4.97765
********New psi: 0.9
0.00934298
Iteration: 41/150 ---------------------------
Expected cost over samples: -11.5862
min cost: -12.0577
%%%%%%%%%E1_hat: 0.00584433
ESS: 26.4029 / 1500
Diag(valid=1500, elite=150) ||dU~||2=0.677818 traceCovElite~=0.870555 R2=0.0726047 H(w)=3.78105 perp=43.8619 w_max=0.114071
--------Variance: 0.000306675
Sum of |delta_u|: 0.142474
Post-update R2: 0.0170795
Final cost after weighting: -2.988029
E1_hat_1: 0.00584433
PI step 41 time: 0.018093 seconds
********a: -5.14228
********New psi: 0.9
0.00840868
Iteration: 42/150 ---------------------------
Expected cost over samples: -11.4558
min cost: -11.925
%%%%%%%%%E1_hat: 0.00538956
ESS: 22.9266 / 1500
Diag(valid=1500, elite=150) ||dU~||2=0.686537 traceCovElite~=0.871056 R2=0.0855854 H(w)=3.61754 perp=37.2459 w_max=0.123696
--------Variance: 0.000358542
Sum of |delta_u|: 0.159627
Post-update R2: 0.039575
Final cost after weighting: -2.987096
E1_hat_1: 0.00538956
PI step 42 time: 0.0188098 seconds
********a: -5.22329
********New psi: 0.9
0.00756781
Iteration: 43/150 ---------------------------
Expected cost over samples: -11.5391
min cost: -11.9662
%%%%%%%%%E1_hat: 0.00578936
ESS: 20.4149 / 1500
Diag(valid=1500, elite=150) ||dU~||2=0.832685 traceCovElite~=0.796031 R2=0.0640042 H(w)=3.46306 perp=31.9144 w_max=0.115154
--------Variance: 0.00039076
Sum of |delta_u|: 0.178041
Post-update R2: 0.0177684
Final cost after weighting: -2.983663
E1_hat_1: 0.00578936
PI step 43 time: 0.01958 seconds
********a: -5.15173
********New psi: 0.9
0.00681103
Iteration: 44/150 ---------------------------
Expected cost over samples: -11.6824
min cost: -12.1079
%%%%%%%%%E1_hat: 0.00390308
ESS: 17.8232 / 1500
Diag(valid=1500, elite=150) ||dU~||2=0.83582 traceCovElite~=0.801348 R2=0.0859369 H(w)=3.57562 perp=35.7166 w_max=0.170805
--------Variance: 0.000266625
Sum of |delta_u|: 0.18361
Post-update R2: 0.0287274
Final cost after weighting: -2.987436
E1_hat_1: 0.00390308
PI step 44 time: 0.0186758 seconds
********a: -5.54599
********New psi: 0.9
0.00612993
Iteration: 45/150 ---------------------------
Expected cost over samples: -11.5559
min cost: -11.9781
%%%%%%%%%E1_hat: 0.00137673
ESS: 3.92863 / 1500
Diag(valid=1500, elite=150) ||dU~||2=1.56605 traceCovElite~=0.845987 R2=0.0826075 H(w)=2.33143 perp=10.2927 w_max=0.484241
--------Variance: 0.00115993
Sum of |delta_u|: 0.326716
Post-update R2: 0.0465632
Final cost after weighting: -2.989885
E1_hat_1: 0.00137673
PI step 45 time: 0.0189133 seconds
********a: -6.58805
********New psi: 0.9
0.00551693
Iteration: 46/150 ---------------------------
Expected cost over samples: -11.6424
min cost: -12.0298
%%%%%%%%%E1_hat: 0.00199452
ESS: 5.99799 / 1500
Diag(valid=1500, elite=150) ||dU~||2=1.63901 traceCovElite~=0.762327 R2=0.0953003 H(w)=2.41544 perp=11.1947 w_max=0.33425
--------Variance: 0.000750129
Sum of |delta_u|: 0.297818
Post-update R2: 0.0810915
Final cost after weighting: -2.988018
E1_hat_1: 0.00199452
PI step 46 time: 0.0188975 seconds
********a: -6.21735
********New psi: 0.9
0.00496524
Iteration: 47/150 ---------------------------
Expected cost over samples: -11.604
min cost: -11.9656
%%%%%%%%%E1_hat: 0.00368713
ESS: 11.0832 / 1500
Diag(valid=1500, elite=150) ||dU~||2=1.43177 traceCovElite~=0.787994 R2=0.0924182 H(w)=2.8908 perp=18.0077 w_max=0.180809
--------Variance: 0.000431326
Sum of |delta_u|: 0.346016
Post-update R2: 0.0504505
Final cost after weighting: -2.982804
E1_hat_1: 0.00368713
PI step 47 time: 0.0194471 seconds
********a: -5.60291
********New psi: 0.9
0.00446872
Iteration: 48/150 ---------------------------
Expected cost over samples: -11.6138
min cost: -11.9623
%%%%%%%%%E1_hat: 0.00184018
ESS: 4.03576 / 1500
Diag(valid=1500, elite=150) ||dU~||2=1.69897 traceCovElite~=0.853262 R2=0.0906402 H(w)=2.05329 perp=7.79351 w_max=0.362284
--------Variance: 0.000962893
Sum of |delta_u|: 0.427366
Post-update R2: 0.0429283
Final cost after weighting: -2.991573
E1_hat_1: 0.00184018
PI step 48 time: 0.0189555 seconds
********a: -6.29789
********New psi: 0.9
0.00402185
Iteration: 49/150 ---------------------------
Expected cost over samples: -11.8447
min cost: -12.1747
%%%%%%%%%E1_hat: 0.00186832
ESS: 4.95318 / 1500
Diag(valid=1500, elite=150) ||dU~||2=1.98359 traceCovElite~=0.787105 R2=0.0808464 H(w)=2.18083 perp=8.85367 w_max=0.356827
--------Variance: 0.000720306
Sum of |delta_u|: 0.429832
Post-update R2: 0.0308278
Final cost after weighting: -2.985632
E1_hat_1: 0.00186832
PI step 49 time: 0.0188849 seconds
********a: -6.28272
********New psi: 0.9
0.00361966
Iteration: 50/150 ---------------------------
Expected cost over samples: -11.6391
min cost: -11.9483
%%%%%%%%%E1_hat: 0.00161788
ESS: 4.98205 / 1500
Diag(valid=1500, elite=150) ||dU~||2=1.57245 traceCovElite~=0.807045 R2=0.0957329 H(w)=2.35218 perp=10.5084 w_max=0.412062
--------Variance: 0.000418342
Sum of |delta_u|: 0.349034
Post-update R2: 0.0579901
Final cost after weighting: -2.989339
E1_hat_1: 0.00161788
PI step 50 time: 0.0197682 seconds
********a: -6.42664
********New psi: 0.9
0.00325769
Iteration: 51/150 ---------------------------
Expected cost over samples: -11.8056
min cost: -12.1033
%%%%%%%%%E1_hat: 0.001734
ESS: 4.63057 / 1500
Diag(valid=1500, elite=150) ||dU~||2=1.84357 traceCovElite~=0.854033 R2=0.0745856 H(w)=2.10568 perp=8.21272 w_max=0.384467
--------Variance: 0.000792999
Sum of |delta_u|: 0.456941
Post-update R2: 0.0215279
Final cost after weighting: -2.986693
E1_hat_1: 0.001734
PI step 51 time: 0.0194395 seconds
********a: -6.35732
********New psi: 0.9
0.00293193
Iteration: 52/150 ---------------------------
Expected cost over samples: -11.7931
min cost: -12.0568
%%%%%%%%%E1_hat: 0.0040165
ESS: 10.8207 / 1500
Diag(valid=1500, elite=150) ||dU~||2=0.580742 traceCovElite~=0.842213 R2=0.0772601 H(w)=2.74594 perp=15.5792 w_max=0.165982
--------Variance: 0.000176228
Sum of |delta_u|: 0.128499
Post-update R2: 0.029695
Final cost after weighting: -2.990348
E1_hat_1: 0.0040165
PI step 52 time: 0.0190708 seconds
********a: -5.51734
********New psi: 0.9
0.00263873
Iteration: 53/150 ---------------------------
Expected cost over samples: -11.829
min cost: -12.0972
%%%%%%%%%E1_hat: 0.00196058
ESS: 5.58937 / 1500
Diag(valid=1500, elite=150) ||dU~||2=1.98216 traceCovElite~=0.806148 R2=0.105201 H(w)=2.34895 perp=10.4746 w_max=0.340036
--------Variance: 0.000527682
Sum of |delta_u|: 0.511245
Post-update R2: 0.034057
Final cost after weighting: -2.990860
E1_hat_1: 0.00196058
PI step 53 time: 0.0192377 seconds
********a: -6.23452
********New psi: 0.9
0.00237486
Iteration: 54/150 ---------------------------
Expected cost over samples: -11.6878
min cost: -11.9461
%%%%%%%%%E1_hat: 0.00166658
ESS: 5.01108 / 1500
Diag(valid=1500, elite=150) ||dU~||2=1.5285 traceCovElite~=0.875603 R2=0.0725341 H(w)=2.17842 perp=8.83237 w_max=0.40002
--------Variance: 0.000485076
Sum of |delta_u|: 0.364984
Post-update R2: 0.0268255
Final cost after weighting: -2.995386
E1_hat_1: 0.00166658
PI step 54 time: 0.0190422 seconds
********a: -6.39698
********New psi: 0.9
0.00213737
Iteration: 55/150 ---------------------------
Expected cost over samples: -11.7173
min cost: -11.9458
%%%%%%%%%E1_hat: 0.00158846
ESS: 4.48452 / 1500
Diag(valid=1500, elite=150) ||dU~||2=1.17642 traceCovElite~=0.825013 R2=0.110983 H(w)=2.14278 perp=8.5231 w_max=0.419695
--------Variance: 0.000249099
Sum of |delta_u|: 0.272377
Post-update R2: 0.0693035
Final cost after weighting: -2.990159
E1_hat_1: 0.00158846
PI step 55 time: 0.0198717 seconds
********a: -6.44499
********New psi: 0.9
0.00192364
Iteration: 56/150 ---------------------------
Expected cost over samples: -11.6992
min cost: -11.9255
%%%%%%%%%E1_hat: 0.00250567
ESS: 4.85641 / 1500
Diag(valid=1500, elite=150) ||dU~||2=2.10071 traceCovElite~=0.80627 R2=0.0816469 H(w)=1.87028 perp=6.49012 w_max=0.266063
--------Variance: 0.000427086
Sum of |delta_u|: 0.481242
Post-update R2: 0.0326404
Final cost after weighting: -2.987953
E1_hat_1: 0.00250567
PI step 56 time: 0.0192518 seconds
********a: -5.9892
********New psi: 0.9
0.00173127
Iteration: 57/150 ---------------------------
Expected cost over samples: -11.6923
min cost: -11.9109
%%%%%%%%%E1_hat: 0.00152626
ESS: 3.58435 / 1500
Diag(valid=1500, elite=150) ||dU~||2=1.73196 traceCovElite~=0.843614 R2=0.0548119 H(w)=1.72946 perp=5.6376 w_max=0.436799
--------Variance: 0.000334236
Sum of |delta_u|: 0.434988
Post-update R2: 0.0555623
Final cost after weighting: -2.990485
E1_hat_1: 0.00152626
PI step 57 time: 0.0211763 seconds
********a: -6.48494
********New psi: 0.9
0.00155815
Iteration: 58/150 ---------------------------
Expected cost over samples: -11.8415
min cost: -12.0509
%%%%%%%%%E1_hat: 0.00143152
ESS: 3.18159 / 1500
Diag(valid=1500, elite=150) ||dU~||2=2.39893 traceCovElite~=0.797198 R2=0.0874272 H(w)=1.51358 perp=4.54295 w_max=0.465706
--------Variance: 0.000513647
Sum of |delta_u|: 0.528682
Post-update R2: 0.0512615
Final cost after weighting: -2.987336
E1_hat_1: 0.00143152
PI step 58 time: 0.0198543 seconds
********a: -6.54902
********New psi: 0.9
0.00140233
Iteration: 59/150 ---------------------------
Expected cost over samples: -11.7846
min cost: -11.9707
%%%%%%%%%E1_hat: 0.00171655
ESS: 4.76256 / 1500
Diag(valid=1500, elite=150) ||dU~||2=1.91764 traceCovElite~=0.836493 R2=0.0599027 H(w)=2.08468 perp=8.04199 w_max=0.388377
--------Variance: 0.000422355
Sum of |delta_u|: 0.443724
Post-update R2: 0.0381884
Final cost after weighting: -2.981878
E1_hat_1: 0.00171655
PI step 59 time: 0.018257 seconds
********a: -6.36744
********New psi: 0.9
0.0012621
Iteration: 60/150 ---------------------------
Expected cost over samples: -11.7739
min cost: -11.9665
%%%%%%%%%E1_hat: 0.000714839
ESS: 1.14833 / 1500
Diag(valid=1500, elite=150) ||dU~||2=3.86328 traceCovElite~=0.820453 R2=0.0748719 H(w)=0.381486 perp=1.46446 w_max=0.932611
--------Variance: 0.0017013
Sum of |delta_u|: 0.995069
Post-update R2: 0.020045
Final cost after weighting: -2.976237
E1_hat_1: 0.000714839
PI step 60 time: 0.0194333 seconds
********a: -7.24345
********New psi: 0.9
0.00113589
Iteration: 61/150 ---------------------------
Expected cost over samples: -11.5308
min cost: -11.7006
%%%%%%%%%E1_hat: 0.000810889
ESS: 1.46544 / 1500
Diag(valid=1500, elite=150) ||dU~||2=2.33408 traceCovElite~=0.802176 R2=0.0917874 H(w)=0.825876 perp=2.28388 w_max=0.822143
--------Variance: 0.000484744
Sum of |delta_u|: 0.589823
Post-update R2: 0.0465071
Final cost after weighting: -2.984211
E1_hat_1: 0.000810889
PI step 61 time: 0.018803 seconds
********a: -7.11738
********New psi: 0.9
0.0010223
Iteration: 62/150 ---------------------------
Expected cost over samples: -11.5696
min cost: -11.7318
%%%%%%%%%E1_hat: 0.0019917
ESS: 4.97727 / 1500
Diag(valid=1500, elite=150) ||dU~||2=1.45731 traceCovElite~=0.810425 R2=0.0784345 H(w)=1.94644 perp=7.00371 w_max=0.334722
--------Variance: 0.000156479
Sum of |delta_u|: 0.395266
Post-update R2: 0.0590863
Final cost after weighting: -2.988670
E1_hat_1: 0.0019917
PI step 62 time: 0.0194717 seconds
********a: -6.21877
********New psi: 0.9
0.000920069
Iteration: 63/150 ---------------------------
Expected cost over samples: -11.6808
min cost: -11.8424
%%%%%%%%%E1_hat: 0.00087654
ESS: 1.66948 / 1500
Diag(valid=1500, elite=150) ||dU~||2=3.09485 traceCovElite~=0.809251 R2=0.0924409 H(w)=0.911138 perp=2.48715 w_max=0.760566
--------Variance: 0.000788485
Sum of |delta_u|: 0.737435
Post-update R2: 0.0457271
Final cost after weighting: -2.990021
E1_hat_1: 0.00087654
PI step 63 time: 0.0193556 seconds
********a: -7.03953
********New psi: 0.9
0.000828062
Iteration: 64/150 ---------------------------
Expected cost over samples: -11.7405
min cost: -11.8883
%%%%%%%%%E1_hat: 0.00171617
ESS: 3.98417 / 1500
Diag(valid=1500, elite=150) ||dU~||2=2.12121 traceCovElite~=0.841825 R2=0.0854139 H(w)=1.67216 perp=5.32367 w_max=0.388462
--------Variance: 0.000250044
Sum of |delta_u|: 0.479609
Post-update R2: 0.0114726
Final cost after weighting: -2.990969
E1_hat_1: 0.00171617
PI step 64 time: 0.019911 seconds
********a: -6.36766
********New psi: 0.9
0.000745256
Iteration: 65/150 ---------------------------
Expected cost over samples: -11.7509
min cost: -11.8874
%%%%%%%%%E1_hat: 0.0012409
ESS: 2.94121 / 1500
Diag(valid=1500, elite=150) ||dU~||2=2.16704 traceCovElite~=0.848407 R2=0.0704015 H(w)=1.45287 perp=4.27538 w_max=0.537245
--------Variance: 0.000238816
Sum of |delta_u|: 0.550067
Post-update R2: 0.0259469
Final cost after weighting: -2.991043
E1_hat_1: 0.0012409
PI step 65 time: 0.0186529 seconds
********a: -6.69192
********New psi: 0.9
0.000670731
Iteration: 66/150 ---------------------------
Expected cost over samples: -11.7907
min cost: -11.9192
%%%%%%%%%E1_hat: 0.00185618
ESS: 4.09863 / 1500
Diag(valid=1500, elite=150) ||dU~||2=1.52743 traceCovElite~=0.829354 R2=0.0971091 H(w)=1.6799 perp=5.36499 w_max=0.35916
--------Variance: 0.000135745
Sum of |delta_u|: 0.362214
Post-update R2: 0.0488094
Final cost after weighting: -2.994313
E1_hat_1: 0.00185618
PI step 66 time: 0.0176799 seconds
********a: -6.28923
********New psi: 0.9
0.000603657
Iteration: 67/150 ---------------------------
Expected cost over samples: -11.8998
min cost: -12.0256
%%%%%%%%%E1_hat: 0.00133647
ESS: 2.40459 / 1500
Diag(valid=1500, elite=150) ||dU~||2=2.28563 traceCovElite~=0.824838 R2=0.0756725 H(w)=1.07647 perp=2.9343 w_max=0.498826
--------Variance: 0.000266951
Sum of |delta_u|: 0.567756
Post-update R2: 0.0281793
Final cost after weighting: -2.993901
E1_hat_1: 0.00133647
PI step 67 time: 0.0167032 seconds
********a: -6.61772
********New psi: 0.9
0.000543292
Iteration: 68/150 ---------------------------
Expected cost over samples: -11.7313
min cost: -11.8574
%%%%%%%%%E1_hat: 0.000696215
ESS: 1.08989 / 1500
Diag(valid=1500, elite=150) ||dU~||2=3.27319 traceCovElite~=0.827015 R2=0.0796776 H(w)=0.235747 perp=1.26585 w_max=0.957559
--------Variance: 0.000523775
Sum of |delta_u|: 0.734459
Post-update R2: 0.0580002
Final cost after weighting: -2.993905
E1_hat_1: 0.000696215
PI step 68 time: 0.0195412 seconds
********a: -7.26985
********New psi: 0.9
0.000488963
Iteration: 69/150 ---------------------------
Expected cost over samples: -11.9939
min cost: -12.1019
%%%%%%%%%E1_hat: 0.00143736
ESS: 2.80805 / 1500
Diag(valid=1500, elite=150) ||dU~||2=1.17818 traceCovElite~=0.777635 R2=0.0763363 H(w)=1.25767 perp=3.51723 w_max=0.463814
--------Variance: 9.4264e-05
Sum of |delta_u|: 0.27371
Post-update R2: 0.0450715
Final cost after weighting: -2.993881
E1_hat_1: 0.00143736
PI step 69 time: 0.0191797 seconds
********a: -6.54495
********New psi: 0.9
0.000440066
Iteration: 70/150 ---------------------------
Expected cost over samples: -11.9614
min cost: -12.0681
%%%%%%%%%E1_hat: 0.000978686
ESS: 2.00567 / 1500
Diag(valid=1500, elite=150) ||dU~||2=1.62556 traceCovElite~=0.842753 R2=0.0739171 H(w)=1.15174 perp=3.16368 w_max=0.681185
--------Variance: 8.31367e-05
Sum of |delta_u|: 0.400537
Post-update R2: 0.0388631
Final cost after weighting: -2.993008
E1_hat_1: 0.000978686
PI step 70 time: 0.0189509 seconds
********a: -6.9293
********New psi: 0.9
0.00039606
Iteration: 71/150 ---------------------------
Expected cost over samples: -11.9495
min cost: -12.0538
%%%%%%%%%E1_hat: 0.000754373
ESS: 1.26591 / 1500
Diag(valid=1500, elite=150) ||dU~||2=2.24656 traceCovElite~=0.782079 R2=0.11319 H(w)=0.422698 perp=1.52607 w_max=0.883736
--------Variance: 0.000174056
Sum of |delta_u|: 0.529992
Post-update R2: 0.0597871
Final cost after weighting: -2.995584
E1_hat_1: 0.000754373
PI step 71 time: 0.0179893 seconds
********a: -7.18962
********New psi: 0.9
0.000356454
Iteration: 72/150 ---------------------------
Expected cost over samples: -11.9583
min cost: -12.0583
%%%%%%%%%E1_hat: 0.000701701
ESS: 1.10589 / 1500
Diag(valid=1500, elite=150) ||dU~||2=2.39477 traceCovElite~=0.821783 R2=0.105231 H(w)=0.236798 perp=1.26718 w_max=0.950072
--------Variance: 0.000172258
Sum of |delta_u|: 0.533435
Post-update R2: 0.0281267
Final cost after weighting: -2.994796
E1_hat_1: 0.000701701
PI step 72 time: 0.0181435 seconds
********a: -7.262
********New psi: 0.9
0.000320808
Iteration: 73/150 ---------------------------
Expected cost over samples: -11.9735
min cost: -12.0623
%%%%%%%%%E1_hat: 0.0015668
ESS: 3.32009 / 1500
Diag(valid=1500, elite=150) ||dU~||2=1.28004 traceCovElite~=0.786003 R2=0.0717264 H(w)=1.39673 perp=4.04198 w_max=0.425494
--------Variance: 7.63377e-05
Sum of |delta_u|: 0.318601
Post-update R2: 0.0468583
Final cost after weighting: -2.994235
E1_hat_1: 0.0015668
PI step 73 time: 0.0199245 seconds
********a: -6.45872
********New psi: 0.9
0.000288727
Iteration: 74/150 ---------------------------
Expected cost over samples: -12.0054
min cost: -12.0903
%%%%%%%%%E1_hat: 0.00201953
ESS: 3.97811 / 1500
Diag(valid=1500, elite=150) ||dU~||2=2.37608 traceCovElite~=0.874938 R2=0.0571608 H(w)=1.56841 perp=4.799 w_max=0.330109
--------Variance: 8.73608e-05
Sum of |delta_u|: 0.492044
Post-update R2: 0.0051217
Final cost after weighting: -2.993152
E1_hat_1: 0.00201953
PI step 74 time: 0.0194038 seconds
********a: -6.20489
********New psi: 0.9
0.000259855
Iteration: 75/150 ---------------------------
Expected cost over samples: -12.0689
min cost: -12.1499
%%%%%%%%%E1_hat: 0.00137579
ESS: 2.65812 / 1500
Diag(valid=1500, elite=150) ||dU~||2=2.00274 traceCovElite~=0.800238 R2=0.102414 H(w)=1.07214 perp=2.92164 w_max=0.48457
--------Variance: 8.9739e-05
Sum of |delta_u|: 0.470745
Post-update R2: 0.0289409
Final cost after weighting: -2.994917
E1_hat_1: 0.00137579
PI step 75 time: 0.0165035 seconds
********a: -6.58873
********New psi: 0.9
0.000233869
Iteration: 76/150 ---------------------------
Expected cost over samples: -12.0575
min cost: -12.1356
%%%%%%%%%E1_hat: 0.0012529
ESS: 2.50907 / 1500
Diag(valid=1500, elite=150) ||dU~||2=1.85548 traceCovElite~=0.81216 R2=0.0619902 H(w)=1.02772 perp=2.79469 w_max=0.532098
--------Variance: 5.47026e-05
Sum of |delta_u|: 0.450533
Post-update R2: 0.0215821
Final cost after weighting: -2.993711
E1_hat_1: 0.0012529
PI step 76 time: 0.0163407 seconds
********a: -6.68229
********New psi: 0.9
0.000210482
Iteration: 77/150 ---------------------------
Expected cost over samples: -12.0108
min cost: -12.0851
%%%%%%%%%E1_hat: 0.000691009
ESS: 1.07369 / 1500
Diag(valid=1500, elite=150) ||dU~||2=2.45219 traceCovElite~=0.817944 R2=0.0726961 H(w)=0.191604 perp=1.21119 w_max=0.964773
--------Variance: 0.000113836
Sum of |delta_u|: 0.613487
Post-update R2: 0.0584516
Final cost after weighting: -2.994015
E1_hat_1: 0.000691009
PI step 77 time: 0.0160647 seconds
********a: -7.27736
********New psi: 0.9
0.000189434
Iteration: 78/150 ---------------------------
Expected cost over samples: -12.0716
min cost: -12.1455
%%%%%%%%%E1_hat: 0.000691754
ESS: 1.07581 / 1500
Diag(valid=1500, elite=150) ||dU~||2=3.4764 traceCovElite~=0.789811 R2=0.0724188 H(w)=0.181775 perp=1.19934 w_max=0.963734
--------Variance: 0.000211585
Sum of |delta_u|: 0.775456
Post-update R2: 0.00387077
Final cost after weighting: -2.993513
E1_hat_1: 0.000691754
PI step 78 time: 0.0158993 seconds
********a: -7.27628
********New psi: 0.9
0.000170491
Iteration: 79/150 ---------------------------
Expected cost over samples: -12.0329
min cost: -12.0982
%%%%%%%%%E1_hat: 0.000740112
ESS: 1.22082 / 1500
Diag(valid=1500, elite=150) ||dU~||2=2.32802 traceCovElite~=0.836268 R2=0.0699228 H(w)=0.375124 perp=1.45517 w_max=0.900765
--------Variance: 8.69284e-05
Sum of |delta_u|: 0.575221
Post-update R2: 0.0496096
Final cost after weighting: -2.994654
E1_hat_1: 0.000740112
PI step 79 time: 0.0155121 seconds
********a: -7.20871
********New psi: 0.9
0.000153442
Iteration: 80/150 ---------------------------
Expected cost over samples: -12.0402
min cost: -12.1043
%%%%%%%%%E1_hat: 0.000780279
ESS: 1.34743 / 1500
Diag(valid=1500, elite=150) ||dU~||2=2.26984 traceCovElite~=0.857001 R2=0.0837023 H(w)=0.527703 perp=1.69504 w_max=0.854395
--------Variance: 6.76002e-05
Sum of |delta_u|: 0.580706
Post-update R2: 0.0576009
Final cost after weighting: -2.995113
E1_hat_1: 0.000780279
PI step 80 time: 0.0157619 seconds
********a: -7.15586
********New psi: 0.9
0.000138097
Iteration: 81/150 ---------------------------
Expected cost over samples: -12.0338
min cost: -12.0966
%%%%%%%%%E1_hat: 0.000666672
ESS: 1.00002 / 1500
Diag(valid=1500, elite=150) ||dU~||2=3.0165 traceCovElite~=0.837605 R2=0.0564361 H(w)=0.000112551 perp=1.00011 w_max=0.999992
--------Variance: 0.000114234
Sum of |delta_u|: 0.679406
Post-update R2: 0.0573786
Final cost after weighting: -2.996026
E1_hat_1: 0.000666672
PI step 81 time: 0.0159147 seconds
********a: -7.31321
********New psi: 0.9
0.000124288
Iteration: 82/150 ---------------------------
Expected cost over samples: -12.0659
min cost: -12.1245
%%%%%%%%%E1_hat: 0.000670708
ESS: 1.01215 / 1500
Diag(valid=1500, elite=150) ||dU~||2=2.80407 traceCovElite~=0.87146 R2=0.0801388 H(w)=0.0438486 perp=1.04482 w_max=0.993974
--------Variance: 8.84573e-05
Sum of |delta_u|: 0.678938
Post-update R2: 0.0344316
Final cost after weighting: -2.996812
E1_hat_1: 0.000670708
PI step 82 time: 0.0169322 seconds
********a: -7.30718
********New psi: 0.9
0.000111859
Iteration: 83/150 ---------------------------
Expected cost over samples: -12.0481
min cost: -12.1029
%%%%%%%%%E1_hat: 0.000667303
ESS: 1.00191 / 1500
Diag(valid=1500, elite=150) ||dU~||2=3.68692 traceCovElite~=0.892045 R2=0.0486023 H(w)=0.00843487 perp=1.00847 w_max=0.999047
--------Variance: 0.000138243
Sum of |delta_u|: 0.961178
Post-update R2: 0.0172252
Final cost after weighting: -2.995900
E1_hat_1: 0.000667303
PI step 83 time: 0.0177266 seconds
********a: -7.31227
********New psi: 0.9
0.000100673
Iteration: 84/150 ---------------------------
Expected cost over samples: -12.0372
min cost: -12.0899
%%%%%%%%%E1_hat: 0.00159172
ESS: 3.15851 / 1500
Diag(valid=1500, elite=150) ||dU~||2=1.29979 traceCovElite~=0.839869 R2=0.0776996 H(w)=1.26349 perp=3.53776 w_max=0.418835
--------Variance: 2.16504e-05
Sum of |delta_u|: 0.299671
Post-update R2: 0.0454049
Final cost after weighting: -2.997480
E1_hat_1: 0.00159172
PI step 84 time: 0.0164621 seconds
********a: -6.44294
********New psi: 0.9
9.06057e-05
Iteration: 85/150 ---------------------------
Expected cost over samples: -12.0018
min cost: -12.049
%%%%%%%%%E1_hat: 0.000797159
ESS: 1.40345 / 1500
Diag(valid=1500, elite=150) ||dU~||2=2.89533 traceCovElite~=0.872577 R2=0.0825073 H(w)=0.598114 perp=1.81869 w_max=0.836303
--------Variance: 6.46136e-05
Sum of |delta_u|: 0.648255
Post-update R2: 0.0550158
Final cost after weighting: -2.998196
E1_hat_1: 0.000797159
PI step 85 time: 0.015393 seconds
********a: -7.13446
********New psi: 0.9
8.15452e-05
Iteration: 86/150 ---------------------------
Expected cost over samples: -12.0128
min cost: -12.059
%%%%%%%%%E1_hat: 0.00138468
ESS: 2.63254 / 1500
Diag(valid=1500, elite=150) ||dU~||2=2.3005 traceCovElite~=0.831113 R2=0.0752459 H(w)=1.02677 perp=2.79203 w_max=0.481459
--------Variance: 2.62392e-05
Sum of |delta_u|: 0.562019
Post-update R2: 0.0444675
Final cost after weighting: -2.998219
E1_hat_1: 0.00138468
PI step 86 time: 0.0157437 seconds
********a: -6.58229
********New psi: 0.9
7.33907e-05
Iteration: 87/150 ---------------------------
Expected cost over samples: -11.9957
min cost: -12.0385
%%%%%%%%%E1_hat: 0.000697982
ESS: 1.09499 / 1500
Diag(valid=1500, elite=150) ||dU~||2=1.97053 traceCovElite~=0.811303 R2=0.0668568 H(w)=0.228712 perp=1.25698 w_max=0.955134
--------Variance: 2.67869e-05
Sum of |delta_u|: 0.473207
Post-update R2: 0.0465032
Final cost after weighting: -2.997232
E1_hat_1: 0.000697982
PI step 87 time: 0.0159812 seconds
********a: -7.26732
********New psi: 0.9
6.60516e-05
Iteration: 88/150 ---------------------------
Expected cost over samples: -11.9909
min cost: -12.0309
%%%%%%%%%E1_hat: 0.000906713
ESS: 1.75465 / 1500
Diag(valid=1500, elite=150) ||dU~||2=1.95452 traceCovElite~=0.816516 R2=0.110039 H(w)=0.844282 perp=2.32631 w_max=0.735256
--------Variance: 2.72445e-05
Sum of |delta_u|: 0.432945
Post-update R2: 0.0231395
Final cost after weighting: -2.998063
E1_hat_1: 0.000906713
PI step 88 time: 0.0153287 seconds
********a: -7.00568
********New psi: 0.9
5.94464e-05
Iteration: 89/150 ---------------------------
Expected cost over samples: -12.0024
min cost: -12.0436
%%%%%%%%%E1_hat: 0.000992998
ESS: 1.79038 / 1500
Diag(valid=1500, elite=150) ||dU~||2=3.47683 traceCovElite~=0.834561 R2=0.0910914 H(w)=0.635754 perp=1.88844 w_max=0.671367
--------Variance: 4.911e-05
Sum of |delta_u|: 0.888275
Post-update R2: 0.0128564
Final cost after weighting: -2.997665
E1_hat_1: 0.000992998
PI step 89 time: 0.0159282 seconds
********a: -6.91478
********New psi: 0.9
5.35018e-05
Iteration: 90/150 ---------------------------
Expected cost over samples: -11.9626
min cost: -12.001
%%%%%%%%%E1_hat: 0.000667278
ESS: 1.00183 / 1500
Diag(valid=1500, elite=150) ||dU~||2=2.10456 traceCovElite~=0.837514 R2=0.0672483 H(w)=0.00746419 perp=1.00749 w_max=0.999084
--------Variance: 2.15511e-05
Sum of |delta_u|: 0.461748
Post-update R2: 0.0309664
Final cost after weighting: -2.998667
E1_hat_1: 0.000667278
PI step 90 time: 0.0160342 seconds
********a: -7.3123
********New psi: 0.9
4.81516e-05
Iteration: 91/150 ---------------------------
Expected cost over samples: -11.9859
min cost: -12.0217
%%%%%%%%%E1_hat: 0.000672152
ESS: 1.01647 / 1500
Diag(valid=1500, elite=150) ||dU~||2=1.88179 traceCovElite~=0.784485 R2=0.100119 H(w)=0.0502203 perp=1.0515 w_max=0.991839
--------Variance: 1.54844e-05
Sum of |delta_u|: 0.484034
Post-update R2: 0.0636631
Final cost after weighting: -2.997888
E1_hat_1: 0.000672152
PI step 91 time: 0.016194 seconds
********a: -7.30503
********New psi: 0.9
4.33364e-05
Iteration: 92/150 ---------------------------
Expected cost over samples: -11.9882
min cost: -12.0205
%%%%%%%%%E1_hat: 0.000735309
ESS: 1.20378 / 1500
Diag(valid=1500, elite=150) ||dU~||2=2.41268 traceCovElite~=0.884896 R2=0.0811361 H(w)=0.310636 perp=1.36429 w_max=0.906649
--------Variance: 2.29844e-05
Sum of |delta_u|: 0.586552
Post-update R2: 0.0380382
Final cost after weighting: -2.998650
E1_hat_1: 0.000735309
PI step 92 time: 0.0167123 seconds
********a: -7.21522
********New psi: 0.9
3.90028e-05
Iteration: 93/150 ---------------------------
Expected cost over samples: -12.0032
min cost: -12.0342
%%%%%%%%%E1_hat: 0.000666667
ESS: 1 / 1500
Diag(valid=1500, elite=150) ||dU~||2=3.13283 traceCovElite~=0.822419 R2=0.0679623 H(w)=6.17101e-06 perp=1.00001 w_max=1
--------Variance: 3.47961e-05
Sum of |delta_u|: 0.803353
Post-update R2: 0.0107011
Final cost after weighting: -2.999234
E1_hat_1: 0.000666667
PI step 93 time: 0.0155345 seconds
********a: -7.31322
********New psi: 0.9
3.51025e-05
Iteration: 94/150 ---------------------------
Expected cost over samples: -11.9498
min cost: -11.98
%%%%%%%%%E1_hat: 0.00108987
ESS: 1.90965 / 1500
Diag(valid=1500, elite=150) ||dU~||2=1.76463 traceCovElite~=0.77507 R2=0.0864639 H(w)=0.678892 perp=1.97169 w_max=0.611694
--------Variance: 1.44585e-05
Sum of |delta_u|: 0.422863
Post-update R2: 0.0298958
Final cost after weighting: -2.999611
E1_hat_1: 0.00108987
PI step 94 time: 0.015419 seconds
********a: -6.8217
********New psi: 0.9
3.15923e-05
Iteration: 95/150 ---------------------------
Expected cost over samples: -11.9778
min cost: -12.0071
%%%%%%%%%E1_hat: 0.000666693
ESS: 1.00008 / 1500
Diag(valid=1500, elite=150) ||dU~||2=3.16768 traceCovElite~=0.796353 R2=0.0738856 H(w)=0.000440009 perp=1.00044 w_max=0.999961
--------Variance: 2.88169e-05
Sum of |delta_u|: 0.748892
Post-update R2: 0.0366242
Final cost after weighting: -2.999436
E1_hat_1: 0.000666693
PI step 95 time: 0.0154816 seconds
********a: -7.31318
********New psi: 0.9
2.8433e-05
Iteration: 96/150 ---------------------------
Expected cost over samples: -11.9868
min cost: -12.0135
%%%%%%%%%E1_hat: 0.000666864
ESS: 1.00059 / 1500
Diag(valid=1500, elite=150) ||dU~||2=4.3193 traceCovElite~=0.814076 R2=0.0824934 H(w)=0.00269967 perp=1.0027 w_max=0.999704
--------Variance: 4.82172e-05
Sum of |delta_u|: 1.02859
Post-update R2: 0.0108573
Final cost after weighting: -2.998884
E1_hat_1: 0.000666864
PI step 96 time: 0.0168804 seconds
********a: -7.31292
********New psi: 0.9
2.55897e-05
Iteration: 97/150 ---------------------------
Expected cost over samples: -12.0194
min cost: -12.0451
%%%%%%%%%E1_hat: 0.000780514
ESS: 1.33187 / 1500
Diag(valid=1500, elite=150) ||dU~||2=2.243 traceCovElite~=0.83293 R2=0.102972 H(w)=0.415644 perp=1.51535 w_max=0.854138
--------Variance: 1.46806e-05
Sum of |delta_u|: 0.479335
Post-update R2: 0.0669783
Final cost after weighting: -2.998697
E1_hat_1: 0.000780514
PI step 97 time: 0.0158482 seconds
********a: -7.15556
********New psi: 0.9
2.30308e-05
Iteration: 98/150 ---------------------------
Expected cost over samples: -12.0048
min cost: -12.0293
%%%%%%%%%E1_hat: 0.000813687
ESS: 1.45356 / 1500
Diag(valid=1500, elite=150) ||dU~||2=1.70229 traceCovElite~=0.851737 R2=0.0695258 H(w)=0.596532 perp=1.81581 w_max=0.819316
--------Variance: 5.36902e-06
Sum of |delta_u|: 0.42823
Post-update R2: 0.0412425
Final cost after weighting: -2.999222
E1_hat_1: 0.000813687
PI step 98 time: 0.0155148 seconds
********a: -7.11394
********New psi: 0.9
2.07277e-05
Iteration: 99/150 ---------------------------
Expected cost over samples: -12.0007
min cost: -12.0234
%%%%%%%%%E1_hat: 0.000703719
ESS: 1.11081 / 1500
Diag(valid=1500, elite=150) ||dU~||2=2.10104 traceCovElite~=0.850299 R2=0.0840587 H(w)=0.206251 perp=1.22906 w_max=0.947348
--------Variance: 8.2051e-06
Sum of |delta_u|: 0.502611
Post-update R2: 0.0512475
Final cost after weighting: -2.999439
E1_hat_1: 0.000703719
PI step 99 time: 0.0159028 seconds
********a: -7.25913
********New psi: 0.9
1.86549e-05
Iteration: 100/150 ---------------------------
Expected cost over samples: -11.9931
min cost: -12.0151
%%%%%%%%%E1_hat: 0.00126961
ESS: 2.00128 / 1500
Diag(valid=1500, elite=150) ||dU~||2=3.34306 traceCovElite~=0.782418 R2=0.100833 H(w)=0.702994 perp=2.01979 w_max=0.525096
--------Variance: 1.26784e-05
Sum of |delta_u|: 0.8487
Post-update R2: 0.0445772
Final cost after weighting: -2.999316
E1_hat_1: 0.00126961
PI step 100 time: 0.0159565 seconds
********a: -6.66905
********New psi: 0.9
1.67894e-05
Iteration: 101/150 ---------------------------
Expected cost over samples: -11.9914
min cost: -12.0124
%%%%%%%%%E1_hat: 0.00172823
ESS: 2.91021 / 1500
Diag(valid=1500, elite=150) ||dU~||2=1.68451 traceCovElite~=0.83369 R2=0.0779868 H(w)=1.08903 perp=2.9714 w_max=0.385751
--------Variance: 6.3451e-06
Sum of |delta_u|: 0.382029
Post-update R2: 0.0455496
Final cost after weighting: -2.999130
E1_hat_1: 0.00172823
PI step 101 time: 0.01546 seconds
********a: -6.36066
********New psi: 0.9
1.51105e-05
Iteration: 102/150 ---------------------------
Expected cost over samples: -12.0027
min cost: -12.0231
%%%%%%%%%E1_hat: 0.000666667
ESS: 1 / 1500
Diag(valid=1500, elite=150) ||dU~||2=2.72517 traceCovElite~=0.80089 R2=0.0843678 H(w)=1.45949e-05 perp=1.00001 w_max=0.999999
--------Variance: 1.02013e-05
Sum of |delta_u|: 0.622519
Post-update R2: 0.0580888
Final cost after weighting: -2.999128
E1_hat_1: 0.000666667
PI step 102 time: 0.0154149 seconds
********a: -7.31322
********New psi: 0.9
1.35994e-05
Iteration: 103/150 ---------------------------
Expected cost over samples: -11.996
min cost: -12.014
%%%%%%%%%E1_hat: 0.00114343
ESS: 1.94651 / 1500
Diag(valid=1500, elite=150) ||dU~||2=2.88685 traceCovElite~=0.798879 R2=0.0677607 H(w)=0.679906 perp=1.97369 w_max=0.583042
--------Variance: 9.34565e-06
Sum of |delta_u|: 0.703189
Post-update R2: 0.00552363
Final cost after weighting: -2.999184
E1_hat_1: 0.00114343
PI step 103 time: 0.0157416 seconds
********a: -6.77373
********New psi: 0.9
1.22395e-05
Iteration: 104/150 ---------------------------
Expected cost over samples: -11.9873
min cost: -12.0056
%%%%%%%%%E1_hat: 0.000666951
ESS: 1.00085 / 1500
Diag(valid=1500, elite=150) ||dU~||2=3.88624 traceCovElite~=0.791242 R2=0.102685 H(w)=0.00381978 perp=1.00383 w_max=0.999574
--------Variance: 1.68059e-05
Sum of |delta_u|: 1.02312
Post-update R2: 0.0112749
Final cost after weighting: -2.999142
E1_hat_1: 0.000666951
PI step 104 time: 0.0157633 seconds
********a: -7.31279
********New psi: 0.9
1.10155e-05
Iteration: 105/150 ---------------------------
Expected cost over samples: -11.9721
min cost: -11.9898
%%%%%%%%%E1_hat: 0.000666667
ESS: 1 / 1500
Diag(valid=1500, elite=150) ||dU~||2=2.50532 traceCovElite~=0.797747 R2=0.0721787 H(w)=5.08932e-07 perp=1 w_max=1
--------Variance: 6.28536e-06
Sum of |delta_u|: 0.599998
Post-update R2: 0.0337727
Final cost after weighting: -2.999475
E1_hat_1: 0.000666667
PI step 105 time: 0.0152496 seconds
********a: -7.31322
********New psi: 0.9
9.91399e-06
Iteration: 106/150 ---------------------------
Expected cost over samples: -11.9823
min cost: -11.9983
%%%%%%%%%E1_hat: 0.000666667
ESS: 1 / 1500
Diag(valid=1500, elite=150) ||dU~||2=2.88353 traceCovElite~=0.859862 R2=0.0676062 H(w)=1.13179e-07 perp=1 w_max=1
--------Variance: 7.49383e-06
Sum of |delta_u|: 0.742781
Post-update R2: 0.04634
Final cost after weighting: -2.999408
E1_hat_1: 0.000666667
PI step 106 time: 0.0155369 seconds
********a: -7.31322
********New psi: 0.9
8.92259e-06
Iteration: 107/150 ---------------------------
Expected cost over samples: -11.9932
min cost: -12.0078
%%%%%%%%%E1_hat: 0.000714052
ESS: 1.14155 / 1500
Diag(valid=1500, elite=150) ||dU~||2=2.97114 traceCovElite~=0.805482 R2=0.0748117 H(w)=0.248111 perp=1.2816 w_max=0.933639
--------Variance: 7.16793e-06
Sum of |delta_u|: 0.64476
Post-update R2: 0.0313365
Final cost after weighting: -2.999495
E1_hat_1: 0.000714052
PI step 107 time: 0.0156396 seconds
********a: -7.24456
********New psi: 0.9
8.03033e-06
Iteration: 108/150 ---------------------------
Expected cost over samples: -11.9978
min cost: -12.012
%%%%%%%%%E1_hat: 0.000685714
ESS: 1.05711 / 1500
Diag(valid=1500, elite=150) ||dU~||2=3.11084 traceCovElite~=0.772884 R2=0.0978233 H(w)=0.128361 perp=1.13696 w_max=0.972223
--------Variance: 7.0756e-06
Sum of |delta_u|: 0.738891
Post-update R2: 0.0207389
Final cost after weighting: -2.999625
E1_hat_1: 0.000685714
PI step 108 time: 0.0156328 seconds
********a: -7.28505
********New psi: 0.9
7.2273e-06
Iteration: 109/150 ---------------------------
Expected cost over samples: -11.9811
min cost: -11.9947
%%%%%%%%%E1_hat: 0.000666667
ESS: 1 / 1500
Diag(valid=1500, elite=150) ||dU~||2=2.48993 traceCovElite~=0.79159 R2=0.0696476 H(w)=1.00705e-06 perp=1 w_max=1
--------Variance: 4.07337e-06
Sum of |delta_u|: 0.549015
Post-update R2: 0.0221594
Final cost after weighting: -2.999722
E1_hat_1: 0.000666667
PI step 109 time: 0.0153974 seconds
********a: -7.31322
********New psi: 0.9
6.50457e-06
Iteration: 110/150 ---------------------------
Expected cost over samples: -11.9816
min cost: -11.9947
%%%%%%%%%E1_hat: 0.000748941
ESS: 1.25199 / 1500
Diag(valid=1500, elite=150) ||dU~||2=2.11063 traceCovElite~=0.89026 R2=0.070684 H(w)=0.425432 perp=1.53025 w_max=0.890146
--------Variance: 2.58746e-06
Sum of |delta_u|: 0.491651
Post-update R2: 0.0361915
Final cost after weighting: -2.999492
E1_hat_1: 0.000748941
PI step 110 time: 0.0160712 seconds
********a: -7.19685
********New psi: 0.9
5.85411e-06
Iteration: 111/150 ---------------------------
Expected cost over samples: -11.9754
min cost: -11.9869
%%%%%%%%%E1_hat: 0.00155326
ESS: 3.07918 / 1500
Diag(valid=1500, elite=150) ||dU~||2=1.39159 traceCovElite~=0.823653 R2=0.0464335 H(w)=1.26342 perp=3.5375 w_max=0.429205
--------Variance: 1.45071e-06
Sum of |delta_u|: 0.311721
Post-update R2: 0.0197293
Final cost after weighting: -2.999789
E1_hat_1: 0.00155326
PI step 111 time: 0.0164677 seconds
********a: -6.4674
********New psi: 0.9
5.2687e-06
Iteration: 112/150 ---------------------------
Expected cost over samples: -11.9855
min cost: -11.997
%%%%%%%%%E1_hat: 0.000798673
ESS: 1.38108 / 1500
Diag(valid=1500, elite=150) ||dU~||2=2.83014 traceCovElite~=0.809208 R2=0.0473361 H(w)=0.448326 perp=1.56569 w_max=0.834718
--------Variance: 3.73742e-06
Sum of |delta_u|: 0.617071
Post-update R2: 0.0152315
Final cost after weighting: -2.999528
E1_hat_1: 0.000798673
PI step 112 time: 0.0159693 seconds
********a: -7.13256
********New psi: 0.9
4.74183e-06
Iteration: 113/150 ---------------------------
Expected cost over samples: -11.9836
min cost: -11.9951
%%%%%%%%%E1_hat: 0.000666676
ESS: 1.00003 / 1500
Diag(valid=1500, elite=150) ||dU~||2=3.27692 traceCovElite~=0.812563 R2=0.0624689 H(w)=0.000174752 perp=1.00017 w_max=0.999986
--------Variance: 4.6289e-06
Sum of |delta_u|: 0.777637
Post-update R2: 0.00251691
Final cost after weighting: -2.999523
E1_hat_1: 0.000666676
PI step 113 time: 0.0165005 seconds
********a: -7.31321
********New psi: 0.9
4.26765e-06
Iteration: 114/150 ---------------------------
Expected cost over samples: -11.9904
min cost: -12.0012
%%%%%%%%%E1_hat: 0.000708408
ESS: 1.12473 / 1500
Diag(valid=1500, elite=150) ||dU~||2=3.09119 traceCovElite~=0.817765 R2=0.0869385 H(w)=0.223992 perp=1.25106 w_max=0.941078
--------Variance: 3.50448e-06
Sum of |delta_u|: 0.791947
Post-update R2: 0.041639
Final cost after weighting: -2.999493
E1_hat_1: 0.000708408
PI step 114 time: 0.0171522 seconds
********a: -7.25249
********New psi: 0.9
3.84088e-06
Iteration: 115/150 ---------------------------
Expected cost over samples: -12.0012
min cost: -12.0114
%%%%%%%%%E1_hat: 0.000666667
ESS: 1 / 1500
Diag(valid=1500, elite=150) ||dU~||2=3.06743 traceCovElite~=0.842409 R2=0.101255 H(w)=1.50606e-09 perp=1 w_max=1
--------Variance: 3.28519e-06
Sum of |delta_u|: 0.747022
Post-update R2: 0.0259675
Final cost after weighting: -2.999616
E1_hat_1: 0.000666667
PI step 115 time: 0.0168265 seconds
********a: -7.31322
********New psi: 0.9
3.45679e-06
Iteration: 116/150 ---------------------------
Expected cost over samples: -12.0111
min cost: -12.0203
%%%%%%%%%E1_hat: 0.000668082
ESS: 1.00425 / 1500
Diag(valid=1500, elite=150) ||dU~||2=2.82606 traceCovElite~=0.788061 R2=0.0752283 H(w)=0.0151616 perp=1.01528 w_max=0.997881
--------Variance: 2.51395e-06
Sum of |delta_u|: 0.607896
Post-update R2: 0.0705482
Final cost after weighting: -2.999438
E1_hat_1: 0.000668082
PI step 116 time: 0.0165058 seconds
********a: -7.3111
********New psi: 0.9
3.11111e-06
Iteration: 117/150 ---------------------------
Expected cost over samples: -11.9997
min cost: -12.0084
%%%%%%%%%E1_hat: 0.000666667
ESS: 1 / 1500
Diag(valid=1500, elite=150) ||dU~||2=1.96526 traceCovElite~=0.837764 R2=0.0776989 H(w)=7.48426e-20 perp=1 w_max=1
--------Variance: 1.0923e-06
Sum of |delta_u|: 0.424256
Post-update R2: 0.058101
Final cost after weighting: -2.999612
E1_hat_1: 0.000666667
PI step 117 time: 0.0160317 seconds
********a: -7.31322
********New psi: 0.9
2.8e-06
Iteration: 118/150 ---------------------------
Expected cost over samples: -11.9993
min cost: -12.0076
%%%%%%%%%E1_hat: 0.000666667
ESS: 1 / 1500
Diag(valid=1500, elite=150) ||dU~||2=4.08217 traceCovElite~=0.8341 R2=0.0455745 H(w)=1.1531e-10 perp=1 w_max=1
--------Variance: 4.24176e-06
Sum of |delta_u|: 0.885199
Post-update R2: 0.0037473
Final cost after weighting: -2.999501
E1_hat_1: 0.000666667
PI step 118 time: 0.0162175 seconds
********a: -7.31322
********New psi: 0.9
2.52e-06
Iteration: 119/150 ---------------------------
Expected cost over samples: -11.9975
min cost: -12.0054
%%%%%%%%%E1_hat: 0.000666667
ESS: 1 / 1500
Diag(valid=1500, elite=150) ||dU~||2=2.49993 traceCovElite~=0.823659 R2=0.0669703 H(w)=4.16504e-12 perp=1 w_max=1
--------Variance: 1.43173e-06
Sum of |delta_u|: 0.564886
Post-update R2: 0.0444777
Final cost after weighting: -2.999358
E1_hat_1: 0.000666667
PI step 119 time: 0.0161231 seconds
********a: -7.31322
********New psi: 0.9
2.268e-06
Iteration: 120/150 ---------------------------
Expected cost over samples: -11.9946
min cost: -12.0022
%%%%%%%%%E1_hat: 0.000667253
ESS: 1.00176 / 1500
Diag(valid=1500, elite=150) ||dU~||2=2.65625 traceCovElite~=0.800914 R2=0.0956696 H(w)=0.00706147 perp=1.00709 w_max=0.999122
--------Variance: 1.45522e-06
Sum of |delta_u|: 0.615199
Post-update R2: 0.0723037
Final cost after weighting: -2.999431
E1_hat_1: 0.000667253
PI step 120 time: 0.0163854 seconds
********a: -7.31234
********New psi: 0.9
2.0412e-06
Iteration: 121/150 ---------------------------
Expected cost over samples: -11.9928
min cost: -12.0002
%%%%%%%%%E1_hat: 0.000792603
ESS: 1.36479 / 1500
Diag(valid=1500, elite=150) ||dU~||2=1.50724 traceCovElite~=0.810575 R2=0.0806463 H(w)=0.437823 perp=1.54933 w_max=0.841111
--------Variance: 5.20418e-07
Sum of |delta_u|: 0.370633
Post-update R2: 0.0660438
Final cost after weighting: -2.999455
E1_hat_1: 0.000792603
PI step 121 time: 0.0159959 seconds
********a: -7.14019
********New psi: 0.9
1.83708e-06
Iteration: 122/150 ---------------------------
Expected cost over samples: -11.9883
min cost: -11.9953
%%%%%%%%%E1_hat: 0.000666667
ESS: 1 / 1500
Diag(valid=1500, elite=150) ||dU~||2=2.67213 traceCovElite~=0.778646 R2=0.0938208 H(w)=3.28301e-10 perp=1 w_max=1
--------Variance: 1.19247e-06
Sum of |delta_u|: 0.56158
Post-update R2: 0.0536712
Final cost after weighting: -2.999320
E1_hat_1: 0.000666667
PI step 122 time: 0.0163274 seconds
********a: -7.31322
********New psi: 0.9
1.65337e-06
Iteration: 123/150 ---------------------------
Expected cost over samples: -11.9929
min cost: -11.9996
%%%%%%%%%E1_hat: 0.000666668
ESS: 1 / 1500
Diag(valid=1500, elite=150) ||dU~||2=4.04293 traceCovElite~=0.845817 R2=0.0659775 H(w)=3.23897e-05 perp=1.00003 w_max=0.999998
--------Variance: 2.45679e-06
Sum of |delta_u|: 0.896106
Post-update R2: 0.0315065
Final cost after weighting: -2.999421
E1_hat_1: 0.000666668
PI step 123 time: 0.0161136 seconds
********a: -7.31322
********New psi: 0.9
1.48804e-06
Iteration: 124/150 ---------------------------
Expected cost over samples: -11.9955
min cost: -12.0015
%%%%%%%%%E1_hat: 0.000666769
ESS: 1.00031 / 1500
Diag(valid=1500, elite=150) ||dU~||2=2.94619 traceCovElite~=0.877821 R2=0.0434624 H(w)=0.00157635 perp=1.00158 w_max=0.999847
--------Variance: 1.17416e-06
Sum of |delta_u|: 0.706751
Post-update R2: 0.0240711
Final cost after weighting: -2.999469
E1_hat_1: 0.000666769
PI step 124 time: 0.0159515 seconds
********a: -7.31307
********New psi: 0.9
1.33923e-06
Iteration: 125/150 ---------------------------
Expected cost over samples: -11.9875
min cost: -11.9935
%%%%%%%%%E1_hat: 0.000666667
ESS: 1 / 1500
Diag(valid=1500, elite=150) ||dU~||2=2.87169 traceCovElite~=0.856121 R2=0.074618 H(w)=1.03235e-31 perp=1 w_max=1
--------Variance: 1.00401e-06
Sum of |delta_u|: 0.621042
Post-update R2: 0.039928
Final cost after weighting: -2.999558
E1_hat_1: 0.000666667
PI step 125 time: 0.0160979 seconds
********a: -7.31322
********New psi: 0.9
1.20531e-06
Iteration: 126/150 ---------------------------
Expected cost over samples: -11.9928
min cost: -11.9985
%%%%%%%%%E1_hat: 0.000666667
ESS: 1 / 1500
Diag(valid=1500, elite=150) ||dU~||2=1.96333 traceCovElite~=0.862348 R2=0.0791169 H(w)=1.15846e-36 perp=1 w_max=1
--------Variance: 4.22322e-07
Sum of |delta_u|: 0.511005
Post-update R2: 0.0345105
Final cost after weighting: -2.999564
E1_hat_1: 0.000666667
PI step 126 time: 0.0165146 seconds
********a: -7.31322
********New psi: 0.9
1.08478e-06
Iteration: 127/150 ---------------------------
Expected cost over samples: -11.9991
min cost: -12.0043
%%%%%%%%%E1_hat: 0.000666667
ESS: 1 / 1500
Diag(valid=1500, elite=150) ||dU~||2=3.476 traceCovElite~=0.784614 R2=0.0727131 H(w)=1.52055e-11 perp=1 w_max=1
--------Variance: 1.1914e-06
Sum of |delta_u|: 0.923689
Post-update R2: 0.0469341
Final cost after weighting: -2.999556
E1_hat_1: 0.000666667
PI step 127 time: 0.0165201 seconds
********a: -7.31322
********New psi: 0.9
9.76301e-07
Iteration: 128/150 ---------------------------
Expected cost over samples: -11.9869
min cost: -11.9918
%%%%%%%%%E1_hat: 0.000666667
ESS: 1 / 1500
Diag(valid=1500, elite=150) ||dU~||2=2.60633 traceCovElite~=0.880136 R2=0.0757422 H(w)=1.12818e-14 perp=1 w_max=1
--------Variance: 6.02904e-07
Sum of |delta_u|: 0.612445
Post-update R2: 0.032587
Final cost after weighting: -2.999521
E1_hat_1: 0.000666667
PI step 128 time: 0.0159239 seconds
********a: -7.31322
********New psi: 0.9
8.78671e-07
Iteration: 129/150 ---------------------------
Expected cost over samples: -11.9852
min cost: -11.9901
%%%%%%%%%E1_hat: 0.000666987
ESS: 1.00096 / 1500
Diag(valid=1500, elite=150) ||dU~||2=3.31818 traceCovElite~=0.820024 R2=0.0607352 H(w)=0.0041531 perp=1.00416 w_max=0.999519
--------Variance: 8.7942e-07
Sum of |delta_u|: 0.746465
Post-update R2: 0.0299759
Final cost after weighting: -2.999538
E1_hat_1: 0.000666987
PI step 129 time: 0.0160696 seconds
********a: -7.31274
********New psi: 0.9
7.90804e-07
Iteration: 130/150 ---------------------------
Expected cost over samples: -11.9858
min cost: -11.9903
%%%%%%%%%E1_hat: 0.000945461
ESS: 1.71196 / 1500
Diag(valid=1500, elite=150) ||dU~||2=2.48467 traceCovElite~=0.831918 R2=0.0648973 H(w)=0.60687 perp=1.83468 w_max=0.705123
--------Variance: 4.08231e-07
Sum of |delta_u|: 0.580437
Post-update R2: 0.0205539
Final cost after weighting: -2.999586
E1_hat_1: 0.000945461
PI step 130 time: 0.0163088 seconds
********a: -6.96384
********New psi: 0.9
7.11723e-07
Iteration: 131/150 ---------------------------
Expected cost over samples: -11.9906
min cost: -11.9951
%%%%%%%%%E1_hat: 0.000668466
ESS: 1.0054 / 1500
Diag(valid=1500, elite=150) ||dU~||2=2.5126 traceCovElite~=0.801098 R2=0.0821477 H(w)=0.0186171 perp=1.01879 w_max=0.997308
--------Variance: 4.08443e-07
Sum of |delta_u|: 0.538989
Post-update R2: 0.0276495
Final cost after weighting: -2.999593
E1_hat_1: 0.000668466
PI step 131 time: 0.0160359 seconds
********a: -7.31052
********New psi: 0.9
6.40551e-07
Iteration: 132/150 ---------------------------
Expected cost over samples: -11.9867
min cost: -11.9908
%%%%%%%%%E1_hat: 0.000666667
ESS: 1 / 1500
Diag(valid=1500, elite=150) ||dU~||2=3.82905 traceCovElite~=0.802724 R2=0.110638 H(w)=2.04185e-12 perp=1 w_max=1
--------Variance: 8.53683e-07
Sum of |delta_u|: 0.805062
Post-update R2: 0.0608969
Final cost after weighting: -2.999601
E1_hat_1: 0.000666667
PI step 132 time: 0.0160604 seconds
********a: -7.31322
********New psi: 0.9
5.76496e-07
Iteration: 133/150 ---------------------------
Expected cost over samples: -11.9777
min cost: -11.9816
%%%%%%%%%E1_hat: 0.000666667
ESS: 1 / 1500
Diag(valid=1500, elite=150) ||dU~||2=2.48987 traceCovElite~=0.846138 R2=0.0792059 H(w)=8.93377e-17 perp=1 w_max=1
--------Variance: 3.24872e-07
Sum of |delta_u|: 0.493088
Post-update R2: 0.0595964
Final cost after weighting: -2.999556
E1_hat_1: 0.000666667
PI step 133 time: 0.0164404 seconds
********a: -7.31322
********New psi: 0.9
5.18846e-07
Iteration: 134/150 ---------------------------
Expected cost over samples: -11.973
min cost: -11.9767
%%%%%%%%%E1_hat: 0.000666667
ESS: 1 / 1500
Diag(valid=1500, elite=150) ||dU~||2=2.98375 traceCovElite~=0.77405 R2=0.0832284 H(w)=6.5721e-14 perp=1 w_max=1
--------Variance: 4.19923e-07
Sum of |delta_u|: 0.667464
Post-update R2: 0.0183896
Final cost after weighting: -2.999577
E1_hat_1: 0.000666667
PI step 134 time: 0.0161517 seconds
********a: -7.31322
********New psi: 0.9
4.66962e-07
Iteration: 135/150 ---------------------------
Expected cost over samples: -11.9723
min cost: -11.9758
%%%%%%%%%E1_hat: 0.000666667
ESS: 1 / 1500
Diag(valid=1500, elite=150) ||dU~||2=2.83887 traceCovElite~=0.784363 R2=0.0791264 H(w)=1.08961e-08 perp=1 w_max=1
--------Variance: 3.42112e-07
Sum of |delta_u|: 0.668185
Post-update R2: 0.0604805
Final cost after weighting: -2.999685
E1_hat_1: 0.000666667
PI step 135 time: 0.0160276 seconds
********a: -7.31322
********New psi: 0.9
4.20265e-07
Iteration: 136/150 ---------------------------
Expected cost over samples: -11.9736
min cost: -11.9769
%%%%%%%%%E1_hat: 0.000669236
ESS: 1.00771 / 1500
Diag(valid=1500, elite=150) ||dU~||2=1.82445 traceCovElite~=0.798509 R2=0.0549719 H(w)=0.0251849 perp=1.0255 w_max=0.996161
--------Variance: 1.27556e-07
Sum of |delta_u|: 0.433136
Post-update R2: 0.0207888
Final cost after weighting: -2.999701
E1_hat_1: 0.000669236
PI step 136 time: 0.0159402 seconds
********a: -7.30937
********New psi: 0.9
3.78239e-07
Iteration: 137/150 ---------------------------
Expected cost over samples: -11.9735
min cost: -11.9767
%%%%%%%%%E1_hat: 0.000666667
ESS: 1 / 1500
Diag(valid=1500, elite=150) ||dU~||2=3.48975 traceCovElite~=0.818547 R2=0.069392 H(w)=3.37916e-15 perp=1 w_max=1
--------Variance: 4.18756e-07
Sum of |delta_u|: 0.94439
Post-update R2: 0.0243615
Final cost after weighting: -2.999582
E1_hat_1: 0.000666667
PI step 137 time: 0.0160704 seconds
********a: -7.31322
********New psi: 0.9
3.40415e-07
Iteration: 138/150 ---------------------------
Expected cost over samples: -11.975
min cost: -11.9781
%%%%%%%%%E1_hat: 0.000666667
ESS: 1 / 1500
Diag(valid=1500, elite=150) ||dU~||2=2.88468 traceCovElite~=0.828532 R2=0.075616 H(w)=8.49651e-11 perp=1 w_max=1
--------Variance: 2.57515e-07
Sum of |delta_u|: 0.730556
Post-update R2: 0.0184942
Final cost after weighting: -2.999707
E1_hat_1: 0.000666667
PI step 138 time: 0.0160572 seconds
********a: -7.31322
********New psi: 0.9
3.06374e-07
Iteration: 139/150 ---------------------------
Expected cost over samples: -11.9765
min cost: -11.9792
%%%%%%%%%E1_hat: 0.000666667
ESS: 1 / 1500
Diag(valid=1500, elite=150) ||dU~||2=4.44627 traceCovElite~=0.862253 R2=0.0634363 H(w)=7.70681e-15 perp=1 w_max=1
--------Variance: 5.50611e-07
Sum of |delta_u|: 1.054
Post-update R2: 0.0330315
Final cost after weighting: -2.999733
E1_hat_1: 0.000666667
PI step 139 time: 0.016003 seconds
********a: -7.31322
********New psi: 0.9
2.75736e-07
Iteration: 140/150 ---------------------------
Expected cost over samples: -11.9775
min cost: -11.9802
%%%%%%%%%E1_hat: 0.000666667
ESS: 1 / 1500
Diag(valid=1500, elite=150) ||dU~||2=3.51043 traceCovElite~=0.826728 R2=0.0818658 H(w)=1.57002e-33 perp=1 w_max=1
--------Variance: 3.08899e-07
Sum of |delta_u|: 0.726755
Post-update R2: 0.048071
Final cost after weighting: -2.999826
E1_hat_1: 0.000666667
PI step 140 time: 0.0161023 seconds
********a: -7.31322
********New psi: 0.9
2.48163e-07
Iteration: 141/150 ---------------------------
Expected cost over samples: -11.9759
min cost: -11.9784
%%%%%%%%%E1_hat: 0.000666667
ESS: 1 / 1500
Diag(valid=1500, elite=150) ||dU~||2=1.67118 traceCovElite~=0.822756 R2=0.083517 H(w)=1.69094e-58 perp=1 w_max=1
--------Variance: 6.2996e-08
Sum of |delta_u|: 0.395051
Post-update R2: 0.0443744
Final cost after weighting: -2.999781
E1_hat_1: 0.000666667
PI step 141 time: 0.0160956 seconds
********a: -7.31322
********New psi: 0.9
2.23346e-07
Iteration: 142/150 ---------------------------
Expected cost over samples: -11.9734
min cost: -11.9759
%%%%%%%%%E1_hat: 0.000666667
ESS: 1 / 1500
Diag(valid=1500, elite=150) ||dU~||2=1.73153 traceCovElite~=0.83743 R2=0.0689326 H(w)=7.80575e-21 perp=1 w_max=1
--------Variance: 6.08757e-08
Sum of |delta_u|: 0.419858
Post-update R2: 0.0473089
Final cost after weighting: -2.999808
E1_hat_1: 0.000666667
PI step 142 time: 0.0161455 seconds
********a: -7.31322
********New psi: 0.9
2.01012e-07
Iteration: 143/150 ---------------------------
Expected cost over samples: -11.9748
min cost: -11.977
%%%%%%%%%E1_hat: 0.000666667
ESS: 1 / 1500
Diag(valid=1500, elite=150) ||dU~||2=2.42844 traceCovElite~=0.841296 R2=0.0804333 H(w)=1.36814e-19 perp=1 w_max=1
--------Variance: 1.07749e-07
Sum of |delta_u|: 0.598633
Post-update R2: 0.0516375
Final cost after weighting: -2.999796
E1_hat_1: 0.000666667
PI step 143 time: 0.0161279 seconds
********a: -7.31322
********New psi: 0.9
1.80911e-07
Iteration: 144/150 ---------------------------
Expected cost over samples: -11.9717
min cost: -11.9738
%%%%%%%%%E1_hat: 0.000980076
ESS: 1.77004 / 1500
Diag(valid=1500, elite=150) ||dU~||2=2.87027 traceCovElite~=0.842819 R2=0.0767628 H(w)=0.626704 perp=1.87143 w_max=0.680219
--------Variance: 9.51892e-08
Sum of |delta_u|: 0.684253
Post-update R2: 0.0180598
Final cost after weighting: -2.999814
E1_hat_1: 0.000980076
PI step 144 time: 0.0159848 seconds
********a: -6.92788
********New psi: 0.9
1.62819e-07
Iteration: 145/150 ---------------------------
Expected cost over samples: -11.971
min cost: -11.9731
%%%%%%%%%E1_hat: 0.000666667
ESS: 1 / 1500
Diag(valid=1500, elite=150) ||dU~||2=2.87847 traceCovElite~=0.787955 R2=0.0942292 H(w)=5.00576e-10 perp=1 w_max=1
--------Variance: 1.22639e-07
Sum of |delta_u|: 0.738199
Post-update R2: 0.0678442
Final cost after weighting: -2.999775
E1_hat_1: 0.000666667
PI step 145 time: 0.0159005 seconds
********a: -7.31322
********New psi: 0.9
1.46538e-07
Iteration: 146/150 ---------------------------
Expected cost over samples: -11.9719
min cost: -11.9739
%%%%%%%%%E1_hat: 0.000666667
ESS: 1 / 1500
Diag(valid=1500, elite=150) ||dU~||2=2.82899 traceCovElite~=0.821773 R2=0.0662646 H(w)=2.18688e-30 perp=1 w_max=1
--------Variance: 1.0661e-07
Sum of |delta_u|: 0.702561
Post-update R2: 0.027617
Final cost after weighting: -2.999789
E1_hat_1: 0.000666667
PI step 146 time: 0.0170453 seconds
********a: -7.31322
********New psi: 0.9
1.31884e-07
Iteration: 147/150 ---------------------------
Expected cost over samples: -11.9699
min cost: -11.9717
%%%%%%%%%E1_hat: 0.000666667
ESS: 1 / 1500
Diag(valid=1500, elite=150) ||dU~||2=2.07657 traceCovElite~=0.790264 R2=0.0711898 H(w)=2.24747e-27 perp=1 w_max=1
--------Variance: 5.16995e-08
Sum of |delta_u|: 0.427925
Post-update R2: 0.0540461
Final cost after weighting: -2.999809
E1_hat_1: 0.000666667
PI step 147 time: 0.0162616 seconds
********a: -7.31322
********New psi: 0.9
1.18695e-07
Iteration: 148/150 ---------------------------
Expected cost over samples: -11.9702
min cost: -11.9719
%%%%%%%%%E1_hat: 0.000666667
ESS: 1 / 1500
Diag(valid=1500, elite=150) ||dU~||2=3.27003 traceCovElite~=0.80964 R2=0.101984 H(w)=1.60268e-13 perp=1 w_max=1
--------Variance: 1.15382e-07
Sum of |delta_u|: 0.851543
Post-update R2: 0.0120746
Final cost after weighting: -2.999783
E1_hat_1: 0.000666667
PI step 148 time: 0.0158173 seconds
********a: -7.31322
********New psi: 0.9
1.06826e-07
Iteration: 149/150 ---------------------------
Expected cost over samples: -11.9693
min cost: -11.9709
%%%%%%%%%E1_hat: 0.000666667
ESS: 1 / 1500
Diag(valid=1500, elite=150) ||dU~||2=4.18157 traceCovElite~=0.796359 R2=0.0905882 H(w)=1.41404e-26 perp=1 w_max=1
--------Variance: 1.69809e-07
Sum of |delta_u|: 0.969838
Post-update R2: 0.00145206
Final cost after weighting: -2.999754
E1_hat_1: 0.000666667
PI step 149 time: 0.018836 seconds
********a: -7.31322
********New psi: 0.9
9.61433e-08
Iteration: 150/150 ---------------------------
Expected cost over samples: -11.9684
min cost: -11.97
%%%%%%%%%E1_hat: 0.000666667
ESS: 1 / 1500
Diag(valid=1500, elite=150) ||dU~||2=2.12237 traceCovElite~=0.818832 R2=0.0924002 H(w)=7.23785e-72 perp=1 w_max=1
--------Variance: 3.93696e-08
Sum of |delta_u|: 0.509753
Post-update R2: 0.0579578
Final cost after weighting: -2.999788
E1_hat_1: 0.000666667
PI step 150 time: 0.0217902 seconds
********a: -7.31322
********New psi: 0.9
8.65289e-08
Optimal cost -2.9997880620221196
Optimal rob  -1.0179029707346743e-05
Solver time  2.668180083
