R_ : 20  0
 0 20
Iteration: 0/100 ---------------------------
Expected cost over samples: 43.2824
min cost: -3.64067
%%%%%%%%%E1_hat: 0.0257861
ESS: 253.325 / 1700
Diag(valid=1700, elite=170) ||dU~||2=1.33248 traceCovElite~=0.959314 R2=0.00344717 H(w)=6.24728 perp=516.604 w_max=0.0228121
--------Variance: 0.00216256
Sum of |delta_u|: 0.195466
Post-update R2: 0.0264441
Final cost after weighting: 30.584657
E1_hat_1: 0.0257861
PI step 0 time: 0.0332814 seconds
********a(H_hat): 0.83987
********New psi: 0.3
0.15    0
   0 0.15
Iteration: 1/100 ---------------------------
Expected cost over samples: 24.6929
min cost: 0.158288
%%%%%%%%%E1_hat: 0.00837524
ESS: 46.8049 / 1700
Diag(valid=1700, elite=170) ||dU~||2=1.00897 traceCovElite~=0.949347 R2=0.0261205 H(w)=4.91724 perp=136.625 w_max=0.070235
--------Variance: 0.00390377
Sum of |delta_u|: 0.148967
Post-update R2: 0.00152641
Final cost after weighting: 31.614641
E1_hat_1: 0.00837524
PI step 1 time: 0.0300957 seconds
********a(H_hat): 0.661063
********New psi: 0.3
0.045     0
    0 0.045
Iteration: 2/100 ---------------------------
Expected cost over samples: 18.6655
min cost: 2.30249
%%%%%%%%%E1_hat: 0.00136469
ESS: 3.82785 / 1700
Diag(valid=1700, elite=170) ||dU~||2=2.94035 traceCovElite~=0.956694 R2=0.00794327 H(w)=2.08476 perp=8.04266 w_max=0.43104
--------Variance: 0.012179
Sum of |delta_u|: 0.416501
Post-update R2: 0.0021972
Final cost after weighting: 34.420957
E1_hat_1: 0.00136469
PI step 2 time: 0.0290074 seconds
********a(H_hat): 0.280271
********New psi: 0.607308
0.0273288         0
        0 0.0273288
Iteration: 3/100 ---------------------------
Expected cost over samples: 18.5409
min cost: 4.68478
%%%%%%%%%E1_hat: 0.00239324
ESS: 6.67371 / 1700
Diag(valid=1700, elite=170) ||dU~||2=2.736 traceCovElite~=1.01752 R2=0.000826815 H(w)=2.28007 perp=9.77736 w_max=0.24579
--------Variance: 0.00474809
Sum of |delta_u|: 0.408614
Post-update R2: 0.000394065
Final cost after weighting: 33.377004
E1_hat_1: 0.00239324
PI step 3 time: 0.0285081 seconds
********a(H_hat): 0.306527
********New psi: 0.585152
0.0159915         0
        0 0.0159915
Iteration: 4/100 ---------------------------
Expected cost over samples: 18.4629
min cost: 5.11378
%%%%%%%%%E1_hat: 0.00188375
ESS: 3.83264 / 1700
Diag(valid=1700, elite=170) ||dU~||2=3.35693 traceCovElite~=0.939737 R2=5.31489e-06 H(w)=1.54851 perp=4.70444 w_max=0.312268
--------Variance: 0.0040621
Sum of |delta_u|: 0.44589
Post-update R2: 0.0338138
Final cost after weighting: 19.480784
E1_hat_1: 0.00188375
PI step 4 time: 0.0285659 seconds
********a(H_hat): 0.208178
********New psi: 0.668139
0.0106846         0
        0 0.0106846
Iteration: 5/100 ---------------------------
Expected cost over samples: 13.1452
min cost: 3.04232
%%%%%%%%%E1_hat: 0.000639184
ESS: 1.17609 / 1700
Diag(valid=1700, elite=170) ||dU~||2=5.53243 traceCovElite~=0.91575 R2=0.0352907 H(w)=0.357908 perp=1.43033 w_max=0.920291
--------Variance: 0.00999923
Sum of |delta_u|: 0.729825
Post-update R2: 0.0307295
Final cost after weighting: 18.916357
E1_hat_1: 0.000639184
PI step 5 time: 0.0307783 seconds
********a(H_hat): 0.0481163
********New psi: 0.803199
0.00858184          0
         0 0.00858184
Iteration: 6/100 ---------------------------
Expected cost over samples: 11.1486
min cost: 2.10444
%%%%%%%%%E1_hat: 0.00097259
ESS: 2.28331 / 1700
Diag(valid=1700, elite=170) ||dU~||2=3.88336 traceCovElite~=0.933877 R2=0.0356718 H(w)=1.11154 perp=3.03904 w_max=0.604813
--------Variance: 0.00381839
Sum of |delta_u|: 0.541376
Post-update R2: 0.0293929
Final cost after weighting: 17.124712
E1_hat_1: 0.00097259
PI step 6 time: 0.0300945 seconds
********a(H_hat): 0.149433
********New psi: 0.717708
0.00615926          0
         0 0.00615926
Iteration: 7/100 ---------------------------
Expected cost over samples: 8.43247
min cost: 0.651631
%%%%%%%%%E1_hat: 0.000601356
ESS: 1.04498 / 1700
Diag(valid=1700, elite=170) ||dU~||2=6.76595 traceCovElite~=0.942456 R2=0.0425214 H(w)=0.14141 perp=1.1519 w_max=0.978181
--------Variance: 0.00879467
Sum of |delta_u|: 0.969034
Post-update R2: 0.0219793
Final cost after weighting: 17.725166
E1_hat_1: 0.000601356
PI step 7 time: 0.0297637 seconds
********a(H_hat): 0.0190108
********New psi: 0.827759
0.00509838          0
         0 0.00509838
Iteration: 8/100 ---------------------------
Expected cost over samples: 5.24056
min cost: -2.67871
%%%%%%%%%E1_hat: 0.000611356
ESS: 1.07884 / 1700
Diag(valid=1700, elite=170) ||dU~||2=4.80982 traceCovElite~=0.921028 R2=0.0451424 H(w)=0.181195 perp=1.19865 w_max=0.962181
--------Variance: 0.00361446
Sum of |delta_u|: 0.672886
Post-update R2: 0.0304168
Final cost after weighting: 16.997181
E1_hat_1: 0.000611356
PI step 8 time: 0.0282277 seconds
********a(H_hat): 0.0243594
********New psi: 0.823246
0.00419722          0
         0 0.00419722
Iteration: 9/100 ---------------------------
Expected cost over samples: 4.05611
min cost: -3.18181
%%%%%%%%%E1_hat: 0.000591065
ESS: 1.00963 / 1700
Diag(valid=1700, elite=170) ||dU~||2=5.02251 traceCovElite~=0.935241 R2=0.029403 H(w)=0.0359662 perp=1.03662 w_max=0.995212
--------Variance: 0.00330896
Sum of |delta_u|: 0.719535
Post-update R2: 0.0156499
Final cost after weighting: 16.607582
E1_hat_1: 0.000591065
PI step 9 time: 0.0280419 seconds
********a(H_hat): 0.00483522
********New psi: 0.83972
0.00352449          0
         0 0.00352449
Iteration: 10/100 ---------------------------
Expected cost over samples: 4.48088
min cost: -2.70549
%%%%%%%%%E1_hat: 0.000588242
ESS: 1.00002 / 1700
Diag(valid=1700, elite=170) ||dU~||2=5.67963 traceCovElite~=0.922302 R2=0.0462548 H(w)=0.000153818 perp=1.00015 w_max=0.999989
--------Variance: 0.00355291
Sum of |delta_u|: 0.741571
Post-update R2: 0.0370143
Final cost after weighting: 15.695013
E1_hat_1: 0.000588242
PI step 10 time: 0.0276587 seconds
********a(H_hat): 2.0679e-05
********New psi: 0.843783
0.0029739         0
        0 0.0029739
Iteration: 11/100 ---------------------------
Expected cost over samples: 3.3821
min cost: -2.61549
%%%%%%%%%E1_hat: 0.000694232
ESS: 1.36403 / 1700
Diag(valid=1700, elite=170) ||dU~||2=4.69902 traceCovElite~=0.939393 R2=0.0516077 H(w)=0.54305 perp=1.72125 w_max=0.847318
--------Variance: 0.00183413
Sum of |delta_u|: 0.696634
Post-update R2: 0.0305917
Final cost after weighting: 15.195657
E1_hat_1: 0.000694232
PI step 11 time: 0.0273728 seconds
********a(H_hat): 0.0730064
********New psi: 0.782197
0.00232618          0
         0 0.00232618
Iteration: 12/100 ---------------------------
Expected cost over samples: 3.48612
min cost: -1.48956
%%%%%%%%%E1_hat: 0.00105852
ESS: 2.21336 / 1700
Diag(valid=1700, elite=170) ||dU~||2=3.82278 traceCovElite~=0.934078 R2=0.0429099 H(w)=0.896434 perp=2.45085 w_max=0.555714
--------Variance: 0.000984755
Sum of |delta_u|: 0.568895
Post-update R2: 0.00794614
Final cost after weighting: 14.708990
E1_hat_1: 0.00105852
PI step 12 time: 0.0270342 seconds
********a(H_hat): 0.120515
********New psi: 0.74211
0.00172628          0
         0 0.00172628
Iteration: 13/100 ---------------------------
Expected cost over samples: 3.30452
min cost: -1.22375
%%%%%%%%%E1_hat: 0.000590379
ESS: 1.0073 / 1700
Diag(valid=1700, elite=170) ||dU~||2=5.72802 traceCovElite~=0.950752 R2=0.0435951 H(w)=0.0269367 perp=1.0273 w_max=0.996369
--------Variance: 0.0017708
Sum of |delta_u|: 0.873978
Post-update R2: 0.0325986
Final cost after weighting: 14.731611
E1_hat_1: 0.000590379
PI step 13 time: 0.0288365 seconds
********a(H_hat): 0.00362132
********New psi: 0.840744
0.00145136          0
         0 0.00145136
Iteration: 14/100 ---------------------------
Expected cost over samples: 2.25725
min cost: -1.64239
%%%%%%%%%E1_hat: 0.000589625
ESS: 1.00473 / 1700
Diag(valid=1700, elite=170) ||dU~||2=5.27073 traceCovElite~=0.939336 R2=0.0307893 H(w)=0.0183874 perp=1.01856 w_max=0.997643
--------Variance: 0.00125811
Sum of |delta_u|: 0.793494
Post-update R2: 0.00445187
Final cost after weighting: 14.581571
E1_hat_1: 0.000589625
PI step 14 time: 0.0297149 seconds
********a(H_hat): 0.00247197
********New psi: 0.841714
0.00122163          0
         0 0.00122163
Iteration: 15/100 ---------------------------
Expected cost over samples: 2.30177
min cost: -1.34609
%%%%%%%%%E1_hat: 0.00059442
ESS: 1.02105 / 1700
Diag(valid=1700, elite=170) ||dU~||2=5.25908 traceCovElite~=0.959496 R2=0.0171551 H(w)=0.0619992 perp=1.06396 w_max=0.989595
--------Variance: 0.00105635
Sum of |delta_u|: 0.732116
Post-update R2: 0.00789776
Final cost after weighting: 14.549006
E1_hat_1: 0.00059442
PI step 15 time: 0.0277293 seconds
********a(H_hat): 0.00833503
********New psi: 0.836767
0.00102222          0
         0 0.00102222
Iteration: 16/100 ---------------------------
Expected cost over samples: 2.146
min cost: -1.40212
%%%%%%%%%E1_hat: 0.000588235
ESS: 1 / 1700
Diag(valid=1700, elite=170) ||dU~||2=6.08166 traceCovElite~=0.944669 R2=0.0355618 H(w)=4.45691e-06 perp=1 w_max=1
--------Variance: 0.0011815
Sum of |delta_u|: 0.884945
Post-update R2: 0.0142847
Final cost after weighting: 14.443685
E1_hat_1: 0.000588235
PI step 16 time: 0.0275745 seconds
********a(H_hat): 5.99177e-07
********New psi: 0.843799
0.000862548           0
          0 0.000862548
Iteration: 17/100 ---------------------------
Expected cost over samples: 1.6457
min cost: -1.4599
%%%%%%%%%E1_hat: 0.000634877
ESS: 1.15818 / 1700
Diag(valid=1700, elite=170) ||dU~||2=5.14274 traceCovElite~=0.941122 R2=0.0445376 H(w)=0.276317 perp=1.31827 w_max=0.926534
--------Variance: 0.000660166
Sum of |delta_u|: 0.743309
Post-update R2: 0.0271437
Final cost after weighting: 14.459950
E1_hat_1: 0.000634877
PI step 17 time: 0.028689 seconds
********a(H_hat): 0.0371475
********New psi: 0.812455
0.000700781           0
          0 0.000700781
Iteration: 18/100 ---------------------------
Expected cost over samples: 1.39402
min cost: -1.28033
%%%%%%%%%E1_hat: 0.000770668
ESS: 1.6658 / 1700
Diag(valid=1700, elite=170) ||dU~||2=3.19016 traceCovElite~=0.949512 R2=0.0490472 H(w)=0.853491 perp=2.34783 w_max=0.76328
--------Variance: 0.000205143
Sum of |delta_u|: 0.430189
Post-update R2: 0.0376855
Final cost after weighting: 14.337209
E1_hat_1: 0.000770668
PI step 18 time: 0.0275572 seconds
********a(H_hat): 0.114742
********New psi: 0.746981
0.000523471           0
          0 0.000523471
Iteration: 19/100 ---------------------------
Expected cost over samples: 1.09451
min cost: -1.31229
%%%%%%%%%E1_hat: 0.00131862
ESS: 2.82525 / 1700
Diag(valid=1700, elite=170) ||dU~||2=3.60999 traceCovElite~=0.903722 R2=0.0573717 H(w)=1.11957 perp=3.06354 w_max=0.446099
--------Variance: 0.00022353
Sum of |delta_u|: 0.532003
Post-update R2: 0.0132607
Final cost after weighting: 13.904433
E1_hat_1: 0.00131862
PI step 19 time: 0.0282574 seconds
********a(H_hat): 0.150513
********New psi: 0.716797
0.000375222           0
          0 0.000375222
Iteration: 20/100 ---------------------------
Expected cost over samples: 0.676059
min cost: -1.36456
%%%%%%%%%E1_hat: 0.000649347
ESS: 1.2073 / 1700
Diag(valid=1700, elite=170) ||dU~||2=3.92484 traceCovElite~=0.963252 R2=0.0268385 H(w)=0.338043 perp=1.4022 w_max=0.905888
--------Variance: 0.000182839
Sum of |delta_u|: 0.588216
Post-update R2: 0.016114
Final cost after weighting: 13.907512
E1_hat_1: 0.000649347
PI step 20 time: 0.0302375 seconds
********a(H_hat): 0.0454457
********New psi: 0.805453
0.000302224           0
          0 0.000302224
Iteration: 21/100 ---------------------------
Expected cost over samples: 0.340189
min cost: -1.41335
%%%%%%%%%E1_hat: 0.000659954
ESS: 1.24033 / 1700
Diag(valid=1700, elite=170) ||dU~||2=4.97404 traceCovElite~=0.918227 R2=0.0430764 H(w)=0.345013 perp=1.41201 w_max=0.891327
--------Variance: 0.000229108
Sum of |delta_u|: 0.676334
Post-update R2: 0.0233535
Final cost after weighting: 13.853949
E1_hat_1: 0.000659954
PI step 21 time: 0.0296706 seconds
********a(H_hat): 0.0463828
********New psi: 0.804662
0.000243188           0
          0 0.000243188
Iteration: 22/100 ---------------------------
Expected cost over samples: 0.184301
min cost: -1.48565
%%%%%%%%%E1_hat: 0.000588449
ESS: 1.00073 / 1700
Diag(valid=1700, elite=170) ||dU~||2=5.98255 traceCovElite~=0.94926 R2=0.0449597 H(w)=0.00323456 perp=1.00324 w_max=0.999637
--------Variance: 0.000271976
Sum of |delta_u|: 0.833957
Post-update R2: 0.0284151
Final cost after weighting: 13.634037
E1_hat_1: 0.000588449
PI step 22 time: 0.0292674 seconds
********a(H_hat): 0.000434847
********New psi: 0.843433
0.000205113           0
          0 0.000205113
Iteration: 23/100 ---------------------------
Expected cost over samples: -0.322784
min cost: -1.96099
%%%%%%%%%E1_hat: 0.000588236
ESS: 1 / 1700
Diag(valid=1700, elite=170) ||dU~||2=5.66317 traceCovElite~=0.944489 R2=0.0444628 H(w)=8.55832e-06 perp=1.00001 w_max=0.999999
--------Variance: 0.000205565
Sum of |delta_u|: 0.865993
Post-update R2: 0.00923437
Final cost after weighting: 13.567514
E1_hat_1: 0.000588236
PI step 23 time: 0.0306587 seconds
********a(H_hat): 1.15056e-06
********New psi: 0.843799
0.000173074           0
          0 0.000173074
Iteration: 24/100 ---------------------------
Expected cost over samples: -0.449834
min cost: -1.85891
%%%%%%%%%E1_hat: 0.000601322
ESS: 1.04449 / 1700
Diag(valid=1700, elite=170) ||dU~||2=4.91646 traceCovElite~=0.969392 R2=0.0300792 H(w)=0.106897 perp=1.11282 w_max=0.978236
--------Variance: 0.000129246
Sum of |delta_u|: 0.715395
Post-update R2: 0.0127529
Final cost after weighting: 13.585845
E1_hat_1: 0.000601322
PI step 24 time: 0.0303629 seconds
********a(H_hat): 0.0143709
********New psi: 0.831674
0.000143941           0
          0 0.000143941
Iteration: 25/100 ---------------------------
Expected cost over samples: -0.670443
min cost: -1.93613
%%%%%%%%%E1_hat: 0.000588235
ESS: 1 / 1700
Diag(valid=1700, elite=170) ||dU~||2=5.85073 traceCovElite~=0.944432 R2=0.0424619 H(w)=3.89896e-07 perp=1 w_max=1
--------Variance: 0.000153974
Sum of |delta_u|: 0.85137
Post-update R2: 0.0209729
Final cost after weighting: 13.588498
E1_hat_1: 0.000588235
PI step 25 time: 0.0311007 seconds
********a(H_hat): 5.24168e-08
********New psi: 0.8438
0.000121458           0
          0 0.000121458
Iteration: 26/100 ---------------------------
Expected cost over samples: -0.788383
min cost: -1.90973
%%%%%%%%%E1_hat: 0.00071507
ESS: 1.41259 / 1700
Diag(valid=1700, elite=170) ||dU~||2=4.42187 traceCovElite~=0.956191 R2=0.0420088 H(w)=0.472665 perp=1.60426 w_max=0.822626
--------Variance: 7.03038e-05
Sum of |delta_u|: 0.573996
Post-update R2: 0.0213308
Final cost after weighting: 13.618205
E1_hat_1: 0.00071507
PI step 26 time: 0.0300374 seconds
********a(H_hat): 0.063544
********New psi: 0.790182
9.59735e-05           0
          0 9.59735e-05
Iteration: 27/100 ---------------------------
Expected cost over samples: -1.02669
min cost: -2.08291
%%%%%%%%%E1_hat: 0.000588249
ESS: 1.00005 / 1700
Diag(valid=1700, elite=170) ||dU~||2=5.60883 traceCovElite~=0.921466 R2=0.0407538 H(w)=0.000268343 perp=1.00027 w_max=0.999977
--------Variance: 9.43501e-05
Sum of |delta_u|: 0.846912
Post-update R2: 0.0159913
Final cost after weighting: 13.613567
E1_hat_1: 0.000588249
PI step 27 time: 0.029648 seconds
********a(H_hat): 3.60754e-05
********New psi: 0.84377
8.09795e-05           0
          0 8.09795e-05
Iteration: 28/100 ---------------------------
Expected cost over samples: -1.17264
min cost: -2.09919
%%%%%%%%%E1_hat: 0.000589845
ESS: 1.00547 / 1700
Diag(valid=1700, elite=170) ||dU~||2=5.04391 traceCovElite~=0.92741 R2=0.0399705 H(w)=0.018857 perp=1.01904 w_max=0.99727
--------Variance: 6.44266e-05
Sum of |delta_u|: 0.757691
Post-update R2: 0.0159863
Final cost after weighting: 13.605604
E1_hat_1: 0.000589845
PI step 28 time: 0.0296448 seconds
********a(H_hat): 0.0025351
********New psi: 0.841661
6.81573e-05           0
          0 6.81573e-05
Iteration: 29/100 ---------------------------
Expected cost over samples: -1.19073
min cost: -2.0601
%%%%%%%%%E1_hat: 0.000605893
ESS: 1.05998 / 1700
Diag(valid=1700, elite=170) ||dU~||2=4.33937 traceCovElite~=0.958133 R2=0.0292039 H(w)=0.131752 perp=1.14083 w_max=0.970856
--------Variance: 3.99607e-05
Sum of |delta_u|: 0.636499
Post-update R2: 0.0129151
Final cost after weighting: 13.531970
E1_hat_1: 0.000605893
PI step 29 time: 0.0308688 seconds
********a(H_hat): 0.0177125
********New psi: 0.828854
5.64925e-05           0
          0 5.64925e-05
Iteration: 30/100 ---------------------------
Expected cost over samples: -1.43907
min cost: -2.28954
%%%%%%%%%E1_hat: 0.000617052
ESS: 1.09774 / 1700
Diag(valid=1700, elite=170) ||dU~||2=5.73355 traceCovElite~=0.963007 R2=0.043987 H(w)=0.188683 perp=1.20766 w_max=0.9533
--------Variance: 5.72506e-05
Sum of |delta_u|: 0.789015
Post-update R2: 0.0156683
Final cost after weighting: 13.490401
E1_hat_1: 0.000617052
PI step 30 time: 0.0299526 seconds
********a(H_hat): 0.0253661
********New psi: 0.822396
4.64592e-05           0
          0 4.64592e-05
Optimal cost 13.49040121001296
Optimal rob  0.2286406646466448
Solver time  0.918458667
