R_ : 20  0
 0 20
Iteration: 0/100 ---------------------------
Expected cost over samples: 43.9089
min cost: -5.38235
%%%%%%%%%E1_hat: 0.0200165
ESS: 220.634 / 1700
Diag(valid=1700, elite=170) ||dU~||2=1.27326 traceCovElite~=0.969156 R2=0.00339831 H(w)=6.20287 perp=494.166 w_max=0.0293875
--------Variance: 0.00244702
Sum of |delta_u|: 0.193635
Post-update R2: 0.0333125
Final cost after weighting: 30.180831
E1_hat_1: 0.0200165
PI step 0 time: 0.0305008 seconds
********a(H_hat): 0.8339
********New psi: 0.6
0.3   0
  0 0.3
Iteration: 1/100 ---------------------------
Expected cost over samples: 29.6715
min cost: -0.794123
%%%%%%%%%E1_hat: 0.026191
ESS: 219.925 / 1700
Diag(valid=1700, elite=170) ||dU~||2=0.652256 traceCovElite~=0.951702 R2=0.017222 H(w)=6.20534 perp=495.385 w_max=0.0224594
--------Variance: 0.00128299
Sum of |delta_u|: 0.0968738
Post-update R2: 0.0337572
Final cost after weighting: 31.230479
E1_hat_1: 0.026191
PI step 1 time: 0.0299608 seconds
********a(H_hat): 0.834232
********New psi: 0.6
0.18    0
   0 0.18
Iteration: 2/100 ---------------------------
Expected cost over samples: 25.543
min cost: 0.680794
%%%%%%%%%E1_hat: 0.0148742
ESS: 106.793 / 1700
Diag(valid=1700, elite=170) ||dU~||2=0.668234 traceCovElite~=0.952893 R2=0.0286235 H(w)=5.54862 perp=256.882 w_max=0.0395473
--------Variance: 0.00167459
Sum of |delta_u|: 0.098403
Post-update R2: 0.00944255
Final cost after weighting: 31.749643
E1_hat_1: 0.0148742
PI step 2 time: 0.0342966 seconds
********a(H_hat): 0.745944
********New psi: 0.6
0.108     0
    0 0.108
Iteration: 3/100 ---------------------------
Expected cost over samples: 21.1184
min cost: -3.18414
%%%%%%%%%E1_hat: 0.00201953
ESS: 8.65674 / 1700
Diag(valid=1700, elite=170) ||dU~||2=2.01902 traceCovElite~=0.96187 R2=0.0223371 H(w)=3.48373 perp=32.5811 w_max=0.291274
--------Variance: 0.0147931
Sum of |delta_u|: 0.256141
Post-update R2: 0.020248
Final cost after weighting: 34.792454
E1_hat_1: 0.00201953
PI step 3 time: 0.0303268 seconds
********a(H_hat): 0.468345
********New psi: 0.6
0.0648      0
     0 0.0648
Iteration: 4/100 ---------------------------
Expected cost over samples: 19.9926
min cost: -1.22188
%%%%%%%%%E1_hat: 0.00170042
ESS: 5.37664 / 1700
Diag(valid=1700, elite=170) ||dU~||2=3.05453 traceCovElite~=0.980915 R2=0.00891188 H(w)=2.38318 perp=10.8393 w_max=0.345934
--------Variance: 0.0139069
Sum of |delta_u|: 0.46573
Post-update R2: 0.0131071
Final cost after weighting: 35.943921
E1_hat_1: 0.00170042
PI step 4 time: 0.0359855 seconds
********a(H_hat): 0.320389
********New psi: 0.6
0.03888       0
      0 0.03888
Iteration: 5/100 ---------------------------
Expected cost over samples: 18.5117
min cost: 0.330557
%%%%%%%%%E1_hat: 0.000935503
ESS: 2.35547 / 1700
Diag(valid=1700, elite=170) ||dU~||2=4.20897 traceCovElite~=1.00869 R2=0.00762319 H(w)=1.44985 perp=4.26245 w_max=0.628791
--------Variance: 0.0198135
Sum of |delta_u|: 0.609251
Post-update R2: 0.0305192
Final cost after weighting: 25.218215
E1_hat_1: 0.000935503
PI step 5 time: 0.031306 seconds
********a(H_hat): 0.194914
********New psi: 0.644069
0.0250414         0
        0 0.0250414
Iteration: 6/100 ---------------------------
Expected cost over samples: 16.2549
min cost: -1.47021
%%%%%%%%%E1_hat: 0.000594025
ESS: 1.01972 / 1700
Diag(valid=1700, elite=170) ||dU~||2=6.03309 traceCovElite~=0.936727 R2=0.00920404 H(w)=0.0643525 perp=1.06647 w_max=0.990253
--------Variance: 0.0282998
Sum of |delta_u|: 0.895889
Post-update R2: 0.0417805
Final cost after weighting: 22.442407
E1_hat_1: 0.000594025
PI step 6 time: 0.0345894 seconds
********a: -7.42859
********New psi: 0.9
0.0225373         0
        0 0.0225373
Iteration: 7/100 ---------------------------
Expected cost over samples: 11.7124
min cost: -5.95185
%%%%%%%%%E1_hat: 0.00064046
ESS: 1.18107 / 1700
Diag(valid=1700, elite=170) ||dU~||2=6.23718 traceCovElite~=0.954588 R2=0.0195621 H(w)=0.394581 perp=1.48376 w_max=0.918457
--------Variance: 0.0266807
Sum of |delta_u|: 0.884131
Post-update R2: 0.0298674
Final cost after weighting: 23.926034
E1_hat_1: 0.00064046
PI step 7 time: 0.0341145 seconds
********a: -7.35332
********New psi: 0.9
0.0202835         0
        0 0.0202835
Iteration: 8/100 ---------------------------
Expected cost over samples: 10.7217
min cost: -6.01624
%%%%%%%%%E1_hat: 0.00179629
ESS: 4.02723 / 1700
Diag(valid=1700, elite=170) ||dU~||2=3.50606 traceCovElite~=0.938366 R2=0.0321555 H(w)=1.51627 perp=4.55518 w_max=0.327473
--------Variance: 0.00595556
Sum of |delta_u|: 0.514284
Post-update R2: 0.0410631
Final cost after weighting: 20.005352
E1_hat_1: 0.00179629
PI step 8 time: 0.0326678 seconds
********a: -6.32203
********New psi: 0.9
0.0182552         0
        0 0.0182552
Iteration: 9/100 ---------------------------
Expected cost over samples: 10.2754
min cost: -6.88215
%%%%%%%%%E1_hat: 0.00059673
ESS: 1.02897 / 1700
Diag(valid=1700, elite=170) ||dU~||2=6.27547 traceCovElite~=0.928066 R2=0.038828 H(w)=0.0847428 perp=1.08844 w_max=0.985765
--------Variance: 0.0222429
Sum of |delta_u|: 0.933381
Post-update R2: 0.0532382
Final cost after weighting: 19.087320
E1_hat_1: 0.00059673
PI step 9 time: 0.114939 seconds
********a: -7.42405
********New psi: 0.9
0.0164297         0
        0 0.0164297
Iteration: 10/100 ---------------------------
Expected cost over samples: 6.95542
min cost: -8.03484
%%%%%%%%%E1_hat: 0.000678324
ESS: 1.31038 / 1700
Diag(valid=1700, elite=170) ||dU~||2=5.40233 traceCovElite~=0.922635 R2=0.0371182 H(w)=0.515997 perp=1.67531 w_max=0.867189
--------Variance: 0.0135011
Sum of |delta_u|: 0.817138
Post-update R2: 0.0501157
Final cost after weighting: 20.493088
E1_hat_1: 0.000678324
PI step 10 time: 0.0508151 seconds
********a: -7.29588
********New psi: 0.9
0.0147867         0
        0 0.0147867
Iteration: 11/100 ---------------------------
Expected cost over samples: 8.76211
min cost: -5.9196
%%%%%%%%%E1_hat: 0.000647491
ESS: 1.20194 / 1700
Diag(valid=1700, elite=170) ||dU~||2=5.72652 traceCovElite~=0.923716 R2=0.0324942 H(w)=0.343354 perp=1.40967 w_max=0.908484
--------Variance: 0.0151119
Sum of |delta_u|: 0.875267
Post-update R2: 0.0564342
Final cost after weighting: 19.899356
E1_hat_1: 0.000647491
PI step 11 time: 0.0305506 seconds
********a: -7.34241
********New psi: 0.9
0.013308        0
       0 0.013308
Iteration: 12/100 ---------------------------
Expected cost over samples: 8.62473
min cost: -4.16768
%%%%%%%%%E1_hat: 0.000816267
ESS: 1.69024 / 1700
Diag(valid=1700, elite=170) ||dU~||2=4.6912 traceCovElite~=0.934062 R2=0.0445757 H(w)=0.650098 perp=1.91573 w_max=0.720641
--------Variance: 0.00757465
Sum of |delta_u|: 0.714841
Post-update R2: 0.0360065
Final cost after weighting: 18.389019
E1_hat_1: 0.000816267
PI step 12 time: 0.0305556 seconds
********a: -7.11077
********New psi: 0.9
0.0119772         0
        0 0.0119772
Iteration: 13/100 ---------------------------
Expected cost over samples: 7.76612
min cost: -3.64441
%%%%%%%%%E1_hat: 0.00155757
ESS: 3.27331 / 1700
Diag(valid=1700, elite=170) ||dU~||2=3.88135 traceCovElite~=0.977087 R2=0.0138946 H(w)=1.323 perp=3.75465 w_max=0.377663
--------Variance: 0.00347483
Sum of |delta_u|: 0.53013
Post-update R2: 0.0163529
Final cost after weighting: 17.284390
E1_hat_1: 0.00155757
PI step 13 time: 0.0314697 seconds
********a: -6.46463
********New psi: 0.9
0.0107795         0
        0 0.0107795
Iteration: 14/100 ---------------------------
Expected cost over samples: 7.9187
min cost: -3.45358
%%%%%%%%%E1_hat: 0.000596379
ESS: 1.02777 / 1700
Diag(valid=1700, elite=170) ||dU~||2=7.18939 traceCovElite~=0.901163 R2=0.0519332 H(w)=0.0843912 perp=1.08805 w_max=0.986344
--------Variance: 0.0173009
Sum of |delta_u|: 1.05777
Post-update R2: 0.0325681
Final cost after weighting: 19.267691
E1_hat_1: 0.000596379
PI step 14 time: 0.0311309 seconds
********a: -7.42463
********New psi: 0.9
0.00970155          0
         0 0.00970155
Iteration: 15/100 ---------------------------
Expected cost over samples: 9.01916
min cost: -0.907683
%%%%%%%%%E1_hat: 0.000960494
ESS: 2.48111 / 1700
Diag(valid=1700, elite=170) ||dU~||2=3.26288 traceCovElite~=0.916154 R2=0.0457196 H(w)=1.44326 perp=4.23446 w_max=0.61243
--------Variance: 0.00262059
Sum of |delta_u|: 0.439511
Post-update R2: 0.0498538
Final cost after weighting: 17.414469
E1_hat_1: 0.000960494
PI step 15 time: 0.0320535 seconds
********a: -6.94806
********New psi: 0.9
0.00873139          0
         0 0.00873139
Iteration: 16/100 ---------------------------
Expected cost over samples: 8.69514
min cost: -1.47426
%%%%%%%%%E1_hat: 0.000589433
ESS: 1.00408 / 1700
Diag(valid=1700, elite=170) ||dU~||2=5.45658 traceCovElite~=0.949535 R2=0.0293588 H(w)=0.0187197 perp=1.0189 w_max=0.997967
--------Variance: 0.00811985
Sum of |delta_u|: 0.772991
Post-update R2: 0.0305179
Final cost after weighting: 16.633755
E1_hat_1: 0.000589433
PI step 16 time: 0.0312856 seconds
********a: -7.43635
********New psi: 0.9
0.00785826          0
         0 0.00785826
Iteration: 17/100 ---------------------------
Expected cost over samples: 6.99251
min cost: -1.71222
%%%%%%%%%E1_hat: 0.000983414
ESS: 2.24354 / 1700
Diag(valid=1700, elite=170) ||dU~||2=4.49519 traceCovElite~=0.92243 R2=0.0472061 H(w)=1.0127 perp=2.75304 w_max=0.598157
--------Variance: 0.00432463
Sum of |delta_u|: 0.620525
Post-update R2: 0.0178899
Final cost after weighting: 16.244815
E1_hat_1: 0.000983414
PI step 17 time: 0.0298024 seconds
********a: -6.92448
********New psi: 0.9
0.00707243          0
         0 0.00707243
Iteration: 18/100 ---------------------------
Expected cost over samples: 6.81651
min cost: -2.1888
%%%%%%%%%E1_hat: 0.000623782
ESS: 1.12047 / 1700
Diag(valid=1700, elite=170) ||dU~||2=5.63868 traceCovElite~=0.940308 R2=0.0209363 H(w)=0.221205 perp=1.24758 w_max=0.943014
--------Variance: 0.00666559
Sum of |delta_u|: 0.830615
Post-update R2: 0.0187741
Final cost after weighting: 16.412028
E1_hat_1: 0.000623782
PI step 18 time: 0.0292031 seconds
********a: -7.37971
********New psi: 0.9
0.00636519          0
         0 0.00636519
Iteration: 19/100 ---------------------------
Expected cost over samples: 6.82513
min cost: -1.58122
%%%%%%%%%E1_hat: 0.000625691
ESS: 1.12918 / 1700
Diag(valid=1700, elite=170) ||dU~||2=6.78372 traceCovElite~=0.960724 R2=0.0319777 H(w)=0.293151 perp=1.34064 w_max=0.940137
--------Variance: 0.00897532
Sum of |delta_u|: 0.922418
Post-update R2: 0.0217842
Final cost after weighting: 17.771991
E1_hat_1: 0.000625691
PI step 19 time: 0.0283769 seconds
********a: -7.37665
********New psi: 0.9
0.00572867          0
         0 0.00572867
Iteration: 20/100 ---------------------------
Expected cost over samples: 6.73948
min cost: -1.46669
%%%%%%%%%E1_hat: 0.00064361
ESS: 1.18958 / 1700
Diag(valid=1700, elite=170) ||dU~||2=5.13015 traceCovElite~=0.940644 R2=0.0280053 H(w)=0.346339 perp=1.41388 w_max=0.913962
--------Variance: 0.00441268
Sum of |delta_u|: 0.720969
Post-update R2: 0.049521
Final cost after weighting: 17.174094
E1_hat_1: 0.00064361
PI step 20 time: 0.0291376 seconds
********a: -7.34842
********New psi: 0.9
0.0051558         0
        0 0.0051558
Iteration: 21/100 ---------------------------
Expected cost over samples: 6.13303
min cost: -1.90591
%%%%%%%%%E1_hat: 0.000589425
ESS: 1.00405 / 1700
Diag(valid=1700, elite=170) ||dU~||2=7.09533 traceCovElite~=0.925024 R2=0.0329819 H(w)=0.0161985 perp=1.01633 w_max=0.997981
--------Variance: 0.00811266
Sum of |delta_u|: 0.989346
Post-update R2: 0.0236422
Final cost after weighting: 17.407679
E1_hat_1: 0.000589425
PI step 21 time: 0.0284958 seconds
********a: -7.43636
********New psi: 0.9
0.00464022          0
         0 0.00464022
Iteration: 22/100 ---------------------------
Expected cost over samples: 6.87616
min cost: -0.930729
%%%%%%%%%E1_hat: 0.000592036
ESS: 1.01292 / 1700
Diag(valid=1700, elite=170) ||dU~||2=4.74974 traceCovElite~=0.914255 R2=0.0378716 H(w)=0.039135 perp=1.03991 w_max=0.99358
--------Variance: 0.00327729
Sum of |delta_u|: 0.652556
Post-update R2: 0.0335489
Final cost after weighting: 16.370896
E1_hat_1: 0.000592036
PI step 22 time: 0.0296339 seconds
********a: -7.43194
********New psi: 0.9
0.0041762         0
        0 0.0041762
Iteration: 23/100 ---------------------------
Expected cost over samples: 6.26377
min cost: -0.548285
%%%%%%%%%E1_hat: 0.000719881
ESS: 1.45583 / 1700
Diag(valid=1700, elite=170) ||dU~||2=4.61729 traceCovElite~=0.906064 R2=0.0409926 H(w)=0.645403 perp=1.90676 w_max=0.817128
--------Variance: 0.00281367
Sum of |delta_u|: 0.670917
Post-update R2: 0.0290189
Final cost after weighting: 15.609548
E1_hat_1: 0.000719881
PI step 23 time: 0.0293836 seconds
********a: -7.23642
********New psi: 0.9
0.00375858          0
         0 0.00375858
Iteration: 24/100 ---------------------------
Expected cost over samples: 5.59791
min cost: -0.691101
%%%%%%%%%E1_hat: 0.000590801
ESS: 1.00873 / 1700
Diag(valid=1700, elite=170) ||dU~||2=6.6941 traceCovElite~=0.94266 R2=0.0382779 H(w)=0.0315468 perp=1.03205 w_max=0.995658
--------Variance: 0.00525483
Sum of |delta_u|: 0.94221
Post-update R2: 0.0191678
Final cost after weighting: 16.376947
E1_hat_1: 0.000590801
PI step 24 time: 0.0283278 seconds
********a: -7.43403
********New psi: 0.9
0.00338272          0
         0 0.00338272
Iteration: 25/100 ---------------------------
Expected cost over samples: 3.92408
min cost: -2.28041
%%%%%%%%%E1_hat: 0.00061659
ESS: 1.09644 / 1700
Diag(valid=1700, elite=170) ||dU~||2=6.12141 traceCovElite~=0.88452 R2=0.0352775 H(w)=0.200754 perp=1.22232 w_max=0.954014
--------Variance: 0.0038726
Sum of |delta_u|: 0.911141
Post-update R2: 0.0500791
Final cost after weighting: 16.559822
E1_hat_1: 0.00061659
PI step 25 time: 0.0305185 seconds
********a: -7.39131
********New psi: 0.9
0.00304445          0
         0 0.00304445
Iteration: 26/100 ---------------------------
Expected cost over samples: 3.65747
min cost: -2.15701
%%%%%%%%%E1_hat: 0.000694469
ESS: 1.36728 / 1700
Diag(valid=1700, elite=170) ||dU~||2=4.96387 traceCovElite~=0.910211 R2=0.0412239 H(w)=0.576851 perp=1.78042 w_max=0.847029
--------Variance: 0.00212615
Sum of |delta_u|: 0.717426
Post-update R2: 0.0290252
Final cost after weighting: 15.812851
E1_hat_1: 0.000694469
PI step 26 time: 0.0328833 seconds
********a: -7.27236
********New psi: 0.9
0.00274       0
      0 0.00274
Iteration: 27/100 ---------------------------
Expected cost over samples: 3.68376
min cost: -1.99226
%%%%%%%%%E1_hat: 0.000685908
ESS: 1.34278 / 1700
Diag(valid=1700, elite=170) ||dU~||2=4.37314 traceCovElite~=0.945996 R2=0.0507722 H(w)=0.534345 perp=1.70633 w_max=0.857601
--------Variance: 0.001393
Sum of |delta_u|: 0.67837
Post-update R2: 0.0336588
Final cost after weighting: 14.816304
E1_hat_1: 0.000685908
PI step 27 time: 0.0343748 seconds
********a: -7.28477
********New psi: 0.9
0.002466        0
       0 0.002466
Iteration: 28/100 ---------------------------
Expected cost over samples: 2.9809
min cost: -2.29378
%%%%%%%%%E1_hat: 0.00111587
ESS: 2.44128 / 1700
Diag(valid=1700, elite=170) ||dU~||2=3.42041 traceCovElite~=0.912708 R2=0.0247013 H(w)=1.13605 perp=3.11444 w_max=0.527152
--------Variance: 0.000951015
Sum of |delta_u|: 0.486766
Post-update R2: 0.0150756
Final cost after weighting: 14.470602
E1_hat_1: 0.00111587
PI step 28 time: 0.0319854 seconds
********a: -6.79812
********New psi: 0.9
0.0022194         0
        0 0.0022194
Iteration: 29/100 ---------------------------
Expected cost over samples: 2.34551
min cost: -2.40991
%%%%%%%%%E1_hat: 0.000732784
ESS: 1.46664 / 1700
Diag(valid=1700, elite=170) ||dU~||2=5.19561 traceCovElite~=0.904657 R2=0.053762 H(w)=0.518491 perp=1.67949 w_max=0.80274
--------Variance: 0.00174972
Sum of |delta_u|: 0.756108
Post-update R2: 0.0221348
Final cost after weighting: 14.431429
E1_hat_1: 0.000732784
PI step 29 time: 0.0313317 seconds
********a: -7.21866
********New psi: 0.9
0.00199746          0
         0 0.00199746
Iteration: 30/100 ---------------------------
Expected cost over samples: 1.33658
min cost: -3.44973
%%%%%%%%%E1_hat: 0.000635393
ESS: 1.16421 / 1700
Diag(valid=1700, elite=170) ||dU~||2=5.07195 traceCovElite~=0.957418 R2=0.0410179 H(w)=0.371332 perp=1.44966 w_max=0.925781
--------Variance: 0.00162187
Sum of |delta_u|: 0.696386
Post-update R2: 0.0229384
Final cost after weighting: 14.416828
E1_hat_1: 0.000635393
PI step 30 time: 0.0335736 seconds
********a: -7.36127
********New psi: 0.9
0.00179772          0
         0 0.00179772
Iteration: 31/100 ---------------------------
Expected cost over samples: 0.806589
min cost: -3.69871
%%%%%%%%%E1_hat: 0.000693836
ESS: 1.36438 / 1700
Diag(valid=1700, elite=170) ||dU~||2=3.52642 traceCovElite~=0.903778 R2=0.0265849 H(w)=0.523992 perp=1.68876 w_max=0.847802
--------Variance: 0.000653543
Sum of |delta_u|: 0.491525
Post-update R2: 0.0256464
Final cost after weighting: 13.971457
E1_hat_1: 0.000693836
PI step 31 time: 0.0306627 seconds
********a: -7.27328
********New psi: 0.9
0.00161795          0
         0 0.00161795
Iteration: 32/100 ---------------------------
Expected cost over samples: 0.916831
min cost: -3.42189
%%%%%%%%%E1_hat: 0.000693308
ESS: 1.34795 / 1700
Diag(valid=1700, elite=170) ||dU~||2=4.56536 traceCovElite~=0.933292 R2=0.0511695 H(w)=0.444364 perp=1.5595 w_max=0.848447
--------Variance: 0.00104895
Sum of |delta_u|: 0.641163
Post-update R2: 0.0327013
Final cost after weighting: 14.127357
E1_hat_1: 0.000693308
PI step 32 time: 0.0341519 seconds
********a: -7.27404
********New psi: 0.9
0.00145615          0
         0 0.00145615
Iteration: 33/100 ---------------------------
Expected cost over samples: 0.968403
min cost: -2.83791
%%%%%%%%%E1_hat: 0.000600016
ESS: 1.04034 / 1700
Diag(valid=1700, elite=170) ||dU~||2=5.66873 traceCovElite~=0.973067 R2=0.0292039 H(w)=0.125584 perp=1.13381 w_max=0.980366
--------Variance: 0.00145435
Sum of |delta_u|: 0.852844
Post-update R2: 0.00315119
Final cost after weighting: 14.198115
E1_hat_1: 0.000600016
PI step 33 time: 0.0349201 seconds
********a: -7.41855
********New psi: 0.9
0.00131054          0
         0 0.00131054
Iteration: 34/100 ---------------------------
Expected cost over samples: 1.29394
min cost: -2.76079
%%%%%%%%%E1_hat: 0.000588345
ESS: 1.00037 / 1700
Diag(valid=1700, elite=170) ||dU~||2=5.20702 traceCovElite~=0.968238 R2=0.0349753 H(w)=0.00187671 perp=1.00188 w_max=0.999813
--------Variance: 0.0011103
Sum of |delta_u|: 0.742163
Post-update R2: 0.0157293
Final cost after weighting: 14.171444
E1_hat_1: 0.000588345
PI step 34 time: 0.0341109 seconds
********a: -7.4382
********New psi: 0.9
0.00117948          0
         0 0.00117948
Iteration: 35/100 ---------------------------
Expected cost over samples: 1.36785
min cost: -2.34546
%%%%%%%%%E1_hat: 0.000669218
ESS: 1.27464 / 1700
Diag(valid=1700, elite=170) ||dU~||2=4.84612 traceCovElite~=0.936457 R2=0.0434556 H(w)=0.421707 perp=1.52456 w_max=0.878989
--------Variance: 0.000825985
Sum of |delta_u|: 0.632111
Post-update R2: 0.0272613
Final cost after weighting: 14.029003
E1_hat_1: 0.000669218
PI step 35 time: 0.0323068 seconds
********a: -7.3094
********New psi: 0.9
0.00106153          0
         0 0.00106153
Iteration: 36/100 ---------------------------
Expected cost over samples: 0.592093
min cost: -2.88773
%%%%%%%%%E1_hat: 0.000590679
ESS: 1.00832 / 1700
Diag(valid=1700, elite=170) ||dU~||2=5.12574 traceCovElite~=0.917349 R2=0.0439357 H(w)=0.0294934 perp=1.02993 w_max=0.995862
--------Variance: 0.000872012
Sum of |delta_u|: 0.664997
Post-update R2: 0.0277333
Final cost after weighting: 14.011287
E1_hat_1: 0.000590679
PI step 36 time: 0.0337383 seconds
********a: -7.43424
********New psi: 0.9
0.00095538          0
         0 0.00095538
Iteration: 37/100 ---------------------------
Expected cost over samples: 0.726305
min cost: -2.5282
%%%%%%%%%E1_hat: 0.000955366
ESS: 2.36275 / 1700
Diag(valid=1700, elite=170) ||dU~||2=3.92753 traceCovElite~=0.940316 R2=0.0209538 H(w)=1.1972 perp=3.31083 w_max=0.615717
--------Variance: 0.000427489
Sum of |delta_u|: 0.565688
Post-update R2: 0.00840652
Final cost after weighting: 14.016890
E1_hat_1: 0.000955366
PI step 37 time: 0.0332463 seconds
********a: -6.95342
********New psi: 0.9
0.000859842           0
          0 0.000859842
Iteration: 38/100 ---------------------------
Expected cost over samples: 0.410727
min cost: -2.64288
%%%%%%%%%E1_hat: 0.000645994
ESS: 1.19788 / 1700
Diag(valid=1700, elite=170) ||dU~||2=5.28796 traceCovElite~=0.923582 R2=0.0473751 H(w)=0.346149 perp=1.41361 w_max=0.91059
--------Variance: 0.000758185
Sum of |delta_u|: 0.752031
Post-update R2: 0.00364471
Final cost after weighting: 14.091241
E1_hat_1: 0.000645994
PI step 38 time: 0.0314837 seconds
********a: -7.34472
********New psi: 0.9
0.000773858           0
          0 0.000773858
Iteration: 39/100 ---------------------------
Expected cost over samples: -0.161324
min cost: -3.13333
%%%%%%%%%E1_hat: 0.000592293
ESS: 1.01382 / 1700
Diag(valid=1700, elite=170) ||dU~||2=5.41455 traceCovElite~=0.957833 R2=0.0302598 H(w)=0.0474198 perp=1.04856 w_max=0.993149
--------Variance: 0.000706789
Sum of |delta_u|: 0.789805
Post-update R2: 0.00931634
Final cost after weighting: 14.107513
E1_hat_1: 0.000592293
PI step 39 time: 0.0323395 seconds
********a: -7.43151
********New psi: 0.9
0.000696472           0
          0 0.000696472
Iteration: 40/100 ---------------------------
Expected cost over samples: -0.446478
min cost: -3.31861
%%%%%%%%%E1_hat: 0.000602092
ESS: 1.04733 / 1700
Diag(valid=1700, elite=170) ||dU~||2=6.92039 traceCovElite~=0.93166 R2=0.039232 H(w)=0.124969 perp=1.13311 w_max=0.976986
--------Variance: 0.00103774
Sum of |delta_u|: 1.08929
Post-update R2: 0.0152576
Final cost after weighting: 14.257580
E1_hat_1: 0.000602092
PI step 40 time: 0.0304887 seconds
********a: -7.4151
********New psi: 0.9
0.000626825           0
          0 0.000626825
Iteration: 41/100 ---------------------------
Expected cost over samples: -0.137656
min cost: -3.00188
%%%%%%%%%E1_hat: 0.000630166
ESS: 1.14184 / 1700
Diag(valid=1700, elite=170) ||dU~||2=5.53972 traceCovElite~=0.914845 R2=0.0274773 H(w)=0.244592 perp=1.2771 w_max=0.933461
--------Variance: 0.000569128
Sum of |delta_u|: 0.814895
Post-update R2: 0.0106193
Final cost after weighting: 14.025014
E1_hat_1: 0.000630166
PI step 41 time: 0.0320652 seconds
********a: -7.36953
********New psi: 0.9
0.000564143           0
          0 0.000564143
Iteration: 42/100 ---------------------------
Expected cost over samples: 0.0364107
min cost: -2.56323
%%%%%%%%%E1_hat: 0.000588251
ESS: 1.00005 / 1700
Diag(valid=1700, elite=170) ||dU~||2=5.8226 traceCovElite~=0.962273 R2=0.0357692 H(w)=0.000300987 perp=1.0003 w_max=0.999974
--------Variance: 0.000597669
Sum of |delta_u|: 0.768064
Post-update R2: 0.0289644
Final cost after weighting: 14.026560
E1_hat_1: 0.000588251
PI step 42 time: 0.0307722 seconds
********a: -7.43836
********New psi: 0.9
0.000507728           0
          0 0.000507728
Iteration: 43/100 ---------------------------
Expected cost over samples: -0.284454
min cost: -2.71304
%%%%%%%%%E1_hat: 0.000591872
ESS: 1.01238 / 1700
Diag(valid=1700, elite=170) ||dU~||2=6.14944 traceCovElite~=0.906755 R2=0.0424743 H(w)=0.0421446 perp=1.04305 w_max=0.993855
--------Variance: 0.00059794
Sum of |delta_u|: 0.893095
Post-update R2: 0.0138138
Final cost after weighting: 13.893416
E1_hat_1: 0.000591872
PI step 43 time: 0.0309957 seconds
********a: -7.43222
********New psi: 0.9
0.000456955           0
          0 0.000456955
Iteration: 44/100 ---------------------------
Expected cost over samples: -0.65509
min cost: -2.96372
%%%%%%%%%E1_hat: 0.000592707
ESS: 1.01524 / 1700
Diag(valid=1700, elite=170) ||dU~||2=6.35469 traceCovElite~=0.927432 R2=0.0364636 H(w)=0.0523436 perp=1.05374 w_max=0.992455
--------Variance: 0.000575154
Sum of |delta_u|: 0.939346
Post-update R2: 0.00596897
Final cost after weighting: 13.811322
E1_hat_1: 0.000592707
PI step 44 time: 0.0274937 seconds
********a: -7.43081
********New psi: 0.9
0.00041126          0
         0 0.00041126
Iteration: 45/100 ---------------------------
Expected cost over samples: -0.670014
min cost: -2.8509
%%%%%%%%%E1_hat: 0.000668013
ESS: 1.26817 / 1700
Diag(valid=1700, elite=170) ||dU~||2=5.53978 traceCovElite~=0.951544 R2=0.0423456 H(w)=0.38782 perp=1.47376 w_max=0.880575
--------Variance: 0.000385093
Sum of |delta_u|: 0.835822
Post-update R2: 0.0241871
Final cost after weighting: 13.857169
E1_hat_1: 0.000668013
PI step 45 time: 0.0268868 seconds
********a: -7.3112
********New psi: 0.9
0.000370134           0
          0 0.000370134
Iteration: 46/100 ---------------------------
Expected cost over samples: -0.885865
min cost: -2.91254
%%%%%%%%%E1_hat: 0.00058835
ESS: 1.00039 / 1700
Diag(valid=1700, elite=170) ||dU~||2=7.35552 traceCovElite~=0.937085 R2=0.0377039 H(w)=0.00190593 perp=1.00191 w_max=0.999804
--------Variance: 0.000625804
Sum of |delta_u|: 1.03663
Post-update R2: 0.0200505
Final cost after weighting: 13.931694
E1_hat_1: 0.00058835
PI step 46 time: 0.0282571 seconds
********a: -7.43819
********New psi: 0.9
0.000333121           0
          0 0.000333121
Iteration: 47/100 ---------------------------
Expected cost over samples: -1.30785
min cost: -3.31876
%%%%%%%%%E1_hat: 0.000588235
ESS: 1 / 1700
Diag(valid=1700, elite=170) ||dU~||2=5.7225 traceCovElite~=0.922222 R2=0.043225 H(w)=3.13181e-07 perp=1 w_max=1
--------Variance: 0.000340887
Sum of |delta_u|: 0.875119
Post-update R2: 0.00765776
Final cost after weighting: 13.735325
E1_hat_1: 0.000588235
PI step 47 time: 0.0275198 seconds
********a: -7.43838
********New psi: 0.9
0.000299808           0
          0 0.000299808
Iteration: 48/100 ---------------------------
Expected cost over samples: -1.17303
min cost: -2.91818
%%%%%%%%%E1_hat: 0.000591901
ESS: 1.01247 / 1700
Diag(valid=1700, elite=170) ||dU~||2=6.15585 traceCovElite~=0.943027 R2=0.0228454 H(w)=0.0406932 perp=1.04153 w_max=0.993807
--------Variance: 0.000354855
Sum of |delta_u|: 0.886001
Post-update R2: 0.0140675
Final cost after weighting: 13.831798
E1_hat_1: 0.000591901
PI step 48 time: 0.0276601 seconds
********a: -7.43217
********New psi: 0.9
0.000269828           0
          0 0.000269828
Iteration: 49/100 ---------------------------
Expected cost over samples: -1.17518
min cost: -2.90172
%%%%%%%%%E1_hat: 0.000588826
ESS: 1.00201 / 1700
Diag(valid=1700, elite=170) ||dU~||2=5.31104 traceCovElite~=0.916795 R2=0.0560551 H(w)=0.00824977 perp=1.00828 w_max=0.998997
--------Variance: 0.000237736
Sum of |delta_u|: 0.683923
Post-update R2: 0.0276525
Final cost after weighting: 13.674297
E1_hat_1: 0.000588826
PI step 49 time: 0.0272361 seconds
********a: -7.43738
********New psi: 0.9
0.000242845           0
          0 0.000242845
Iteration: 50/100 ---------------------------
Expected cost over samples: -1.02379
min cost: -2.69838
%%%%%%%%%E1_hat: 0.000588238
ESS: 1.00001 / 1700
Diag(valid=1700, elite=170) ||dU~||2=6.11292 traceCovElite~=0.963698 R2=0.0329648 H(w)=5.32391e-05 perp=1.00005 w_max=0.999996
--------Variance: 0.000283575
Sum of |delta_u|: 0.849853
Post-update R2: 0.0134236
Final cost after weighting: 13.708638
E1_hat_1: 0.000588238
PI step 50 time: 0.0273469 seconds
********a: -7.43838
********New psi: 0.9
0.00021856          0
         0 0.00021856
Iteration: 51/100 ---------------------------
Expected cost over samples: -0.717361
min cost: -2.26968
%%%%%%%%%E1_hat: 0.000588265
ESS: 1.0001 / 1700
Diag(valid=1700, elite=170) ||dU~||2=5.25166 traceCovElite~=0.935434 R2=0.0463314 H(w)=0.000576943 perp=1.00058 w_max=0.99995
--------Variance: 0.000188375
Sum of |delta_u|: 0.733013
Post-update R2: 0.0193791
Final cost after weighting: 13.646500
E1_hat_1: 0.000588265
PI step 51 time: 0.0272826 seconds
********a: -7.43833
********New psi: 0.9
0.000196704           0
          0 0.000196704
Iteration: 52/100 ---------------------------
Expected cost over samples: -0.751953
min cost: -2.25877
%%%%%%%%%E1_hat: 0.000588256
ESS: 1.00007 / 1700
Diag(valid=1700, elite=170) ||dU~||2=4.97398 traceCovElite~=0.966119 R2=0.0258089 H(w)=0.000454114 perp=1.00045 w_max=0.999964
--------Variance: 0.000152077
Sum of |delta_u|: 0.732043
Post-update R2: 0.00898262
Final cost after weighting: 13.631288
E1_hat_1: 0.000588256
PI step 52 time: 0.0279749 seconds
********a: -7.43835
********New psi: 0.9
0.000177034           0
          0 0.000177034
Iteration: 53/100 ---------------------------
Expected cost over samples: -0.90809
min cost: -2.32552
%%%%%%%%%E1_hat: 0.000588264
ESS: 1.0001 / 1700
Diag(valid=1700, elite=170) ||dU~||2=5.90497 traceCovElite~=0.929722 R2=0.039223 H(w)=0.000546071 perp=1.00055 w_max=0.99995
--------Variance: 0.000192901
Sum of |delta_u|: 0.772042
Post-update R2: 0.0058984
Final cost after weighting: 13.659545
E1_hat_1: 0.000588264
PI step 53 time: 0.0276182 seconds
********a: -7.43833
********New psi: 0.9
0.000159331           0
          0 0.000159331
Iteration: 54/100 ---------------------------
Expected cost over samples: -0.799319
min cost: -2.15148
%%%%%%%%%E1_hat: 0.000588264
ESS: 1.0001 / 1700
Diag(valid=1700, elite=170) ||dU~||2=5.66339 traceCovElite~=0.976624 R2=0.0328069 H(w)=0.000539121 perp=1.00054 w_max=0.999952
--------Variance: 0.000159701
Sum of |delta_u|: 0.772247
Post-update R2: 0.0264047
Final cost after weighting: 13.699700
E1_hat_1: 0.000588264
PI step 54 time: 0.0276468 seconds
********a: -7.43834
********New psi: 0.9
0.000143397           0
          0 0.000143397
Iteration: 55/100 ---------------------------
Expected cost over samples: -0.690667
min cost: -1.92541
%%%%%%%%%E1_hat: 0.000588274
ESS: 1.00013 / 1700
Diag(valid=1700, elite=170) ||dU~||2=4.50248 traceCovElite~=0.964563 R2=0.0236069 H(w)=0.000708931 perp=1.00071 w_max=0.999934
--------Variance: 9.08415e-05
Sum of |delta_u|: 0.606725
Post-update R2: 0.0233765
Final cost after weighting: 13.690470
E1_hat_1: 0.000588274
PI step 55 time: 0.0286012 seconds
********a: -7.43832
********New psi: 0.9
0.000129058           0
          0 0.000129058
Iteration: 56/100 ---------------------------
Expected cost over samples: -0.603137
min cost: -1.85183
%%%%%%%%%E1_hat: 0.000590668
ESS: 1.00827 / 1700
Diag(valid=1700, elite=170) ||dU~||2=6.04113 traceCovElite~=0.965014 R2=0.0513907 H(w)=0.0267348 perp=1.0271 w_max=0.995881
--------Variance: 0.000147065
Sum of |delta_u|: 0.860609
Post-update R2: 0.0131263
Final cost after weighting: 13.628597
E1_hat_1: 0.000590668
PI step 56 time: 0.0297233 seconds
********a: -7.43426
********New psi: 0.9
0.000116152           0
          0 0.000116152
Iteration: 57/100 ---------------------------
Expected cost over samples: -0.660646
min cost: -1.83224
%%%%%%%%%E1_hat: 0.000638978
ESS: 1.17177 / 1700
Diag(valid=1700, elite=170) ||dU~||2=5.30965 traceCovElite~=0.970441 R2=0.0383418 H(w)=0.28837 perp=1.33425 w_max=0.920588
--------Variance: 0.000101587
Sum of |delta_u|: 0.774579
Post-update R2: 0.0112903
Final cost after weighting: 13.588414
E1_hat_1: 0.000638978
PI step 57 time: 0.0293657 seconds
********a: -7.35564
********New psi: 0.9
0.000104537           0
          0 0.000104537
Iteration: 58/100 ---------------------------
Expected cost over samples: -0.749694
min cost: -1.83016
%%%%%%%%%E1_hat: 0.000588311
ESS: 1.00026 / 1700
Diag(valid=1700, elite=170) ||dU~||2=5.45088 traceCovElite~=0.920065 R2=0.0665752 H(w)=0.00139501 perp=1.0014 w_max=0.999871
--------Variance: 9.70619e-05
Sum of |delta_u|: 0.733814
Post-update R2: 0.0286349
Final cost after weighting: 13.628517
E1_hat_1: 0.000588311
PI step 58 time: 0.0283459 seconds
********a: -7.43825
********New psi: 0.9
9.40831e-05           0
          0 9.40831e-05
Iteration: 59/100 ---------------------------
Expected cost over samples: -0.671986
min cost: -1.68259
%%%%%%%%%E1_hat: 0.000595275
ESS: 1.02393 / 1700
Diag(valid=1700, elite=170) ||dU~||2=4.33932 traceCovElite~=0.931819 R2=0.0512241 H(w)=0.0646035 perp=1.06674 w_max=0.988173
--------Variance: 5.48133e-05
Sum of |delta_u|: 0.65588
Post-update R2: 0.029752
Final cost after weighting: 13.623876
E1_hat_1: 0.000595275
PI step 59 time: 0.0287417 seconds
********a: -7.42649
********New psi: 0.9
8.46748e-05           0
          0 8.46748e-05
Iteration: 60/100 ---------------------------
Expected cost over samples: -0.753305
min cost: -1.75763
%%%%%%%%%E1_hat: 0.000588237
ESS: 1.00001 / 1700
Diag(valid=1700, elite=170) ||dU~||2=7.39371 traceCovElite~=0.951005 R2=0.033728 H(w)=4.03871e-05 perp=1.00004 w_max=0.999997
--------Variance: 0.000144652
Sum of |delta_u|: 0.991445
Post-update R2: 0.0139936
Final cost after weighting: 13.568986
E1_hat_1: 0.000588237
PI step 60 time: 0.0279726 seconds
********a: -7.43838
********New psi: 0.9
7.62073e-05           0
          0 7.62073e-05
Iteration: 61/100 ---------------------------
Expected cost over samples: -0.464235
min cost: -1.40328
%%%%%%%%%E1_hat: 0.00058827
ESS: 1.00012 / 1700
Diag(valid=1700, elite=170) ||dU~||2=5.23552 traceCovElite~=0.979699 R2=0.0372164 H(w)=0.000660884 perp=1.00066 w_max=0.999941
--------Variance: 6.52779e-05
Sum of |delta_u|: 0.712126
Post-update R2: 0.00651618
Final cost after weighting: 13.581680
E1_hat_1: 0.00058827
PI step 61 time: 0.0276044 seconds
********a: -7.43832
********New psi: 0.9
6.85866e-05           0
          0 6.85866e-05
Iteration: 62/100 ---------------------------
Expected cost over samples: -0.585533
min cost: -1.47656
%%%%%%%%%E1_hat: 0.000588235
ESS: 1 / 1700
Diag(valid=1700, elite=170) ||dU~||2=5.75358 traceCovElite~=0.971719 R2=0.0410356 H(w)=2.76708e-06 perp=1 w_max=1
--------Variance: 7.09518e-05
Sum of |delta_u|: 0.821073
Post-update R2: 0.0111441
Final cost after weighting: 13.552232
E1_hat_1: 0.000588235
PI step 62 time: 0.0284505 seconds
********a: -7.43838
********New psi: 0.9
6.17279e-05           0
          0 6.17279e-05
Iteration: 63/100 ---------------------------
Expected cost over samples: -0.605102
min cost: -1.48409
%%%%%%%%%E1_hat: 0.000588235
ESS: 1 / 1700
Diag(valid=1700, elite=170) ||dU~||2=5.81048 traceCovElite~=0.936366 R2=0.0335552 H(w)=1.57757e-09 perp=1 w_max=1
--------Variance: 6.5126e-05
Sum of |delta_u|: 0.847917
Post-update R2: 0.0183788
Final cost after weighting: 13.502672
E1_hat_1: 0.000588235
PI step 63 time: 0.0294227 seconds
********a: -7.43838
********New psi: 0.9
5.55551e-05           0
          0 5.55551e-05
Iteration: 64/100 ---------------------------
Expected cost over samples: -0.955907
min cost: -1.72708
%%%%%%%%%E1_hat: 0.000588235
ESS: 1 / 1700
Diag(valid=1700, elite=170) ||dU~||2=5.71722 traceCovElite~=0.934709 R2=0.0355431 H(w)=1.40208e-08 perp=1 w_max=1
--------Variance: 5.67472e-05
Sum of |delta_u|: 0.844874
Post-update R2: 0.0214726
Final cost after weighting: 13.518078
E1_hat_1: 0.000588235
PI step 64 time: 0.0279579 seconds
********a: -7.43838
********New psi: 0.9
4.99996e-05           0
          0 4.99996e-05
Iteration: 65/100 ---------------------------
Expected cost over samples: -1.28315
min cost: -2.08269
%%%%%%%%%E1_hat: 0.000588235
ESS: 1 / 1700
Diag(valid=1700, elite=170) ||dU~||2=5.35187 traceCovElite~=0.929725 R2=0.0342087 H(w)=1.92378e-07 perp=1 w_max=1
--------Variance: 4.47535e-05
Sum of |delta_u|: 0.739348
Post-update R2: 0.0108309
Final cost after weighting: 13.493218
E1_hat_1: 0.000588235
PI step 65 time: 0.0291655 seconds
********a: -7.43838
********New psi: 0.9
4.49996e-05           0
          0 4.49996e-05
Optimal cost 13.493218225141156
Optimal rob  0.1981035445447148
Solver time  2.134928583
