R_ : 20  0
 0 20
Iteration: 0/100 ---------------------------
Expected cost over samples: 43.62
min cost: -4.08343
%%%%%%%%%E1_hat: 0.0246763
ESS: 192.839 / 1700
Diag(valid=1700, elite=170) ||dU~||2=1.29675 traceCovElite~=0.980771 R2=0.0018553 H(w)=6.12668 perp=457.914 w_max=0.0238381
--------Variance: 0.00291085
Sum of |delta_u|: 0.190122
Post-update R2: 0.0250045
Final cost after weighting: 30.398966
E1_hat_1: 0.0246763
PI step 0 time: 0.0308967 seconds
********a: -3.70191
********New psi: 0.470191
0.235096        0
       0 0.235096
Iteration: 1/100 ---------------------------
Expected cost over samples: 28.4159
min cost: -4.59712
%%%%%%%%%E1_hat: 0.00808594
ESS: 64.3797 / 1700
Diag(valid=1700, elite=170) ||dU~||2=1.02803 traceCovElite~=0.933714 R2=0.026295 H(w)=5.48196 perp=240.317 w_max=0.0727479
--------Variance: 0.00377617
Sum of |delta_u|: 0.131217
Post-update R2: 0.00594989
Final cost after weighting: 32.790677
E1_hat_1: 0.00808594
PI step 1 time: 0.0283207 seconds
********a: -4.81763
********New psi: 0.581763
0.13677       0
      0 0.13677
Iteration: 2/100 ---------------------------
Expected cost over samples: 23.5746
min cost: -2.41192
%%%%%%%%%E1_hat: 0.00350644
ESS: 23.0123 / 1700
Diag(valid=1700, elite=170) ||dU~||2=1.36757 traceCovElite~=0.958532 R2=0.0380132 H(w)=4.5328 perp=93.0183 w_max=0.167759
--------Variance: 0.00540083
Sum of |delta_u|: 0.197853
Post-update R2: 0.0125034
Final cost after weighting: 32.542014
E1_hat_1: 0.00350644
PI step 2 time: 0.0303825 seconds
********a: -5.65315
********New psi: 0.665315
0.0909951         0
        0 0.0909951
Iteration: 3/100 ---------------------------
Expected cost over samples: 21.3374
min cost: -5.55571
%%%%%%%%%E1_hat: 0.000796365
ESS: 1.79451 / 1700
Diag(valid=1700, elite=170) ||dU~||2=4.90658 traceCovElite~=0.941578 R2=0.0366694 H(w)=1.34493 perp=3.83791 w_max=0.738651
--------Variance: 0.0676612
Sum of |delta_u|: 0.745988
Post-update R2: 0.0162862
Final cost after weighting: 41.099237
E1_hat_1: 0.000796365
PI step 3 time: 0.0280373 seconds
********a: -7.13545
********New psi: 0.813545
0.0740287         0
        0 0.0740287
Iteration: 4/100 ---------------------------
Expected cost over samples: 17.1478
min cost: -10.5023
%%%%%%%%%E1_hat: 0.00264774
ESS: 8.85992 / 1700
Diag(valid=1700, elite=170) ||dU~||2=2.39107 traceCovElite~=0.935341 R2=0.0190516 H(w)=2.78037 perp=16.125 w_max=0.222165
--------Variance: 0.00731394
Sum of |delta_u|: 0.350401
Post-update R2: 0.0528394
Final cost after weighting: 22.683701
E1_hat_1: 0.00264774
PI step 4 time: 0.0293961 seconds
********a: -5.93405
********New psi: 0.693405
0.0513318         0
        0 0.0513318
Iteration: 5/100 ---------------------------
Expected cost over samples: 15.2758
min cost: -11.1199
%%%%%%%%%E1_hat: 0.000714288
ESS: 1.45564 / 1700
Diag(valid=1700, elite=170) ||dU~||2=5.25378 traceCovElite~=0.890588 R2=0.0226434 H(w)=0.771896 perp=2.16387 w_max=0.823527
--------Variance: 0.041592
Sum of |delta_u|: 0.748283
Post-update R2: 0.04006
Final cost after weighting: 26.435039
E1_hat_1: 0.000714288
PI step 5 time: 0.0291287 seconds
********a: -7.24422
********New psi: 0.824422
0.0423191         0
        0 0.0423191
Iteration: 6/100 ---------------------------
Expected cost over samples: 12.5388
min cost: -17.1195
%%%%%%%%%E1_hat: 0.000588689
ESS: 1.00154 / 1700
Diag(valid=1700, elite=170) ||dU~||2=6.95378 traceCovElite~=0.927222 R2=0.0217641 H(w)=0.00723603 perp=1.00726 w_max=0.999229
--------Variance: 0.0639326
Sum of |delta_u|: 1.02697
Post-update R2: 0.0846677
Final cost after weighting: 31.762304
E1_hat_1: 0.000588689
PI step 6 time: 0.0284395 seconds
********a: -7.43761
********New psi: 0.843761
0.0357072         0
        0 0.0357072
Iteration: 7/100 ---------------------------
Expected cost over samples: 12.379
min cost: -8.98255
%%%%%%%%%E1_hat: 0.00335292
ESS: 8.09645 / 1700
Diag(valid=1700, elite=170) ||dU~||2=2.88138 traceCovElite~=0.919296 R2=0.0367136 H(w)=2.33779 perp=10.3583 w_max=0.17544
--------Variance: 0.00435929
Sum of |delta_u|: 0.405924
Post-update R2: 0.0719384
Final cost after weighting: 23.493646
E1_hat_1: 0.00335292
PI step 7 time: 0.0284912 seconds
********a: -5.69792
********New psi: 0.669792
0.0239164         0
        0 0.0239164
Iteration: 8/100 ---------------------------
Expected cost over samples: 12.2276
min cost: -5.28633
%%%%%%%%%E1_hat: 0.00133829
ESS: 2.62418 / 1700
Diag(valid=1700, elite=170) ||dU~||2=4.34429 traceCovElite~=0.912773 R2=0.0480845 H(w)=1.22189 perp=3.39361 w_max=0.439543
--------Variance: 0.0101555
Sum of |delta_u|: 0.556195
Post-update R2: 0.0590119
Final cost after weighting: 21.093877
E1_hat_1: 0.00133829
PI step 8 time: 0.0279812 seconds
********a: -6.61636
********New psi: 0.761636
0.0182156         0
        0 0.0182156
Iteration: 9/100 ---------------------------
Expected cost over samples: 9.94636
min cost: -4.14522
%%%%%%%%%E1_hat: 0.000788582
ESS: 1.77399 / 1700
Diag(valid=1700, elite=170) ||dU~||2=4.61818 traceCovElite~=0.949254 R2=0.0294494 H(w)=1.21806 perp=3.38063 w_max=0.745941
--------Variance: 0.0112395
Sum of |delta_u|: 0.656002
Post-update R2: 0.0278772
Final cost after weighting: 20.799531
E1_hat_1: 0.000788582
PI step 9 time: 0.0281843 seconds
********a: -7.14527
********New psi: 0.814527
0.0148371         0
        0 0.0148371
Iteration: 10/100 ---------------------------
Expected cost over samples: 8.85754
min cost: -4.69481
%%%%%%%%%E1_hat: 0.000916463
ESS: 1.96335 / 1700
Diag(valid=1700, elite=170) ||dU~||2=4.47995 traceCovElite~=0.940138 R2=0.0238225 H(w)=0.863598 perp=2.37168 w_max=0.641854
--------Variance: 0.00778873
Sum of |delta_u|: 0.629108
Post-update R2: 0.0209237
Final cost after weighting: 19.158918
E1_hat_1: 0.000916463
PI step 10 time: 0.0278405 seconds
********a: -6.99499
********New psi: 0.799499
0.0118623         0
        0 0.0118623
Iteration: 11/100 ---------------------------
Expected cost over samples: 7.92678
min cost: -3.84929
%%%%%%%%%E1_hat: 0.0016147
ESS: 3.20226 / 1700
Diag(valid=1700, elite=170) ||dU~||2=3.4174 traceCovElite~=0.945384 R2=0.0297782 H(w)=1.28965 perp=3.63152 w_max=0.364301
--------Variance: 0.00331795
Sum of |delta_u|: 0.445846
Post-update R2: 0.0316076
Final cost after weighting: 17.263114
E1_hat_1: 0.0016147
PI step 11 time: 0.0279016 seconds
********a: -6.42861
********New psi: 0.742861
0.00881201          0
         0 0.00881201
Iteration: 12/100 ---------------------------
Expected cost over samples: 6.38774
min cost: -3.73854
%%%%%%%%%E1_hat: 0.000621729
ESS: 1.11554 / 1700
Diag(valid=1700, elite=170) ||dU~||2=5.53369 traceCovElite~=0.920861 R2=0.0271534 H(w)=0.269644 perp=1.3095 w_max=0.946127
--------Variance: 0.00835424
Sum of |delta_u|: 0.802941
Post-update R2: 0.0274337
Final cost after weighting: 17.369497
E1_hat_1: 0.000621729
PI step 12 time: 0.0287037 seconds
********a: -7.38301
********New psi: 0.838301
0.00738711          0
         0 0.00738711
Iteration: 13/100 ---------------------------
Expected cost over samples: 4.88442
min cost: -5.12258
%%%%%%%%%E1_hat: 0.00059481
ESS: 1.02237 / 1700
Diag(valid=1700, elite=170) ||dU~||2=4.598 traceCovElite~=0.929954 R2=0.0662162 H(w)=0.0649565 perp=1.06711 w_max=0.988946
--------Variance: 0.0048775
Sum of |delta_u|: 0.65985
Post-update R2: 0.0442567
Final cost after weighting: 16.264998
E1_hat_1: 0.00059481
PI step 13 time: 0.0289623 seconds
********a: -7.42727
********New psi: 0.842727
0.00622532          0
         0 0.00622532
Iteration: 14/100 ---------------------------
Expected cost over samples: 5.87507
min cost: -2.30758
%%%%%%%%%E1_hat: 0.00142846
ESS: 3.86703 / 1700
Diag(valid=1700, elite=170) ||dU~||2=2.7098 traceCovElite~=0.939954 R2=0.0263649 H(w)=1.60589 perp=4.98229 w_max=0.411796
--------Variance: 0.00150583
Sum of |delta_u|: 0.378371
Post-update R2: 0.00857306
Final cost after weighting: 15.899319
E1_hat_1: 0.00142846
PI step 14 time: 0.0299904 seconds
********a: -6.55116
********New psi: 0.755116
0.00470084          0
         0 0.00470084
Iteration: 15/100 ---------------------------
Expected cost over samples: 4.59746
min cost: -2.22176
%%%%%%%%%E1_hat: 0.000683239
ESS: 1.33364 / 1700
Diag(valid=1700, elite=170) ||dU~||2=6.07952 traceCovElite~=0.933959 R2=0.0408006 H(w)=0.58009 perp=1.7862 w_max=0.860951
--------Variance: 0.00515476
Sum of |delta_u|: 0.879796
Post-update R2: 0.0305846
Final cost after weighting: 16.602387
E1_hat_1: 0.000683239
PI step 15 time: 0.0286429 seconds
********a: -7.28867
********New psi: 0.828867
0.00389637          0
         0 0.00389637
Iteration: 16/100 ---------------------------
Expected cost over samples: 6.61764
min cost: 0.524147
%%%%%%%%%E1_hat: 0.000627508
ESS: 1.13541 / 1700
Diag(valid=1700, elite=170) ||dU~||2=5.4982 traceCovElite~=0.913224 R2=0.0292741 H(w)=0.305097 perp=1.35676 w_max=0.937415
--------Variance: 0.00360811
Sum of |delta_u|: 0.726911
Post-update R2: 0.0338307
Final cost after weighting: 16.063952
E1_hat_1: 0.000627508
PI step 16 time: 0.0287068 seconds
********a: -7.37375
********New psi: 0.837375
0.00326272          0
         0 0.00326272
Iteration: 17/100 ---------------------------
Expected cost over samples: 5.22173
min cost: -0.877156
%%%%%%%%%E1_hat: 0.00128398
ESS: 2.80208 / 1700
Diag(valid=1700, elite=170) ||dU~||2=3.47894 traceCovElite~=0.920777 R2=0.0334353 H(w)=1.08086 perp=2.94722 w_max=0.458134
--------Variance: 0.00136272
Sum of |delta_u|: 0.45854
Post-update R2: 0.0243067
Final cost after weighting: 15.012159
E1_hat_1: 0.00128398
PI step 17 time: 0.0293585 seconds
********a: -6.65779
********New psi: 0.765779
0.00249852          0
         0 0.00249852
Iteration: 18/100 ---------------------------
Expected cost over samples: 3.78182
min cost: -1.13765
%%%%%%%%%E1_hat: 0.000729508
ESS: 1.45553 / 1700
Diag(valid=1700, elite=170) ||dU~||2=5.42548 traceCovElite~=0.975283 R2=0.0344088 H(w)=0.503524 perp=1.65454 w_max=0.806345
--------Variance: 0.00204392
Sum of |delta_u|: 0.805034
Post-update R2: 0.0108899
Final cost after weighting: 14.986023
E1_hat_1: 0.000729508
PI step 18 time: 0.0291217 seconds
********a: -7.22314
********New psi: 0.822314
0.00205457          0
         0 0.00205457
Iteration: 19/100 ---------------------------
Expected cost over samples: 4.07652
min cost: -0.741921
%%%%%%%%%E1_hat: 0.000726871
ESS: 1.44899 / 1700
Diag(valid=1700, elite=170) ||dU~||2=5.73362 traceCovElite~=0.90964 R2=0.051558 H(w)=0.504687 perp=1.65647 w_max=0.80927
--------Variance: 0.00189667
Sum of |delta_u|: 0.807515
Post-update R2: 0.0416061
Final cost after weighting: 15.088372
E1_hat_1: 0.000726871
PI step 19 time: 0.0293193 seconds
********a: -7.22676
********New psi: 0.822676
0.00169025          0
         0 0.00169025
Iteration: 20/100 ---------------------------
Expected cost over samples: 2.71982
min cost: -1.52461
%%%%%%%%%E1_hat: 0.000650334
ESS: 1.21409 / 1700
Diag(valid=1700, elite=170) ||dU~||2=5.26124 traceCovElite~=0.931596 R2=0.0305355 H(w)=0.375547 perp=1.45579 w_max=0.904513
--------Variance: 0.00147317
Sum of |delta_u|: 0.713311
Post-update R2: 0.0126054
Final cost after weighting: 14.644293
E1_hat_1: 0.000650334
PI step 20 time: 0.0332085 seconds
********a: -7.33803
********New psi: 0.833803
0.00140933          0
         0 0.00140933
Iteration: 21/100 ---------------------------
Expected cost over samples: 1.78376
min cost: -2.15396
%%%%%%%%%E1_hat: 0.000596097
ESS: 1.02685 / 1700
Diag(valid=1700, elite=170) ||dU~||2=4.85879 traceCovElite~=0.950416 R2=0.0358484 H(w)=0.0875921 perp=1.09154 w_max=0.986811
--------Variance: 0.00103387
Sum of |delta_u|: 0.669566
Post-update R2: 0.00879135
Final cost after weighting: 14.537373
E1_hat_1: 0.000596097
PI step 21 time: 0.0285213 seconds
********a: -7.42511
********New psi: 0.842511
0.00118738          0
         0 0.00118738
Iteration: 22/100 ---------------------------
Expected cost over samples: 1.72918
min cost: -1.91745
%%%%%%%%%E1_hat: 0.000948402
ESS: 2.17005 / 1700
Diag(valid=1700, elite=170) ||dU~||2=3.72725 traceCovElite~=0.967365 R2=0.032802 H(w)=0.958937 perp=2.60892 w_max=0.620238
--------Variance: 0.000559144
Sum of |delta_u|: 0.4945
Post-update R2: 0.0112986
Final cost after weighting: 14.249184
E1_hat_1: 0.000948402
PI step 22 time: 0.0289089 seconds
********a: -6.96073
********New psi: 0.796073
0.000945239           0
          0 0.000945239
Iteration: 23/100 ---------------------------
Expected cost over samples: 1.41045
min cost: -2.16657
%%%%%%%%%E1_hat: 0.000588309
ESS: 1.00025 / 1700
Diag(valid=1700, elite=170) ||dU~||2=6.41127 traceCovElite~=0.961917 R2=0.0358923 H(w)=0.00127412 perp=1.00127 w_max=0.999875
--------Variance: 0.00121406
Sum of |delta_u|: 0.93964
Post-update R2: 0.0118625
Final cost after weighting: 14.178465
E1_hat_1: 0.000588309
PI step 23 time: 0.0284476 seconds
********a: -7.43826
********New psi: 0.843826
0.000797617           0
          0 0.000797617
Iteration: 24/100 ---------------------------
Expected cost over samples: 1.17807
min cost: -1.90393
%%%%%%%%%E1_hat: 0.000597371
ESS: 1.03122 / 1700
Diag(valid=1700, elite=170) ||dU~||2=5.62019 traceCovElite~=0.918738 R2=0.0369922 H(w)=0.0982739 perp=1.10326 w_max=0.984706
--------Variance: 0.000783461
Sum of |delta_u|: 0.834332
Post-update R2: 0.0170454
Final cost after weighting: 14.217011
E1_hat_1: 0.000597371
PI step 24 time: 0.0290072 seconds
********a: -7.42297
********New psi: 0.842297
0.00067183          0
         0 0.00067183
Iteration: 25/100 ---------------------------
Expected cost over samples: 0.772203
min cost: -2.03483
%%%%%%%%%E1_hat: 0.000600848
ESS: 1.04311 / 1700
Diag(valid=1700, elite=170) ||dU~||2=5.19594 traceCovElite~=0.940014 R2=0.041554 H(w)=0.117508 perp=1.12469 w_max=0.979009
--------Variance: 0.000565084
Sum of |delta_u|: 0.680547
Post-update R2: 0.0183656
Final cost after weighting: 14.143598
E1_hat_1: 0.000600848
PI step 25 time: 0.0282615 seconds
********a: -7.41717
********New psi: 0.841717
0.000565491           0
          0 0.000565491
Iteration: 26/100 ---------------------------
Expected cost over samples: 0.165328
min cost: -2.36193
%%%%%%%%%E1_hat: 0.000648926
ESS: 1.20721 / 1700
Diag(valid=1700, elite=170) ||dU~||2=4.97402 traceCovElite~=0.963683 R2=0.0345076 H(w)=0.358336 perp=1.43095 w_max=0.906475
--------Variance: 0.000430175
Sum of |delta_u|: 0.728725
Post-update R2: 0.0154194
Final cost after weighting: 14.062817
E1_hat_1: 0.000648926
PI step 26 time: 0.0295533 seconds
********a: -7.34019
********New psi: 0.834019
0.00047163          0
         0 0.00047163
Iteration: 27/100 ---------------------------
Expected cost over samples: -0.507021
min cost: -2.79066
%%%%%%%%%E1_hat: 0.000667492
ESS: 1.27888 / 1700
Diag(valid=1700, elite=170) ||dU~||2=4.90558 traceCovElite~=0.915569 R2=0.0473925 H(w)=0.504347 perp=1.6559 w_max=0.881262
--------Variance: 0.000335377
Sum of |delta_u|: 0.715874
Post-update R2: 0.0239899
Final cost after weighting: 14.073055
E1_hat_1: 0.000667492
PI step 27 time: 0.0292542 seconds
********a: -7.31198
********New psi: 0.831198
0.000392018           0
          0 0.000392018
Iteration: 28/100 ---------------------------
Expected cost over samples: -0.455787
min cost: -2.5216
%%%%%%%%%E1_hat: 0.000595092
ESS: 1.02331 / 1700
Diag(valid=1700, elite=170) ||dU~||2=5.57443 traceCovElite~=0.925248 R2=0.0234875 H(w)=0.0628854 perp=1.0649 w_max=0.988478
--------Variance: 0.000378746
Sum of |delta_u|: 0.836542
Post-update R2: 0.0122317
Final cost after weighting: 13.889050
E1_hat_1: 0.000595092
PI step 28 time: 0.0311773 seconds
********a: -7.42679
********New psi: 0.842679
0.000330346           0
          0 0.000330346
Iteration: 29/100 ---------------------------
Expected cost over samples: -0.538858
min cost: -2.46495
%%%%%%%%%E1_hat: 0.0011527
ESS: 2.18665 / 1700
Diag(valid=1700, elite=170) ||dU~||2=3.73592 traceCovElite~=0.959338 R2=0.041304 H(w)=0.878584 perp=2.40749 w_max=0.510309
--------Variance: 0.000183469
Sum of |delta_u|: 0.503061
Post-update R2: 0.00796738
Final cost after weighting: 13.764456
E1_hat_1: 0.0011527
PI step 29 time: 0.028011 seconds
********a: -6.76565
********New psi: 0.776565
0.000256535           0
          0 0.000256535
Iteration: 30/100 ---------------------------
Expected cost over samples: -0.7552
min cost: -2.60275
%%%%%%%%%E1_hat: 0.000588235
ESS: 1 / 1700
Diag(valid=1700, elite=170) ||dU~||2=5.83929 traceCovElite~=0.954135 R2=0.0319848 H(w)=5.11921e-07 perp=1 w_max=1
--------Variance: 0.000273349
Sum of |delta_u|: 0.843802
Post-update R2: 0.025731
Final cost after weighting: 13.687563
E1_hat_1: 0.000588235
PI step 30 time: 0.0299764 seconds
********a: -7.43838
********New psi: 0.843838
0.000216474           0
          0 0.000216474
Iteration: 31/100 ---------------------------
Expected cost over samples: -0.656384
min cost: -2.22227
%%%%%%%%%E1_hat: 0.000589442
ESS: 1.0041 / 1700
Diag(valid=1700, elite=170) ||dU~||2=6.181 traceCovElite~=0.936882 R2=0.0313641 H(w)=0.0162982 perp=1.01643 w_max=0.997953
--------Variance: 0.00025852
Sum of |delta_u|: 0.80739
Post-update R2: 0.0188665
Final cost after weighting: 13.657522
E1_hat_1: 0.000589442
PI step 31 time: 0.0281656 seconds
********a: -7.43633
********New psi: 0.843633
0.000182625           0
          0 0.000182625
Iteration: 32/100 ---------------------------
Expected cost over samples: -0.982436
min cost: -2.48842
%%%%%%%%%E1_hat: 0.000588251
ESS: 1.00005 / 1700
Diag(valid=1700, elite=170) ||dU~||2=4.36318 traceCovElite~=0.944204 R2=0.0490874 H(w)=0.000313027 perp=1.00031 w_max=0.999973
--------Variance: 0.000108643
Sum of |delta_u|: 0.675409
Post-update R2: 0.023565
Final cost after weighting: 13.598134
E1_hat_1: 0.000588251
PI step 32 time: 0.0294673 seconds
********a: -7.43836
********New psi: 0.843836
0.000154105           0
          0 0.000154105
Iteration: 33/100 ---------------------------
Expected cost over samples: -0.891729
min cost: -2.30909
%%%%%%%%%E1_hat: 0.000588235
ESS: 1 / 1700
Diag(valid=1700, elite=170) ||dU~||2=5.70988 traceCovElite~=0.928364 R2=0.0519878 H(w)=1.26326e-07 perp=1 w_max=1
--------Variance: 0.000157008
Sum of |delta_u|: 0.825656
Post-update R2: 0.0207925
Final cost after weighting: 13.559578
E1_hat_1: 0.000588235
PI step 33 time: 0.0292173 seconds
********a: -7.43838
********New psi: 0.843838
0.00013004          0
         0 0.00013004
Iteration: 34/100 ---------------------------
Expected cost over samples: -0.977034
min cost: -2.20383
%%%%%%%%%E1_hat: 0.000594318
ESS: 1.02068 / 1700
Diag(valid=1700, elite=170) ||dU~||2=5.63318 traceCovElite~=0.964343 R2=0.0361184 H(w)=0.05708 perp=1.05874 w_max=0.989765
--------Variance: 0.000128468
Sum of |delta_u|: 0.76543
Post-update R2: 0.00954751
Final cost after weighting: 13.512912
E1_hat_1: 0.000594318
PI step 34 time: 0.0293761 seconds
********a: -7.4281
********New psi: 0.84281
0.000109599           0
          0 0.000109599
Iteration: 35/100 ---------------------------
Expected cost over samples: -0.907416
min cost: -2.02841
%%%%%%%%%E1_hat: 0.000631988
ESS: 1.1511 / 1700
Diag(valid=1700, elite=170) ||dU~||2=5.33115 traceCovElite~=0.953057 R2=0.0248267 H(w)=0.300776 perp=1.35091 w_max=0.93077
--------Variance: 9.77384e-05
Sum of |delta_u|: 0.716268
Post-update R2: 0.00827238
Final cost after weighting: 13.487292
E1_hat_1: 0.000631988
PI step 35 time: 0.0310656 seconds
********a: -7.36664
********New psi: 0.836664
9.16974e-05           0
          0 9.16974e-05
Optimal cost 13.487291513104593
Optimal rob  0.20608753324242546
Solver time  1.060686791
