R_ : 20  0
 0 20
Iteration: 0/200 ---------------------------
Expected cost over samples: 80.1928
min cost: -14.7362
%%%%%%%%%E1_hat: 0.471435
ESS: 2727.63 / 3000
Diag(valid=3000, elite=300) ||dU~||2=0.208865 traceCovElite~=0.96993 R2=0.000104545 H(w)=7.96279 perp=2872.08 w_max=0.000707061
--------Variance: 0.00219745
Sum of |delta_u|: 0.0209191
Post-update R2: 0.000761913
Final cost after weighting: 24.327388
E1_hat_1: 0.471435
PI step 0 time: 0.0965075 seconds
********a: -0.751974
********New psi: 0.175197
1.05118       0
      0 1.05118
Iteration: 1/200 ---------------------------
Expected cost over samples: 72.6494
min cost: -21.4099
%%%%%%%%%E1_hat: 0.0432517
ESS: 556.639 / 3000
Diag(valid=3000, elite=300) ||dU~||2=0.849774 traceCovElite~=0.964009 R2=0.000344971 H(w)=6.81368 perp=910.216 w_max=0.00770683
--------Variance: 0.00190551
Sum of |delta_u|: 0.0972912
Post-update R2: 0.000883725
Final cost after weighting: 18.117404
E1_hat_1: 0.0432517
PI step 1 time: 0.0895336 seconds
********a: -3.14072
********New psi: 0.414072
0.435266        0
       0 0.435266
Iteration: 2/200 ---------------------------
Expected cost over samples: 42.3964
min cost: -27.7693
%%%%%%%%%E1_hat: 0.0115747
ESS: 230.755 / 3000
Diag(valid=3000, elite=300) ||dU~||2=0.691697 traceCovElite~=0.965982 R2=0.0152662 H(w)=6.23578 perp=510.696 w_max=0.0287983
--------Variance: 0.00190883
Sum of |delta_u|: 0.0780597
Post-update R2: 0.00313493
Final cost after weighting: 12.094421
E1_hat_1: 0.0115747
PI step 2 time: 0.0803805 seconds
********a: -4.45893
********New psi: 0.545893
0.237609        0
       0 0.237609
Iteration: 3/200 ---------------------------
Expected cost over samples: 39.0241
min cost: -19.4315
%%%%%%%%%E1_hat: 0.00733358
ESS: 98.0964 / 3000
Diag(valid=3000, elite=300) ||dU~||2=1.08845 traceCovElite~=0.95436 R2=0.0171102 H(w)=5.45878 perp=234.811 w_max=0.045453
--------Variance: 0.00234661
Sum of |delta_u|: 0.117947
Post-update R2: 0.00256458
Final cost after weighting: 10.870318
E1_hat_1: 0.00733358
PI step 3 time: 0.0801971 seconds
********a: -4.91529
********New psi: 0.591529
0.140552        0
       0 0.140552
Iteration: 4/200 ---------------------------
Expected cost over samples: 40.7304
min cost: -14.6839
%%%%%%%%%E1_hat: 0.00230474
ESS: 28.3187 / 3000
Diag(valid=3000, elite=300) ||dU~||2=1.29427 traceCovElite~=0.987765 R2=0.0118753 H(w)=4.66482 perp=106.147 w_max=0.14463
--------Variance: 0.00480957
Sum of |delta_u|: 0.144185
Post-update R2: 0.00118349
Final cost after weighting: 6.707293
E1_hat_1: 0.00230474
PI step 4 time: 0.078976 seconds
********a: -6.07279
********New psi: 0.707279
0.0994098         0
        0 0.0994098
Iteration: 5/200 ---------------------------
Expected cost over samples: 39.4435
min cost: -13.5871
%%%%%%%%%E1_hat: 0.000993998
ESS: 7.71913 / 3000
Diag(valid=3000, elite=300) ||dU~||2=2.59878 traceCovElite~=0.961566 R2=0.0185896 H(w)=3.60524 perp=36.7906 w_max=0.335346
--------Variance: 0.0109294
Sum of |delta_u|: 0.316567
Post-update R2: 0.00896358
Final cost after weighting: 10.919782
E1_hat_1: 0.000993998
PI step 5 time: 0.0798739 seconds
********a: -6.91378
********New psi: 0.791378
0.0786706         0
        0 0.0786706
Iteration: 6/200 ---------------------------
Expected cost over samples: 31.6138
min cost: -13.7446
%%%%%%%%%E1_hat: 0.00219794
ESS: 18.0024 / 3000
Diag(valid=3000, elite=300) ||dU~||2=2.07366 traceCovElite~=0.951639 R2=0.0166448 H(w)=3.58886 perp=36.1927 w_max=0.151657
--------Variance: 0.00401787
Sum of |delta_u|: 0.232806
Post-update R2: 0.00850403
Final cost after weighting: 6.136262
E1_hat_1: 0.00219794
PI step 6 time: 0.0764431 seconds
********a: -6.12024
********New psi: 0.712024
0.0560154         0
        0 0.0560154
Iteration: 7/200 ---------------------------
Expected cost over samples: 28.0486
min cost: -13.1797
%%%%%%%%%E1_hat: 0.00081262
ESS: 4.22661 / 3000
Diag(valid=3000, elite=300) ||dU~||2=4.11796 traceCovElite~=0.957219 R2=0.0151715 H(w)=2.20659 perp=9.08472 w_max=0.410196
--------Variance: 0.0161335
Sum of |delta_u|: 0.472587
Post-update R2: 0.0094354
Final cost after weighting: 4.781335
E1_hat_1: 0.00081262
PI step 7 time: 0.0809162 seconds
********a: -7.11525
********New psi: 0.811525
0.0454578         0
        0 0.0454578
Iteration: 8/200 ---------------------------
Expected cost over samples: 28.947
min cost: -18.5206
%%%%%%%%%E1_hat: 0.000438945
ESS: 1.69418 / 3000
Diag(valid=3000, elite=300) ||dU~||2=4.20194 traceCovElite~=0.947737 R2=0.0175182 H(w)=0.999555 perp=2.71707 w_max=0.759396
--------Variance: 0.0154911
Sum of |delta_u|: 0.470658
Post-update R2: 0.00592067
Final cost after weighting: 2.723547
E1_hat_1: 0.000438945
PI step 8 time: 0.081294 seconds
********a: -7.73114
********New psi: 0.873114
0.0396899         0
        0 0.0396899
Iteration: 9/200 ---------------------------
Expected cost over samples: 29.7293
min cost: -14.6557
%%%%%%%%%E1_hat: 0.000845993
ESS: 4.17447 / 3000
Diag(valid=3000, elite=300) ||dU~||2=3.78204 traceCovElite~=0.969308 R2=0.00877662 H(w)=1.92363 perp=6.84579 w_max=0.394014
--------Variance: 0.00964143
Sum of |delta_u|: 0.433069
Post-update R2: 0.0144691
Final cost after weighting: 5.926669
E1_hat_1: 0.000845993
PI step 9 time: 0.0828044 seconds
********a: -7.075
********New psi: 0.8075
0.0320496         0
        0 0.0320496
Iteration: 10/200 ---------------------------
Expected cost over samples: 20.2236
min cost: -14.5387
%%%%%%%%%E1_hat: 0.000617325
ESS: 2.8255 / 3000
Diag(valid=3000, elite=300) ||dU~||2=4.26123 traceCovElite~=0.969922 R2=0.0200158 H(w)=1.48919 perp=4.43349 w_max=0.539964
--------Variance: 0.0104226
Sum of |delta_u|: 0.484673
Post-update R2: 0.00352096
Final cost after weighting: 2.150167
E1_hat_1: 0.000617325
PI step 10 time: 0.0807748 seconds
********a: -7.39011
********New psi: 0.839011
0.0268899         0
        0 0.0268899
Iteration: 11/200 ---------------------------
Expected cost over samples: 25.1569
min cost: -15.2563
%%%%%%%%%E1_hat: 0.000385249
ESS: 1.32632 / 3000
Diag(valid=3000, elite=300) ||dU~||2=6.35334 traceCovElite~=0.963005 R2=0.0156357 H(w)=0.590629 perp=1.80512 w_max=0.865241
--------Variance: 0.0201685
Sum of |delta_u|: 0.738912
Post-update R2: 0.0163321
Final cost after weighting: 6.366197
E1_hat_1: 0.000385249
PI step 11 time: 0.0807121 seconds
********a: -7.86162
********New psi: 0.886162
0.0238289         0
        0 0.0238289
Iteration: 12/200 ---------------------------
Expected cost over samples: 14.1076
min cost: -17.0463
%%%%%%%%%E1_hat: 0.000364677
ESS: 1.19412 / 3000
Diag(valid=3000, elite=300) ||dU~||2=6.66175 traceCovElite~=0.973181 R2=0.0191525 H(w)=0.431168 perp=1.53905 w_max=0.914052
--------Variance: 0.020273
Sum of |delta_u|: 0.794561
Post-update R2: 0.0209824
Final cost after weighting: 9.888447
E1_hat_1: 0.000364677
PI step 12 time: 0.083804 seconds
********a: -7.9165
********New psi: 0.89165
0.021247        0
       0 0.021247
Iteration: 13/200 ---------------------------
Expected cost over samples: 9.93911
min cost: -17.3282
%%%%%%%%%E1_hat: 0.000594957
ESS: 2.06537 / 3000
Diag(valid=3000, elite=300) ||dU~||2=6.43321 traceCovElite~=0.950718 R2=0.0234569 H(w)=0.817021 perp=2.26375 w_max=0.560265
--------Variance: 0.0159937
Sum of |delta_u|: 0.688459
Post-update R2: 0.0350399
Final cost after weighting: 10.250485
E1_hat_1: 0.000594957
PI step 13 time: 0.080661 seconds
********a: -7.42702
********New psi: 0.842702
0.0179049         0
        0 0.0179049
Iteration: 14/200 ---------------------------
Expected cost over samples: 9.34536
min cost: -15.4711
%%%%%%%%%E1_hat: 0.000552025
ESS: 2.07145 / 3000
Diag(valid=3000, elite=300) ||dU~||2=4.49045 traceCovElite~=0.950553 R2=0.0245056 H(w)=0.876368 perp=2.40216 w_max=0.603838
--------Variance: 0.00548952
Sum of |delta_u|: 0.503005
Post-update R2: 0.0193735
Final cost after weighting: 3.540507
E1_hat_1: 0.000552025
PI step 14 time: 0.0822609 seconds
********a: -7.50192
********New psi: 0.850192
0.0152226         0
        0 0.0152226
Iteration: 15/200 ---------------------------
Expected cost over samples: 14.5551
min cost: -14.8856
%%%%%%%%%E1_hat: 0.000333502
ESS: 1.00102 / 3000
Diag(valid=3000, elite=300) ||dU~||2=8.62179 traceCovElite~=0.969316 R2=0.0248499 H(w)=0.00522039 perp=1.00523 w_max=0.999493
--------Variance: 0.0217596
Sum of |delta_u|: 0.894663
Post-update R2: 0.0273296
Final cost after weighting: 8.616914
E1_hat_1: 0.000333502
PI step 15 time: 0.0826895 seconds
********a: -8.00586
********New psi: 0.900586
0.0137093         0
        0 0.0137093
Iteration: 16/200 ---------------------------
Expected cost over samples: 4.63063
min cost: -16.0297
%%%%%%%%%E1_hat: 0.000338252
ESS: 1.02967 / 3000
Diag(valid=3000, elite=300) ||dU~||2=6.21371 traceCovElite~=0.964207 R2=0.0175483 H(w)=0.0995924 perp=1.10472 w_max=0.985458
--------Variance: 0.0101469
Sum of |delta_u|: 0.644409
Post-update R2: 0.0139139
Final cost after weighting: 8.419251
E1_hat_1: 0.000338252
PI step 16 time: 0.0944741 seconds
********a: -7.99172
********New psi: 0.899172
0.012327        0
       0 0.012327
Iteration: 17/200 ---------------------------
Expected cost over samples: 11.3291
min cost: -16.4379
%%%%%%%%%E1_hat: 0.000336186
ESS: 1.01712 / 3000
Diag(valid=3000, elite=300) ||dU~||2=7.42967 traceCovElite~=0.952372 R2=0.0227539 H(w)=0.0500717 perp=1.05135 w_max=0.991516
--------Variance: 0.0130633
Sum of |delta_u|: 0.829586
Post-update R2: 0.00938794
Final cost after weighting: 6.426732
E1_hat_1: 0.000336186
PI step 17 time: 0.0962662 seconds
********a: -7.99785
********New psi: 0.899785
0.0110916         0
        0 0.0110916
Iteration: 18/200 ---------------------------
Expected cost over samples: 14.398
min cost: -14.4002
%%%%%%%%%E1_hat: 0.000335526
ESS: 1.01319 / 3000
Diag(valid=3000, elite=300) ||dU~||2=7.86004 traceCovElite~=0.994438 R2=0.0164884 H(w)=0.0486457 perp=1.04985 w_max=0.993464
--------Variance: 0.0131456
Sum of |delta_u|: 0.872817
Post-update R2: 0.0146172
Final cost after weighting: 9.403154
E1_hat_1: 0.000335526
PI step 18 time: 0.0826751 seconds
********a: -7.99981
********New psi: 0.899981
0.00998225          0
         0 0.00998225
Iteration: 19/200 ---------------------------
Expected cost over samples: 6.06443
min cost: -16.3388
%%%%%%%%%E1_hat: 0.000358688
ESS: 1.15361 / 3000
Diag(valid=3000, elite=300) ||dU~||2=6.20981 traceCovElite~=0.946959 R2=0.0152784 H(w)=0.304481 perp=1.35592 w_max=0.929313
--------Variance: 0.00740087
Sum of |delta_u|: 0.686345
Post-update R2: 0.00858814
Final cost after weighting: 7.747873
E1_hat_1: 0.000358688
PI step 19 time: 0.0924964 seconds
********a: -7.93306
********New psi: 0.893306
0.0089172         0
        0 0.0089172
Iteration: 20/200 ---------------------------
Expected cost over samples: 8.94857
min cost: -15.1849
%%%%%%%%%E1_hat: 0.000611392
ESS: 1.9876 / 3000
Diag(valid=3000, elite=300) ||dU~||2=5.51809 traceCovElite~=0.951361 R2=0.0300671 H(w)=0.698414 perp=2.01056 w_max=0.545204
--------Variance: 0.00519611
Sum of |delta_u|: 0.577109
Post-update R2: 0.015103
Final cost after weighting: 3.736850
E1_hat_1: 0.000611392
PI step 20 time: 0.0936285 seconds
********a: -7.39977
********New psi: 0.839977
0.00749025          0
         0 0.00749025
Iteration: 21/200 ---------------------------
Expected cost over samples: 10.7092
min cost: -12.0991
%%%%%%%%%E1_hat: 0.000468707
ESS: 1.75052 / 3000
Diag(valid=3000, elite=300) ||dU~||2=5.93455 traceCovElite~=0.964218 R2=0.0144854 H(w)=0.73636 perp=2.08832 w_max=0.711176
--------Variance: 0.00467872
Sum of |delta_u|: 0.684251
Post-update R2: 0.018728
Final cost after weighting: 3.250732
E1_hat_1: 0.000468707
PI step 21 time: 0.093423 seconds
********a: -7.66553
********New psi: 0.866553
0.0064907         0
        0 0.0064907
Iteration: 22/200 ---------------------------
Expected cost over samples: 6.90291
min cost: -12.9344
%%%%%%%%%E1_hat: 0.000423243
ESS: 1.50498 / 3000
Diag(valid=3000, elite=300) ||dU~||2=5.70267 traceCovElite~=0.945667 R2=0.0303012 H(w)=0.531656 perp=1.70175 w_max=0.787569
--------Variance: 0.00365173
Sum of |delta_u|: 0.609662
Post-update R2: 0.0126258
Final cost after weighting: 0.122193
E1_hat_1: 0.000423243
PI step 22 time: 0.0935103 seconds
********a: -7.76756
********New psi: 0.876756
0.00569076          0
         0 0.00569076
Iteration: 23/200 ---------------------------
Expected cost over samples: 7.96724
min cost: -11.9382
%%%%%%%%%E1_hat: 0.000336938
ESS: 1.02169 / 3000
Diag(valid=3000, elite=300) ||dU~||2=6.86155 traceCovElite~=0.95961 R2=0.0183414 H(w)=0.0708855 perp=1.07346 w_max=0.989302
--------Variance: 0.00514203
Sum of |delta_u|: 0.74999
Post-update R2: 0.00972543
Final cost after weighting: 1.317247
E1_hat_1: 0.000336938
PI step 23 time: 0.0942916 seconds
********a: -7.99561
********New psi: 0.899561
0.00511919          0
         0 0.00511919
Iteration: 24/200 ---------------------------
Expected cost over samples: 8.92857
min cost: -13.8569
%%%%%%%%%E1_hat: 0.00033353
ESS: 1.00118 / 3000
Diag(valid=3000, elite=300) ||dU~||2=7.12614 traceCovElite~=0.975196 R2=0.0187154 H(w)=0.00516111 perp=1.00517 w_max=0.999409
--------Variance: 0.00499844
Sum of |delta_u|: 0.765236
Post-update R2: 0.0109141
Final cost after weighting: 0.426342
E1_hat_1: 0.00033353
PI step 24 time: 0.0969858 seconds
********a: -8.00578
********New psi: 0.900578
0.00461023          0
         0 0.00461023
Iteration: 25/200 ---------------------------
Expected cost over samples: 8.94756
min cost: -12.8699
%%%%%%%%%E1_hat: 0.000333427
ESS: 1.00056 / 3000
Diag(valid=3000, elite=300) ||dU~||2=8.08077 traceCovElite~=0.961928 R2=0.017257 H(w)=0.00268472 perp=1.00269 w_max=0.99972
--------Variance: 0.00578932
Sum of |delta_u|: 0.88237
Post-update R2: 0.0255875
Final cost after weighting: 1.606524
E1_hat_1: 0.000333427
PI step 25 time: 0.0964882 seconds
********a: -8.00609
********New psi: 0.900609
0.00415201          0
         0 0.00415201
Iteration: 26/200 ---------------------------
Expected cost over samples: 5.41014
min cost: -12.8301
%%%%%%%%%E1_hat: 0.000333334
ESS: 1 / 3000
Diag(valid=3000, elite=300) ||dU~||2=7.29021 traceCovElite~=0.978702 R2=0.0131613 H(w)=3.60129e-05 perp=1.00004 w_max=0.999998
--------Variance: 0.00424358
Sum of |delta_u|: 0.803904
Post-update R2: 0.0101659
Final cost after weighting: 1.283107
E1_hat_1: 0.000333334
PI step 26 time: 0.0976831 seconds
********a: -8.00637
********New psi: 0.900637
0.00373945          0
         0 0.00373945
Iteration: 27/200 ---------------------------
Expected cost over samples: 6.38385
min cost: -12.1132
%%%%%%%%%E1_hat: 0.000333437
ESS: 1.00062 / 3000
Diag(valid=3000, elite=300) ||dU~||2=6.33107 traceCovElite~=0.970954 R2=0.0136536 H(w)=0.00283118 perp=1.00284 w_max=0.999688
--------Variance: 0.00288189
Sum of |delta_u|: 0.761688
Post-update R2: 0.003724
Final cost after weighting: 0.522230
E1_hat_1: 0.000333437
PI step 27 time: 0.098929 seconds
********a: -8.00606
********New psi: 0.900606
0.00336777          0
         0 0.00336777
Iteration: 28/200 ---------------------------
Expected cost over samples: 5.43806
min cost: -12.7495
%%%%%%%%%E1_hat: 0.000333448
ESS: 1.00069 / 3000
Diag(valid=3000, elite=300) ||dU~||2=7.24129 traceCovElite~=0.952073 R2=0.0246856 H(w)=0.00309335 perp=1.0031 w_max=0.999655
--------Variance: 0.00339567
Sum of |delta_u|: 0.847185
Post-update R2: 0.0134273
Final cost after weighting: -0.021051
E1_hat_1: 0.000333448
PI step 28 time: 0.099209 seconds
********a: -8.00602
********New psi: 0.900602
0.00303302          0
         0 0.00303302
Optimal cost -0.021051353870992884
Optimal rob  0.5722403785548318
Solver time  2.576570167
