R_ : 20  0
 0 20
Iteration: 0/100 ---------------------------
Expected cost over samples: 43.6611
min cost: -1.28626
%%%%%%%%%E1_hat: 0.0312201
ESS: 243.199 / 1700
Diag(valid=1700, elite=170) ||dU~||2=1.28632 traceCovElite~=0.959028 R2=0.00194689 H(w)=6.21698 perp=501.186 w_max=0.0188416
--------Variance: 0.0021818
Sum of |delta_u|: 0.181736
Post-update R2: 0.0109368
Final cost after weighting: 29.753512
E1_hat_1: 0.0312201
PI step 0 time: 0.0321422 seconds
********a(H_hat): 0.835797
********New psi: 0.3
0.15    0
   0 0.15
Iteration: 1/100 ---------------------------
Expected cost over samples: 25.8
min cost: -3.15445
%%%%%%%%%E1_hat: 0.00243785
ESS: 14.4149 / 1700
Diag(valid=1700, elite=170) ||dU~||2=1.91856 traceCovElite~=0.988917 R2=0.0215051 H(w)=4.37987 perp=79.8277 w_max=0.241293
--------Variance: 0.0148205
Sum of |delta_u|: 0.284514
Post-update R2: 0.0170166
Final cost after weighting: 34.386788
E1_hat_1: 0.00243785
PI step 1 time: 0.0293257 seconds
********a(H_hat): 0.58882
********New psi: 0.3
0.045     0
    0 0.045
Iteration: 2/100 ---------------------------
Expected cost over samples: 19.0277
min cost: 0.28594
%%%%%%%%%E1_hat: 0.00107323
ESS: 3.05382 / 1700
Diag(valid=1700, elite=170) ||dU~||2=3.44774 traceCovElite~=0.992195 R2=0.00236691 H(w)=1.89954 perp=6.68281 w_max=0.548096
--------Variance: 0.0112081
Sum of |delta_u|: 0.494476
Post-update R2: 0.0423292
Final cost after weighting: 22.380363
E1_hat_1: 0.00107323
PI step 2 time: 0.0306054 seconds
********a(H_hat): 0.25537
********New psi: 0.446778
0.020105        0
       0 0.020105
Iteration: 3/100 ---------------------------
Expected cost over samples: 14.204
min cost: 1.58851
%%%%%%%%%E1_hat: 0.00217723
ESS: 9.54755 / 1700
Diag(valid=1700, elite=170) ||dU~||2=2.58497 traceCovElite~=0.924945 R2=0.0317552 H(w)=2.87251 perp=17.6813 w_max=0.270176
--------Variance: 0.00240789
Sum of |delta_u|: 0.381456
Post-update R2: 0.0325319
Final cost after weighting: 17.079721
E1_hat_1: 0.00217723
PI step 3 time: 0.0293089 seconds
********a(H_hat): 0.386174
********New psi: 0.368296
0.00740459          0
         0 0.00740459
Iteration: 4/100 ---------------------------
Expected cost over samples: 9.33092
min cost: 0.862502
%%%%%%%%%E1_hat: 0.000723355
ESS: 1.46852 / 1700
Diag(valid=1700, elite=170) ||dU~||2=5.13698 traceCovElite~=0.914807 R2=0.0339466 H(w)=0.686298 perp=1.98635 w_max=0.813204
--------Variance: 0.00547448
Sum of |delta_u|: 0.728377
Post-update R2: 0.0317248
Final cost after weighting: 16.910858
E1_hat_1: 0.000723355
PI step 4 time: 0.029866 seconds
********a(H_hat): 0.0922644
********New psi: 0.544641
0.00403285          0
         0 0.00403285
Iteration: 5/100 ---------------------------
Expected cost over samples: 7.2007
min cost: 0.719297
%%%%%%%%%E1_hat: 0.000626126
ESS: 1.13005 / 1700
Diag(valid=1700, elite=170) ||dU~||2=6.30602 traceCovElite~=0.973031 R2=0.0296083 H(w)=0.275015 perp=1.31655 w_max=0.939484
--------Variance: 0.00498859
Sum of |delta_u|: 0.862537
Post-update R2: 0.0185818
Final cost after weighting: 17.017673
E1_hat_1: 0.000626126
PI step 5 time: 0.0307009 seconds
********a(H_hat): 0.0369724
********New psi: 0.577817
0.00233025          0
         0 0.00233025
Iteration: 6/100 ---------------------------
Expected cost over samples: 5.19562
min cost: 0.133006
%%%%%%%%%E1_hat: 0.00118344
ESS: 3.23207 / 1700
Diag(valid=1700, elite=170) ||dU~||2=4.02505 traceCovElite~=0.944786 R2=0.0218792 H(w)=1.48603 perp=4.41951 w_max=0.497055
--------Variance: 0.00104042
Sum of |delta_u|: 0.590102
Post-update R2: 0.0149831
Final cost after weighting: 16.498647
E1_hat_1: 0.00118344
PI step 6 time: 0.029585 seconds
********a(H_hat): 0.199778
********New psi: 0.480133
0.00111883          0
         0 0.00111883
Iteration: 7/100 ---------------------------
Expected cost over samples: 4.53026
min cost: 0.494382
%%%%%%%%%E1_hat: 0.000627586
ESS: 1.13487 / 1700
Diag(valid=1700, elite=170) ||dU~||2=5.21672 traceCovElite~=0.936167 R2=0.0391312 H(w)=0.277012 perp=1.31918 w_max=0.937298
--------Variance: 0.000942841
Sum of |delta_u|: 0.745106
Post-update R2: 0.0225169
Final cost after weighting: 15.687409
E1_hat_1: 0.000627586
PI step 7 time: 0.0308296 seconds
********a: -7.37363
********New psi: 0.843838
0.00094411          0
         0 0.00094411
Iteration: 8/100 ---------------------------
Expected cost over samples: 4.03162
min cost: 0.782485
%%%%%%%%%E1_hat: 0.000629364
ESS: 1.14057 / 1700
Diag(valid=1700, elite=170) ||dU~||2=6.21749 traceCovElite~=0.940543 R2=0.0229873 H(w)=0.269048 perp=1.30872 w_max=0.93465
--------Variance: 0.00112241
Sum of |delta_u|: 0.934192
Post-update R2: 0.00492928
Final cost after weighting: 15.558897
E1_hat_1: 0.000629364
PI step 8 time: 0.0310055 seconds
********a: -7.3708
********New psi: 0.843838
0.000796676           0
          0 0.000796676
Iteration: 9/100 ---------------------------
Expected cost over samples: 3.30916
min cost: 0.246187
%%%%%%%%%E1_hat: 0.000591175
ESS: 1.01001 / 1700
Diag(valid=1700, elite=170) ||dU~||2=6.75366 traceCovElite~=0.963015 R2=0.0273712 H(w)=0.0367954 perp=1.03748 w_max=0.995027
--------Variance: 0.00113541
Sum of |delta_u|: 0.916047
Post-update R2: 0.0491634
Final cost after weighting: 15.612920
E1_hat_1: 0.000591175
PI step 9 time: 0.030194 seconds
********a: -7.4334
********New psi: 0.843838
0.000672265           0
          0 0.000672265
Iteration: 10/100 ---------------------------
Expected cost over samples: 3.03697
min cost: 0.473862
%%%%%%%%%E1_hat: 0.0005976
ESS: 1.03196 / 1700
Diag(valid=1700, elite=170) ||dU~||2=5.06185 traceCovElite~=0.967081 R2=0.0330839 H(w)=0.0964969 perp=1.10131 w_max=0.984329
--------Variance: 0.000535766
Sum of |delta_u|: 0.686076
Post-update R2: 0.0246895
Final cost after weighting: 15.323208
E1_hat_1: 0.0005976
PI step 10 time: 0.0297891 seconds
********a: -7.42259
********New psi: 0.843838
0.000567283           0
          0 0.000567283
Iteration: 11/100 ---------------------------
Expected cost over samples: 2.36603
min cost: -0.50702
%%%%%%%%%E1_hat: 0.000604792
ESS: 1.05649 / 1700
Diag(valid=1700, elite=170) ||dU~||2=5.09202 traceCovElite~=0.948708 R2=0.0210506 H(w)=0.141379 perp=1.15186 w_max=0.972624
--------Variance: 0.000455635
Sum of |delta_u|: 0.767358
Post-update R2: 0.0124544
Final cost after weighting: 14.757685
E1_hat_1: 0.000604792
PI step 11 time: 0.0336218 seconds
********a: -7.41063
********New psi: 0.843838
0.000478695           0
          0 0.000478695
Iteration: 12/100 ---------------------------
Expected cost over samples: 1.60333
min cost: -0.768783
%%%%%%%%%E1_hat: 0.000700648
ESS: 1.36874 / 1700
Diag(valid=1700, elite=170) ||dU~||2=4.46581 traceCovElite~=0.945274 R2=0.0308908 H(w)=0.440404 perp=1.55334 w_max=0.839559
--------Variance: 0.000270869
Sum of |delta_u|: 0.648902
Post-update R2: 0.0140434
Final cost after weighting: 14.606309
E1_hat_1: 0.000700648
PI step 12 time: 0.0334532 seconds
********a: -7.26351
********New psi: 0.843838
0.000403941           0
          0 0.000403941
Iteration: 13/100 ---------------------------
Expected cost over samples: 1.44913
min cost: -0.782345
%%%%%%%%%E1_hat: 0.000588235
ESS: 1 / 1700
Diag(valid=1700, elite=170) ||dU~||2=5.46217 traceCovElite~=0.94243 R2=0.0254959 H(w)=2.13292e-06 perp=1 w_max=1
--------Variance: 0.000376607
Sum of |delta_u|: 0.72321
Post-update R2: 0.0181295
Final cost after weighting: 14.472454
E1_hat_1: 0.000588235
PI step 13 time: 0.0350649 seconds
********a: -7.43838
********New psi: 0.843838
0.000340861           0
          0 0.000340861
Iteration: 14/100 ---------------------------
Expected cost over samples: 1.13824
min cost: -0.747639
%%%%%%%%%E1_hat: 0.00098893
ESS: 2.01642 / 1700
Diag(valid=1700, elite=170) ||dU~||2=3.44172 traceCovElite~=0.899914 R2=0.0662616 H(w)=0.801393 perp=2.22864 w_max=0.59482
--------Variance: 0.000119397
Sum of |delta_u|: 0.47003
Post-update R2: 0.0242574
Final cost after weighting: 14.266611
E1_hat_1: 0.00098893
PI step 14 time: 0.0335848 seconds
********a: -6.91889
********New psi: 0.843838
0.000287631           0
          0 0.000287631
Iteration: 15/100 ---------------------------
Expected cost over samples: 0.817551
min cost: -0.961175
%%%%%%%%%E1_hat: 0.000588235
ESS: 1 / 1700
Diag(valid=1700, elite=170) ||dU~||2=6.49604 traceCovElite~=0.942691 R2=0.0326429 H(w)=4.69758e-08 perp=1 w_max=1
--------Variance: 0.0003793
Sum of |delta_u|: 0.897358
Post-update R2: 0.0138607
Final cost after weighting: 14.125529
E1_hat_1: 0.000588235
PI step 15 time: 0.0353258 seconds
********a: -7.43838
********New psi: 0.843838
0.000242714           0
          0 0.000242714
Iteration: 16/100 ---------------------------
Expected cost over samples: 0.609031
min cost: -0.985325
%%%%%%%%%E1_hat: 0.000612935
ESS: 1.08518 / 1700
Diag(valid=1700, elite=170) ||dU~||2=5.69777 traceCovElite~=0.918541 R2=0.044198 H(w)=0.223909 perp=1.25096 w_max=0.959703
--------Variance: 0.000244939
Sum of |delta_u|: 0.834753
Post-update R2: 0.0084948
Final cost after weighting: 14.078145
E1_hat_1: 0.000612935
PI step 16 time: 0.0346803 seconds
********a: -7.39725
********New psi: 0.843838
0.000204811           0
          0 0.000204811
Iteration: 17/100 ---------------------------
Expected cost over samples: 0.28138
min cost: -1.23122
%%%%%%%%%E1_hat: 0.000588258
ESS: 1.00008 / 1700
Diag(valid=1700, elite=170) ||dU~||2=5.57287 traceCovElite~=0.911206 R2=0.0467188 H(w)=0.000442212 perp=1.00044 w_max=0.999962
--------Variance: 0.000198771
Sum of |delta_u|: 0.722435
Post-update R2: 0.00992169
Final cost after weighting: 13.985414
E1_hat_1: 0.000588258
PI step 17 time: 0.0346434 seconds
********a: -7.43835
********New psi: 0.843838
0.000172828           0
          0 0.000172828
Iteration: 18/100 ---------------------------
Expected cost over samples: -0.0857813
min cost: -1.43219
%%%%%%%%%E1_hat: 0.00075148
ESS: 1.53681 / 1700
Diag(valid=1700, elite=170) ||dU~||2=4.84682 traceCovElite~=0.902215 R2=0.0512619 H(w)=0.59857 perp=1.81952 w_max=0.782769
--------Variance: 0.000129324
Sum of |delta_u|: 0.68032
Post-update R2: 0.011365
Final cost after weighting: 13.969063
E1_hat_1: 0.00075148
PI step 18 time: 0.040902 seconds
********a: -7.19347
********New psi: 0.843838
0.000145839           0
          0 0.000145839
Iteration: 19/100 ---------------------------
Expected cost over samples: -0.115409
min cost: -1.39008
%%%%%%%%%E1_hat: 0.000946755
ESS: 1.88881 / 1700
Diag(valid=1700, elite=170) ||dU~||2=3.60771 traceCovElite~=0.915667 R2=0.0304084 H(w)=0.663463 perp=1.9415 w_max=0.621318
--------Variance: 5.29165e-05
Sum of |delta_u|: 0.522821
Post-update R2: 0.00877656
Final cost after weighting: 13.891337
E1_hat_1: 0.000946755
PI step 19 time: 0.0337265 seconds
********a: -6.96247
********New psi: 0.843838
0.000123064           0
          0 0.000123064
Iteration: 20/100 ---------------------------
Expected cost over samples: -0.30361
min cost: -1.50889
%%%%%%%%%E1_hat: 0.000588235
ESS: 1 / 1700
Diag(valid=1700, elite=170) ||dU~||2=5.96887 traceCovElite~=0.932778 R2=0.0272806 H(w)=4.37977e-08 perp=1 w_max=1
--------Variance: 0.000137014
Sum of |delta_u|: 0.843073
Post-update R2: 0.01353
Final cost after weighting: 13.859845
E1_hat_1: 0.000588235
PI step 20 time: 0.0374707 seconds
********a: -7.43838
********New psi: 0.843838
0.000103846           0
          0 0.000103846
Iteration: 21/100 ---------------------------
Expected cost over samples: -0.664358
min cost: -1.76214
%%%%%%%%%E1_hat: 0.000591616
ESS: 1.0115 / 1700
Diag(valid=1700, elite=170) ||dU~||2=6.00201 traceCovElite~=0.944813 R2=0.0381581 H(w)=0.0365935 perp=1.03727 w_max=0.994286
--------Variance: 0.000116877
Sum of |delta_u|: 0.821937
Post-update R2: 0.0267185
Final cost after weighting: 13.843652
E1_hat_1: 0.000591616
PI step 21 time: 0.0348683 seconds
********a: -7.43265
********New psi: 0.843838
8.76293e-05           0
          0 8.76293e-05
Iteration: 22/100 ---------------------------
Expected cost over samples: -0.664534
min cost: -1.61894
%%%%%%%%%E1_hat: 0.000682072
ESS: 1.31136 / 1700
Diag(valid=1700, elite=170) ||dU~||2=4.26144 traceCovElite~=0.935833 R2=0.059725 H(w)=0.403797 perp=1.4975 w_max=0.862424
--------Variance: 4.81522e-05
Sum of |delta_u|: 0.602033
Post-update R2: 0.0212874
Final cost after weighting: 13.825918
E1_hat_1: 0.000682072
PI step 22 time: 0.037218 seconds
********a: -7.29037
********New psi: 0.843838
7.3945e-05          0
         0 7.3945e-05
Iteration: 23/100 ---------------------------
Expected cost over samples: -0.883354
min cost: -1.7633
%%%%%%%%%E1_hat: 0.000588259
ESS: 1.00008 / 1700
Diag(valid=1700, elite=170) ||dU~||2=5.64284 traceCovElite~=0.947423 R2=0.0288401 H(w)=0.000465362 perp=1.00047 w_max=0.999961
--------Variance: 7.35782e-05
Sum of |delta_u|: 0.849519
Post-update R2: 0.00886066
Final cost after weighting: 13.804962
E1_hat_1: 0.000588259
PI step 23 time: 0.0361654 seconds
********a: -7.43834
********New psi: 0.843838
6.23976e-05           0
          0 6.23976e-05
Iteration: 24/100 ---------------------------
Expected cost over samples: -0.960342
min cost: -1.78847
%%%%%%%%%E1_hat: 0.000588235
ESS: 1 / 1700
Diag(valid=1700, elite=170) ||dU~||2=5.9703 traceCovElite~=0.946923 R2=0.0340445 H(w)=9.37185e-07 perp=1 w_max=1
--------Variance: 6.95039e-05
Sum of |delta_u|: 0.829593
Post-update R2: 0.00831904
Final cost after weighting: 13.789424
E1_hat_1: 0.000588235
PI step 24 time: 0.0361705 seconds
********a: -7.43838
********New psi: 0.843838
5.26534e-05           0
          0 5.26534e-05
Iteration: 25/100 ---------------------------
Expected cost over samples: -1.04752
min cost: -1.84137
%%%%%%%%%E1_hat: 0.000636533
ESS: 1.16311 / 1700
Diag(valid=1700, elite=170) ||dU~||2=4.53753 traceCovElite~=0.93672 R2=0.0576854 H(w)=0.268583 perp=1.30811 w_max=0.924123
--------Variance: 3.09192e-05
Sum of |delta_u|: 0.610519
Post-update R2: 0.0337166
Final cost after weighting: 13.738258
E1_hat_1: 0.000636533
PI step 25 time: 0.0333798 seconds
********a: -7.35947
********New psi: 0.843838
4.4431e-05          0
         0 4.4431e-05
Iteration: 26/100 ---------------------------
Expected cost over samples: -1.03994
min cost: -1.74594
%%%%%%%%%E1_hat: 0.000588235
ESS: 1 / 1700
Diag(valid=1700, elite=170) ||dU~||2=6.52211 traceCovElite~=0.930939 R2=0.0439274 H(w)=3.6557e-06 perp=1 w_max=1
--------Variance: 5.90618e-05
Sum of |delta_u|: 0.959015
Post-update R2: 0.0140173
Final cost after weighting: 13.718974
E1_hat_1: 0.000588235
PI step 26 time: 0.0327441 seconds
********a: -7.43838
********New psi: 0.843838
3.74925e-05           0
          0 3.74925e-05
Iteration: 27/100 ---------------------------
Expected cost over samples: -1.31402
min cost: -1.98266
%%%%%%%%%E1_hat: 0.000588235
ESS: 1 / 1700
Diag(valid=1700, elite=170) ||dU~||2=5.27993 traceCovElite~=0.91619 R2=0.0432895 H(w)=3.1231e-09 perp=1 w_max=1
--------Variance: 3.2662e-05
Sum of |delta_u|: 0.772548
Post-update R2: 0.0163344
Final cost after weighting: 13.694594
E1_hat_1: 0.000588235
PI step 27 time: 0.0354414 seconds
********a: -7.43838
********New psi: 0.843838
3.16376e-05           0
          0 3.16376e-05
Iteration: 28/100 ---------------------------
Expected cost over samples: -1.36766
min cost: -1.95338
%%%%%%%%%E1_hat: 0.000588235
ESS: 1 / 1700
Diag(valid=1700, elite=170) ||dU~||2=5.49162 traceCovElite~=0.9106 R2=0.0647012 H(w)=1.60082e-10 perp=1 w_max=1
--------Variance: 2.98162e-05
Sum of |delta_u|: 0.806674
Post-update R2: 0.0195681
Final cost after weighting: 13.669049
E1_hat_1: 0.000588235
PI step 28 time: 0.0317035 seconds
********a: -7.43838
********New psi: 0.843838
2.6697e-05          0
         0 2.6697e-05
Iteration: 29/100 ---------------------------
Expected cost over samples: -1.37766
min cost: -1.91165
%%%%%%%%%E1_hat: 0.000588806
ESS: 1.00194 / 1700
Diag(valid=1700, elite=170) ||dU~||2=6.07774 traceCovElite~=0.940806 R2=0.0322424 H(w)=0.00770918 perp=1.00774 w_max=0.999031
--------Variance: 3.08183e-05
Sum of |delta_u|: 0.839974
Post-update R2: 0.00694756
Final cost after weighting: 13.659637
E1_hat_1: 0.000588806
PI step 29 time: 0.0325226 seconds
********a: -7.43741
********New psi: 0.843838
2.2528e-05          0
         0 2.2528e-05
Iteration: 30/100 ---------------------------
Expected cost over samples: -1.33644
min cost: -1.83979
%%%%%%%%%E1_hat: 0.000588235
ESS: 1 / 1700
Diag(valid=1700, elite=170) ||dU~||2=5.00321 traceCovElite~=0.932988 R2=0.0339295 H(w)=1.77743e-06 perp=1 w_max=1
--------Variance: 1.76224e-05
Sum of |delta_u|: 0.670548
Post-update R2: 0.00659885
Final cost after weighting: 13.643391
E1_hat_1: 0.000588235
PI step 30 time: 0.032088 seconds
********a: -7.43838
********New psi: 0.843838
1.901e-05         0
        0 1.901e-05
Iteration: 31/100 ---------------------------
Expected cost over samples: -1.36427
min cost: -1.81698
%%%%%%%%%E1_hat: 0.000588311
ESS: 1.00026 / 1700
Diag(valid=1700, elite=170) ||dU~||2=4.94992 traceCovElite~=0.950245 R2=0.0366019 H(w)=0.00129675 perp=1.0013 w_max=0.999871
--------Variance: 1.45549e-05
Sum of |delta_u|: 0.720387
Post-update R2: 0.0159523
Final cost after weighting: 13.643542
E1_hat_1: 0.000588311
PI step 31 time: 0.0308219 seconds
********a: -7.43825
********New psi: 0.843838
1.60413e-05           0
          0 1.60413e-05
Iteration: 32/100 ---------------------------
Expected cost over samples: -1.42834
min cost: -1.85723
%%%%%%%%%E1_hat: 0.000588235
ESS: 1 / 1700
Diag(valid=1700, elite=170) ||dU~||2=5.40526 traceCovElite~=0.936256 R2=0.0289296 H(w)=1.1261e-23 perp=1 w_max=1
--------Variance: 1.46459e-05
Sum of |delta_u|: 0.787865
Post-update R2: 0.0121857
Final cost after weighting: 13.604887
E1_hat_1: 0.000588235
PI step 32 time: 0.0316229 seconds
********a: -7.43838
********New psi: 0.843838
1.35363e-05           0
          0 1.35363e-05
Iteration: 33/100 ---------------------------
Expected cost over samples: -1.46442
min cost: -1.85983
%%%%%%%%%E1_hat: 0.000588235
ESS: 1 / 1700
Diag(valid=1700, elite=170) ||dU~||2=4.89207 traceCovElite~=0.95555 R2=0.0326763 H(w)=5.06661e-34 perp=1 w_max=1
--------Variance: 1.01235e-05
Sum of |delta_u|: 0.696027
Post-update R2: 0.016323
Final cost after weighting: 13.570631
E1_hat_1: 0.000588235
PI step 33 time: 0.0324603 seconds
********a: -7.43838
********New psi: 0.843838
1.14224e-05           0
          0 1.14224e-05
Iteration: 34/100 ---------------------------
Expected cost over samples: -1.52394
min cost: -1.87285
%%%%%%%%%E1_hat: 0.000588471
ESS: 1.0008 / 1700
Diag(valid=1700, elite=170) ||dU~||2=6.92179 traceCovElite~=0.936487 R2=0.0423031 H(w)=0.00352954 perp=1.00354 w_max=0.9996
--------Variance: 1.71e-05
Sum of |delta_u|: 0.940523
Post-update R2: 0.012876
Final cost after weighting: 13.578955
E1_hat_1: 0.000588471
PI step 34 time: 0.0315252 seconds
********a: -7.43798
********New psi: 0.843838
9.63868e-06           0
          0 9.63868e-06
Iteration: 35/100 ---------------------------
Expected cost over samples: -1.52394
min cost: -1.87191
%%%%%%%%%E1_hat: 0.000588235
ESS: 1 / 1700
Diag(valid=1700, elite=170) ||dU~||2=6.3301 traceCovElite~=0.927735 R2=0.0424252 H(w)=5.11174e-27 perp=1 w_max=1
--------Variance: 1.20693e-05
Sum of |delta_u|: 0.912527
Post-update R2: 0.011208
Final cost after weighting: 13.547859
E1_hat_1: 0.000588235
PI step 35 time: 0.0335784 seconds
********a: -7.43838
********New psi: 0.843838
8.13348e-06           0
          0 8.13348e-06
Iteration: 36/100 ---------------------------
Expected cost over samples: -1.49333
min cost: -1.79124
%%%%%%%%%E1_hat: 0.000588236
ESS: 1 / 1700
Diag(valid=1700, elite=170) ||dU~||2=5.89652 traceCovElite~=0.914731 R2=0.0357768 H(w)=9.78401e-06 perp=1.00001 w_max=0.999999
--------Variance: 8.83725e-06
Sum of |delta_u|: 0.827235
Post-update R2: 0.0134114
Final cost after weighting: 13.546421
E1_hat_1: 0.000588236
PI step 36 time: 0.0331895 seconds
********a: -7.43838
********New psi: 0.843838
6.86334e-06           0
          0 6.86334e-06
Iteration: 37/100 ---------------------------
Expected cost over samples: -1.55197
min cost: -1.83472
%%%%%%%%%E1_hat: 0.000588235
ESS: 1 / 1700
Diag(valid=1700, elite=170) ||dU~||2=5.24236 traceCovElite~=0.932471 R2=0.0410503 H(w)=7.04877e-32 perp=1 w_max=1
--------Variance: 5.89439e-06
Sum of |delta_u|: 0.70737
Post-update R2: 0.0346668
Final cost after weighting: 13.537375
E1_hat_1: 0.000588235
PI step 37 time: 0.0318414 seconds
********a: -7.43838
********New psi: 0.843838
5.79155e-06           0
          0 5.79155e-06
Iteration: 38/100 ---------------------------
Expected cost over samples: -1.53179
min cost: -1.77751
%%%%%%%%%E1_hat: 0.000588235
ESS: 1 / 1700
Diag(valid=1700, elite=170) ||dU~||2=5.35026 traceCovElite~=0.990276 R2=0.0247426 H(w)=1.46774e-10 perp=1 w_max=1
--------Variance: 5.18077e-06
Sum of |delta_u|: 0.719745
Post-update R2: 0.00954851
Final cost after weighting: 13.538516
E1_hat_1: 0.000588235
PI step 38 time: 0.0320524 seconds
********a: -7.43838
********New psi: 0.843838
4.88713e-06           0
          0 4.88713e-06
Iteration: 39/100 ---------------------------
Expected cost over samples: -1.59066
min cost: -1.83152
%%%%%%%%%E1_hat: 0.000588235
ESS: 1 / 1700
Diag(valid=1700, elite=170) ||dU~||2=6.72834 traceCovElite~=0.938338 R2=0.0305041 H(w)=4.67173e-47 perp=1 w_max=1
--------Variance: 6.91381e-06
Sum of |delta_u|: 0.877193
Post-update R2: 0.0235765
Final cost after weighting: 13.525690
E1_hat_1: 0.000588235
PI step 39 time: 0.0334323 seconds
********a: -7.43838
********New psi: 0.843838
4.12395e-06           0
          0 4.12395e-06
Iteration: 40/100 ---------------------------
Expected cost over samples: -1.61724
min cost: -1.83831
%%%%%%%%%E1_hat: 0.000596314
ESS: 1.02746 / 1700
Diag(valid=1700, elite=170) ||dU~||2=6.51175 traceCovElite~=0.943522 R2=0.0411064 H(w)=0.0717319 perp=1.07437 w_max=0.986452
--------Variance: 5.42385e-06
Sum of |delta_u|: 0.893177
Post-update R2: 0.00556485
Final cost after weighting: 13.523529
E1_hat_1: 0.000596314
PI step 40 time: 0.0331783 seconds
********a: -7.42474
********New psi: 0.843838
3.47994e-06           0
          0 3.47994e-06
Iteration: 41/100 ---------------------------
Expected cost over samples: -1.69706
min cost: -1.89579
%%%%%%%%%E1_hat: 0.000588235
ESS: 1 / 1700
Diag(valid=1700, elite=170) ||dU~||2=4.79773 traceCovElite~=0.943777 R2=0.0440404 H(w)=7.32482e-54 perp=1 w_max=1
--------Variance: 2.50317e-06
Sum of |delta_u|: 0.655717
Post-update R2: 0.030043
Final cost after weighting: 13.508480
E1_hat_1: 0.000588235
PI step 41 time: 0.0312828 seconds
********a: -7.43838
********New psi: 0.843838
2.93651e-06           0
          0 2.93651e-06
Iteration: 42/100 ---------------------------
Expected cost over samples: -1.72177
min cost: -1.90766
%%%%%%%%%E1_hat: 0.000588235
ESS: 1 / 1700
Diag(valid=1700, elite=170) ||dU~||2=6.18216 traceCovElite~=0.933981 R2=0.0485948 H(w)=5.28488e-09 perp=1 w_max=1
--------Variance: 3.50721e-06
Sum of |delta_u|: 0.907591
Post-update R2: 0.0220366
Final cost after weighting: 13.498803
E1_hat_1: 0.000588235
PI step 42 time: 0.0312883 seconds
********a: -7.43838
********New psi: 0.843838
2.47794e-06           0
          0 2.47794e-06
Optimal cost 13.4988028823858
Optimal rob  0.18911952064635074
Solver time  1.428693708
