R_ : 2
Iteration: 0/150 ---------------------------
Expected cost over samples: 0.831192
min cost: -46.5906
%%%%%%%%%E1_hat: 0.0702568
ESS: 729.436 / 1500
Diag(valid=1500, elite=150) ||dU~||2=0.661401 traceCovElite~=0.951131 R2=0.00107799 H(w)=6.9855 perp=1080.85 w_max=0.009489
--------Variance: 0.0146668
Sum of |delta_u|: 0.174874
Post-update R2: 0.161417
Final cost after weighting: 2.676024
E1_hat_1: 0.0702568
PI step 0 time: 0.0175699 seconds
********a(H_hat): 0.955188
********New psi: 0.3
2.4
Iteration: 1/150 ---------------------------
Expected cost over samples: -5.26081
min cost: -20.5844
%%%%%%%%%E1_hat: 0.0599824
ESS: 682.102 / 1500
Diag(valid=1500, elite=150) ||dU~||2=0.381058 traceCovElite~=1.21312 R2=0.0661979 H(w)=6.92581 perp=1018.22 w_max=0.0111144
--------Variance: 0.0048966
Sum of |delta_u|: 0.0941091
Post-update R2: 0.0100049
Final cost after weighting: 2.153153
E1_hat_1: 0.0599824
PI step 1 time: 0.0179455 seconds
********a(H_hat): 0.947026
********New psi: 0.3
0.72
Iteration: 2/150 ---------------------------
Expected cost over samples: -3.88939
min cost: -12.2652
%%%%%%%%%E1_hat: 0.0159748
ESS: 113.603 / 1500
Diag(valid=1500, elite=150) ||dU~||2=1.14151 traceCovElite~=1.08998 R2=0.0510617 H(w)=5.67729 perp=292.158 w_max=0.0417324
--------Variance: 0.0116
Sum of |delta_u|: 0.265745
Post-update R2: 0.0151718
Final cost after weighting: -0.003936
E1_hat_1: 0.0159748
PI step 2 time: 0.0161668 seconds
********a(H_hat): 0.776306
********New psi: 0.3
0.216
Iteration: 3/150 ---------------------------
Expected cost over samples: -5.90279
min cost: -10.0656
%%%%%%%%%E1_hat: 0.00484773
ESS: 23.7667 / 1500
Diag(valid=1500, elite=150) ||dU~||2=2.03969 traceCovElite~=1.04251 R2=0.0153574 H(w)=4.25775 perp=70.6509 w_max=0.137521
--------Variance: 0.015107
Sum of |delta_u|: 0.495497
Post-update R2: 0.0756475
Final cost after weighting: -2.039263
E1_hat_1: 0.00484773
PI step 3 time: 0.0173361 seconds
********a(H_hat): 0.582199
********New psi: 0.35254
0.0761487
Iteration: 4/150 ---------------------------
Expected cost over samples: -10.046
min cost: -11.8657
%%%%%%%%%E1_hat: 0.00314077
ESS: 11.0536 / 1500
Diag(valid=1500, elite=150) ||dU~||2=1.23909 traceCovElite~=0.836896 R2=0.0861049 H(w)=3.67459 perp=39.4325 w_max=0.212262
--------Variance: 0.0132846
Sum of |delta_u|: 0.289392
Post-update R2: 0.00275526
Final cost after weighting: -1.221322
E1_hat_1: 0.00314077
PI step 4 time: 0.0168546 seconds
********a(H_hat): 0.502458
********New psi: 0.419826
0.0319692
Iteration: 5/150 ---------------------------
Expected cost over samples: -10.7016
min cost: -12.3304
%%%%%%%%%E1_hat: 0.0016926
ESS: 4.1629 / 1500
Diag(valid=1500, elite=150) ||dU~||2=2.77099 traceCovElite~=0.893335 R2=0.00118747 H(w)=1.80895 perp=6.10404 w_max=0.39387
--------Variance: 0.00783752
Sum of |delta_u|: 0.533868
Post-update R2: 0.137828
Final cost after weighting: -2.826714
E1_hat_1: 0.0016926
PI step 5 time: 0.016601 seconds
********a(H_hat): 0.247353
********New psi: 0.635083
0.0203031
Iteration: 6/150 ---------------------------
Expected cost over samples: -11.0848
min cost: -11.9968
%%%%%%%%%E1_hat: 0.00107321
ESS: 2.54458 / 1500
Diag(valid=1500, elite=150) ||dU~||2=2.95548 traceCovElite~=0.789513 R2=0.0642725 H(w)=2.11191 perp=8.26404 w_max=0.621191
--------Variance: 0.0130825
Sum of |delta_u|: 0.720196
Post-update R2: 0.0447181
Final cost after weighting: -2.908115
E1_hat_1: 0.00107321
PI step 6 time: 0.0168161 seconds
********a(H_hat): 0.28878
********New psi: 0.600127
0.0121844
Iteration: 7/150 ---------------------------
Expected cost over samples: -11.6147
min cost: -12.2248
%%%%%%%%%E1_hat: 0.00227217
ESS: 7.16642 / 1500
Diag(valid=1500, elite=150) ||dU~||2=2.15324 traceCovElite~=0.792703 R2=0.114274 H(w)=2.74978 perp=15.6392 w_max=0.293406
--------Variance: 0.00196273
Sum of |delta_u|: 0.506788
Post-update R2: 0.0427521
Final cost after weighting: -2.975002
E1_hat_1: 0.00227217
PI step 7 time: 0.0174105 seconds
********a(H_hat): 0.376001
********New psi: 0.52653
0.00641548
Iteration: 8/150 ---------------------------
Expected cost over samples: -11.5555
min cost: -11.961
%%%%%%%%%E1_hat: 0.00427079
ESS: 15.9163 / 1500
Diag(valid=1500, elite=150) ||dU~||2=0.782492 traceCovElite~=0.856135 R2=0.0802131 H(w)=3.36471 perp=28.9252 w_max=0.156099
--------Variance: 0.000358863
Sum of |delta_u|: 0.17684
Post-update R2: 0.0186203
Final cost after weighting: -2.982655
E1_hat_1: 0.00427079
PI step 8 time: 0.0176494 seconds
********a(H_hat): 0.460086
********New psi: 0.455579
0.00292276
Iteration: 9/150 ---------------------------
Expected cost over samples: -11.7837
min cost: -12.0639
%%%%%%%%%E1_hat: 0.00137433
ESS: 3.3509 / 1500
Diag(valid=1500, elite=150) ||dU~||2=1.99054 traceCovElite~=0.865592 R2=0.0855065 H(w)=1.72378 perp=5.60567 w_max=0.485086
--------Variance: 0.000854021
Sum of |delta_u|: 0.48188
Post-update R2: 0.0368648
Final cost after weighting: -2.982503
E1_hat_1: 0.00137433
PI step 9 time: 0.0165092 seconds
********a(H_hat): 0.235707
********New psi: 0.64491
0.00188492
Iteration: 10/150 ---------------------------
Expected cost over samples: -11.7868
min cost: -12.0135
%%%%%%%%%E1_hat: 0.000836155
ESS: 1.56333 / 1500
Diag(valid=1500, elite=150) ||dU~||2=2.62034 traceCovElite~=0.819782 R2=0.0894404 H(w)=1.05506 perp=2.87214 w_max=0.7973
--------Variance: 0.00115874
Sum of |delta_u|: 0.578441
Post-update R2: 0.0296301
Final cost after weighting: -2.988533
E1_hat_1: 0.000836155
PI step 10 time: 0.016507 seconds
********a(H_hat): 0.144267
********New psi: 0.722067
0.00136104
Iteration: 11/150 ---------------------------
Expected cost over samples: -11.6594
min cost: -11.8579
%%%%%%%%%E1_hat: 0.000707539
ESS: 1.12577 / 1500
Diag(valid=1500, elite=150) ||dU~||2=3.29299 traceCovElite~=0.853766 R2=0.0603036 H(w)=0.354204 perp=1.42505 w_max=0.942233
--------Variance: 0.00130631
Sum of |delta_u|: 0.72121
Post-update R2: 0.031939
Final cost after weighting: -2.988135
E1_hat_1: 0.000707539
PI step 11 time: 0.0163155 seconds
********a(H_hat): 0.0484334
********New psi: 0.802932
0.00109282
Iteration: 12/150 ---------------------------
Expected cost over samples: -11.83
min cost: -12.0044
%%%%%%%%%E1_hat: 0.00151044
ESS: 3.33506 / 1500
Diag(valid=1500, elite=150) ||dU~||2=1.61057 traceCovElite~=0.817947 R2=0.087812 H(w)=1.49719 perp=4.46912 w_max=0.441372
--------Variance: 0.000261947
Sum of |delta_u|: 0.419167
Post-update R2: 0.0322242
Final cost after weighting: -2.992008
E1_hat_1: 0.00151044
PI step 12 time: 0.0165379 seconds
********a(H_hat): 0.204724
********New psi: 0.671054
0.000733341
Iteration: 13/150 ---------------------------
Expected cost over samples: -11.8724
min cost: -12.0086
%%%%%%%%%E1_hat: 0.000779981
ESS: 1.35827 / 1500
Diag(valid=1500, elite=150) ||dU~||2=3.52535 traceCovElite~=0.827598 R2=0.078807 H(w)=0.653487 perp=1.92223 w_max=0.854721
--------Variance: 0.000820898
Sum of |delta_u|: 0.892382
Post-update R2: 0.00259485
Final cost after weighting: -2.986948
E1_hat_1: 0.000779981
PI step 13 time: 0.0156578 seconds
********a(H_hat): 0.089357
********New psi: 0.768401
0.000563499
Iteration: 14/150 ---------------------------
Expected cost over samples: -12.0795
min cost: -12.207
%%%%%%%%%E1_hat: 0.000992854
ESS: 1.90745 / 1500
Diag(valid=1500, elite=150) ||dU~||2=3.24724 traceCovElite~=0.806321 R2=0.0708085 H(w)=0.87332 perp=2.39485 w_max=0.671465
--------Variance: 0.000355296
Sum of |delta_u|: 0.775385
Post-update R2: 0.0240868
Final cost after weighting: -2.990410
E1_hat_1: 0.000992854
PI step 14 time: 0.0160649 seconds
********a(H_hat): 0.119417
********New psi: 0.743036
0.0004187
Iteration: 15/150 ---------------------------
Expected cost over samples: -11.8629
min cost: -11.9682
%%%%%%%%%E1_hat: 0.00083922
ESS: 1.55156 / 1500
Diag(valid=1500, elite=150) ||dU~||2=2.88415 traceCovElite~=0.769533 R2=0.0889297 H(w)=0.781747 perp=2.18529 w_max=0.794388
--------Variance: 0.000311199
Sum of |delta_u|: 0.631443
Post-update R2: 0.029671
Final cost after weighting: -2.992802
E1_hat_1: 0.00083922
PI step 15 time: 0.0151304 seconds
********a(H_hat): 0.106895
********New psi: 0.753602
0.000315533
Iteration: 16/150 ---------------------------
Expected cost over samples: -11.8256
min cost: -11.9147
%%%%%%%%%E1_hat: 0.000874323
ESS: 1.67822 / 1500
Diag(valid=1500, elite=150) ||dU~||2=1.49104 traceCovElite~=0.811948 R2=0.0854583 H(w)=0.925687 perp=2.5236 w_max=0.762495
--------Variance: 6.6097e-05
Sum of |delta_u|: 0.336049
Post-update R2: 0.0621267
Final cost after weighting: -2.994564
E1_hat_1: 0.000874323
PI step 16 time: 0.0166336 seconds
********a(H_hat): 0.126577
********New psi: 0.736994
0.000232546
Iteration: 17/150 ---------------------------
Expected cost over samples: -11.8326
min cost: -11.9106
%%%%%%%%%E1_hat: 0.00136217
ESS: 2.80969 / 1500
Diag(valid=1500, elite=150) ||dU~||2=1.5499 traceCovElite~=0.822906 R2=0.0684499 H(w)=1.25679 perp=3.51411 w_max=0.489417
--------Variance: 5.48647e-05
Sum of |delta_u|: 0.41236
Post-update R2: 0.0255479
Final cost after weighting: -2.994536
E1_hat_1: 0.00136217
PI step 17 time: 0.0157456 seconds
********a(H_hat): 0.171851
********New psi: 0.698792
0.000162501
Iteration: 18/150 ---------------------------
Expected cost over samples: -11.8164
min cost: -11.8845
%%%%%%%%%E1_hat: 0.000674536
ESS: 1.02367 / 1500
Diag(valid=1500, elite=150) ||dU~||2=2.20144 traceCovElite~=0.852635 R2=0.0897574 H(w)=0.0733663 perp=1.07612 w_max=0.988334
--------Variance: 7.08899e-05
Sum of |delta_u|: 0.462646
Post-update R2: 0.0556032
Final cost after weighting: -2.997191
E1_hat_1: 0.000674536
PI step 18 time: 0.0179764 seconds
********a(H_hat): 0.010032
********New psi: 0.835335
0.000135743
Iteration: 19/150 ---------------------------
Expected cost over samples: -11.8623
min cost: -11.9251
%%%%%%%%%E1_hat: 0.000704221
ESS: 1.11231 / 1500
Diag(valid=1500, elite=150) ||dU~||2=3.79482 traceCovElite~=0.834522 R2=0.0764794 H(w)=0.208573 perp=1.23192 w_max=0.946673
--------Variance: 0.000175554
Sum of |delta_u|: 0.87399
Post-update R2: 0.0291
Final cost after weighting: -2.995974
E1_hat_1: 0.000704221
PI step 19 time: 0.0163381 seconds
********a(H_hat): 0.0285199
********New psi: 0.819735
0.000111273
Iteration: 20/150 ---------------------------
Expected cost over samples: -11.8165
min cost: -11.8702
%%%%%%%%%E1_hat: 0.00116339
ESS: 2.80305 / 1500
Diag(valid=1500, elite=150) ||dU~||2=1.98548 traceCovElite~=0.81481 R2=0.0806063 H(w)=1.53606 perp=4.64623 w_max=0.573037
--------Variance: 3.9584e-05
Sum of |delta_u|: 0.512321
Post-update R2: 0.0457778
Final cost after weighting: -2.997386
E1_hat_1: 0.00116339
PI step 20 time: 0.0166237 seconds
********a(H_hat): 0.210038
********New psi: 0.66657
7.41715e-05
Iteration: 21/150 ---------------------------
Expected cost over samples: -11.8194
min cost: -11.865
%%%%%%%%%E1_hat: 0.00103571
ESS: 1.863 / 1500
Diag(valid=1500, elite=150) ||dU~||2=2.88974 traceCovElite~=0.83668 R2=0.100775 H(w)=0.683588 perp=1.98097 w_max=0.643682
--------Variance: 4.79e-05
Sum of |delta_u|: 0.576374
Post-update R2: 0.0548763
Final cost after weighting: -2.997405
E1_hat_1: 0.00103571
PI step 21 time: 0.016626 seconds
********a(H_hat): 0.0934729
********New psi: 0.764928
5.67358e-05
Iteration: 22/150 ---------------------------
Expected cost over samples: -11.9008
min cost: -11.939
%%%%%%%%%E1_hat: 0.000667323
ESS: 1.00197 / 1500
Diag(valid=1500, elite=150) ||dU~||2=3.68657 traceCovElite~=0.849478 R2=0.0588577 H(w)=0.00847951 perp=1.00852 w_max=0.999017
--------Variance: 7.01029e-05
Sum of |delta_u|: 0.764953
Post-update R2: 0.0274996
Final cost after weighting: -2.997331
E1_hat_1: 0.000667323
PI step 22 time: 0.0160365 seconds
********a(H_hat): 0.00115948
********New psi: 0.842822
4.78182e-05
Iteration: 23/150 ---------------------------
Expected cost over samples: -11.9823
min cost: -12.0187
%%%%%%%%%E1_hat: 0.000723869
ESS: 1.17136 / 1500
Diag(valid=1500, elite=150) ||dU~||2=4.21339 traceCovElite~=0.885601 R2=0.0915061 H(w)=0.296242 perp=1.3448 w_max=0.920977
--------Variance: 7.62511e-05
Sum of |delta_u|: 0.94159
Post-update R2: 0.0211423
Final cost after weighting: -2.997708
E1_hat_1: 0.000723869
PI step 23 time: 0.0160166 seconds
********a(H_hat): 0.0405077
********New psi: 0.80962
3.87145e-05
Iteration: 24/150 ---------------------------
Expected cost over samples: -11.9904
min cost: -12.0219
%%%%%%%%%E1_hat: 0.000666669
ESS: 1.00001 / 1500
Diag(valid=1500, elite=150) ||dU~||2=2.16492 traceCovElite~=0.822923 R2=0.0717429 H(w)=3.96825e-05 perp=1.00004 w_max=0.999997
--------Variance: 1.64954e-05
Sum of |delta_u|: 0.544889
Post-update R2: 0.0381611
Final cost after weighting: -2.997659
E1_hat_1: 0.000666669
PI step 24 time: 0.016095 seconds
********a(H_hat): 5.42613e-06
********New psi: 0.843795
3.26671e-05
Iteration: 25/150 ---------------------------
Expected cost over samples: -11.9851
min cost: -12.0147
%%%%%%%%%E1_hat: 0.000856675
ESS: 1.58746 / 1500
Diag(valid=1500, elite=150) ||dU~||2=2.55311 traceCovElite~=0.83056 R2=0.0846109 H(w)=0.721885 perp=2.05831 w_max=0.778203
--------Variance: 1.54513e-05
Sum of |delta_u|: 0.548627
Post-update R2: 0.0464318
Final cost after weighting: -2.997477
E1_hat_1: 0.000856675
PI step 25 time: 0.0160707 seconds
********a(H_hat): 0.0987095
********New psi: 0.760509
2.48436e-05
Iteration: 26/150 ---------------------------
Expected cost over samples: -12.0376
min cost: -12.0632
%%%%%%%%%E1_hat: 0.000925107
ESS: 1.76803 / 1500
Diag(valid=1500, elite=150) ||dU~||2=2.68241 traceCovElite~=0.76917 R2=0.0705118 H(w)=0.802615 perp=2.23137 w_max=0.720638
--------Variance: 1.82711e-05
Sum of |delta_u|: 0.634342
Post-update R2: 0.0299124
Final cost after weighting: -2.997317
E1_hat_1: 0.000925107
PI step 26 time: 0.0172826 seconds
********a(H_hat): 0.109749
********New psi: 0.751194
1.86624e-05
Iteration: 27/150 ---------------------------
Expected cost over samples: -12.0061
min cost: -12.0282
%%%%%%%%%E1_hat: 0.000666667
ESS: 1 / 1500
Diag(valid=1500, elite=150) ||dU~||2=3.70746 traceCovElite~=0.785235 R2=0.0765739 H(w)=1.15262e-06 perp=1 w_max=1
--------Variance: 2.33189e-05
Sum of |delta_u|: 0.861197
Post-update R2: 0.0179361
Final cost after weighting: -2.997885
E1_hat_1: 0.000666667
PI step 27 time: 0.0168649 seconds
********a(H_hat): 1.57607e-07
********New psi: 0.8438
1.57473e-05
Iteration: 28/150 ---------------------------
Expected cost over samples: -12.0182
min cost: -12.0378
%%%%%%%%%E1_hat: 0.000986221
ESS: 1.79186 / 1500
Diag(valid=1500, elite=150) ||dU~||2=2.54881 traceCovElite~=0.831188 R2=0.0624614 H(w)=0.660668 perp=1.93609 w_max=0.675981
--------Variance: 1.1428e-05
Sum of |delta_u|: 0.53777
Post-update R2: 0.0276179
Final cost after weighting: -2.997216
E1_hat_1: 0.000986221
PI step 28 time: 0.0148595 seconds
********a(H_hat): 0.0903389
********New psi: 0.767572
1.20872e-05
Iteration: 29/150 ---------------------------
Expected cost over samples: -12.0109
min cost: -12.0285
%%%%%%%%%E1_hat: 0.000666667
ESS: 1 / 1500
Diag(valid=1500, elite=150) ||dU~||2=2.40993 traceCovElite~=0.819425 R2=0.0817561 H(w)=1.19196e-08 perp=1 w_max=1
--------Variance: 6.3817e-06
Sum of |delta_u|: 0.622633
Post-update R2: 0.0205551
Final cost after weighting: -2.997852
E1_hat_1: 0.000666667
PI step 29 time: 0.0154138 seconds
********a(H_hat): 1.62988e-09
********New psi: 0.8438
1.01992e-05
Iteration: 30/150 ---------------------------
Expected cost over samples: -12.0003
min cost: -12.0164
%%%%%%%%%E1_hat: 0.000701945
ESS: 1.10555 / 1500
Diag(valid=1500, elite=150) ||dU~||2=1.90982 traceCovElite~=0.86369 R2=0.0966602 H(w)=0.199848 perp=1.22122 w_max=0.949742
--------Variance: 3.21772e-06
Sum of |delta_u|: 0.456225
Post-update R2: 0.0583559
Final cost after weighting: -2.997953
E1_hat_1: 0.000701945
PI step 30 time: 0.0156313 seconds
********a(H_hat): 0.027327
********New psi: 0.820742
8.3709e-06
Iteration: 31/150 ---------------------------
Expected cost over samples: -12.0131
min cost: -12.0286
%%%%%%%%%E1_hat: 0.000666667
ESS: 1 / 1500
Diag(valid=1500, elite=150) ||dU~||2=3.62261 traceCovElite~=0.817421 R2=0.0758324 H(w)=1.43692e-11 perp=1 w_max=1
--------Variance: 9.98665e-06
Sum of |delta_u|: 0.914619
Post-update R2: 0.0393169
Final cost after weighting: -2.998376
E1_hat_1: 0.000666667
PI step 31 time: 0.0168408 seconds
********a(H_hat): 1.96482e-12
********New psi: 0.8438
7.06336e-06
Iteration: 32/150 ---------------------------
Expected cost over samples: -12.0253
min cost: -12.0388
%%%%%%%%%E1_hat: 0.000666668
ESS: 1 / 1500
Diag(valid=1500, elite=150) ||dU~||2=2.25721 traceCovElite~=0.735697 R2=0.0671379 H(w)=2.16804e-05 perp=1.00002 w_max=0.999999
--------Variance: 3.27159e-06
Sum of |delta_u|: 0.597773
Post-update R2: 0.0185043
Final cost after weighting: -2.998364
E1_hat_1: 0.000666668
PI step 32 time: 0.0162622 seconds
********a(H_hat): 2.96455e-06
********New psi: 0.843797
5.96005e-06
Iteration: 33/150 ---------------------------
Expected cost over samples: -12.026
min cost: -12.0391
%%%%%%%%%E1_hat: 0.000666667
ESS: 1 / 1500
Diag(valid=1500, elite=150) ||dU~||2=3.69221 traceCovElite~=0.86589 R2=0.0866502 H(w)=8.2822e-15 perp=1 w_max=1
--------Variance: 7.38452e-06
Sum of |delta_u|: 0.854206
Post-update R2: 0.0565176
Final cost after weighting: -2.998620
E1_hat_1: 0.000666667
PI step 33 time: 0.016188 seconds
********a(H_hat): 1.1325e-15
********New psi: 0.8438
5.02909e-06
Iteration: 34/150 ---------------------------
Expected cost over samples: -11.998
min cost: -12.0102
%%%%%%%%%E1_hat: 0.00068112
ESS: 1.04334 / 1500
Diag(valid=1500, elite=150) ||dU~||2=3.98464 traceCovElite~=0.876113 R2=0.0758531 H(w)=0.102752 perp=1.10822 w_max=0.97878
--------Variance: 7.23074e-06
Sum of |delta_u|: 1.00065
Post-update R2: 0.00812052
Final cost after weighting: -2.998742
E1_hat_1: 0.00068112
PI step 34 time: 0.0162295 seconds
********a(H_hat): 0.0140502
********New psi: 0.831944
4.18392e-06
Iteration: 35/150 ---------------------------
Expected cost over samples: -11.9943
min cost: -12.0055
%%%%%%%%%E1_hat: 0.000957706
ESS: 1.73335 / 1500
Diag(valid=1500, elite=150) ||dU~||2=1.91644 traceCovElite~=0.838976 R2=0.0615519 H(w)=0.614126 perp=1.84804 w_max=0.696108
--------Variance: 2.18083e-06
Sum of |delta_u|: 0.505652
Post-update R2: 0.0220032
Final cost after weighting: -2.998917
E1_hat_1: 0.000957706
PI step 35 time: 0.0168661 seconds
********a(H_hat): 0.0839748
********New psi: 0.772942
3.23393e-06
Iteration: 36/150 ---------------------------
Expected cost over samples: -11.9878
min cost: -11.9969
%%%%%%%%%E1_hat: 0.000716809
ESS: 1.14971 / 1500
Diag(valid=1500, elite=150) ||dU~||2=1.63858 traceCovElite~=0.792766 R2=0.0786332 H(w)=0.257482 perp=1.29367 w_max=0.930048
--------Variance: 7.70881e-07
Sum of |delta_u|: 0.444532
Post-update R2: 0.0565583
Final cost after weighting: -2.998913
E1_hat_1: 0.000716809
PI step 36 time: 0.0170313 seconds
********a(H_hat): 0.0352077
********New psi: 0.814092
2.63272e-06
Iteration: 37/150 ---------------------------
Expected cost over samples: -11.9831
min cost: -11.9911
%%%%%%%%%E1_hat: 0.000666667
ESS: 1 / 1500
Diag(valid=1500, elite=150) ||dU~||2=2.64059 traceCovElite~=0.849111 R2=0.0660165 H(w)=3.72855e-10 perp=1 w_max=1
--------Variance: 1.66879e-06
Sum of |delta_u|: 0.660545
Post-update R2: 0.0214034
Final cost after weighting: -2.998967
E1_hat_1: 0.000666667
PI step 37 time: 0.015673 seconds
********a(H_hat): 5.09837e-11
********New psi: 0.8438
2.22149e-06
Iteration: 38/150 ---------------------------
Expected cost over samples: -11.9783
min cost: -11.9861
%%%%%%%%%E1_hat: 0.000666713
ESS: 1.00014 / 1500
Diag(valid=1500, elite=150) ||dU~||2=2.11259 traceCovElite~=0.850097 R2=0.059958 H(w)=0.000778204 perp=1.00078 w_max=0.999931
--------Variance: 9.01319e-07
Sum of |delta_u|: 0.419594
Post-update R2: 0.0321818
Final cost after weighting: -2.998912
E1_hat_1: 0.000666713
PI step 38 time: 0.0156119 seconds
********a(H_hat): 0.000106411
********New psi: 0.84371
1.87429e-06
Iteration: 39/150 ---------------------------
Expected cost over samples: -11.9775
min cost: -11.9846
%%%%%%%%%E1_hat: 0.000666667
ESS: 1 / 1500
Diag(valid=1500, elite=150) ||dU~||2=3.80843 traceCovElite~=0.794619 R2=0.0673081 H(w)=1.92891e-09 perp=1 w_max=1
--------Variance: 2.47131e-06
Sum of |delta_u|: 0.934543
Post-update R2: 0.0434152
Final cost after weighting: -2.999113
E1_hat_1: 0.000666667
PI step 39 time: 0.0154764 seconds
********a(H_hat): 2.63757e-10
********New psi: 0.8438
1.58153e-06
Iteration: 40/150 ---------------------------
Expected cost over samples: -11.9757
min cost: -11.9821
%%%%%%%%%E1_hat: 0.000670227
ESS: 1.01068 / 1500
Diag(valid=1500, elite=150) ||dU~||2=2.53609 traceCovElite~=0.81434 R2=0.0720885 H(w)=0.033124 perp=1.03368 w_max=0.994687
--------Variance: 9.24884e-07
Sum of |delta_u|: 0.566209
Post-update R2: 0.0287061
Final cost after weighting: -2.999243
E1_hat_1: 0.000670227
PI step 40 time: 0.017008 seconds
********a(H_hat): 0.00452933
********New psi: 0.839978
1.32845e-06
Iteration: 41/150 ---------------------------
Expected cost over samples: -11.9795
min cost: -11.9855
%%%%%%%%%E1_hat: 0.000666667
ESS: 1 / 1500
Diag(valid=1500, elite=150) ||dU~||2=2.67933 traceCovElite~=0.84932 R2=0.0859624 H(w)=8.84562e-15 perp=1 w_max=1
--------Variance: 8.6697e-07
Sum of |delta_u|: 0.653118
Post-update R2: 0.0458467
Final cost after weighting: -2.999354
E1_hat_1: 0.000666667
PI step 41 time: 0.0159649 seconds
********a(H_hat): 1.20954e-15
********New psi: 0.8438
1.12094e-06
Iteration: 42/150 ---------------------------
Expected cost over samples: -11.9807
min cost: -11.9862
%%%%%%%%%E1_hat: 0.000666667
ESS: 1 / 1500
Diag(valid=1500, elite=150) ||dU~||2=3.86228 traceCovElite~=0.829602 R2=0.075473 H(w)=1.85027e-07 perp=1 w_max=1
--------Variance: 1.51971e-06
Sum of |delta_u|: 0.933141
Post-update R2: 0.047455
Final cost after weighting: -2.999325
E1_hat_1: 0.000666667
PI step 42 time: 0.0158835 seconds
********a(H_hat): 2.53003e-08
********New psi: 0.8438
9.45852e-07
Iteration: 43/150 ---------------------------
Expected cost over samples: -11.9666
min cost: -11.9717
%%%%%%%%%E1_hat: 0.00102704
ESS: 1.83676 / 1500
Diag(valid=1500, elite=150) ||dU~||2=2.41338 traceCovElite~=0.787444 R2=0.0988872 H(w)=0.648443 perp=1.91256 w_max=0.649113
--------Variance: 4.49907e-07
Sum of |delta_u|: 0.572176
Post-update R2: 0.0316753
Final cost after weighting: -2.999180
E1_hat_1: 0.00102704
PI step 43 time: 0.0168813 seconds
********a(H_hat): 0.0886673
********New psi: 0.768983
7.27344e-07
Iteration: 44/150 ---------------------------
Expected cost over samples: -11.9722
min cost: -11.9765
%%%%%%%%%E1_hat: 0.000666667
ESS: 1 / 1500
Diag(valid=1500, elite=150) ||dU~||2=3.04107 traceCovElite~=0.821756 R2=0.0692952 H(w)=2.84796e-23 perp=1 w_max=1
--------Variance: 6.11498e-07
Sum of |delta_u|: 0.581712
Post-update R2: 0.0412183
Final cost after weighting: -2.999250
E1_hat_1: 0.000666667
PI step 44 time: 0.015585 seconds
********a(H_hat): 3.89427e-24
********New psi: 0.8438
6.13733e-07
Iteration: 45/150 ---------------------------
Expected cost over samples: -11.9716
min cost: -11.9757
%%%%%%%%%E1_hat: 0.000666667
ESS: 1 / 1500
Diag(valid=1500, elite=150) ||dU~||2=3.21357 traceCovElite~=0.818723 R2=0.0542529 H(w)=1.26946e-10 perp=1 w_max=1
--------Variance: 5.76184e-07
Sum of |delta_u|: 0.748461
Post-update R2: 0.0305682
Final cost after weighting: -2.999190
E1_hat_1: 0.000666667
PI step 45 time: 0.0165808 seconds
********a(H_hat): 1.73585e-11
********New psi: 0.8438
5.17868e-07
Iteration: 46/150 ---------------------------
Expected cost over samples: -11.9726
min cost: -11.9765
%%%%%%%%%E1_hat: 0.000666667
ESS: 1 / 1500
Diag(valid=1500, elite=150) ||dU~||2=3.07992 traceCovElite~=0.849571 R2=0.0753603 H(w)=3.07173e-28 perp=1 w_max=1
--------Variance: 4.46575e-07
Sum of |delta_u|: 0.733602
Post-update R2: 0.0213226
Final cost after weighting: -2.999257
E1_hat_1: 0.000666667
PI step 46 time: 0.0164503 seconds
********a(H_hat): 4.20024e-29
********New psi: 0.8438
4.36977e-07
Iteration: 47/150 ---------------------------
Expected cost over samples: -11.9766
min cost: -11.9801
%%%%%%%%%E1_hat: 0.000666667
ESS: 1 / 1500
Diag(valid=1500, elite=150) ||dU~||2=2.55991 traceCovElite~=0.835645 R2=0.0930328 H(w)=1.16057e-25 perp=1 w_max=1
--------Variance: 2.60324e-07
Sum of |delta_u|: 0.610262
Post-update R2: 0.040485
Final cost after weighting: -2.999235
E1_hat_1: 0.000666667
PI step 47 time: 0.0154554 seconds
********a(H_hat): 1.58695e-26
********New psi: 0.8438
3.68721e-07
Iteration: 48/150 ---------------------------
Expected cost over samples: -11.9757
min cost: -11.9788
%%%%%%%%%E1_hat: 0.000666667
ESS: 1 / 1500
Diag(valid=1500, elite=150) ||dU~||2=2.88167 traceCovElite~=0.822925 R2=0.0758585 H(w)=6.80182e-40 perp=1 w_max=1
--------Variance: 2.78336e-07
Sum of |delta_u|: 0.755309
Post-update R2: 0.0399999
Final cost after weighting: -2.999300
E1_hat_1: 0.000666667
PI step 48 time: 0.0155773 seconds
********a(H_hat): 9.30071e-41
********New psi: 0.8438
3.11127e-07
Iteration: 49/150 ---------------------------
Expected cost over samples: -11.9812
min cost: -11.9841
%%%%%%%%%E1_hat: 0.000666667
ESS: 1 / 1500
Diag(valid=1500, elite=150) ||dU~||2=2.25425 traceCovElite~=0.927644 R2=0.0357099 H(w)=2.07114e-10 perp=1 w_max=1
--------Variance: 1.43727e-07
Sum of |delta_u|: 0.513354
Post-update R2: 0.0270819
Final cost after weighting: -2.999294
E1_hat_1: 0.000666667
PI step 49 time: 0.0155797 seconds
********a(H_hat): 2.83205e-11
********New psi: 0.8438
2.62529e-07
Iteration: 50/150 ---------------------------
Expected cost over samples: -11.9805
min cost: -11.9831
%%%%%%%%%E1_hat: 0.000666667
ESS: 1 / 1500
Diag(valid=1500, elite=150) ||dU~||2=1.81379 traceCovElite~=0.831784 R2=0.0805093 H(w)=7.10032e-16 perp=1 w_max=1
--------Variance: 7.85158e-08
Sum of |delta_u|: 0.424546
Post-update R2: 0.0480362
Final cost after weighting: -2.999352
E1_hat_1: 0.000666667
PI step 50 time: 0.0157407 seconds
********a(H_hat): 9.70888e-17
********New psi: 0.8438
2.21522e-07
Iteration: 51/150 ---------------------------
Expected cost over samples: -11.9801
min cost: -11.9825
%%%%%%%%%E1_hat: 0.00066668
ESS: 1.00004 / 1500
Diag(valid=1500, elite=150) ||dU~||2=2.66244 traceCovElite~=0.784547 R2=0.0962196 H(w)=0.000242897 perp=1.00024 w_max=0.999979
--------Variance: 1.42753e-07
Sum of |delta_u|: 0.638481
Post-update R2: 0.0196088
Final cost after weighting: -2.999347
E1_hat_1: 0.00066668
PI step 51 time: 0.0159495 seconds
********a(H_hat): 3.32134e-05
********New psi: 0.843772
1.86914e-07
Iteration: 52/150 ---------------------------
Expected cost over samples: -11.9808
min cost: -11.983
%%%%%%%%%E1_hat: 0.000666667
ESS: 1 / 1500
Diag(valid=1500, elite=150) ||dU~||2=2.17659 traceCovElite~=0.82392 R2=0.081012 H(w)=1.26491e-23 perp=1 w_max=1
--------Variance: 8.04924e-08
Sum of |delta_u|: 0.542293
Post-update R2: 0.0710855
Final cost after weighting: -2.999353
E1_hat_1: 0.000666667
PI step 52 time: 0.016331 seconds
********a(H_hat): 1.72962e-24
********New psi: 0.8438
1.57718e-07
Iteration: 53/150 ---------------------------
Expected cost over samples: -11.9825
min cost: -11.9844
%%%%%%%%%E1_hat: 0.000666667
ESS: 1 / 1500
Diag(valid=1500, elite=150) ||dU~||2=3.61903 traceCovElite~=0.830326 R2=0.0707624 H(w)=1.307e-13 perp=1 w_max=1
--------Variance: 1.87789e-07
Sum of |delta_u|: 0.875396
Post-update R2: 0.0267179
Final cost after weighting: -2.999374
E1_hat_1: 0.000666667
PI step 53 time: 0.0159002 seconds
********a(H_hat): 1.78717e-14
********New psi: 0.8438
1.33082e-07
Iteration: 54/150 ---------------------------
Expected cost over samples: -11.9839
min cost: -11.9858
%%%%%%%%%E1_hat: 0.000666667
ESS: 1 / 1500
Diag(valid=1500, elite=150) ||dU~||2=4.28794 traceCovElite~=0.819207 R2=0.0877654 H(w)=1.04884e-13 perp=1 w_max=1
--------Variance: 2.22439e-07
Sum of |delta_u|: 1.08928
Post-update R2: 0.0188157
Final cost after weighting: -2.999385
E1_hat_1: 0.000666667
PI step 54 time: 0.0156931 seconds
********a(H_hat): 1.43417e-14
********New psi: 0.8438
1.12295e-07
Iteration: 55/150 ---------------------------
Expected cost over samples: -11.9858
min cost: -11.9875
%%%%%%%%%E1_hat: 0.000666667
ESS: 1 / 1500
Diag(valid=1500, elite=150) ||dU~||2=3.61833 traceCovElite~=0.84713 R2=0.094956 H(w)=8.23574e-10 perp=1 w_max=1
--------Variance: 1.33649e-07
Sum of |delta_u|: 0.806324
Post-update R2: 0.0482426
Final cost after weighting: -2.999383
E1_hat_1: 0.000666667
PI step 55 time: 0.0155891 seconds
********a(H_hat): 1.12614e-10
********New psi: 0.8438
9.47544e-08
Iteration: 56/150 ---------------------------
Expected cost over samples: -11.9878
min cost: -11.9894
%%%%%%%%%E1_hat: 0.000666667
ESS: 1 / 1500
Diag(valid=1500, elite=150) ||dU~||2=2.41752 traceCovElite~=0.756095 R2=0.0929167 H(w)=9.23455e-61 perp=1 w_max=1
--------Variance: 5.0343e-08
Sum of |delta_u|: 0.4964
Post-update R2: 0.0706409
Final cost after weighting: -2.999390
E1_hat_1: 0.000666667
PI step 56 time: 0.0160599 seconds
********a(H_hat): 1.26272e-61
********New psi: 0.8438
7.99538e-08
Iteration: 57/150 ---------------------------
Expected cost over samples: -11.9871
min cost: -11.9885
%%%%%%%%%E1_hat: 0.000666667
ESS: 1 / 1500
Diag(valid=1500, elite=150) ||dU~||2=2.80433 traceCovElite~=0.843745 R2=0.114965 H(w)=3.57908e-31 perp=1 w_max=1
--------Variance: 5.71616e-08
Sum of |delta_u|: 0.606572
Post-update R2: 0.043548
Final cost after weighting: -2.999439
E1_hat_1: 0.000666667
PI step 57 time: 0.0159515 seconds
********a(H_hat): 4.89398e-32
********New psi: 0.8438
6.7465e-08
Iteration: 58/150 ---------------------------
Expected cost over samples: -11.9874
min cost: -11.9887
%%%%%%%%%E1_hat: 0.000666667
ESS: 1 / 1500
Diag(valid=1500, elite=150) ||dU~||2=2.61142 traceCovElite~=0.870781 R2=0.0562539 H(w)=6.07311e-28 perp=1 w_max=1
--------Variance: 4.18179e-08
Sum of |delta_u|: 0.570931
Post-update R2: 0.0364306
Final cost after weighting: -2.999437
E1_hat_1: 0.000666667
PI step 58 time: 0.0161503 seconds
********a(H_hat): 8.30429e-29
********New psi: 0.8438
5.6927e-08
Iteration: 59/150 ---------------------------
Expected cost over samples: -11.9861
min cost: -11.9873
%%%%%%%%%E1_hat: 0.000666667
ESS: 1 / 1500
Diag(valid=1500, elite=150) ||dU~||2=3.46995 traceCovElite~=0.803558 R2=0.081531 H(w)=3.19112e-24 perp=1 w_max=1
--------Variance: 6.23101e-08
Sum of |delta_u|: 0.866762
Post-update R2: 0.0279301
Final cost after weighting: -2.999424
E1_hat_1: 0.000666667
PI step 59 time: 0.0160939 seconds
********a(H_hat): 4.36349e-25
********New psi: 0.8438
4.8035e-08
Iteration: 60/150 ---------------------------
Expected cost over samples: -11.9841
min cost: -11.9853
%%%%%%%%%E1_hat: 0.000666667
ESS: 1 / 1500
Diag(valid=1500, elite=150) ||dU~||2=3.53922 traceCovElite~=0.804217 R2=0.101017 H(w)=1.35525e-93 perp=1 w_max=1
--------Variance: 5.46952e-08
Sum of |delta_u|: 0.774736
Post-update R2: 0.05413
Final cost after weighting: -2.999449
E1_hat_1: 0.000666667
PI step 60 time: 0.0156305 seconds
********a(H_hat): 1.85315e-94
********New psi: 0.8438
4.05319e-08
Iteration: 61/150 ---------------------------
Expected cost over samples: -11.9862
min cost: -11.9872
%%%%%%%%%E1_hat: 0.000666667
ESS: 1 / 1500
Diag(valid=1500, elite=150) ||dU~||2=3.0501 traceCovElite~=0.827058 R2=0.0845024 H(w)=1.12393e-16 perp=1 w_max=1
--------Variance: 3.42774e-08
Sum of |delta_u|: 0.752766
Post-update R2: 0.0235187
Final cost after weighting: -2.999437
E1_hat_1: 0.000666667
PI step 61 time: 0.0164173 seconds
********a(H_hat): 1.53685e-17
********New psi: 0.8438
3.42008e-08
Iteration: 62/150 ---------------------------
Expected cost over samples: -11.9854
min cost: -11.9864
%%%%%%%%%E1_hat: 0.000666691
ESS: 1.00007 / 1500
Diag(valid=1500, elite=150) ||dU~||2=3.47495 traceCovElite~=0.841387 R2=0.0741358 H(w)=0.000404612 perp=1.0004 w_max=0.999964
--------Variance: 3.75393e-08
Sum of |delta_u|: 0.904934
Post-update R2: 0.00902777
Final cost after weighting: -2.999435
E1_hat_1: 0.000666691
PI step 62 time: 0.0155851 seconds
********a(H_hat): 5.53262e-05
********New psi: 0.843753
2.88571e-08
Iteration: 63/150 ---------------------------
Expected cost over samples: -11.9871
min cost: -11.988
%%%%%%%%%E1_hat: 0.000666667
ESS: 1 / 1500
Diag(valid=1500, elite=150) ||dU~||2=2.40183 traceCovElite~=0.79064 R2=0.090019 H(w)=3.49485e-101 perp=1 w_max=1
--------Variance: 1.51334e-08
Sum of |delta_u|: 0.533546
Post-update R2: 0.0492415
Final cost after weighting: -2.999440
E1_hat_1: 0.000666667
PI step 63 time: 0.0164171 seconds
********a(H_hat): 4.77881e-102
********New psi: 0.8438
2.43496e-08
Iteration: 64/150 ---------------------------
Expected cost over samples: -11.9868
min cost: -11.9876
%%%%%%%%%E1_hat: 0.000666667
ESS: 1 / 1500
Diag(valid=1500, elite=150) ||dU~||2=3.56253 traceCovElite~=0.837964 R2=0.092853 H(w)=2.23932e-76 perp=1 w_max=1
--------Variance: 2.80927e-08
Sum of |delta_u|: 0.803557
Post-update R2: 0.0438346
Final cost after weighting: -2.999436
E1_hat_1: 0.000666667
PI step 64 time: 0.016639 seconds
********a(H_hat): 3.06202e-77
********New psi: 0.8438
2.05462e-08
Iteration: 65/150 ---------------------------
Expected cost over samples: -11.9857
min cost: -11.9864
%%%%%%%%%E1_hat: 0.000666667
ESS: 1 / 1500
Diag(valid=1500, elite=150) ||dU~||2=2.65009 traceCovElite~=0.828431 R2=0.0957369 H(w)=1.25313e-105 perp=1 w_max=1
--------Variance: 1.31176e-08
Sum of |delta_u|: 0.574754
Post-update R2: 0.0525397
Final cost after weighting: -2.999465
E1_hat_1: 0.000666667
PI step 65 time: 0.0176949 seconds
********a(H_hat): 1.71352e-106
********New psi: 0.8438
1.73369e-08
Iteration: 66/150 ---------------------------
Expected cost over samples: -11.9854
min cost: -11.9861
%%%%%%%%%E1_hat: 0.000666667
ESS: 1 / 1500
Diag(valid=1500, elite=150) ||dU~||2=2.92539 traceCovElite~=0.871285 R2=0.0455288 H(w)=9.08775e-158 perp=1 w_max=1
--------Variance: 1.34874e-08
Sum of |delta_u|: 0.658054
Post-update R2: 0.0161282
Final cost after weighting: -2.999455
E1_hat_1: 0.000666667
PI step 66 time: 0.0172345 seconds
********a(H_hat): 1.24265e-158
********New psi: 0.8438
1.46289e-08
Iteration: 67/150 ---------------------------
Expected cost over samples: -11.9862
min cost: -11.9868
%%%%%%%%%E1_hat: 0.00116986
ESS: 1.9617 / 1500
Diag(valid=1500, elite=150) ||dU~||2=2.02318 traceCovElite~=0.816674 R2=0.0859457 H(w)=0.683352 perp=1.98051 w_max=0.569868
--------Variance: 6.04521e-09
Sum of |delta_u|: 0.49385
Post-update R2: 0.0321831
Final cost after weighting: -2.999467
E1_hat_1: 0.00116986
PI step 67 time: 0.0188425 seconds
********a(H_hat): 0.0934407
********New psi: 0.764955
1.11904e-08
Iteration: 68/150 ---------------------------
Expected cost over samples: -11.9866
min cost: -11.9871
%%%%%%%%%E1_hat: 0.000666667
ESS: 1 / 1500
Diag(valid=1500, elite=150) ||dU~||2=2.56835 traceCovElite~=0.8141 R2=0.105852 H(w)=5.13343e-69 perp=1 w_max=1
--------Variance: 6.71031e-09
Sum of |delta_u|: 0.72968
Post-update R2: 0.0512602
Final cost after weighting: -2.999459
E1_hat_1: 0.000666667
PI step 68 time: 0.0177835 seconds
********a(H_hat): 7.01939e-70
********New psi: 0.8438
9.44247e-09
Iteration: 69/150 ---------------------------
Expected cost over samples: -11.987
min cost: -11.9875
%%%%%%%%%E1_hat: 0.000666667
ESS: 1 / 1500
Diag(valid=1500, elite=150) ||dU~||2=1.13064 traceCovElite~=0.818515 R2=0.102685 H(w)=1.55074e-48 perp=1 w_max=1
--------Variance: 1.09733e-09
Sum of |delta_u|: 0.272729
Post-update R2: 0.0829084
Final cost after weighting: -2.999451
E1_hat_1: 0.000666667
PI step 69 time: 0.0166747 seconds
********a(H_hat): 2.12046e-49
********New psi: 0.8438
7.96756e-09
Iteration: 70/150 ---------------------------
Expected cost over samples: -11.9869
min cost: -11.9873
%%%%%%%%%E1_hat: 0.000666667
ESS: 1 / 1500
Diag(valid=1500, elite=150) ||dU~||2=2.58206 traceCovElite~=0.826753 R2=0.103793 H(w)=2.49795e-93 perp=1 w_max=1
--------Variance: 4.82898e-09
Sum of |delta_u|: 0.621575
Post-update R2: 0.0291239
Final cost after weighting: -2.999464
E1_hat_1: 0.000666667
PI step 70 time: 0.0164775 seconds
********a(H_hat): 3.41566e-94
********New psi: 0.8438
6.72302e-09
Iteration: 71/150 ---------------------------
Expected cost over samples: -11.9866
min cost: -11.987
%%%%%%%%%E1_hat: 0.000666667
ESS: 1 / 1500
Diag(valid=1500, elite=150) ||dU~||2=2.81088 traceCovElite~=0.862753 R2=0.098445 H(w)=3.58212e-76 perp=1 w_max=1
--------Variance: 4.82887e-09
Sum of |delta_u|: 0.676759
Post-update R2: 0.0199773
Final cost after weighting: -2.999464
E1_hat_1: 0.000666667
PI step 71 time: 0.0167998 seconds
********a(H_hat): 4.89814e-77
********New psi: 0.8438
5.67289e-09
Iteration: 72/150 ---------------------------
Expected cost over samples: -11.9868
min cost: -11.9872
%%%%%%%%%E1_hat: 0.000666667
ESS: 1 / 1500
Diag(valid=1500, elite=150) ||dU~||2=2.64473 traceCovElite~=0.855885 R2=0.0736674 H(w)=1.58884e-26 perp=1 w_max=1
--------Variance: 3.60717e-09
Sum of |delta_u|: 0.607373
Post-update R2: 0.0382042
Final cost after weighting: -2.999464
E1_hat_1: 0.000666667
PI step 72 time: 0.0158846 seconds
********a(H_hat): 2.17255e-27
********New psi: 0.8438
4.78678e-09
Iteration: 73/150 ---------------------------
Expected cost over samples: -11.9867
min cost: -11.9871
%%%%%%%%%E1_hat: 0.000666667
ESS: 1 / 1500
Diag(valid=1500, elite=150) ||dU~||2=1.62272 traceCovElite~=0.841124 R2=0.0806669 H(w)=5.9109e-303 perp=1 w_max=1
--------Variance: 1.14588e-09
Sum of |delta_u|: 0.389181
Post-update R2: 0.0452291
Final cost after weighting: -2.999475
E1_hat_1: 0.000666667
PI step 73 time: 0.0169262 seconds
********a(H_hat): 8.08248e-304
********New psi: 0.8438
4.03909e-09
Iteration: 74/150 ---------------------------
Expected cost over samples: -11.9868
min cost: -11.9871
%%%%%%%%%E1_hat: 0.000666667
ESS: 1 / 1500
Diag(valid=1500, elite=150) ||dU~||2=2.56992 traceCovElite~=0.766686 R2=0.115215 H(w)=5.9109e-303 perp=1 w_max=1
--------Variance: 2.42475e-09
Sum of |delta_u|: 0.582746
Post-update R2: 0.0478412
Final cost after weighting: -2.999473
E1_hat_1: 0.000666667
PI step 74 time: 0.0161668 seconds
********a(H_hat): 8.08248e-304
********New psi: 0.8438
3.40818e-09
Iteration: 75/150 ---------------------------
Expected cost over samples: -11.9872
min cost: -11.9875
%%%%%%%%%E1_hat: 0.000666667
ESS: 1 / 1500
Diag(valid=1500, elite=150) ||dU~||2=3.32013 traceCovElite~=0.861449 R2=0.0517796 H(w)=7.23329e-36 perp=1 w_max=1
--------Variance: 3.41471e-09
Sum of |delta_u|: 0.736524
Post-update R2: 0.0470922
Final cost after weighting: -2.999469
E1_hat_1: 0.000666667
PI step 75 time: 0.015798 seconds
********a(H_hat): 9.89071e-37
********New psi: 0.8438
2.87582e-09
Iteration: 76/150 ---------------------------
Expected cost over samples: -11.9867
min cost: -11.9869
%%%%%%%%%E1_hat: 0.000666667
ESS: 1 / 1500
Diag(valid=1500, elite=150) ||dU~||2=3.90244 traceCovElite~=0.817859 R2=0.106947 H(w)=2.10288e-244 perp=1 w_max=1
--------Variance: 3.98145e-09
Sum of |delta_u|: 0.82715
Post-update R2: 0.0109593
Final cost after weighting: -2.999476
E1_hat_1: 0.000666667
PI step 76 time: 0.01561 seconds
********a(H_hat): 2.87545e-245
********New psi: 0.8438
2.42662e-09
Iteration: 77/150 ---------------------------
Expected cost over samples: -11.9866
min cost: -11.9869
%%%%%%%%%E1_hat: 0.000666667
ESS: 1 / 1500
Diag(valid=1500, elite=150) ||dU~||2=2.76299 traceCovElite~=0.820416 R2=0.0799092 H(w)=5.9109e-303 perp=1 w_max=1
--------Variance: 1.68369e-09
Sum of |delta_u|: 0.751078
Post-update R2: 0.0425546
Final cost after weighting: -2.999471
E1_hat_1: 0.000666667
PI step 77 time: 0.0159419 seconds
********a(H_hat): 8.08248e-304
********New psi: 0.8438
2.04758e-09
Iteration: 78/150 ---------------------------
Expected cost over samples: -11.9872
min cost: -11.9874
%%%%%%%%%E1_hat: 0.000666667
ESS: 1 / 1500
Diag(valid=1500, elite=150) ||dU~||2=4.40402 traceCovElite~=0.807439 R2=0.0762187 H(w)=9.62546e-196 perp=1 w_max=1
--------Variance: 3.61013e-09
Sum of |delta_u|: 1.02601
Post-update R2: 0.0515839
Final cost after weighting: -2.999477
E1_hat_1: 0.000666667
PI step 78 time: 0.0160068 seconds
********a(H_hat): 1.31617e-196
********New psi: 0.8438
1.72775e-09
Iteration: 79/150 ---------------------------
Expected cost over samples: -11.987
min cost: -11.9872
%%%%%%%%%E1_hat: 0.000666667
ESS: 1 / 1500
Diag(valid=1500, elite=150) ||dU~||2=3.29541 traceCovElite~=0.826508 R2=0.0589947 H(w)=8.43588e-21 perp=1 w_max=1
--------Variance: 1.70569e-09
Sum of |delta_u|: 0.83654
Post-update R2: 0.0276448
Final cost after weighting: -2.999484
E1_hat_1: 0.000666667
PI step 79 time: 0.0160102 seconds
********a(H_hat): 1.15351e-21
********New psi: 0.8438
1.45788e-09
Iteration: 80/150 ---------------------------
Expected cost over samples: -11.9871
min cost: -11.9873
%%%%%%%%%E1_hat: 0.000666667
ESS: 1 / 1500
Diag(valid=1500, elite=150) ||dU~||2=3.15334 traceCovElite~=0.840174 R2=0.0631966 H(w)=5.9109e-303 perp=1 w_max=1
--------Variance: 1.31759e-09
Sum of |delta_u|: 0.786618
Post-update R2: 0.0254647
Final cost after weighting: -2.999485
E1_hat_1: 0.000666667
PI step 80 time: 0.0160358 seconds
********a(H_hat): 8.08248e-304
********New psi: 0.8438
1.23016e-09
Iteration: 81/150 ---------------------------
Expected cost over samples: -11.9876
min cost: -11.9877
%%%%%%%%%E1_hat: 0.000666667
ESS: 1 / 1500
Diag(valid=1500, elite=150) ||dU~||2=3.8422 traceCovElite~=0.813006 R2=0.05569 H(w)=5.9109e-303 perp=1 w_max=1
--------Variance: 1.65082e-09
Sum of |delta_u|: 0.838591
Post-update R2: 0.00779965
Final cost after weighting: -2.999483
E1_hat_1: 0.000666667
PI step 81 time: 0.0156376 seconds
********a(H_hat): 8.08248e-304
********New psi: 0.8438
1.038e-09
Iteration: 82/150 ---------------------------
Expected cost over samples: -11.9873
min cost: -11.9875
%%%%%%%%%E1_hat: 0.000666667
ESS: 1 / 1500
Diag(valid=1500, elite=150) ||dU~||2=2.92889 traceCovElite~=0.810413 R2=0.0794835 H(w)=5.9109e-303 perp=1 w_max=1
--------Variance: 8.0945e-10
Sum of |delta_u|: 0.54041
Post-update R2: 0.0639906
Final cost after weighting: -2.999484
E1_hat_1: 0.000666667
PI step 82 time: 0.0162421 seconds
********a(H_hat): 8.08248e-304
********New psi: 0.8438
8.75868e-10
Iteration: 83/150 ---------------------------
Expected cost over samples: -11.9872
min cost: -11.9874
%%%%%%%%%E1_hat: 0.000666667
ESS: 1 / 1500
Diag(valid=1500, elite=150) ||dU~||2=2.97063 traceCovElite~=0.793849 R2=0.119086 H(w)=1.39821e-108 perp=1 w_max=1
--------Variance: 7.02643e-10
Sum of |delta_u|: 0.715117
Post-update R2: 0.0494228
Final cost after weighting: -2.999481
E1_hat_1: 0.000666667
PI step 83 time: 0.0156513 seconds
********a(H_hat): 1.91189e-109
********New psi: 0.8438
7.39058e-10
Iteration: 84/150 ---------------------------
Expected cost over samples: -11.9873
min cost: -11.9875
%%%%%%%%%E1_hat: 0.000666667
ESS: 1 / 1500
Diag(valid=1500, elite=150) ||dU~||2=1.84489 traceCovElite~=0.87317 R2=0.0805347 H(w)=2.32664e-54 perp=1 w_max=1
--------Variance: 2.28678e-10
Sum of |delta_u|: 0.469885
Post-update R2: 0.0438075
Final cost after weighting: -2.999483
E1_hat_1: 0.000666667
PI step 84 time: 0.0157589 seconds
********a(H_hat): 3.18141e-55
********New psi: 0.8438
6.23617e-10
Iteration: 85/150 ---------------------------
Expected cost over samples: -11.9873
min cost: -11.9874
%%%%%%%%%E1_hat: 0.000666667
ESS: 1 / 1500
Diag(valid=1500, elite=150) ||dU~||2=2.59938 traceCovElite~=0.806208 R2=0.084776 H(w)=5.9109e-303 perp=1 w_max=1
--------Variance: 3.83055e-10
Sum of |delta_u|: 0.62434
Post-update R2: 0.0453523
Final cost after weighting: -2.999486
E1_hat_1: 0.000666667
PI step 85 time: 0.0160491 seconds
********a(H_hat): 8.08248e-304
********New psi: 0.8438
5.26208e-10
Iteration: 86/150 ---------------------------
Expected cost over samples: -11.9874
min cost: -11.9875
%%%%%%%%%E1_hat: 0.000666667
ESS: 1 / 1500
Diag(valid=1500, elite=150) ||dU~||2=3.44244 traceCovElite~=0.834057 R2=0.0813597 H(w)=2.72135e-142 perp=1 w_max=1
--------Variance: 5.66881e-10
Sum of |delta_u|: 0.84364
Post-update R2: 0.0343634
Final cost after weighting: -2.999484
E1_hat_1: 0.000666667
PI step 86 time: 0.0159586 seconds
********a(H_hat): 3.72114e-143
********New psi: 0.8438
4.44014e-10
Iteration: 87/150 ---------------------------
Expected cost over samples: -11.9873
min cost: -11.9874
%%%%%%%%%E1_hat: 0.000666667
ESS: 1 / 1500
Diag(valid=1500, elite=150) ||dU~||2=3.15336 traceCovElite~=0.811164 R2=0.0672951 H(w)=1.84449e-107 perp=1 w_max=1
--------Variance: 4.01294e-10
Sum of |delta_u|: 0.76072
Post-update R2: 0.0312939
Final cost after weighting: -2.999481
E1_hat_1: 0.000666667
PI step 87 time: 0.0162522 seconds
********a(H_hat): 2.52212e-108
********New psi: 0.8438
3.74659e-10
Iteration: 88/150 ---------------------------
Expected cost over samples: -11.9871
min cost: -11.9872
%%%%%%%%%E1_hat: 0.000666667
ESS: 1 / 1500
Diag(valid=1500, elite=150) ||dU~||2=3.70664 traceCovElite~=0.793588 R2=0.0818194 H(w)=5.9109e-303 perp=1 w_max=1
--------Variance: 4.67919e-10
Sum of |delta_u|: 0.837025
Post-update R2: 0.0398483
Final cost after weighting: -2.999487
E1_hat_1: 0.000666667
PI step 88 time: 0.0159238 seconds
********a(H_hat): 8.08248e-304
********New psi: 0.8438
3.16137e-10
Iteration: 89/150 ---------------------------
Expected cost over samples: -11.9873
min cost: -11.9874
%%%%%%%%%E1_hat: 0.000666667
ESS: 1 / 1500
Diag(valid=1500, elite=150) ||dU~||2=2.78687 traceCovElite~=0.824758 R2=0.0865582 H(w)=2.42535e-93 perp=1 w_max=1
--------Variance: 2.23189e-10
Sum of |delta_u|: 0.623813
Post-update R2: 0.063395
Final cost after weighting: -2.999485
E1_hat_1: 0.000666667
PI step 89 time: 0.0153076 seconds
********a(H_hat): 3.31639e-94
********New psi: 0.8438
2.66757e-10
Iteration: 90/150 ---------------------------
Expected cost over samples: -11.9874
min cost: -11.9875
%%%%%%%%%E1_hat: 0.000666667
ESS: 1 / 1500
Diag(valid=1500, elite=150) ||dU~||2=3.34852 traceCovElite~=0.883257 R2=0.0821246 H(w)=5.9109e-303 perp=1 w_max=1
--------Variance: 2.71912e-10
Sum of |delta_u|: 0.84577
Post-update R2: 0.0210104
Final cost after weighting: -2.999489
E1_hat_1: 0.000666667
PI step 90 time: 0.0166207 seconds
********a(H_hat): 8.08248e-304
********New psi: 0.8438
2.25089e-10
Iteration: 91/150 ---------------------------
Expected cost over samples: -11.9874
min cost: -11.9874
%%%%%%%%%E1_hat: 0.000666667
ESS: 1 / 1500
Diag(valid=1500, elite=150) ||dU~||2=2.40795 traceCovElite~=0.82363 R2=0.0926456 H(w)=5.9109e-303 perp=1 w_max=1
--------Variance: 1.18644e-10
Sum of |delta_u|: 0.576735
Post-update R2: 0.0195155
Final cost after weighting: -2.999488
E1_hat_1: 0.000666667
PI step 91 time: 0.0173712 seconds
********a(H_hat): 8.08248e-304
********New psi: 0.8438
1.8993e-10
Iteration: 92/150 ---------------------------
Expected cost over samples: -11.9874
min cost: -11.9875
%%%%%%%%%E1_hat: 0.000666667
ESS: 1 / 1500
Diag(valid=1500, elite=150) ||dU~||2=2.21908 traceCovElite~=0.877322 R2=0.0555122 H(w)=5.9109e-303 perp=1 w_max=1
--------Variance: 8.50205e-11
Sum of |delta_u|: 0.586039
Post-update R2: 0.0263726
Final cost after weighting: -2.999488
E1_hat_1: 0.000666667
PI step 92 time: 0.0160089 seconds
********a(H_hat): 8.08248e-304
********New psi: 0.8438
1.60263e-10
Iteration: 93/150 ---------------------------
Expected cost over samples: -11.9875
min cost: -11.9876
%%%%%%%%%E1_hat: 0.000666667
ESS: 1 / 1500
Diag(valid=1500, elite=150) ||dU~||2=3.15476 traceCovElite~=0.810906 R2=0.100435 H(w)=5.9109e-303 perp=1 w_max=1
--------Variance: 1.45002e-10
Sum of |delta_u|: 0.806196
Post-update R2: 0.0373085
Final cost after weighting: -2.999490
E1_hat_1: 0.000666667
PI step 93 time: 0.0163216 seconds
********a(H_hat): 8.08248e-304
********New psi: 0.8438
1.3523e-10
Iteration: 94/150 ---------------------------
Expected cost over samples: -11.9875
min cost: -11.9876
%%%%%%%%%E1_hat: 0.000666667
ESS: 1 / 1500
Diag(valid=1500, elite=150) ||dU~||2=1.77232 traceCovElite~=0.816305 R2=0.0898535 H(w)=8.425e-244 perp=1 w_max=1
--------Variance: 3.86148e-11
Sum of |delta_u|: 0.422238
Post-update R2: 0.0650573
Final cost after weighting: -2.999489
E1_hat_1: 0.000666667
PI step 94 time: 0.0172515 seconds
********a(H_hat): 1.15202e-244
********New psi: 0.8438
1.14107e-10
Iteration: 95/150 ---------------------------
Expected cost over samples: -11.9876
min cost: -11.9876
%%%%%%%%%E1_hat: 0.000666667
ESS: 1 / 1500
Diag(valid=1500, elite=150) ||dU~||2=3.05052 traceCovElite~=0.872065 R2=0.0939436 H(w)=5.9109e-303 perp=1 w_max=1
--------Variance: 9.65312e-11
Sum of |delta_u|: 0.7643
Post-update R2: 0.0310392
Final cost after weighting: -2.999489
E1_hat_1: 0.000666667
PI step 95 time: 0.0170886 seconds
********a(H_hat): 8.08248e-304
********New psi: 0.8438
9.62837e-11
Iteration: 96/150 ---------------------------
Expected cost over samples: -11.9876
min cost: -11.9876
%%%%%%%%%E1_hat: 0.000666667
ESS: 1 / 1500
Diag(valid=1500, elite=150) ||dU~||2=2.83805 traceCovElite~=0.802816 R2=0.0793837 H(w)=5.9109e-303 perp=1 w_max=1
--------Variance: 7.04997e-11
Sum of |delta_u|: 0.691414
Post-update R2: 0.0540331
Final cost after weighting: -2.999488
E1_hat_1: 0.000666667
PI step 96 time: 0.0165131 seconds
********a(H_hat): 8.08248e-304
********New psi: 0.8438
8.12442e-11
Iteration: 97/150 ---------------------------
Expected cost over samples: -11.9875
min cost: -11.9876
%%%%%%%%%E1_hat: 0.000666667
ESS: 1 / 1500
Diag(valid=1500, elite=150) ||dU~||2=2.24497 traceCovElite~=0.864865 R2=0.0922088 H(w)=5.9109e-303 perp=1 w_max=1
--------Variance: 3.72236e-11
Sum of |delta_u|: 0.555996
Post-update R2: 0.0601287
Final cost after weighting: -2.999489
E1_hat_1: 0.000666667
PI step 97 time: 0.0156326 seconds
********a(H_hat): 8.08248e-304
********New psi: 0.8438
6.85538e-11
Iteration: 98/150 ---------------------------
Expected cost over samples: -11.9875
min cost: -11.9876
%%%%%%%%%E1_hat: 0.000666667
ESS: 1 / 1500
Diag(valid=1500, elite=150) ||dU~||2=4.04782 traceCovElite~=0.834565 R2=0.072389 H(w)=5.9109e-303 perp=1 w_max=1
--------Variance: 1.021e-10
Sum of |delta_u|: 0.992503
Post-update R2: 0.0296004
Final cost after weighting: -2.999488
E1_hat_1: 0.000666667
PI step 98 time: 0.016504 seconds
********a(H_hat): 8.08248e-304
********New psi: 0.8438
5.78457e-11
Iteration: 99/150 ---------------------------
Expected cost over samples: -11.9874
min cost: -11.9875
%%%%%%%%%E1_hat: 0.000666667
ESS: 1 / 1500
Diag(valid=1500, elite=150) ||dU~||2=2.14342 traceCovElite~=0.789375 R2=0.0826102 H(w)=5.9109e-303 perp=1 w_max=1
--------Variance: 2.41596e-11
Sum of |delta_u|: 0.501704
Post-update R2: 0.0556272
Final cost after weighting: -2.999489
E1_hat_1: 0.000666667
PI step 99 time: 0.0160258 seconds
********a(H_hat): 8.08248e-304
********New psi: 0.8438
4.88102e-11
Iteration: 100/150 ---------------------------
Expected cost over samples: -11.9874
min cost: -11.9875
%%%%%%%%%E1_hat: 0.000666667
ESS: 1 / 1500
Diag(valid=1500, elite=150) ||dU~||2=2.29019 traceCovElite~=0.790113 R2=0.0680711 H(w)=5.9109e-303 perp=1 w_max=1
--------Variance: 2.32733e-11
Sum of |delta_u|: 0.567476
Post-update R2: 0.0222614
Final cost after weighting: -2.999490
E1_hat_1: 0.000666667
PI step 100 time: 0.0159647 seconds
********a(H_hat): 8.08248e-304
********New psi: 0.8438
4.11861e-11
Iteration: 101/150 ---------------------------
Expected cost over samples: -11.9874
min cost: -11.9875
%%%%%%%%%E1_hat: 0.000666667
ESS: 1 / 1500
Diag(valid=1500, elite=150) ||dU~||2=3.82223 traceCovElite~=0.807621 R2=0.076304 H(w)=5.9109e-303 perp=1 w_max=1
--------Variance: 5.47005e-11
Sum of |delta_u|: 0.830153
Post-update R2: 0.0368646
Final cost after weighting: -2.999489
E1_hat_1: 0.000666667
PI step 101 time: 0.0156325 seconds
********a: -7.31322
********New psi: 0.843838
3.47544e-11
Iteration: 102/150 ---------------------------
Expected cost over samples: -11.9874
min cost: -11.9875
%%%%%%%%%E1_hat: 0.000666667
ESS: 1 / 1500
Diag(valid=1500, elite=150) ||dU~||2=2.62444 traceCovElite~=0.812123 R2=0.0842133 H(w)=5.9109e-303 perp=1 w_max=1
--------Variance: 2.17616e-11
Sum of |delta_u|: 0.647718
Post-update R2: 0.0452579
Final cost after weighting: -2.999490
E1_hat_1: 0.000666667
PI step 102 time: 0.0151741 seconds
********a: -7.31322
********New psi: 0.843838
2.93271e-11
Iteration: 103/150 ---------------------------
Expected cost over samples: -11.9875
min cost: -11.9875
%%%%%%%%%E1_hat: 0.000666667
ESS: 1 / 1500
Diag(valid=1500, elite=150) ||dU~||2=3.6471 traceCovElite~=0.84061 R2=0.0775354 H(w)=5.9109e-303 perp=1 w_max=1
--------Variance: 3.54624e-11
Sum of |delta_u|: 0.746453
Post-update R2: 0.0178829
Final cost after weighting: -2.999490
E1_hat_1: 0.000666667
PI step 103 time: 0.0152093 seconds
********a: -7.31322
********New psi: 0.843838
2.47473e-11
Iteration: 104/150 ---------------------------
Expected cost over samples: -11.9875
min cost: -11.9875
%%%%%%%%%E1_hat: 0.000666667
ESS: 1 / 1500
Diag(valid=1500, elite=150) ||dU~||2=3.95438 traceCovElite~=0.806582 R2=0.0979602 H(w)=5.9109e-303 perp=1 w_max=1
--------Variance: 3.5178e-11
Sum of |delta_u|: 0.922305
Post-update R2: 0.0368312
Final cost after weighting: -2.999490
E1_hat_1: 0.000666667
PI step 104 time: 0.0155514 seconds
********a: -7.31322
********New psi: 0.843838
2.08827e-11
Iteration: 105/150 ---------------------------
Expected cost over samples: -11.9874
min cost: -11.9875
%%%%%%%%%E1_hat: 0.000666667
ESS: 1 / 1500
Diag(valid=1500, elite=150) ||dU~||2=2.50408 traceCovElite~=0.823771 R2=0.0740008 H(w)=5.9109e-303 perp=1 w_max=1
--------Variance: 1.19025e-11
Sum of |delta_u|: 0.648533
Post-update R2: 0.0659847
Final cost after weighting: -2.999490
E1_hat_1: 0.000666667
PI step 105 time: 0.0151562 seconds
********a: -7.31322
********New psi: 0.843838
1.76216e-11
Iteration: 106/150 ---------------------------
Expected cost over samples: -11.9874
min cost: -11.9874
%%%%%%%%%E1_hat: 0.000666667
ESS: 1 / 1500
Diag(valid=1500, elite=150) ||dU~||2=2.64826 traceCovElite~=0.894728 R2=0.0819303 H(w)=1.8987e-277 perp=1 w_max=1
--------Variance: 1.12332e-11
Sum of |delta_u|: 0.579248
Post-update R2: 0.0446823
Final cost after weighting: -2.999490
E1_hat_1: 0.000666667
PI step 106 time: 0.0152304 seconds
********a: -7.31322
********New psi: 0.843838
1.48698e-11
Iteration: 107/150 ---------------------------
Expected cost over samples: -11.9874
min cost: -11.9875
%%%%%%%%%E1_hat: 0.000666667
ESS: 1 / 1500
Diag(valid=1500, elite=150) ||dU~||2=3.25515 traceCovElite~=0.829232 R2=0.0751582 H(w)=5.9109e-303 perp=1 w_max=1
--------Variance: 1.43236e-11
Sum of |delta_u|: 0.860142
Post-update R2: 0.0169136
Final cost after weighting: -2.999490
E1_hat_1: 0.000666667
PI step 107 time: 0.0152198 seconds
********a: -7.31322
********New psi: 0.843838
1.25477e-11
Iteration: 108/150 ---------------------------
Expected cost over samples: -11.9875
min cost: -11.9875
%%%%%%%%%E1_hat: 0.000666667
ESS: 1 / 1500
Diag(valid=1500, elite=150) ||dU~||2=2.41542 traceCovElite~=0.780179 R2=0.0755524 H(w)=5.9109e-303 perp=1 w_max=1
--------Variance: 6.65509e-12
Sum of |delta_u|: 0.574601
Post-update R2: 0.035202
Final cost after weighting: -2.999490
E1_hat_1: 0.000666667
PI step 108 time: 0.0155617 seconds
********a: -7.31322
********New psi: 0.843838
1.05882e-11
Iteration: 109/150 ---------------------------
Expected cost over samples: -11.9875
min cost: -11.9875
%%%%%%%%%E1_hat: 0.000666667
ESS: 1 / 1500
Diag(valid=1500, elite=150) ||dU~||2=2.24987 traceCovElite~=0.807334 R2=0.107875 H(w)=5.9109e-303 perp=1 w_max=1
--------Variance: 4.87235e-12
Sum of |delta_u|: 0.557696
Post-update R2: 0.0468097
Final cost after weighting: -2.999490
E1_hat_1: 0.000666667
PI step 109 time: 0.0151774 seconds
********a: -7.31322
********New psi: 0.843838
8.93474e-12
Iteration: 110/150 ---------------------------
Expected cost over samples: -11.9875
min cost: -11.9875
%%%%%%%%%E1_hat: 0.000666667
ESS: 1 / 1500
Diag(valid=1500, elite=150) ||dU~||2=3.67018 traceCovElite~=0.814198 R2=0.0777985 H(w)=5.9109e-303 perp=1 w_max=1
--------Variance: 1.09411e-11
Sum of |delta_u|: 0.897386
Post-update R2: 0.0132665
Final cost after weighting: -2.999490
E1_hat_1: 0.000666667
PI step 110 time: 0.0155384 seconds
********a: -7.31322
********New psi: 0.843838
7.53947e-12
Iteration: 111/150 ---------------------------
Expected cost over samples: -11.9875
min cost: -11.9875
%%%%%%%%%E1_hat: 0.000666667
ESS: 1 / 1500
Diag(valid=1500, elite=150) ||dU~||2=3.9023 traceCovElite~=0.857057 R2=0.0685277 H(w)=5.9109e-303 perp=1 w_max=1
--------Variance: 1.04373e-11
Sum of |delta_u|: 0.953694
Post-update R2: 0.0127562
Final cost after weighting: -2.999491
E1_hat_1: 0.000666667
PI step 111 time: 0.014884 seconds
********a: -7.31322
********New psi: 0.843838
6.36209e-12
Iteration: 112/150 ---------------------------
Expected cost over samples: -11.9875
min cost: -11.9875
%%%%%%%%%E1_hat: 0.000666667
ESS: 1 / 1500
Diag(valid=1500, elite=150) ||dU~||2=2.19503 traceCovElite~=0.85418 R2=0.0876463 H(w)=5.9109e-303 perp=1 w_max=1
--------Variance: 2.78642e-12
Sum of |delta_u|: 0.522022
Post-update R2: 0.0657518
Final cost after weighting: -2.999490
E1_hat_1: 0.000666667
PI step 112 time: 0.0151175 seconds
********a: -7.31322
********New psi: 0.843838
5.36858e-12
Iteration: 113/150 ---------------------------
Expected cost over samples: -11.9875
min cost: -11.9875
%%%%%%%%%E1_hat: 0.000666667
ESS: 1 / 1500
Diag(valid=1500, elite=150) ||dU~||2=2.97546 traceCovElite~=0.820845 R2=0.0905202 H(w)=5.9109e-303 perp=1 w_max=1
--------Variance: 4.32087e-12
Sum of |delta_u|: 0.648075
Post-update R2: 0.0253219
Final cost after weighting: -2.999491
E1_hat_1: 0.000666667
PI step 113 time: 0.0151144 seconds
********a: -7.31322
********New psi: 0.843838
4.53021e-12
Iteration: 114/150 ---------------------------
Expected cost over samples: -11.9875
min cost: -11.9875
%%%%%%%%%E1_hat: 0.000666667
ESS: 1 / 1500
Diag(valid=1500, elite=150) ||dU~||2=4.87799 traceCovElite~=0.839388 R2=0.0749243 H(w)=5.9109e-303 perp=1 w_max=1
--------Variance: 9.7986e-12
Sum of |delta_u|: 1.25502
Post-update R2: 0.029314
Final cost after weighting: -2.999491
E1_hat_1: 0.000666667
PI step 114 time: 0.0146437 seconds
********a: -7.31322
********New psi: 0.843838
3.82276e-12
Iteration: 115/150 ---------------------------
Expected cost over samples: -11.9875
min cost: -11.9875
%%%%%%%%%E1_hat: 0.000666667
ESS: 1 / 1500
Diag(valid=1500, elite=150) ||dU~||2=3.6124 traceCovElite~=0.788172 R2=0.132141 H(w)=5.9109e-303 perp=1 w_max=1
--------Variance: 4.53484e-12
Sum of |delta_u|: 0.88968
Post-update R2: 0.0210198
Final cost after weighting: -2.999491
E1_hat_1: 0.000666667
PI step 115 time: 0.0144593 seconds
********a: -7.31322
********New psi: 0.843838
3.22579e-12
Iteration: 116/150 ---------------------------
Expected cost over samples: -11.9875
min cost: -11.9875
%%%%%%%%%E1_hat: 0.000666667
ESS: 1 / 1500
Diag(valid=1500, elite=150) ||dU~||2=2.38283 traceCovElite~=0.846667 R2=0.0618276 H(w)=5.9109e-303 perp=1 w_max=1
--------Variance: 1.66481e-12
Sum of |delta_u|: 0.636829
Post-update R2: 0.0214863
Final cost after weighting: -2.999491
E1_hat_1: 0.000666667
PI step 116 time: 0.0152289 seconds
********a: -7.31322
********New psi: 0.843838
2.72205e-12
Iteration: 117/150 ---------------------------
Expected cost over samples: -11.9875
min cost: -11.9875
%%%%%%%%%E1_hat: 0.000666667
ESS: 1 / 1500
Diag(valid=1500, elite=150) ||dU~||2=4.05308 traceCovElite~=0.853632 R2=0.0972709 H(w)=5.9109e-303 perp=1 w_max=1
--------Variance: 4.06447e-12
Sum of |delta_u|: 0.974079
Post-update R2: 0.0213023
Final cost after weighting: -2.999491
E1_hat_1: 0.000666667
PI step 117 time: 0.0159003 seconds
********a: -7.31322
********New psi: 0.843838
2.29697e-12
Iteration: 118/150 ---------------------------
Expected cost over samples: -11.9875
min cost: -11.9875
%%%%%%%%%E1_hat: 0.000666667
ESS: 1 / 1500
Diag(valid=1500, elite=150) ||dU~||2=3.38614 traceCovElite~=0.81194 R2=0.085383 H(w)=5.9109e-303 perp=1 w_max=1
--------Variance: 2.3942e-12
Sum of |delta_u|: 0.82596
Post-update R2: 0.0196336
Final cost after weighting: -2.999491
E1_hat_1: 0.000666667
PI step 118 time: 0.0151645 seconds
********a: -7.31322
********New psi: 0.843838
1.93827e-12
Iteration: 119/150 ---------------------------
Expected cost over samples: -11.9875
min cost: -11.9875
%%%%%%%%%E1_hat: 0.000666667
ESS: 1 / 1500
Diag(valid=1500, elite=150) ||dU~||2=2.56903 traceCovElite~=0.83521 R2=0.08302 H(w)=5.9109e-303 perp=1 w_max=1
--------Variance: 1.16295e-12
Sum of |delta_u|: 0.525098
Post-update R2: 0.0335348
Final cost after weighting: -2.999491
E1_hat_1: 0.000666667
PI step 119 time: 0.0145722 seconds
********a: -7.31322
********New psi: 0.843838
1.63558e-12
Iteration: 120/150 ---------------------------
Expected cost over samples: -11.9875
min cost: -11.9875
%%%%%%%%%E1_hat: 0.000666667
ESS: 1 / 1500
Diag(valid=1500, elite=150) ||dU~||2=2.65017 traceCovElite~=0.805748 R2=0.0816972 H(w)=5.9109e-303 perp=1 w_max=1
--------Variance: 1.0443e-12
Sum of |delta_u|: 0.600369
Post-update R2: 0.0189218
Final cost after weighting: -2.999491
E1_hat_1: 0.000666667
PI step 120 time: 0.0145442 seconds
********a: -7.31322
********New psi: 0.843838
1.38017e-12
Iteration: 121/150 ---------------------------
Expected cost over samples: -11.9875
min cost: -11.9875
%%%%%%%%%E1_hat: 0.000666667
ESS: 1 / 1500
Diag(valid=1500, elite=150) ||dU~||2=2.60754 traceCovElite~=0.857505 R2=0.0686894 H(w)=5.9109e-303 perp=1 w_max=1
--------Variance: 8.53099e-13
Sum of |delta_u|: 0.699141
Post-update R2: 0.0269363
Final cost after weighting: -2.999492
E1_hat_1: 0.000666667
PI step 121 time: 0.0153313 seconds
********a: -7.31322
********New psi: 0.843838
1.16464e-12
Iteration: 122/150 ---------------------------
Expected cost over samples: -11.9875
min cost: -11.9875
%%%%%%%%%E1_hat: 0.000666667
ESS: 1 / 1500
Diag(valid=1500, elite=150) ||dU~||2=3.42841 traceCovElite~=0.758808 R2=0.0852272 H(w)=5.9109e-303 perp=1 w_max=1
--------Variance: 1.24447e-12
Sum of |delta_u|: 0.854923
Post-update R2: 0.0542356
Final cost after weighting: -2.999492
E1_hat_1: 0.000666667
PI step 122 time: 0.0149797 seconds
********a: -7.31322
********New psi: 0.843838
9.82766e-13
Iteration: 123/150 ---------------------------
Expected cost over samples: -11.9875
min cost: -11.9875
%%%%%%%%%E1_hat: 0.000666667
ESS: 1 / 1500
Diag(valid=1500, elite=150) ||dU~||2=3.07512 traceCovElite~=0.847883 R2=0.0867698 H(w)=5.9109e-303 perp=1 w_max=1
--------Variance: 8.44852e-13
Sum of |delta_u|: 0.744617
Post-update R2: 0.0468375
Final cost after weighting: -2.999492
E1_hat_1: 0.000666667
PI step 123 time: 0.0154617 seconds
********a: -7.31322
********New psi: 0.843838
8.29295e-13
Iteration: 124/150 ---------------------------
Expected cost over samples: -11.9875
min cost: -11.9875
%%%%%%%%%E1_hat: 0.000666667
ESS: 1 / 1500
Diag(valid=1500, elite=150) ||dU~||2=3.09493 traceCovElite~=0.782614 R2=0.0705521 H(w)=5.9109e-303 perp=1 w_max=1
--------Variance: 7.22035e-13
Sum of |delta_u|: 0.751469
Post-update R2: 0.0439523
Final cost after weighting: -2.999492
E1_hat_1: 0.000666667
PI step 124 time: 0.015295 seconds
********a: -7.31322
********New psi: 0.843838
6.99791e-13
Iteration: 125/150 ---------------------------
Expected cost over samples: -11.9875
min cost: -11.9875
%%%%%%%%%E1_hat: 0.000666667
ESS: 1 / 1500
Diag(valid=1500, elite=150) ||dU~||2=3.65287 traceCovElite~=0.798779 R2=0.0892063 H(w)=5.9109e-303 perp=1 w_max=1
--------Variance: 8.4878e-13
Sum of |delta_u|: 0.781769
Post-update R2: 0.0526605
Final cost after weighting: -2.999492
E1_hat_1: 0.000666667
PI step 125 time: 0.0150885 seconds
********a: -7.31322
********New psi: 0.843838
5.9051e-13
Iteration: 126/150 ---------------------------
Expected cost over samples: -11.9875
min cost: -11.9875
%%%%%%%%%E1_hat: 0.000666667
ESS: 1 / 1500
Diag(valid=1500, elite=150) ||dU~||2=2.26896 traceCovElite~=0.831947 R2=0.0948199 H(w)=5.9109e-303 perp=1 w_max=1
--------Variance: 2.76369e-13
Sum of |delta_u|: 0.533281
Post-update R2: 0.0583417
Final cost after weighting: -2.999492
E1_hat_1: 0.000666667
PI step 126 time: 0.0156765 seconds
********a: -7.31322
********New psi: 0.843838
4.98295e-13
Iteration: 127/150 ---------------------------
Expected cost over samples: -11.9875
min cost: -11.9875
%%%%%%%%%E1_hat: 0.000666667
ESS: 1 / 1500
Diag(valid=1500, elite=150) ||dU~||2=2.36213 traceCovElite~=0.798721 R2=0.099576 H(w)=5.9109e-303 perp=1 w_max=1
--------Variance: 2.52695e-13
Sum of |delta_u|: 0.615535
Post-update R2: 0.0611742
Final cost after weighting: -2.999492
E1_hat_1: 0.000666667
PI step 127 time: 0.014649 seconds
********a: -7.31322
********New psi: 0.843838
4.2048e-13
Iteration: 128/150 ---------------------------
Expected cost over samples: -11.9875
min cost: -11.9875
%%%%%%%%%E1_hat: 0.000666667
ESS: 1 / 1500
Diag(valid=1500, elite=150) ||dU~||2=2.38556 traceCovElite~=0.849738 R2=0.0877797 H(w)=5.9109e-303 perp=1 w_max=1
--------Variance: 2.17512e-13
Sum of |delta_u|: 0.560693
Post-update R2: 0.0574607
Final cost after weighting: -2.999492
E1_hat_1: 0.000666667
PI step 128 time: 0.0157396 seconds
********a: -7.31322
********New psi: 0.843838
3.54817e-13
Iteration: 129/150 ---------------------------
Expected cost over samples: -11.9875
min cost: -11.9875
%%%%%%%%%E1_hat: 0.000666667
ESS: 1 / 1500
Diag(valid=1500, elite=150) ||dU~||2=1.29875 traceCovElite~=0.832498 R2=0.0762969 H(w)=5.9109e-303 perp=1 w_max=1
--------Variance: 5.43973e-14
Sum of |delta_u|: 0.321585
Post-update R2: 0.0641702
Final cost after weighting: -2.999492
E1_hat_1: 0.000666667
PI step 129 time: 0.0156495 seconds
********a: -7.31322
********New psi: 0.843838
2.99408e-13
Iteration: 130/150 ---------------------------
Expected cost over samples: -11.9875
min cost: -11.9875
%%%%%%%%%E1_hat: 0.000666667
ESS: 1 / 1500
Diag(valid=1500, elite=150) ||dU~||2=3.42354 traceCovElite~=0.797329 R2=0.0825944 H(w)=5.9109e-303 perp=1 w_max=1
--------Variance: 3.18984e-13
Sum of |delta_u|: 0.671245
Post-update R2: 0.0630184
Final cost after weighting: -2.999492
E1_hat_1: 0.000666667
PI step 130 time: 0.0152527 seconds
********a: -7.31322
********New psi: 0.843838
2.52652e-13
Iteration: 131/150 ---------------------------
Expected cost over samples: -11.9875
min cost: -11.9875
%%%%%%%%%E1_hat: 0.000666667
ESS: 1 / 1500
Diag(valid=1500, elite=150) ||dU~||2=3.09287 traceCovElite~=0.803967 R2=0.0711504 H(w)=5.9109e-303 perp=1 w_max=1
--------Variance: 2.19701e-13
Sum of |delta_u|: 0.75777
Post-update R2: 0.0250188
Final cost after weighting: -2.999492
E1_hat_1: 0.000666667
PI step 131 time: 0.0152722 seconds
********a: -7.31322
********New psi: 0.843838
2.13197e-13
Iteration: 132/150 ---------------------------
Expected cost over samples: -11.9875
min cost: -11.9875
%%%%%%%%%E1_hat: 0.000666667
ESS: 1 / 1500
Diag(valid=1500, elite=150) ||dU~||2=2.08416 traceCovElite~=0.874552 R2=0.0934834 H(w)=5.9109e-303 perp=1 w_max=1
--------Variance: 8.41803e-14
Sum of |delta_u|: 0.487681
Post-update R2: 0.0549924
Final cost after weighting: -2.999492
E1_hat_1: 0.000666667
PI step 132 time: 0.0152332 seconds
********a: -7.31322
********New psi: 0.843838
1.79904e-13
Iteration: 133/150 ---------------------------
Expected cost over samples: -11.9875
min cost: -11.9875
%%%%%%%%%E1_hat: 0.000666667
ESS: 1 / 1500
Diag(valid=1500, elite=150) ||dU~||2=3.90379 traceCovElite~=0.866337 R2=0.0890204 H(w)=5.9109e-303 perp=1 w_max=1
--------Variance: 2.49237e-13
Sum of |delta_u|: 0.943141
Post-update R2: 0.00253122
Final cost after weighting: -2.999492
E1_hat_1: 0.000666667
PI step 133 time: 0.0149047 seconds
********a: -7.31322
********New psi: 0.843838
1.5181e-13
Iteration: 134/150 ---------------------------
Expected cost over samples: -11.9875
min cost: -11.9875
%%%%%%%%%E1_hat: 0.000666667
ESS: 1 / 1500
Diag(valid=1500, elite=150) ||dU~||2=2.3557 traceCovElite~=0.8026 R2=0.0766177 H(w)=5.9109e-303 perp=1 w_max=1
--------Variance: 7.65802e-14
Sum of |delta_u|: 0.556473
Post-update R2: 0.0279682
Final cost after weighting: -2.999492
E1_hat_1: 0.000666667
PI step 134 time: 0.0145707 seconds
********a: -7.31322
********New psi: 0.843838
1.28103e-13
Iteration: 135/150 ---------------------------
Expected cost over samples: -11.9875
min cost: -11.9875
%%%%%%%%%E1_hat: 0.000666667
ESS: 1 / 1500
Diag(valid=1500, elite=150) ||dU~||2=3.6296 traceCovElite~=0.825435 R2=0.0674232 H(w)=5.9109e-303 perp=1 w_max=1
--------Variance: 1.53421e-13
Sum of |delta_u|: 0.800991
Post-update R2: 0.0472227
Final cost after weighting: -2.999492
E1_hat_1: 0.000666667
PI step 135 time: 0.0153417 seconds
********a: -7.31322
********New psi: 0.843838
1.08098e-13
Iteration: 136/150 ---------------------------
Expected cost over samples: -11.9875
min cost: -11.9875
%%%%%%%%%E1_hat: 0.000666667
ESS: 1 / 1500
Diag(valid=1500, elite=150) ||dU~||2=2.17522 traceCovElite~=0.824776 R2=0.0564304 H(w)=5.9109e-303 perp=1 w_max=1
--------Variance: 4.64922e-14
Sum of |delta_u|: 0.530156
Post-update R2: 0.0297734
Final cost after weighting: -2.999492
E1_hat_1: 0.000666667
PI step 136 time: 0.0166435 seconds
********a: -7.31322
********New psi: 0.843838
9.12173e-14
Iteration: 137/150 ---------------------------
Expected cost over samples: -11.9875
min cost: -11.9875
%%%%%%%%%E1_hat: 0.000666667
ESS: 1 / 1500
Diag(valid=1500, elite=150) ||dU~||2=3.55805 traceCovElite~=0.84007 R2=0.110401 H(w)=5.9109e-303 perp=1 w_max=1
--------Variance: 1.0498e-13
Sum of |delta_u|: 0.833853
Post-update R2: 0.0459061
Final cost after weighting: -2.999492
E1_hat_1: 0.000666667
PI step 137 time: 0.0154048 seconds
********a: -7.31322
********New psi: 0.843838
7.69726e-14
Iteration: 138/150 ---------------------------
Expected cost over samples: -11.9875
min cost: -11.9875
%%%%%%%%%E1_hat: 0.000666667
ESS: 1 / 1500
Diag(valid=1500, elite=150) ||dU~||2=2.74077 traceCovElite~=0.828897 R2=0.0845853 H(w)=5.9109e-303 perp=1 w_max=1
--------Variance: 5.25631e-14
Sum of |delta_u|: 0.551726
Post-update R2: 0.0583472
Final cost after weighting: -2.999492
E1_hat_1: 0.000666667
PI step 138 time: 0.0157659 seconds
********a: -7.31322
********New psi: 0.843838
6.49524e-14
Iteration: 139/150 ---------------------------
Expected cost over samples: -11.9875
min cost: -11.9875
%%%%%%%%%E1_hat: 0.000666667
ESS: 1 / 1500
Diag(valid=1500, elite=150) ||dU~||2=2.85434 traceCovElite~=0.871916 R2=0.0618148 H(w)=5.9109e-303 perp=1 w_max=1
--------Variance: 4.81065e-14
Sum of |delta_u|: 0.705117
Post-update R2: 0.0458654
Final cost after weighting: -2.999492
E1_hat_1: 0.000666667
PI step 139 time: 0.015578 seconds
********a: -7.31322
********New psi: 0.843838
5.48093e-14
Iteration: 140/150 ---------------------------
Expected cost over samples: -11.9875
min cost: -11.9875
%%%%%%%%%E1_hat: 0.000666667
ESS: 1 / 1500
Diag(valid=1500, elite=150) ||dU~||2=4.08901 traceCovElite~=0.752505 R2=0.0698109 H(w)=5.9109e-303 perp=1 w_max=1
--------Variance: 8.33056e-14
Sum of |delta_u|: 0.908739
Post-update R2: 0.0191309
Final cost after weighting: -2.999492
E1_hat_1: 0.000666667
PI step 140 time: 0.0163829 seconds
********a: -7.31322
********New psi: 0.843838
4.62502e-14
Iteration: 141/150 ---------------------------
Expected cost over samples: -11.9875
min cost: -11.9875
%%%%%%%%%E1_hat: 0.000666667
ESS: 1 / 1500
Diag(valid=1500, elite=150) ||dU~||2=3.13417 traceCovElite~=0.820554 R2=0.0835582 H(w)=5.9109e-303 perp=1 w_max=1
--------Variance: 4.13002e-14
Sum of |delta_u|: 0.79895
Post-update R2: 0.0535762
Final cost after weighting: -2.999492
E1_hat_1: 0.000666667
PI step 141 time: 0.0155779 seconds
********a: -7.31322
********New psi: 0.843838
3.90277e-14
Iteration: 142/150 ---------------------------
Expected cost over samples: -11.9875
min cost: -11.9875
%%%%%%%%%E1_hat: 0.000666667
ESS: 1 / 1500
Diag(valid=1500, elite=150) ||dU~||2=5.11977 traceCovElite~=0.775468 R2=0.0835126 H(w)=5.9109e-303 perp=1 w_max=1
--------Variance: 9.29995e-14
Sum of |delta_u|: 1.11932
Post-update R2: 0.0134684
Final cost after weighting: -2.999492
E1_hat_1: 0.000666667
PI step 142 time: 0.0155148 seconds
********a: -7.31322
********New psi: 0.843838
3.2933e-14
Iteration: 143/150 ---------------------------
Expected cost over samples: -11.9875
min cost: -11.9875
%%%%%%%%%E1_hat: 0.000666667
ESS: 1 / 1500
Diag(valid=1500, elite=150) ||dU~||2=2.15463 traceCovElite~=0.792844 R2=0.0834373 H(w)=5.9109e-303 perp=1 w_max=1
--------Variance: 1.38989e-14
Sum of |delta_u|: 0.474066
Post-update R2: 0.0371411
Final cost after weighting: -2.999492
E1_hat_1: 0.000666667
PI step 143 time: 0.0155839 seconds
********a: -7.31322
********New psi: 0.843838
2.77901e-14
Iteration: 144/150 ---------------------------
Expected cost over samples: -11.9875
min cost: -11.9875
%%%%%%%%%E1_hat: 0.000666667
ESS: 1 / 1500
Diag(valid=1500, elite=150) ||dU~||2=2.69494 traceCovElite~=0.831444 R2=0.067058 H(w)=5.9109e-303 perp=1 w_max=1
--------Variance: 1.83471e-14
Sum of |delta_u|: 0.611178
Post-update R2: 0.0364273
Final cost after weighting: -2.999492
E1_hat_1: 0.000666667
PI step 144 time: 0.0163902 seconds
********a: -7.31322
********New psi: 0.843838
2.34504e-14
Iteration: 145/150 ---------------------------
Expected cost over samples: -11.9875
min cost: -11.9875
%%%%%%%%%E1_hat: 0.000666667
ESS: 1 / 1500
Diag(valid=1500, elite=150) ||dU~||2=2.64178 traceCovElite~=0.790837 R2=0.102585 H(w)=5.9109e-303 perp=1 w_max=1
--------Variance: 1.48767e-14
Sum of |delta_u|: 0.62941
Post-update R2: 0.0400299
Final cost after weighting: -2.999492
E1_hat_1: 0.000666667
PI step 145 time: 0.0155271 seconds
********a: -7.31322
********New psi: 0.843838
1.97883e-14
Iteration: 146/150 ---------------------------
Expected cost over samples: -11.9875
min cost: -11.9875
%%%%%%%%%E1_hat: 0.000666667
ESS: 1 / 1500
Diag(valid=1500, elite=150) ||dU~||2=2.86808 traceCovElite~=0.835829 R2=0.104309 H(w)=5.9109e-303 perp=1 w_max=1
--------Variance: 1.47978e-14
Sum of |delta_u|: 0.721478
Post-update R2: 0.0265763
Final cost after weighting: -2.999492
E1_hat_1: 0.000666667
PI step 146 time: 0.0168382 seconds
********a: -7.31322
********New psi: 0.843838
1.66981e-14
Iteration: 147/150 ---------------------------
Expected cost over samples: -11.9875
min cost: -11.9875
%%%%%%%%%E1_hat: 0.000666667
ESS: 1 / 1500
Diag(valid=1500, elite=150) ||dU~||2=3.74001 traceCovElite~=0.853071 R2=0.0518267 H(w)=5.9109e-303 perp=1 w_max=1
--------Variance: 2.12334e-14
Sum of |delta_u|: 0.941217
Post-update R2: 0.00705821
Final cost after weighting: -2.999492
E1_hat_1: 0.000666667
PI step 147 time: 0.0158605 seconds
********a: -7.31322
********New psi: 0.843838
1.40905e-14
Iteration: 148/150 ---------------------------
Expected cost over samples: -11.9875
min cost: -11.9875
%%%%%%%%%E1_hat: 0.000666667
ESS: 1 / 1500
Diag(valid=1500, elite=150) ||dU~||2=2.36885 traceCovElite~=0.856123 R2=0.105133 H(w)=5.9109e-303 perp=1 w_max=1
--------Variance: 7.18711e-15
Sum of |delta_u|: 0.601755
Post-update R2: 0.0631481
Final cost after weighting: -2.999492
E1_hat_1: 0.000666667
PI step 148 time: 0.0158991 seconds
********a: -7.31322
********New psi: 0.843838
1.18901e-14
Iteration: 149/150 ---------------------------
Expected cost over samples: -11.9875
min cost: -11.9875
%%%%%%%%%E1_hat: 0.000666667
ESS: 1 / 1500
Diag(valid=1500, elite=150) ||dU~||2=3.38583 traceCovElite~=0.854323 R2=0.0695667 H(w)=5.9109e-303 perp=1 w_max=1
--------Variance: 1.23915e-14
Sum of |delta_u|: 0.643375
Post-update R2: 0.035063
Final cost after weighting: -2.999492
E1_hat_1: 0.000666667
PI step 149 time: 0.0172795 seconds
********a: -7.31322
********New psi: 0.843838
1.00333e-14
Iteration: 150/150 ---------------------------
Expected cost over samples: -11.9875
min cost: -11.9875
%%%%%%%%%E1_hat: 0.000666667
ESS: 1 / 1500
Diag(valid=1500, elite=150) ||dU~||2=2.88756 traceCovElite~=0.825052 R2=0.0615863 H(w)=5.9109e-303 perp=1 w_max=1
--------Variance: 7.60519e-15
Sum of |delta_u|: 0.665964
Post-update R2: 0.0464623
Final cost after weighting: -2.999492
E1_hat_1: 0.000666667
PI step 150 time: 0.0166638 seconds
********a: -7.31322
********New psi: 0.843838
8.46651e-15
Optimal cost -2.9994921112280335
Optimal rob  -3.1599767247314503e-09
Solver time  2.4509545
