R_ : 20  0
 0 20
Iteration: 0/200 ---------------------------
Expected cost over samples: 79.1706
min cost: -15.5402
%%%%%%%%%E1_hat: 0.473349
ESS: 2715.91 / 3000
Diag(valid=3000, elite=300) ||dU~||2=0.23179 traceCovElite~=0.969007 R2=2.39075e-05 H(w)=7.96051 perp=2865.55 w_max=0.000704202
--------Variance: 0.00219663
Sum of |delta_u|: 0.0227842
Post-update R2: 0.00395174
Final cost after weighting: 11.642022
E1_hat_1: 0.473349
PI step 0 time: 0.0954497 seconds
********a(H_hat): 0.994273
********New psi: 0.3
1.8   0
  0 1.8
Iteration: 1/200 ---------------------------
Expected cost over samples: 72.0234
min cost: -23.2385
%%%%%%%%%E1_hat: 0.108492
ESS: 1271.94 / 3000
Diag(valid=3000, elite=300) ||dU~||2=0.502563 traceCovElite~=0.977239 R2=3.32003e-06 H(w)=7.54128 perp=1884.25 w_max=0.00307241
--------Variance: 0.0014108
Sum of |delta_u|: 0.0586049
Post-update R2: 0.00143664
Final cost after weighting: 15.088955
E1_hat_1: 0.108492
PI step 1 time: 0.0952778 seconds
********a(H_hat): 0.941911
********New psi: 0.3
0.54    0
   0 0.54
Iteration: 2/200 ---------------------------
Expected cost over samples: 50.3633
min cost: -32.3196
%%%%%%%%%E1_hat: 0.0100437
ESS: 250.414 / 3000
Diag(valid=3000, elite=300) ||dU~||2=0.775018 traceCovElite~=0.975219 R2=0.00837827 H(w)=6.32641 perp=559.143 w_max=0.0331883
--------Variance: 0.00233826
Sum of |delta_u|: 0.0896188
Post-update R2: 0.00206635
Final cost after weighting: 13.466271
E1_hat_1: 0.0100437
PI step 2 time: 0.0936255 seconds
********a(H_hat): 0.790172
********New psi: 0.3
0.162     0
    0 0.162
Iteration: 3/200 ---------------------------
Expected cost over samples: 33.0176
min cost: -19.4348
%%%%%%%%%E1_hat: 0.00215686
ESS: 28.2518 / 3000
Diag(valid=3000, elite=300) ||dU~||2=1.73616 traceCovElite~=0.946495 R2=0.0175527 H(w)=4.79758 perp=121.217 w_max=0.154546
--------Variance: 0.00558888
Sum of |delta_u|: 0.197585
Post-update R2: 0.00173518
Final cost after weighting: 9.966369
E1_hat_1: 0.00215686
PI step 3 time: 0.0899785 seconds
********a(H_hat): 0.599221
********New psi: 0.3
0.0486      0
     0 0.0486
Iteration: 4/200 ---------------------------
Expected cost over samples: 21.9853
min cost: -13.1071
%%%%%%%%%E1_hat: 0.000485666
ESS: 2.06533 / 3000
Diag(valid=3000, elite=300) ||dU~||2=5.47619 traceCovElite~=0.988697 R2=0.0154235 H(w)=1.44756 perp=4.25274 w_max=0.686343
--------Variance: 0.025971
Sum of |delta_u|: 0.595888
Post-update R2: 0.00361778
Final cost after weighting: 12.855764
E1_hat_1: 0.000485666
PI step 4 time: 0.0932114 seconds
********a(H_hat): 0.180801
********New psi: 0.491519
0.0238878         0
        0 0.0238878
Iteration: 5/200 ---------------------------
Expected cost over samples: 14.8881
min cost: -18.5529
%%%%%%%%%E1_hat: 0.000333748
ESS: 1.00249 / 3000
Diag(valid=3000, elite=300) ||dU~||2=7.70496 traceCovElite~=0.978033 R2=0.0245004 H(w)=0.00977531 perp=1.00982 w_max=0.998758
--------Variance: 0.0272523
Sum of |delta_u|: 0.888768
Post-update R2: 0.0244863
Final cost after weighting: 11.649566
E1_hat_1: 0.000333748
PI step 5 time: 0.0876848 seconds
********a(H_hat): 0.00122094
********New psi: 0.599267
0.0143152         0
        0 0.0143152
Iteration: 6/200 ---------------------------
Expected cost over samples: 10.2257
min cost: -15.9926
%%%%%%%%%E1_hat: 0.000340457
ESS: 1.04305 / 3000
Diag(valid=3000, elite=300) ||dU~||2=7.46759 traceCovElite~=0.967318 R2=0.0164139 H(w)=0.131668 perp=1.14073 w_max=0.979076
--------Variance: 0.0152937
Sum of |delta_u|: 0.896211
Post-update R2: 0.00764394
Final cost after weighting: 14.510637
E1_hat_1: 0.000340457
PI step 6 time: 0.0945009 seconds
********a: -7.98522
********New psi: 0.843838
0.0120797         0
        0 0.0120797
Iteration: 7/200 ---------------------------
Expected cost over samples: 10.8882
min cost: -18.7389
%%%%%%%%%E1_hat: 0.000334091
ESS: 1.00454 / 3000
Diag(valid=3000, elite=300) ||dU~||2=6.86274 traceCovElite~=0.973033 R2=0.0206758 H(w)=0.0169458 perp=1.01709 w_max=0.997733
--------Variance: 0.0109412
Sum of |delta_u|: 0.721778
Post-update R2: 0.0295629
Final cost after weighting: 11.387754
E1_hat_1: 0.000334091
PI step 7 time: 0.0907215 seconds
********a: -8.0041
********New psi: 0.843838
0.0101933         0
        0 0.0101933
Iteration: 8/200 ---------------------------
Expected cost over samples: 6.89433
min cost: -17.3352
%%%%%%%%%E1_hat: 0.000480252
ESS: 1.73812 / 3000
Diag(valid=3000, elite=300) ||dU~||2=5.6694 traceCovElite~=0.95383 R2=0.0182144 H(w)=0.615798 perp=1.85113 w_max=0.694081
--------Variance: 0.00635306
Sum of |delta_u|: 0.608777
Post-update R2: 0.0138197
Final cost after weighting: 7.968793
E1_hat_1: 0.000480252
PI step 8 time: 0.0863898 seconds
********a: -7.6412
********New psi: 0.843838
0.00860151          0
         0 0.00860151
Iteration: 9/200 ---------------------------
Expected cost over samples: 7.62561
min cost: -14.2152
%%%%%%%%%E1_hat: 0.000337949
ESS: 1.02781 / 3000
Diag(valid=3000, elite=300) ||dU~||2=6.23655 traceCovElite~=0.971131 R2=0.0196413 H(w)=0.0872861 perp=1.09121 w_max=0.986341
--------Variance: 0.00639732
Sum of |delta_u|: 0.717987
Post-update R2: 0.0211334
Final cost after weighting: 5.714119
E1_hat_1: 0.000337949
PI step 9 time: 0.0917196 seconds
********a: -7.99261
********New psi: 0.843838
0.00725828          0
         0 0.00725828
Iteration: 10/200 ---------------------------
Expected cost over samples: 6.14567
min cost: -14.0431
%%%%%%%%%E1_hat: 0.000428892
ESS: 1.53043 / 3000
Diag(valid=3000, elite=300) ||dU~||2=6.66007 traceCovElite~=0.960958 R2=0.0218138 H(w)=0.535014 perp=1.70747 w_max=0.777197
--------Variance: 0.00567023
Sum of |delta_u|: 0.675069
Post-update R2: 0.00257346
Final cost after weighting: 5.869885
E1_hat_1: 0.000428892
PI step 10 time: 0.0976295 seconds
********a: -7.75431
********New psi: 0.843838
0.00612481          0
         0 0.00612481
Iteration: 11/200 ---------------------------
Expected cost over samples: 7.51135
min cost: -14.3248
%%%%%%%%%E1_hat: 0.000679938
ESS: 2.63813 / 3000
Diag(valid=3000, elite=300) ||dU~||2=4.86465 traceCovElite~=0.952757 R2=0.0282409 H(w)=1.03709 perp=2.82101 w_max=0.490241
--------Variance: 0.00274804
Sum of |delta_u|: 0.569864
Post-update R2: 0.0111586
Final cost after weighting: 2.505635
E1_hat_1: 0.000679938
PI step 11 time: 0.0965864 seconds
********a: -7.29351
********New psi: 0.843838
0.00516835          0
         0 0.00516835
Iteration: 12/200 ---------------------------
Expected cost over samples: 4.30332
min cost: -14.9693
%%%%%%%%%E1_hat: 0.000364925
ESS: 1.19185 / 3000
Diag(valid=3000, elite=300) ||dU~||2=6.73868 traceCovElite~=0.9743 R2=0.0205203 H(w)=0.353051 perp=1.4234 w_max=0.913429
--------Variance: 0.00444498
Sum of |delta_u|: 0.795681
Post-update R2: 0.00856011
Final cost after weighting: 2.316344
E1_hat_1: 0.000364925
PI step 12 time: 0.107888 seconds
********a: -7.91582
********New psi: 0.843838
0.00436125          0
         0 0.00436125
Iteration: 13/200 ---------------------------
Expected cost over samples: 5.18493
min cost: -14.0864
%%%%%%%%%E1_hat: 0.000640125
ESS: 2.02456 / 3000
Diag(valid=3000, elite=300) ||dU~||2=4.9147 traceCovElite~=0.956801 R2=0.0143446 H(w)=0.73399 perp=2.08338 w_max=0.520732
--------Variance: 0.00192775
Sum of |delta_u|: 0.53714
Post-update R2: 0.0218319
Final cost after weighting: 0.774770
E1_hat_1: 0.000640125
PI step 13 time: 0.098438 seconds
********a: -7.35385
********New psi: 0.843838
0.00368019          0
         0 0.00368019
Iteration: 14/200 ---------------------------
Expected cost over samples: -0.394738
min cost: -14.6157
%%%%%%%%%E1_hat: 0.000389919
ESS: 1.33011 / 3000
Diag(valid=3000, elite=300) ||dU~||2=5.74803 traceCovElite~=0.946845 R2=0.0244372 H(w)=0.415862 perp=1.51568 w_max=0.854879
--------Variance: 0.00224766
Sum of |delta_u|: 0.629843
Post-update R2: 0.00819066
Final cost after weighting: -1.046790
E1_hat_1: 0.000389919
PI step 14 time: 0.0967305 seconds
********a: -7.84957
********New psi: 0.843838
0.00310548          0
         0 0.00310548
Optimal cost -1.0467895626459232
Optimal rob  0.6111539793324188
Solver time  1.429381083
