R_ : 20  0
 0 20
Iteration: 0/100 ---------------------------
Expected cost over samples: 44.2405
min cost: -7.09925
%%%%%%%%%E1_hat: 0.0177012
ESS: 151.123 / 1700
Diag(valid=1700, elite=170) ||dU~||2=1.27099 traceCovElite~=0.967803 R2=0.0016073 H(w)=5.97622 perp=393.948 w_max=0.0332314
--------Variance: 0.00373032
Sum of |delta_u|: 0.186422
Post-update R2: 0.0154221
Final cost after weighting: 30.351593
E1_hat_1: 0.0177012
PI step 0 time: 0.0349708 seconds
********a(H_hat): 0.80343
********New psi: 0.3
0.15    0
   0 0.15
Iteration: 1/100 ---------------------------
Expected cost over samples: 26.6736
min cost: -2.96726
%%%%%%%%%E1_hat: 0.00265928
ESS: 11.0505 / 1700
Diag(valid=1700, elite=170) ||dU~||2=1.81683 traceCovElite~=0.959615 R2=0.017477 H(w)=3.92768 perp=50.7889 w_max=0.221201
--------Variance: 0.0117684
Sum of |delta_u|: 0.262854
Post-update R2: 0.0199752
Final cost after weighting: 34.175155
E1_hat_1: 0.00265928
PI step 1 time: 0.0367599 seconds
********a(H_hat): 0.528028
********New psi: 0.3
0.045     0
    0 0.045
Iteration: 2/100 ---------------------------
Expected cost over samples: 18.9697
min cost: 1.11932
%%%%%%%%%E1_hat: 0.00121683
ESS: 3.66487 / 1700
Diag(valid=1700, elite=170) ||dU~||2=3.52096 traceCovElite~=0.992367 R2=0.00688874 H(w)=2.08826 perp=8.07084 w_max=0.483417
--------Variance: 0.0172014
Sum of |delta_u|: 0.475562
Post-update R2: 0.000514257
Final cost after weighting: 36.523859
E1_hat_1: 0.00121683
PI step 2 time: 0.0355308 seconds
********a(H_hat): 0.280741
********New psi: 0.35963
0.0161833         0
        0 0.0161833
Iteration: 3/100 ---------------------------
Expected cost over samples: 19.453
min cost: 4.07043
%%%%%%%%%E1_hat: 0.000595032
ESS: 1.02319 / 1700
Diag(valid=1700, elite=170) ||dU~||2=6.45692 traceCovElite~=1.04722 R2=0.0109391 H(w)=0.0757147 perp=1.07865 w_max=0.988578
--------Variance: 0.0209734
Sum of |delta_u|: 0.934232
Post-update R2: 0.0116068
Final cost after weighting: 24.221943
E1_hat_1: 0.000595032
PI step 3 time: 0.0338762 seconds
********a(H_hat): 0.0101789
********New psi: 0.494911
0.0080093         0
        0 0.0080093
Iteration: 4/100 ---------------------------
Expected cost over samples: 11.6593
min cost: 0.48045
%%%%%%%%%E1_hat: 0.000625001
ESS: 1.12452 / 1700
Diag(valid=1700, elite=170) ||dU~||2=5.74663 traceCovElite~=0.933285 R2=0.022301 H(w)=0.223758 perp=1.25077 w_max=0.941174
--------Variance: 0.0080059
Sum of |delta_u|: 0.795507
Post-update R2: 0.0520279
Final cost after weighting: 20.921983
E1_hat_1: 0.000625001
PI step 4 time: 0.0312489 seconds
********a(H_hat): 0.0300815
********New psi: 0.484959
0.00388418          0
         0 0.00388418
Iteration: 5/100 ---------------------------
Expected cost over samples: 4.77555
min cost: -3.25336
%%%%%%%%%E1_hat: 0.000588235
ESS: 1 / 1700
Diag(valid=1700, elite=170) ||dU~||2=5.85146 traceCovElite~=0.952905 R2=0.0344539 H(w)=1.27538e-06 perp=1 w_max=1
--------Variance: 0.00415599
Sum of |delta_u|: 0.895295
Post-update R2: 0.0588451
Final cost after weighting: 19.003542
E1_hat_1: 0.000588235
PI step 5 time: 0.0365095 seconds
********a: -7.43838
********New psi: 0.843838
0.00327762          0
         0 0.00327762
Iteration: 6/100 ---------------------------
Expected cost over samples: 5.83252
min cost: -1.12178
%%%%%%%%%E1_hat: 0.000612178
ESS: 1.08207 / 1700
Diag(valid=1700, elite=170) ||dU~||2=5.33388 traceCovElite~=0.947383 R2=0.0315555 H(w)=0.190556 perp=1.20992 w_max=0.960889
--------Variance: 0.00280812
Sum of |delta_u|: 0.733998
Post-update R2: 0.0462485
Final cost after weighting: 17.429737
E1_hat_1: 0.000612178
PI step 6 time: 0.0323068 seconds
********a: -7.39849
********New psi: 0.839849
0.00275271          0
         0 0.00275271
Iteration: 7/100 ---------------------------
Expected cost over samples: 4.28323
min cost: -1.84434
%%%%%%%%%E1_hat: 0.000588296
ESS: 1.0002 / 1700
Diag(valid=1700, elite=170) ||dU~||2=4.6321 traceCovElite~=0.894815 R2=0.063722 H(w)=0.0011496 perp=1.00115 w_max=0.999898
--------Variance: 0.00184571
Sum of |delta_u|: 0.615482
Post-update R2: 0.0566375
Final cost after weighting: 16.347258
E1_hat_1: 0.000588296
PI step 7 time: 0.0338942 seconds
********a: -7.43828
********New psi: 0.843828
0.00232281          0
         0 0.00232281
Iteration: 8/100 ---------------------------
Expected cost over samples: 3.14407
min cost: -2.13401
%%%%%%%%%E1_hat: 0.000727419
ESS: 1.44904 / 1700
Diag(valid=1700, elite=170) ||dU~||2=4.35795 traceCovElite~=0.925116 R2=0.0561317 H(w)=0.496557 perp=1.64306 w_max=0.808661
--------Variance: 0.00147095
Sum of |delta_u|: 0.629343
Post-update R2: 0.0383887
Final cost after weighting: 15.986297
E1_hat_1: 0.000727419
PI step 8 time: 0.0353864 seconds
********a: -7.22601
********New psi: 0.822601
0.00191075          0
         0 0.00191075
Iteration: 9/100 ---------------------------
Expected cost over samples: 2.19874
min cost: -2.75802
%%%%%%%%%E1_hat: 0.000589829
ESS: 1.00542 / 1700
Diag(valid=1700, elite=170) ||dU~||2=6.05672 traceCovElite~=0.940369 R2=0.020357 H(w)=0.0206725 perp=1.02089 w_max=0.997298
--------Variance: 0.00218748
Sum of |delta_u|: 0.881371
Post-update R2: 0.0145131
Final cost after weighting: 15.774507
E1_hat_1: 0.000589829
PI step 9 time: 0.0357222 seconds
********a: -7.43568
********New psi: 0.843568
0.00161184          0
         0 0.00161184
Iteration: 10/100 ---------------------------
Expected cost over samples: 1.96529
min cost: -2.72922
%%%%%%%%%E1_hat: 0.000588236
ESS: 1 / 1700
Diag(valid=1700, elite=170) ||dU~||2=5.52637 traceCovElite~=0.929522 R2=0.0401228 H(w)=1.12463e-05 perp=1.00001 w_max=0.999999
--------Variance: 0.00153833
Sum of |delta_u|: 0.774492
Post-update R2: 0.0319143
Final cost after weighting: 15.299710
E1_hat_1: 0.000588236
PI step 10 time: 0.0348657 seconds
********a: -7.43838
********New psi: 0.843838
0.00136014          0
         0 0.00136014
Iteration: 11/100 ---------------------------
Expected cost over samples: 1.27239
min cost: -3.2076
%%%%%%%%%E1_hat: 0.000588236
ESS: 1 / 1700
Diag(valid=1700, elite=170) ||dU~||2=3.96545 traceCovElite~=0.942756 R2=0.0383463 H(w)=1.09663e-05 perp=1.00001 w_max=0.999999
--------Variance: 0.000668359
Sum of |delta_u|: 0.554965
Post-update R2: 0.0274551
Final cost after weighting: 14.662579
E1_hat_1: 0.000588236
PI step 11 time: 0.0322585 seconds
********a: -7.43838
********New psi: 0.843838
0.00114774          0
         0 0.00114774
Iteration: 12/100 ---------------------------
Expected cost over samples: 1.0901
min cost: -2.59501
%%%%%%%%%E1_hat: 0.000588947
ESS: 1.00242 / 1700
Diag(valid=1700, elite=170) ||dU~||2=5.21831 traceCovElite~=0.920975 R2=0.047943 H(w)=0.0106229 perp=1.01068 w_max=0.998792
--------Variance: 0.000976928
Sum of |delta_u|: 0.778109
Post-update R2: 0.0326211
Final cost after weighting: 14.593423
E1_hat_1: 0.000588947
PI step 12 time: 0.0415574 seconds
********a: -7.43718
********New psi: 0.843718
0.000968364           0
          0 0.000968364
Iteration: 13/100 ---------------------------
Expected cost over samples: 0.421559
min cost: -2.81297
%%%%%%%%%E1_hat: 0.00072848
ESS: 1.50133 / 1700
Diag(valid=1700, elite=170) ||dU~||2=5.25841 traceCovElite~=0.940092 R2=0.0434606 H(w)=0.69713 perp=2.00798 w_max=0.807483
--------Variance: 0.000813886
Sum of |delta_u|: 0.762313
Post-update R2: 0.0227789
Final cost after weighting: 14.504704
E1_hat_1: 0.00072848
PI step 13 time: 0.034648 seconds
********a: -7.22455
********New psi: 0.822455
0.000796436           0
          0 0.000796436
Iteration: 14/100 ---------------------------
Expected cost over samples: 0.200418
min cost: -2.87063
%%%%%%%%%E1_hat: 0.000589239
ESS: 1.00341 / 1700
Diag(valid=1700, elite=170) ||dU~||2=4.49311 traceCovElite~=0.952268 R2=0.0468456 H(w)=0.0129471 perp=1.01303 w_max=0.998296
--------Variance: 0.000501636
Sum of |delta_u|: 0.662319
Post-update R2: 0.0536867
Final cost after weighting: 14.112638
E1_hat_1: 0.000589239
PI step 14 time: 0.0353005 seconds
********a: -7.43668
********New psi: 0.843668
0.000671927           0
          0 0.000671927
Iteration: 15/100 ---------------------------
Expected cost over samples: -0.0514297
min cost: -2.86497
%%%%%%%%%E1_hat: 0.000589985
ESS: 1.00595 / 1700
Diag(valid=1700, elite=170) ||dU~||2=6.89416 traceCovElite~=0.953523 R2=0.0365522 H(w)=0.0203277 perp=1.02054 w_max=0.997034
--------Variance: 0.000997803
Sum of |delta_u|: 0.931724
Post-update R2: 0.0172384
Final cost after weighting: 14.227655
E1_hat_1: 0.000589985
PI step 15 time: 0.0406654 seconds
********a: -7.43541
********New psi: 0.843541
0.000566799           0
          0 0.000566799
Iteration: 16/100 ---------------------------
Expected cost over samples: -0.436485
min cost: -2.97983
%%%%%%%%%E1_hat: 0.000604261
ESS: 1.05445 / 1700
Diag(valid=1700, elite=170) ||dU~||2=5.44148 traceCovElite~=0.919422 R2=0.0385533 H(w)=0.122433 perp=1.13024 w_max=0.973479
--------Variance: 0.000519334
Sum of |delta_u|: 0.812696
Post-update R2: 0.00845791
Final cost after weighting: 14.041372
E1_hat_1: 0.000604261
PI step 16 time: 0.03946 seconds
********a: -7.4115
********New psi: 0.84115
0.000476763           0
          0 0.000476763
Iteration: 17/100 ---------------------------
Expected cost over samples: -0.411033
min cost: -2.89393
%%%%%%%%%E1_hat: 0.000589637
ESS: 1.00477 / 1700
Diag(valid=1700, elite=170) ||dU~||2=5.73957 traceCovElite~=0.940207 R2=0.0537488 H(w)=0.0167435 perp=1.01688 w_max=0.997622
--------Variance: 0.000490974
Sum of |delta_u|: 0.804388
Post-update R2: 0.0262455
Final cost after weighting: 13.976759
E1_hat_1: 0.000589637
PI step 17 time: 0.0365629 seconds
********a: -7.436
********New psi: 0.8436
0.000402197           0
          0 0.000402197
Iteration: 18/100 ---------------------------
Expected cost over samples: -0.345109
min cost: -2.58306
%%%%%%%%%E1_hat: 0.000618336
ESS: 1.10208 / 1700
Diag(valid=1700, elite=170) ||dU~||2=6.11429 traceCovElite~=0.941332 R2=0.0254105 H(w)=0.194971 perp=1.21528 w_max=0.95132
--------Variance: 0.000468305
Sum of |delta_u|: 0.828839
Post-update R2: 0.0109519
Final cost after weighting: 13.970143
E1_hat_1: 0.000618336
PI step 18 time: 0.0363772 seconds
********a: -7.38848
********New psi: 0.838848
0.000337382           0
          0 0.000337382
Iteration: 19/100 ---------------------------
Expected cost over samples: -0.047036
min cost: -2.00755
%%%%%%%%%E1_hat: 0.000638563
ESS: 1.17351 / 1700
Diag(valid=1700, elite=170) ||dU~||2=6.74559 traceCovElite~=0.980662 R2=0.0222226 H(w)=0.325478 perp=1.38469 w_max=0.921187
--------Variance: 0.000481041
Sum of |delta_u|: 0.960768
Post-update R2: 0.00701449
Final cost after weighting: 14.019256
E1_hat_1: 0.000638563
PI step 19 time: 0.0343385 seconds
********a: -7.35629
********New psi: 0.835629
0.000281926           0
          0 0.000281926
Iteration: 20/100 ---------------------------
Expected cost over samples: -0.0340359
min cost: -1.85743
%%%%%%%%%E1_hat: 0.000588238
ESS: 1.00001 / 1700
Diag(valid=1700, elite=170) ||dU~||2=5.06054 traceCovElite~=0.912101 R2=0.0511451 H(w)=6.04843e-05 perp=1.00006 w_max=0.999996
--------Variance: 0.000225621
Sum of |delta_u|: 0.664265
Post-update R2: 0.0303689
Final cost after weighting: 13.917664
E1_hat_1: 0.000588238
PI step 20 time: 0.0352592 seconds
********a: -7.43838
********New psi: 0.843838
0.0002379         0
        0 0.0002379
Iteration: 21/100 ---------------------------
Expected cost over samples: -0.521291
min cost: -2.20869
%%%%%%%%%E1_hat: 0.000629738
ESS: 1.14041 / 1700
Diag(valid=1700, elite=170) ||dU~||2=5.49191 traceCovElite~=0.923192 R2=0.0434245 H(w)=0.242928 perp=1.27498 w_max=0.934095
--------Variance: 0.000212857
Sum of |delta_u|: 0.775358
Post-update R2: 0.00980861
Final cost after weighting: 13.782668
E1_hat_1: 0.000629738
PI step 21 time: 0.0348295 seconds
********a: -7.37021
********New psi: 0.837021
0.000199127           0
          0 0.000199127
Iteration: 22/100 ---------------------------
Expected cost over samples: -0.968228
min cost: -2.46158
%%%%%%%%%E1_hat: 0.000857957
ESS: 1.77046 / 1700
Diag(valid=1700, elite=170) ||dU~||2=3.30364 traceCovElite~=0.944406 R2=0.0352976 H(w)=0.662258 perp=1.93917 w_max=0.685623
--------Variance: 9.27597e-05
Sum of |delta_u|: 0.468873
Post-update R2: 0.0278063
Final cost after weighting: 13.761358
E1_hat_1: 0.000857957
PI step 22 time: 0.0351336 seconds
********a: -7.06096
********New psi: 0.806096
0.000160516           0
          0 0.000160516
Iteration: 23/100 ---------------------------
Expected cost over samples: -1.09258
min cost: -2.45391
%%%%%%%%%E1_hat: 0.00060276
ESS: 1.04984 / 1700
Diag(valid=1700, elite=170) ||dU~||2=5.64658 traceCovElite~=0.940902 R2=0.0470989 H(w)=0.15482 perp=1.16745 w_max=0.975902
--------Variance: 0.000159432
Sum of |delta_u|: 0.878027
Post-update R2: 0.0179879
Final cost after weighting: 13.789183
E1_hat_1: 0.00060276
PI step 23 time: 0.0338822 seconds
********a: -7.41399
********New psi: 0.841399
0.000135058           0
          0 0.000135058
Iteration: 24/100 ---------------------------
Expected cost over samples: -1.30669
min cost: -2.62388
%%%%%%%%%E1_hat: 0.000588236
ESS: 1 / 1700
Diag(valid=1700, elite=170) ||dU~||2=5.48267 traceCovElite~=0.932682 R2=0.0319588 H(w)=2.22986e-05 perp=1.00002 w_max=0.999998
--------Variance: 0.000126868
Sum of |delta_u|: 0.756811
Post-update R2: 0.037394
Final cost after weighting: 13.776124
E1_hat_1: 0.000588236
PI step 24 time: 0.0328931 seconds
********a: -7.43838
********New psi: 0.843838
0.000113967           0
          0 0.000113967
Iteration: 25/100 ---------------------------
Expected cost over samples: -1.3196
min cost: -2.48338
%%%%%%%%%E1_hat: 0.00058997
ESS: 1.0059 / 1700
Diag(valid=1700, elite=170) ||dU~||2=6.03755 traceCovElite~=0.966373 R2=0.0496056 H(w)=0.0210136 perp=1.02124 w_max=0.997059
--------Variance: 0.000129748
Sum of |delta_u|: 0.830063
Post-update R2: 0.0186515
Final cost after weighting: 13.699663
E1_hat_1: 0.00058997
PI step 25 time: 0.0331642 seconds
********a: -7.43544
********New psi: 0.843544
9.61361e-05           0
          0 9.61361e-05
Iteration: 26/100 ---------------------------
Expected cost over samples: -1.27817
min cost: -2.3691
%%%%%%%%%E1_hat: 0.000592474
ESS: 1.01441 / 1700
Diag(valid=1700, elite=170) ||dU~||2=4.52349 traceCovElite~=0.920073 R2=0.0463013 H(w)=0.0424719 perp=1.04339 w_max=0.992846
--------Variance: 6.11813e-05
Sum of |delta_u|: 0.651199
Post-update R2: 0.0249221
Final cost after weighting: 13.641008
E1_hat_1: 0.000592474
PI step 26 time: 0.0343512 seconds
********a: -7.4312
********New psi: 0.84312
8.10543e-05           0
          0 8.10543e-05
Iteration: 27/100 ---------------------------
Expected cost over samples: -1.35931
min cost: -2.34577
%%%%%%%%%E1_hat: 0.000588781
ESS: 1.00185 / 1700
Diag(valid=1700, elite=170) ||dU~||2=5.48509 traceCovElite~=0.931377 R2=0.0443075 H(w)=0.0073958 perp=1.00742 w_max=0.999074
--------Variance: 7.61116e-05
Sum of |delta_u|: 0.701876
Post-update R2: 0.0137267
Final cost after weighting: 13.640490
E1_hat_1: 0.000588781
PI step 27 time: 0.0341684 seconds
********a: -7.43746
********New psi: 0.843746
6.83892e-05           0
          0 6.83892e-05
Iteration: 28/100 ---------------------------
Expected cost over samples: -1.20572
min cost: -2.08518
%%%%%%%%%E1_hat: 0.000588236
ESS: 1 / 1700
Diag(valid=1700, elite=170) ||dU~||2=5.99647 traceCovElite~=0.952028 R2=0.0299551 H(w)=1.78807e-05 perp=1.00002 w_max=0.999999
--------Variance: 7.68471e-05
Sum of |delta_u|: 0.842908
Post-update R2: 0.0171018
Final cost after weighting: 13.622900
E1_hat_1: 0.000588236
PI step 28 time: 0.0363175 seconds
********a: -7.43838
********New psi: 0.843838
5.77094e-05           0
          0 5.77094e-05
Iteration: 29/100 ---------------------------
Expected cost over samples: -1.19089
min cost: -2.04172
%%%%%%%%%E1_hat: 0.00064584
ESS: 1.194 / 1700
Diag(valid=1700, elite=170) ||dU~||2=5.32519 traceCovElite~=0.925674 R2=0.0515665 H(w)=0.300899 perp=1.35107 w_max=0.910806
--------Variance: 5.01125e-05
Sum of |delta_u|: 0.684776
Post-update R2: 0.0237165
Final cost after weighting: 13.563866
E1_hat_1: 0.00064584
PI step 29 time: 0.0338938 seconds
********a: -7.34496
********New psi: 0.834496
4.81583e-05           0
          0 4.81583e-05
Iteration: 30/100 ---------------------------
Expected cost over samples: -1.1655
min cost: -1.90394
%%%%%%%%%E1_hat: 0.000588235
ESS: 1 / 1700
Diag(valid=1700, elite=170) ||dU~||2=5.12527 traceCovElite~=0.935581 R2=0.034631 H(w)=9.53181e-08 perp=1 w_max=1
--------Variance: 3.95323e-05
Sum of |delta_u|: 0.732931
Post-update R2: 0.0170165
Final cost after weighting: 13.549735
E1_hat_1: 0.000588235
PI step 30 time: 0.035206 seconds
********a: -7.43838
********New psi: 0.843838
4.06378e-05           0
          0 4.06378e-05
Iteration: 31/100 ---------------------------
Expected cost over samples: -1.32601
min cost: -2.0647
%%%%%%%%%E1_hat: 0.000588235
ESS: 1 / 1700
Diag(valid=1700, elite=170) ||dU~||2=5.38765 traceCovElite~=0.950171 R2=0.0307841 H(w)=7.28658e-07 perp=1 w_max=1
--------Variance: 3.68619e-05
Sum of |delta_u|: 0.752221
Post-update R2: 0.0262444
Final cost after weighting: 13.519912
E1_hat_1: 0.000588235
PI step 31 time: 0.0357837 seconds
********a: -7.43838
********New psi: 0.843838
3.42917e-05           0
          0 3.42917e-05
Iteration: 32/100 ---------------------------
Expected cost over samples: -1.62865
min cost: -2.26456
%%%%%%%%%E1_hat: 0.000588235
ESS: 1 / 1700
Diag(valid=1700, elite=170) ||dU~||2=6.79794 traceCovElite~=0.924746 R2=0.0501988 H(w)=6.53431e-08 perp=1 w_max=1
--------Variance: 4.95215e-05
Sum of |delta_u|: 0.99896
Post-update R2: 0.0240072
Final cost after weighting: 13.526112
E1_hat_1: 0.000588235
PI step 32 time: 0.033426 seconds
********a: -7.43838
********New psi: 0.843838
2.89367e-05           0
          0 2.89367e-05
Iteration: 33/100 ---------------------------
Expected cost over samples: -1.66329
min cost: -2.23374
%%%%%%%%%E1_hat: 0.000588917
ESS: 1.00232 / 1700
Diag(valid=1700, elite=170) ||dU~||2=4.68272 traceCovElite~=0.936498 R2=0.0479285 H(w)=0.00904836 perp=1.00909 w_max=0.998842
--------Variance: 1.9814e-05
Sum of |delta_u|: 0.636544
Post-update R2: 0.0117599
Final cost after weighting: 13.479609
E1_hat_1: 0.000588917
PI step 33 time: 0.0346428 seconds
********a: -7.43723
********New psi: 0.843723
2.44145e-05           0
          0 2.44145e-05
Optimal cost 13.479608973276617
Optimal rob  0.21980907639590797
Solver time  1.208414083
