R_ : 20  0
 0 20
Iteration: 0/100 ---------------------------
Expected cost over samples: 43.8664
min cost: -3.75528
%%%%%%%%%E1_hat: 0.0231432
ESS: 218.741 / 1700
Diag(valid=1700, elite=170) ||dU~||2=1.23672 traceCovElite~=0.953526 R2=0.00202313 H(w)=6.2027 perp=494.08 w_max=0.0254172
--------Variance: 0.00236817
Sum of |delta_u|: 0.17553
Post-update R2: 0.00968851
Final cost after weighting: 30.097561
E1_hat_1: 0.0231432
PI step 0 time: 0.0315705 seconds
********a(H_hat): 0.833877
********New psi: 0.3
0.15    0
   0 0.15
Iteration: 1/100 ---------------------------
Expected cost over samples: 26.5076
min cost: 1.23111
%%%%%%%%%E1_hat: 0.00599202
ESS: 48.9561 / 1700
Diag(valid=1700, elite=170) ||dU~||2=1.27752 traceCovElite~=0.987599 R2=0.0127707 H(w)=5.12373 perp=167.961 w_max=0.0981697
--------Variance: 0.00353766
Sum of |delta_u|: 0.177766
Post-update R2: 0.0130936
Final cost after weighting: 31.194028
E1_hat_1: 0.00599202
PI step 1 time: 0.0286415 seconds
********a(H_hat): 0.688823
********New psi: 0.3
0.045     0
    0 0.045
Iteration: 2/100 ---------------------------
Expected cost over samples: 18.876
min cost: 1.58898
%%%%%%%%%E1_hat: 0.000816406
ESS: 1.89378 / 1700
Diag(valid=1700, elite=170) ||dU~||2=3.77149 traceCovElite~=0.987223 R2=0.00583984 H(w)=1.43602 perp=4.20394 w_max=0.720518
--------Variance: 0.0182215
Sum of |delta_u|: 0.524298
Post-update R2: 0.0168827
Final cost after weighting: 19.957809
E1_hat_1: 0.000816406
PI step 2 time: 0.0279858 seconds
********a(H_hat): 0.193056
********New psi: 0.677833
0.0305025         0
        0 0.0305025
Iteration: 3/100 ---------------------------
Expected cost over samples: 13.5559
min cost: -3.58873
%%%%%%%%%E1_hat: 0.000816038
ESS: 1.87484 / 1700
Diag(valid=1700, elite=170) ||dU~||2=4.67848 traceCovElite~=0.942449 R2=0.0267164 H(w)=1.18143 perp=3.25902 w_max=0.720843
--------Variance: 0.0201436
Sum of |delta_u|: 0.666423
Post-update R2: 0.0317052
Final cost after weighting: 19.106971
E1_hat_1: 0.000816038
PI step 3 time: 0.0281615 seconds
********a(H_hat): 0.158828
********New psi: 0.706584
0.0215526         0
        0 0.0215526
Iteration: 4/100 ---------------------------
Expected cost over samples: 11.33
min cost: -4.44054
%%%%%%%%%E1_hat: 0.000635135
ESS: 1.16223 / 1700
Diag(valid=1700, elite=170) ||dU~||2=4.98959 traceCovElite~=0.942102 R2=0.030716 H(w)=0.357282 perp=1.42944 w_max=0.926158
--------Variance: 0.0162674
Sum of |delta_u|: 0.703533
Post-update R2: 0.0326941
Final cost after weighting: 19.000938
E1_hat_1: 0.000635135
PI step 4 time: 0.0281615 seconds
********a(H_hat): 0.0480322
********New psi: 0.799653
0.0172346         0
        0 0.0172346
Iteration: 5/100 ---------------------------
Expected cost over samples: 10.2964
min cost: -3.48382
%%%%%%%%%E1_hat: 0.0013266
ESS: 2.89333 / 1700
Diag(valid=1700, elite=170) ||dU~||2=4.13739 traceCovElite~=0.932191 R2=0.0266387 H(w)=1.32283 perp=3.75402 w_max=0.443415
--------Variance: 0.00709479
Sum of |delta_u|: 0.606209
Post-update R2: 0.0298935
Final cost after weighting: 17.177212
E1_hat_1: 0.0013266
PI step 5 time: 0.0327791 seconds
********a(H_hat): 0.177838
********New psi: 0.690616
0.0119025         0
        0 0.0119025
Iteration: 6/100 ---------------------------
Expected cost over samples: 8.77319
min cost: -2.31244
%%%%%%%%%E1_hat: 0.000951304
ESS: 2.3648 / 1700
Diag(valid=1700, elite=170) ||dU~||2=4.27215 traceCovElite~=0.936261 R2=0.0266672 H(w)=1.32598 perp=3.76587 w_max=0.618346
--------Variance: 0.00577191
Sum of |delta_u|: 0.58787
Post-update R2: 0.0159869
Final cost after weighting: 17.079790
E1_hat_1: 0.000951304
PI step 6 time: 0.0324303 seconds
********a(H_hat): 0.178262
********New psi: 0.69026
0.00821581          0
         0 0.00821581
Iteration: 7/100 ---------------------------
Expected cost over samples: 7.45338
min cost: -1.52984
%%%%%%%%%E1_hat: 0.000652201
ESS: 1.22684 / 1700
Diag(valid=1700, elite=170) ||dU~||2=5.06052 traceCovElite~=0.931888 R2=0.0313664 H(w)=0.518081 perp=1.6788 w_max=0.901923
--------Variance: 0.00643091
Sum of |delta_u|: 0.708785
Post-update R2: 0.0248122
Final cost after weighting: 17.177980
E1_hat_1: 0.000652201
PI step 7 time: 0.030363 seconds
********a(H_hat): 0.0696497
********New psi: 0.781494
0.00642061          0
         0 0.00642061
Iteration: 8/100 ---------------------------
Expected cost over samples: 7.89412
min cost: -0.308197
%%%%%%%%%E1_hat: 0.000853623
ESS: 1.84112 / 1700
Diag(valid=1700, elite=170) ||dU~||2=5.62556 traceCovElite~=0.940566 R2=0.0279072 H(w)=0.853963 perp=2.34894 w_max=0.689104
--------Variance: 0.00593528
Sum of |delta_u|: 0.784974
Post-update R2: 0.0139529
Final cost after weighting: 16.934208
E1_hat_1: 0.000853623
PI step 8 time: 0.0326304 seconds
********a(H_hat): 0.114805
********New psi: 0.743564
0.00477413          0
         0 0.00477413
Iteration: 9/100 ---------------------------
Expected cost over samples: 4.42028
min cost: -4.01834
%%%%%%%%%E1_hat: 0.000588255
ESS: 1.00007 / 1700
Diag(valid=1700, elite=170) ||dU~||2=6.63681 traceCovElite~=0.951814 R2=0.0313579 H(w)=0.000403489 perp=1.0004 w_max=0.999967
--------Variance: 0.00657139
Sum of |delta_u|: 1.00983
Post-update R2: 0.0445023
Final cost after weighting: 16.570383
E1_hat_1: 0.000588255
PI step 9 time: 0.0314018 seconds
********a(H_hat): 5.42442e-05
********New psi: 0.839954
0.00401005          0
         0 0.00401005
Iteration: 10/100 ---------------------------
Expected cost over samples: 4.66647
min cost: -1.92518
%%%%%%%%%E1_hat: 0.00115459
ESS: 2.61144 / 1700
Diag(valid=1700, elite=170) ||dU~||2=3.18484 traceCovElite~=0.920986 R2=0.0426507 H(w)=1.09968 perp=3.0032 w_max=0.509474
--------Variance: 0.001456
Sum of |delta_u|: 0.476687
Post-update R2: 0.0293703
Final cost after weighting: 15.380623
E1_hat_1: 0.00115459
PI step 10 time: 0.0304862 seconds
********a(H_hat): 0.147838
********New psi: 0.715816
0.00287046          0
         0 0.00287046
Iteration: 11/100 ---------------------------
Expected cost over samples: 3.99115
min cost: -1.65891
%%%%%%%%%E1_hat: 0.000633594
ESS: 1.15578 / 1700
Diag(valid=1700, elite=170) ||dU~||2=5.25132 traceCovElite~=0.964461 R2=0.00865344 H(w)=0.309721 perp=1.36304 w_max=0.928411
--------Variance: 0.00248926
Sum of |delta_u|: 0.743515
Post-update R2: 0.0219318
Final cost after weighting: 15.247902
E1_hat_1: 0.000633594
PI step 11 time: 0.0301543 seconds
********a(H_hat): 0.0416382
********New psi: 0.805024
0.00231079          0
         0 0.00231079
Iteration: 12/100 ---------------------------
Expected cost over samples: 4.27176
min cost: -0.388926
%%%%%%%%%E1_hat: 0.00121733
ESS: 3.23765 / 1700
Diag(valid=1700, elite=170) ||dU~||2=4.44632 traceCovElite~=0.970722 R2=0.0140387 H(w)=1.42365 perp=4.15224 w_max=0.483217
--------Variance: 0.00108645
Sum of |delta_u|: 0.577976
Post-update R2: 0.0104242
Final cost after weighting: 14.893565
E1_hat_1: 0.00121733
PI step 12 time: 0.0307028 seconds
********a(H_hat): 0.191392
********New psi: 0.679231
0.00156956          0
         0 0.00156956
Iteration: 13/100 ---------------------------
Expected cost over samples: 2.58336
min cost: -1.19727
%%%%%%%%%E1_hat: 0.0011368
ESS: 2.28696 / 1700
Diag(valid=1700, elite=170) ||dU~||2=3.05028 traceCovElite~=0.921665 R2=0.0298013 H(w)=0.966955 perp=2.62993 w_max=0.51745
--------Variance: 0.000467866
Sum of |delta_u|: 0.474611
Post-update R2: 0.0257923
Final cost after weighting: 14.544539
E1_hat_1: 0.0011368
PI step 13 time: 0.0319904 seconds
********a(H_hat): 0.129995
********New psi: 0.730804
0.00114704          0
         0 0.00114704
Iteration: 14/100 ---------------------------
Expected cost over samples: 1.93402
min cost: -1.59409
%%%%%%%%%E1_hat: 0.00139556
ESS: 2.88506 / 1700
Diag(valid=1700, elite=170) ||dU~||2=3.78007 traceCovElite~=0.938336 R2=0.0352971 H(w)=1.11961 perp=3.06367 w_max=0.421503
--------Variance: 0.000390233
Sum of |delta_u|: 0.553604
Post-update R2: 0.0165531
Final cost after weighting: 14.224645
E1_hat_1: 0.00139556
PI step 14 time: 0.0322705 seconds
********a(H_hat): 0.150518
********New psi: 0.713565
0.000818487           0
          0 0.000818487
Iteration: 15/100 ---------------------------
Expected cost over samples: 1.02903
min cost: -2.21677
%%%%%%%%%E1_hat: 0.000588235
ESS: 1 / 1700
Diag(valid=1700, elite=170) ||dU~||2=5.85939 traceCovElite~=0.96012 R2=0.0381308 H(w)=1.59098e-06 perp=1 w_max=1
--------Variance: 0.000878147
Sum of |delta_u|: 0.818837
Post-update R2: 0.0138089
Final cost after weighting: 13.962937
E1_hat_1: 0.000588235
PI step 15 time: 0.0311179 seconds
********a(H_hat): 2.13888e-07
********New psi: 0.84
0.000687529           0
          0 0.000687529
Iteration: 16/100 ---------------------------
Expected cost over samples: 1.03923
min cost: -1.95374
%%%%%%%%%E1_hat: 0.000588246
ESS: 1.00004 / 1700
Diag(valid=1700, elite=170) ||dU~||2=6.70317 traceCovElite~=0.947711 R2=0.0372395 H(w)=0.000228831 perp=1.00023 w_max=0.999982
--------Variance: 0.000965377
Sum of |delta_u|: 0.945962
Post-update R2: 0.011078
Final cost after weighting: 13.958598
E1_hat_1: 0.000588246
PI step 16 time: 0.030057 seconds
********a(H_hat): 3.07635e-05
********New psi: 0.839974
0.000577506           0
          0 0.000577506
Iteration: 17/100 ---------------------------
Expected cost over samples: 0.326091
min cost: -2.27459
%%%%%%%%%E1_hat: 0.000604174
ESS: 1.05415 / 1700
Diag(valid=1700, elite=170) ||dU~||2=5.01554 traceCovElite~=0.914603 R2=0.0570875 H(w)=0.122095 perp=1.12986 w_max=0.973618
--------Variance: 0.000448855
Sum of |delta_u|: 0.66996
Post-update R2: 0.0330142
Final cost after weighting: 13.984730
E1_hat_1: 0.000604174
PI step 17 time: 0.0314287 seconds
********a(H_hat): 0.0164142
********New psi: 0.826212
0.000477143           0
          0 0.000477143
Iteration: 18/100 ---------------------------
Expected cost over samples: 0.372841
min cost: -1.97062
%%%%%%%%%E1_hat: 0.000588358
ESS: 1.00042 / 1700
Diag(valid=1700, elite=170) ||dU~||2=5.80431 traceCovElite~=0.949149 R2=0.0264279 H(w)=0.00197986 perp=1.00198 w_max=0.999791
--------Variance: 0.000502318
Sum of |delta_u|: 0.858748
Post-update R2: 0.0188787
Final cost after weighting: 13.868065
E1_hat_1: 0.000588358
PI step 18 time: 0.0303982 seconds
********a(H_hat): 0.000266169
********New psi: 0.839776
0.000400693           0
          0 0.000400693
Iteration: 19/100 ---------------------------
Expected cost over samples: 0.00939711
min cost: -2.0831
%%%%%%%%%E1_hat: 0.000591875
ESS: 1.01238 / 1700
Diag(valid=1700, elite=170) ||dU~||2=5.28607 traceCovElite~=0.94124 R2=0.0420936 H(w)=0.0394684 perp=1.04026 w_max=0.993851
--------Variance: 0.000350917
Sum of |delta_u|: 0.717034
Post-update R2: 0.0115571
Final cost after weighting: 13.849979
E1_hat_1: 0.000591875
PI step 19 time: 0.03225 seconds
********a(H_hat): 0.00530604
********New psi: 0.835543
0.000334796           0
          0 0.000334796
Iteration: 20/100 ---------------------------
Expected cost over samples: -0.151144
min cost: -2.15183
%%%%%%%%%E1_hat: 0.000588235
ESS: 1 / 1700
Diag(valid=1700, elite=170) ||dU~||2=5.84861 traceCovElite~=0.9259 R2=0.0331765 H(w)=1.0102e-07 perp=1 w_max=1
--------Variance: 0.000357878
Sum of |delta_u|: 0.816786
Post-update R2: 0.0115661
Final cost after weighting: 13.772142
E1_hat_1: 0.000588235
PI step 20 time: 0.031887 seconds
********a(H_hat): 1.35809e-08
********New psi: 0.84
0.000281229           0
          0 0.000281229
Iteration: 21/100 ---------------------------
Expected cost over samples: -0.277189
min cost: -2.08108
%%%%%%%%%E1_hat: 0.000653531
ESS: 1.22161 / 1700
Diag(valid=1700, elite=170) ||dU~||2=5.12116 traceCovElite~=0.904741 R2=0.047765 H(w)=0.354005 perp=1.42476 w_max=0.900088
--------Variance: 0.000237043
Sum of |delta_u|: 0.73895
Post-update R2: 0.0124401
Final cost after weighting: 13.758068
E1_hat_1: 0.000653531
PI step 21 time: 0.0307788 seconds
********a(H_hat): 0.0475917
********New psi: 0.800023
0.00022499          0
         0 0.00022499
Iteration: 22/100 ---------------------------
Expected cost over samples: -0.677632
min cost: -2.33735
%%%%%%%%%E1_hat: 0.000591626
ESS: 1.01153 / 1700
Diag(valid=1700, elite=170) ||dU~||2=5.65978 traceCovElite~=0.950878 R2=0.0336447 H(w)=0.0374802 perp=1.03819 w_max=0.994269
--------Variance: 0.00022483
Sum of |delta_u|: 0.784127
Post-update R2: 0.016052
Final cost after weighting: 13.768393
E1_hat_1: 0.000591626
PI step 22 time: 0.031105 seconds
********a(H_hat): 0.00503876
********New psi: 0.835767
0.000188039           0
          0 0.000188039
Iteration: 23/100 ---------------------------
Expected cost over samples: -0.994378
min cost: -2.47896
%%%%%%%%%E1_hat: 0.000763872
ESS: 1.54831 / 1700
Diag(valid=1700, elite=170) ||dU~||2=5.02346 traceCovElite~=0.926838 R2=0.0456487 H(w)=0.53945 perp=1.71506 w_max=0.77007
--------Variance: 0.000138151
Sum of |delta_u|: 0.702907
Post-update R2: 0.0146744
Final cost after weighting: 13.774222
E1_hat_1: 0.000763872
PI step 23 time: 0.0301599 seconds
********a(H_hat): 0.0725225
********New psi: 0.779081
0.000146498           0
          0 0.000146498
Iteration: 24/100 ---------------------------
Expected cost over samples: -1.2203
min cost: -2.53008
%%%%%%%%%E1_hat: 0.000588235
ESS: 1 / 1700
Diag(valid=1700, elite=170) ||dU~||2=5.9838 traceCovElite~=0.89497 R2=0.0519419 H(w)=5.18161e-06 perp=1.00001 w_max=1
--------Variance: 0.000163921
Sum of |delta_u|: 0.749564
Post-update R2: 0.0272446
Final cost after weighting: 13.733775
E1_hat_1: 0.000588235
PI step 24 time: 0.0310798 seconds
********a(H_hat): 6.96604e-07
********New psi: 0.839999
0.000123058           0
          0 0.000123058
Iteration: 25/100 ---------------------------
Expected cost over samples: -1.33113
min cost: -2.56499
%%%%%%%%%E1_hat: 0.000593169
ESS: 1.01678 / 1700
Diag(valid=1700, elite=170) ||dU~||2=5.29022 traceCovElite~=0.955289 R2=0.0219631 H(w)=0.0481483 perp=1.04933 w_max=0.991682
--------Variance: 0.00010768
Sum of |delta_u|: 0.771193
Post-update R2: 0.0073957
Final cost after weighting: 13.698857
E1_hat_1: 0.000593169
PI step 25 time: 0.0300758 seconds
********a(H_hat): 0.00647295
********New psi: 0.834563
0.0001027         0
        0 0.0001027
Iteration: 26/100 ---------------------------
Expected cost over samples: -1.19812
min cost: -2.34115
%%%%%%%%%E1_hat: 0.000588379
ESS: 1.00049 / 1700
Diag(valid=1700, elite=170) ||dU~||2=4.68796 traceCovElite~=0.940022 R2=0.0338393 H(w)=0.00227768 perp=1.00228 w_max=0.999756
--------Variance: 7.05203e-05
Sum of |delta_u|: 0.696629
Post-update R2: 0.0390713
Final cost after weighting: 13.653011
E1_hat_1: 0.000588379
PI step 26 time: 0.0314715 seconds
********a(H_hat): 0.000306206
********New psi: 0.839743
8.62412e-05           0
          0 8.62412e-05
Iteration: 27/100 ---------------------------
Expected cost over samples: -1.41881
min cost: -2.40841
%%%%%%%%%E1_hat: 0.000588256
ESS: 1.00007 / 1700
Diag(valid=1700, elite=170) ||dU~||2=4.61408 traceCovElite~=0.929194 R2=0.0407491 H(w)=0.000398278 perp=1.0004 w_max=0.999965
--------Variance: 5.73754e-05
Sum of |delta_u|: 0.686066
Post-update R2: 0.0157
Final cost after weighting: 13.650329
E1_hat_1: 0.000588256
PI step 27 time: 0.029438 seconds
********a(H_hat): 5.35436e-05
********New psi: 0.839955
7.24387e-05           0
          0 7.24387e-05
Iteration: 28/100 ---------------------------
Expected cost over samples: -1.53857
min cost: -2.47891
%%%%%%%%%E1_hat: 0.000588235
ESS: 1 / 1700
Diag(valid=1700, elite=170) ||dU~||2=5.32228 traceCovElite~=0.922796 R2=0.0318044 H(w)=8.83271e-09 perp=1 w_max=1
--------Variance: 6.41222e-05
Sum of |delta_u|: 0.771879
Post-update R2: 0.0105311
Final cost after weighting: 13.629555
E1_hat_1: 0.000588235
PI step 28 time: 0.0306432 seconds
********a(H_hat): 1.18745e-09
********New psi: 0.84
6.08485e-05           0
          0 6.08485e-05
Iteration: 29/100 ---------------------------
Expected cost over samples: -1.50871
min cost: -2.37927
%%%%%%%%%E1_hat: 0.000588263
ESS: 1.00009 / 1700
Diag(valid=1700, elite=170) ||dU~||2=6.32319 traceCovElite~=0.944741 R2=0.0354194 H(w)=0.000511415 perp=1.00051 w_max=0.999954
--------Variance: 7.60261e-05
Sum of |delta_u|: 0.937003
Post-update R2: 0.0209316
Final cost after weighting: 13.634924
E1_hat_1: 0.000588263
PI step 29 time: 0.0301572 seconds
********a(H_hat): 6.87535e-05
********New psi: 0.839942
5.11093e-05           0
          0 5.11093e-05
Iteration: 30/100 ---------------------------
Expected cost over samples: -1.87631
min cost: -2.66558
%%%%%%%%%E1_hat: 0.000588235
ESS: 1 / 1700
Diag(valid=1700, elite=170) ||dU~||2=5.19528 traceCovElite~=0.934107 R2=0.0416725 H(w)=2.83589e-09 perp=1 w_max=1
--------Variance: 4.31087e-05
Sum of |delta_u|: 0.793771
Post-update R2: 0.0217979
Final cost after weighting: 13.618746
E1_hat_1: 0.000588235
PI step 30 time: 0.0382168 seconds
********a(H_hat): 3.8125e-10
********New psi: 0.84
4.29318e-05           0
          0 4.29318e-05
Iteration: 31/100 ---------------------------
Expected cost over samples: -1.8512
min cost: -2.58391
%%%%%%%%%E1_hat: 0.000588235
ESS: 1 / 1700
Diag(valid=1700, elite=170) ||dU~||2=5.57702 traceCovElite~=0.928913 R2=0.0424709 H(w)=3.78176e-06 perp=1 w_max=1
--------Variance: 4.17284e-05
Sum of |delta_u|: 0.831927
Post-update R2: 0.0189346
Final cost after weighting: 13.595477
E1_hat_1: 0.000588235
PI step 31 time: 0.0318334 seconds
********a(H_hat): 5.08412e-07
********New psi: 0.84
3.60627e-05           0
          0 3.60627e-05
Iteration: 32/100 ---------------------------
Expected cost over samples: -1.85238
min cost: -2.48891
%%%%%%%%%E1_hat: 0.000588235
ESS: 1 / 1700
Diag(valid=1700, elite=170) ||dU~||2=5.72665 traceCovElite~=0.891295 R2=0.0322688 H(w)=9.3199e-08 perp=1 w_max=1
--------Variance: 3.69575e-05
Sum of |delta_u|: 0.863208
Post-update R2: 0.00744339
Final cost after weighting: 13.588543
E1_hat_1: 0.000588235
PI step 32 time: 0.0305133 seconds
********a(H_hat): 1.25295e-08
********New psi: 0.84
3.02926e-05           0
          0 3.02926e-05
Iteration: 33/100 ---------------------------
Expected cost over samples: -1.83858
min cost: -2.42806
%%%%%%%%%E1_hat: 0.000588322
ESS: 1.0003 / 1700
Diag(valid=1700, elite=170) ||dU~||2=6.17697 traceCovElite~=0.912968 R2=0.0520442 H(w)=0.0014534 perp=1.00145 w_max=0.999852
--------Variance: 3.61171e-05
Sum of |delta_u|: 0.929687
Post-update R2: 0.0183689
Final cost after weighting: 13.562128
E1_hat_1: 0.000588322
PI step 33 time: 0.0307674 seconds
********a(H_hat): 0.000195392
********New psi: 0.839836
2.54409e-05           0
          0 2.54409e-05
Iteration: 34/100 ---------------------------
Expected cost over samples: -1.89559
min cost: -2.43716
%%%%%%%%%E1_hat: 0.000588283
ESS: 1.00016 / 1700
Diag(valid=1700, elite=170) ||dU~||2=5.92276 traceCovElite~=0.927367 R2=0.0325288 H(w)=0.00085627 perp=1.00086 w_max=0.999919
--------Variance: 2.78889e-05
Sum of |delta_u|: 0.823114
Post-update R2: 0.0107914
Final cost after weighting: 13.544154
E1_hat_1: 0.000588283
PI step 34 time: 0.030557 seconds
********a(H_hat): 0.000115115
********New psi: 0.839903
2.13679e-05           0
          0 2.13679e-05
Iteration: 35/100 ---------------------------
Expected cost over samples: -2.00237
min cost: -2.50809
%%%%%%%%%E1_hat: 0.000588244
ESS: 1.00003 / 1700
Diag(valid=1700, elite=170) ||dU~||2=4.90691 traceCovElite~=0.913439 R2=0.0351858 H(w)=0.000180339 perp=1.00018 w_max=0.999985
--------Variance: 1.60777e-05
Sum of |delta_u|: 0.709494
Post-update R2: 0.0166929
Final cost after weighting: 13.545855
E1_hat_1: 0.000588244
PI step 35 time: 0.0307762 seconds
********a(H_hat): 2.42444e-05
********New psi: 0.83998
1.79486e-05           0
          0 1.79486e-05
Iteration: 36/100 ---------------------------
Expected cost over samples: -2.05057
min cost: -2.51361
%%%%%%%%%E1_hat: 0.000588235
ESS: 1 / 1700
Diag(valid=1700, elite=170) ||dU~||2=5.76609 traceCovElite~=0.991524 R2=0.0156346 H(w)=6.56773e-16 perp=1 w_max=1
--------Variance: 1.86484e-05
Sum of |delta_u|: 0.827408
Post-update R2: 0.00843442
Final cost after weighting: 13.521822
E1_hat_1: 0.000588235
PI step 36 time: 0.0302723 seconds
********a(H_hat): 8.82951e-17
********New psi: 0.84
1.50768e-05           0
          0 1.50768e-05
Iteration: 37/100 ---------------------------
Expected cost over samples: -2.08416
min cost: -2.50978
%%%%%%%%%E1_hat: 0.000635729
ESS: 1.16053 / 1700
Diag(valid=1700, elite=170) ||dU~||2=5.63302 traceCovElite~=0.935482 R2=0.0361154 H(w)=0.268584 perp=1.30811 w_max=0.925293
--------Variance: 1.51684e-05
Sum of |delta_u|: 0.812644
Post-update R2: 0.0079009
Final cost after weighting: 13.508604
E1_hat_1: 0.000635729
PI step 37 time: 0.0301272 seconds
********a(H_hat): 0.0361078
********New psi: 0.809669
1.22072e-05           0
          0 1.22072e-05
Iteration: 38/100 ---------------------------
Expected cost over samples: -2.04723
min cost: -2.43195
%%%%%%%%%E1_hat: 0.000588235
ESS: 1 / 1700
Diag(valid=1700, elite=170) ||dU~||2=4.82575 traceCovElite~=0.944964 R2=0.041611 H(w)=9.49856e-13 perp=1 w_max=1
--------Variance: 8.88375e-06
Sum of |delta_u|: 0.649564
Post-update R2: 0.0155278
Final cost after weighting: 13.484248
E1_hat_1: 0.000588235
PI step 38 time: 0.0294173 seconds
********a(H_hat): 1.27697e-13
********New psi: 0.84
1.02541e-05           0
          0 1.02541e-05
Optimal cost 13.484247998729302
Optimal rob  0.23728674961073715
Solver time  1.216594333
