R_ : 20  0
 0 20
Iteration: 0/100 ---------------------------
Expected cost over samples: 43.5678
min cost: -5.35372
%%%%%%%%%E1_hat: 0.0228709
ESS: 184.734 / 1700
Diag(valid=1700, elite=170) ||dU~||2=1.26635 traceCovElite~=0.97934 R2=0.00326276 H(w)=6.06724 perp=431.49 w_max=0.0257198
--------Variance: 0.00288338
Sum of |delta_u|: 0.184654
Post-update R2: 0.0171828
Final cost after weighting: 29.861248
E1_hat_1: 0.0228709
PI step 0 time: 0.0323141 seconds
********a(H_hat): 0.815667
********New psi: 0.1
0.05    0
   0 0.05
Iteration: 1/100 ---------------------------
Expected cost over samples: 20.6593
min cost: 3.12789
%%%%%%%%%E1_hat: 0.000962228
ESS: 2.17453 / 1700
Diag(valid=1700, elite=170) ||dU~||2=4.32837 traceCovElite~=0.964766 R2=0.028647 H(w)=1.24427 perp=3.47039 w_max=0.611327
--------Variance: 0.0242761
Sum of |delta_u|: 0.601611
Post-update R2: 0.0179279
Final cost after weighting: 22.605654
E1_hat_1: 0.000962228
PI step 1 time: 0.0313707 seconds
********a(H_hat): 0.167276
********New psi: 0.416362
0.0208181         0
        0 0.0208181
Iteration: 2/100 ---------------------------
Expected cost over samples: 12.1672
min cost: -4.10659
%%%%%%%%%E1_hat: 0.000595502
ESS: 1.02484 / 1700
Diag(valid=1700, elite=170) ||dU~||2=6.22472 traceCovElite~=0.959833 R2=0.0175507 H(w)=0.0938782 perp=1.09843 w_max=0.987797
--------Variance: 0.025129
Sum of |delta_u|: 0.874733
Post-update R2: 0.0272361
Final cost after weighting: 22.158380
E1_hat_1: 0.000595502
PI step 2 time: 0.0321458 seconds
********a(H_hat): 0.0126208
********New psi: 0.49369
0.0102777         0
        0 0.0102777
Iteration: 3/100 ---------------------------
Expected cost over samples: 7.63927
min cost: -4.18236
%%%%%%%%%E1_hat: 0.000741639
ESS: 1.57214 / 1700
Diag(valid=1700, elite=170) ||dU~||2=4.01173 traceCovElite~=0.938712 R2=0.033096 H(w)=0.925892 perp=2.52412 w_max=0.793156
--------Variance: 0.00492792
Sum of |delta_u|: 0.565176
Post-update R2: 0.0355013
Final cost after weighting: 19.316226
E1_hat_1: 0.000741639
PI step 3 time: 0.0294149 seconds
********a(H_hat): 0.124475
********New psi: 0.437763
0.00449918          0
         0 0.00449918
Iteration: 4/100 ---------------------------
Expected cost over samples: 3.01808
min cost: -5.64185
%%%%%%%%%E1_hat: 0.000617586
ESS: 1.0996 / 1700
Diag(valid=1700, elite=170) ||dU~||2=5.96856 traceCovElite~=0.94609 R2=0.0399252 H(w)=0.194149 perp=1.21428 w_max=0.952475
--------Variance: 0.00486774
Sum of |delta_u|: 0.856441
Post-update R2: 0.0521949
Final cost after weighting: 18.447418
E1_hat_1: 0.000617586
PI step 4 time: 0.03989 seconds
********a(H_hat): 0.0261009
********New psi: 0.48695
0.00219087          0
         0 0.00219087
Iteration: 5/100 ---------------------------
Expected cost over samples: 1.18419
min cost: -4.33292
%%%%%%%%%E1_hat: 0.000624858
ESS: 1.12483 / 1700
Diag(valid=1700, elite=170) ||dU~||2=5.48462 traceCovElite~=0.933781 R2=0.037988 H(w)=0.244239 perp=1.27665 w_max=0.94139
--------Variance: 0.0020728
Sum of |delta_u|: 0.783196
Post-update R2: 0.041631
Final cost after weighting: 16.742688
E1_hat_1: 0.000624858
PI step 5 time: 0.0310399 seconds
********a: -7.37799
********New psi: 0.837799
0.00183551          0
         0 0.00183551
Iteration: 6/100 ---------------------------
Expected cost over samples: 0.622876
min cost: -4.02272
%%%%%%%%%E1_hat: 0.000835235
ESS: 1.81599 / 1700
Diag(valid=1700, elite=170) ||dU~||2=5.44694 traceCovElite~=0.932428 R2=0.0370454 H(w)=0.848864 perp=2.33699 w_max=0.704275
--------Variance: 0.00157775
Sum of |delta_u|: 0.780349
Post-update R2: 0.00763116
Final cost after weighting: 16.007887
E1_hat_1: 0.000835235
PI step 6 time: 0.0302201 seconds
********a: -7.0878
********New psi: 0.80878
0.00148452          0
         0 0.00148452
Iteration: 7/100 ---------------------------
Expected cost over samples: -0.430689
min cost: -4.87325
%%%%%%%%%E1_hat: 0.00058929
ESS: 1.00359 / 1700
Diag(valid=1700, elite=170) ||dU~||2=4.59378 traceCovElite~=0.930915 R2=0.05192 H(w)=0.0149111 perp=1.01502 w_max=0.99821
--------Variance: 0.000978148
Sum of |delta_u|: 0.679468
Post-update R2: 0.0474538
Final cost after weighting: 15.454986
E1_hat_1: 0.00058929
PI step 7 time: 0.0308256 seconds
********a: -7.43659
********New psi: 0.843659
0.00125243          0
         0 0.00125243
Iteration: 8/100 ---------------------------
Expected cost over samples: 0.0157382
min cost: -3.7612
%%%%%%%%%E1_hat: 0.00100314
ESS: 2.41185 / 1700
Diag(valid=1700, elite=170) ||dU~||2=3.24738 traceCovElite~=0.934046 R2=0.0410707 H(w)=1.12637 perp=3.08445 w_max=0.586397
--------Variance: 0.000442124
Sum of |delta_u|: 0.440531
Post-update R2: 0.0241714
Final cost after weighting: 15.241962
E1_hat_1: 0.00100314
PI step 8 time: 0.0303605 seconds
********a: -6.90463
********New psi: 0.790463
0.000990001           0
          0 0.000990001
Iteration: 9/100 ---------------------------
Expected cost over samples: -0.619687
min cost: -4.00626
%%%%%%%%%E1_hat: 0.000685158
ESS: 1.32101 / 1700
Diag(valid=1700, elite=170) ||dU~||2=5.07425 traceCovElite~=0.906465 R2=0.0456855 H(w)=0.410495 perp=1.50756 w_max=0.858539
--------Variance: 0.000781881
Sum of |delta_u|: 0.763192
Post-update R2: 0.0146409
Final cost after weighting: 14.988052
E1_hat_1: 0.000685158
PI step 9 time: 0.0304936 seconds
********a: -7.28586
********New psi: 0.828586
0.000820301           0
          0 0.000820301
Iteration: 10/100 ---------------------------
Expected cost over samples: -0.893303
min cost: -4.01364
%%%%%%%%%E1_hat: 0.000717537
ESS: 1.43361 / 1700
Diag(valid=1700, elite=170) ||dU~||2=4.89129 traceCovElite~=0.923784 R2=0.0472382 H(w)=0.554456 perp=1.74099 w_max=0.819798
--------Variance: 0.000613697
Sum of |delta_u|: 0.660014
Post-update R2: 0.014282
Final cost after weighting: 14.840417
E1_hat_1: 0.000717537
PI step 10 time: 0.030707 seconds
********a: -7.23969
********New psi: 0.823969
0.000675902           0
          0 0.000675902
Iteration: 11/100 ---------------------------
Expected cost over samples: -0.622095
min cost: -3.6369
%%%%%%%%%E1_hat: 0.000782216
ESS: 1.59995 / 1700
Diag(valid=1700, elite=170) ||dU~||2=5.22014 traceCovElite~=0.923964 R2=0.0299859 H(w)=0.580991 perp=1.78781 w_max=0.752012
--------Variance: 0.00050934
Sum of |delta_u|: 0.679117
Post-update R2: 0.0261171
Final cost after weighting: 14.529980
E1_hat_1: 0.000782216
PI step 11 time: 0.0302073 seconds
********a: -7.15338
********New psi: 0.815338
0.000551089           0
          0 0.000551089
Iteration: 12/100 ---------------------------
Expected cost over samples: -1.16248
min cost: -3.74671
%%%%%%%%%E1_hat: 0.000617704
ESS: 1.10026 / 1700
Diag(valid=1700, elite=170) ||dU~||2=4.71565 traceCovElite~=0.926498 R2=0.0530867 H(w)=0.202822 perp=1.22485 w_max=0.952294
--------Variance: 0.000377023
Sum of |delta_u|: 0.568662
Post-update R2: 0.0296684
Final cost after weighting: 14.348328
E1_hat_1: 0.000617704
PI step 12 time: 0.0300943 seconds
********a: -7.3895
********New psi: 0.83895
0.000462336           0
          0 0.000462336
Iteration: 13/100 ---------------------------
Expected cost over samples: -0.784798
min cost: -3.18774
%%%%%%%%%E1_hat: 0.000590133
ESS: 1.00645 / 1700
Diag(valid=1700, elite=170) ||dU~||2=6.01336 traceCovElite~=0.944836 R2=0.0392461 H(w)=0.0229302 perp=1.0232 w_max=0.996785
--------Variance: 0.000521865
Sum of |delta_u|: 0.879657
Post-update R2: 0.00743436
Final cost after weighting: 14.359624
E1_hat_1: 0.000590133
PI step 13 time: 0.0324059 seconds
********a: -7.43516
********New psi: 0.843516
0.000389988           0
          0 0.000389988
Iteration: 14/100 ---------------------------
Expected cost over samples: -0.852101
min cost: -3.33875
%%%%%%%%%E1_hat: 0.000588235
ESS: 1 / 1700
Diag(valid=1700, elite=170) ||dU~||2=7.07521 traceCovElite~=0.905087 R2=0.0353924 H(w)=1.06129e-10 perp=1 w_max=1
--------Variance: 0.000610064
Sum of |delta_u|: 1.04173
Post-update R2: 0.0143175
Final cost after weighting: 14.187384
E1_hat_1: 0.000588235
PI step 14 time: 0.0359279 seconds
********a: -7.43838
********New psi: 0.843838
0.000329087           0
          0 0.000329087
Iteration: 15/100 ---------------------------
Expected cost over samples: -0.410859
min cost: -2.43767
%%%%%%%%%E1_hat: 0.000588235
ESS: 1 / 1700
Diag(valid=1700, elite=170) ||dU~||2=5.41232 traceCovElite~=0.943466 R2=0.0519416 H(w)=6.94686e-07 perp=1 w_max=1
--------Variance: 0.00030125
Sum of |delta_u|: 0.827444
Post-update R2: 0.0339134
Final cost after weighting: 14.121748
E1_hat_1: 0.000588235
PI step 15 time: 0.033921 seconds
********a: -7.43838
********New psi: 0.843838
0.000277696           0
          0 0.000277696
Iteration: 16/100 ---------------------------
Expected cost over samples: -0.0789665
min cost: -1.83206
%%%%%%%%%E1_hat: 0.000588289
ESS: 1.00018 / 1700
Diag(valid=1700, elite=170) ||dU~||2=5.62154 traceCovElite~=0.942272 R2=0.0417573 H(w)=0.000940339 perp=1.00094 w_max=0.999909
--------Variance: 0.000274239
Sum of |delta_u|: 0.770957
Post-update R2: 0.0108397
Final cost after weighting: 14.019975
E1_hat_1: 0.000588289
PI step 16 time: 0.0327344 seconds
********a: -7.43829
********New psi: 0.843829
0.000234328           0
          0 0.000234328
Iteration: 17/100 ---------------------------
Expected cost over samples: -0.120378
min cost: -1.72173
%%%%%%%%%E1_hat: 0.000640786
ESS: 1.18066 / 1700
Diag(valid=1700, elite=170) ||dU~||2=4.15781 traceCovElite~=0.915325 R2=0.0469351 H(w)=0.333143 perp=1.39535 w_max=0.91799
--------Variance: 0.000124393
Sum of |delta_u|: 0.604853
Post-update R2: 0.0221309
Final cost after weighting: 13.957189
E1_hat_1: 0.000640786
PI step 17 time: 0.0322729 seconds
********a: -7.35281
********New psi: 0.835281
0.00019573          0
         0 0.00019573
Iteration: 18/100 ---------------------------
Expected cost over samples: -0.315528
min cost: -1.90783
%%%%%%%%%E1_hat: 0.000588395
ESS: 1.00054 / 1700
Diag(valid=1700, elite=170) ||dU~||2=5.8264 traceCovElite~=0.917008 R2=0.035442 H(w)=0.00258955 perp=1.00259 w_max=0.999729
--------Variance: 0.000207651
Sum of |delta_u|: 0.86018
Post-update R2: 0.0123347
Final cost after weighting: 13.890070
E1_hat_1: 0.000588395
PI step 18 time: 0.0348614 seconds
********a: -7.43811
********New psi: 0.843811
0.000165159           0
          0 0.000165159
Iteration: 19/100 ---------------------------
Expected cost over samples: -0.359976
min cost: -1.86009
%%%%%%%%%E1_hat: 0.000588235
ESS: 1 / 1700
Diag(valid=1700, elite=170) ||dU~||2=5.6285 traceCovElite~=0.931823 R2=0.0352777 H(w)=1.9597e-11 perp=1 w_max=1
--------Variance: 0.000163508
Sum of |delta_u|: 0.785704
Post-update R2: 0.0165453
Final cost after weighting: 13.782961
E1_hat_1: 0.000588235
PI step 19 time: 0.0311746 seconds
********a: -7.43838
********New psi: 0.843838
0.000139368           0
          0 0.000139368
Iteration: 20/100 ---------------------------
Expected cost over samples: -0.43423
min cost: -1.72636
%%%%%%%%%E1_hat: 0.000588238
ESS: 1.00001 / 1700
Diag(valid=1700, elite=170) ||dU~||2=5.14144 traceCovElite~=0.93603 R2=0.0364312 H(w)=6.671e-05 perp=1.00007 w_max=0.999995
--------Variance: 0.000115128
Sum of |delta_u|: 0.709531
Post-update R2: 0.0139213
Final cost after weighting: 13.776648
E1_hat_1: 0.000588238
PI step 20 time: 0.0367531 seconds
********a: -7.43838
********New psi: 0.843838
0.000117604           0
          0 0.000117604
Iteration: 21/100 ---------------------------
Expected cost over samples: -0.687905
min cost: -1.85224
%%%%%%%%%E1_hat: 0.000591068
ESS: 1.00964 / 1700
Diag(valid=1700, elite=170) ||dU~||2=5.27591 traceCovElite~=0.946213 R2=0.0552887 H(w)=0.0327776 perp=1.03332 w_max=0.995207
--------Variance: 0.000102018
Sum of |delta_u|: 0.799208
Post-update R2: 0.022448
Final cost after weighting: 13.729151
E1_hat_1: 0.000591068
PI step 21 time: 0.0312584 seconds
********a: -7.43358
********New psi: 0.843358
9.9182e-05          0
         0 9.9182e-05
Iteration: 22/100 ---------------------------
Expected cost over samples: -0.603313
min cost: -1.70399
%%%%%%%%%E1_hat: 0.000588235
ESS: 1 / 1700
Diag(valid=1700, elite=170) ||dU~||2=6.24254 traceCovElite~=0.944717 R2=0.0521942 H(w)=2.69699e-09 perp=1 w_max=1
--------Variance: 0.000120782
Sum of |delta_u|: 0.920448
Post-update R2: 0.00725503
Final cost after weighting: 13.682659
E1_hat_1: 0.000588235
PI step 22 time: 0.0297053 seconds
********a: -7.43838
********New psi: 0.843838
8.36936e-05           0
          0 8.36936e-05
Iteration: 23/100 ---------------------------
Expected cost over samples: -0.597564
min cost: -1.55769
%%%%%%%%%E1_hat: 0.00116257
ESS: 3.1794 / 1700
Diag(valid=1700, elite=170) ||dU~||2=2.9383 traceCovElite~=0.955673 R2=0.0544409 H(w)=1.45964 perp=4.30439 w_max=0.505979
--------Variance: 2.04906e-05
Sum of |delta_u|: 0.423649
Post-update R2: 0.02102
Final cost after weighting: 13.656878
E1_hat_1: 0.00116257
PI step 23 time: 0.0312392 seconds
********a: -6.75712
********New psi: 0.775712
6.49221e-05           0
          0 6.49221e-05
Iteration: 24/100 ---------------------------
Expected cost over samples: -0.801895
min cost: -1.66905
%%%%%%%%%E1_hat: 0.000588253
ESS: 1.00006 / 1700
Diag(valid=1700, elite=170) ||dU~||2=5.25383 traceCovElite~=0.953557 R2=0.0414944 H(w)=0.000351724 perp=1.00035 w_max=0.999969
--------Variance: 5.59997e-05
Sum of |delta_u|: 0.719009
Post-update R2: 0.0128394
Final cost after weighting: 13.649755
E1_hat_1: 0.000588253
PI step 24 time: 0.0349916 seconds
********a: -7.43835
********New psi: 0.843835
5.47836e-05           0
          0 5.47836e-05
Iteration: 25/100 ---------------------------
Expected cost over samples: -0.727662
min cost: -1.51216
%%%%%%%%%E1_hat: 0.000588476
ESS: 1.00082 / 1700
Diag(valid=1700, elite=170) ||dU~||2=5.58245 traceCovElite~=0.92031 R2=0.0341019 H(w)=0.00360362 perp=1.00361 w_max=0.999591
--------Variance: 5.33539e-05
Sum of |delta_u|: 0.782903
Post-update R2: 0.00923559
Final cost after weighting: 13.633626
E1_hat_1: 0.000588476
PI step 25 time: 0.0325617 seconds
********a: -7.43797
********New psi: 0.843797
4.62262e-05           0
          0 4.62262e-05
Iteration: 26/100 ---------------------------
Expected cost over samples: -0.8882
min cost: -1.60063
%%%%%%%%%E1_hat: 0.000588235
ESS: 1 / 1700
Diag(valid=1700, elite=170) ||dU~||2=5.39552 traceCovElite~=0.922478 R2=0.0382524 H(w)=7.23483e-09 perp=1 w_max=1
--------Variance: 4.20537e-05
Sum of |delta_u|: 0.760042
Post-update R2: 0.0176843
Final cost after weighting: 13.591682
E1_hat_1: 0.000588235
PI step 26 time: 0.0334753 seconds
********a: -7.43838
********New psi: 0.843838
3.90075e-05           0
          0 3.90075e-05
Iteration: 27/100 ---------------------------
Expected cost over samples: -1.04506
min cost: -1.77584
%%%%%%%%%E1_hat: 0.000588235
ESS: 1 / 1700
Diag(valid=1700, elite=170) ||dU~||2=5.19328 traceCovElite~=0.928744 R2=0.0257505 H(w)=3.45478e-28 perp=1 w_max=1
--------Variance: 3.28759e-05
Sum of |delta_u|: 0.736504
Post-update R2: 0.00861956
Final cost after weighting: 13.533993
E1_hat_1: 0.000588235
PI step 27 time: 0.033032 seconds
********a: -7.43838
********New psi: 0.843838
3.2916e-05          0
         0 3.2916e-05
Iteration: 28/100 ---------------------------
Expected cost over samples: -1.09432
min cost: -1.73983
%%%%%%%%%E1_hat: 0.000588237
ESS: 1 / 1700
Diag(valid=1700, elite=170) ||dU~||2=5.16945 traceCovElite~=0.924816 R2=0.0382737 H(w)=3.38051e-05 perp=1.00003 w_max=0.999998
--------Variance: 2.74881e-05
Sum of |delta_u|: 0.745801
Post-update R2: 0.0180019
Final cost after weighting: 13.538376
E1_hat_1: 0.000588237
PI step 28 time: 0.034915 seconds
********a: -7.43838
********New psi: 0.843838
2.77758e-05           0
          0 2.77758e-05
Iteration: 29/100 ---------------------------
Expected cost over samples: -1.26372
min cost: -1.81117
%%%%%%%%%E1_hat: 0.000591104
ESS: 1.00976 / 1700
Diag(valid=1700, elite=170) ||dU~||2=5.18103 traceCovElite~=0.949806 R2=0.0295471 H(w)=0.0308502 perp=1.03133 w_max=0.995146
--------Variance: 2.32684e-05
Sum of |delta_u|: 0.727851
Post-update R2: 0.00608712
Final cost after weighting: 13.536402
E1_hat_1: 0.000591104
PI step 29 time: 0.0340627 seconds
********a: -7.43352
********New psi: 0.843352
2.34248e-05           0
          0 2.34248e-05
Iteration: 30/100 ---------------------------
Expected cost over samples: -1.34343
min cost: -1.85207
%%%%%%%%%E1_hat: 0.000588269
ESS: 1.00012 / 1700
Diag(valid=1700, elite=170) ||dU~||2=5.27733 traceCovElite~=0.940013 R2=0.0418636 H(w)=0.000620804 perp=1.00062 w_max=0.999942
--------Variance: 2.03875e-05
Sum of |delta_u|: 0.785741
Post-update R2: 0.0154487
Final cost after weighting: 13.538571
E1_hat_1: 0.000588269
PI step 30 time: 0.0332088 seconds
********a: -7.43833
********New psi: 0.843833
1.97666e-05           0
          0 1.97666e-05
Iteration: 31/100 ---------------------------
Expected cost over samples: -1.33851
min cost: -1.82969
%%%%%%%%%E1_hat: 0.000588245
ESS: 1.00003 / 1700
Diag(valid=1700, elite=170) ||dU~||2=5.04029 traceCovElite~=0.905785 R2=0.0322478 H(w)=0.000205629 perp=1.00021 w_max=0.999983
--------Variance: 1.5692e-05
Sum of |delta_u|: 0.710135
Post-update R2: 0.0149393
Final cost after weighting: 13.531194
E1_hat_1: 0.000588245
PI step 31 time: 0.0366285 seconds
********a: -7.43837
********New psi: 0.843837
1.66798e-05           0
          0 1.66798e-05
Iteration: 32/100 ---------------------------
Expected cost over samples: -1.40733
min cost: -1.85565
%%%%%%%%%E1_hat: 0.000588235
ESS: 1 / 1700
Diag(valid=1700, elite=170) ||dU~||2=4.18234 traceCovElite~=0.973547 R2=0.035543 H(w)=1.49393e-13 perp=1 w_max=1
--------Variance: 9.11741e-06
Sum of |delta_u|: 0.607259
Post-update R2: 0.012914
Final cost after weighting: 13.513379
E1_hat_1: 0.000588235
PI step 32 time: 0.03613 seconds
********a: -7.43838
********New psi: 0.843838
1.4075e-05          0
         0 1.4075e-05
Iteration: 33/100 ---------------------------
Expected cost over samples: -1.39991
min cost: -1.81733
%%%%%%%%%E1_hat: 0.000588235
ESS: 1 / 1700
Diag(valid=1700, elite=170) ||dU~||2=5.47608 traceCovElite~=0.927963 R2=0.0404449 H(w)=7.84292e-16 perp=1 w_max=1
--------Variance: 1.31898e-05
Sum of |delta_u|: 0.791418
Post-update R2: 0.0133223
Final cost after weighting: 13.506968
E1_hat_1: 0.000588235
PI step 33 time: 0.0374969 seconds
********a: -7.43838
********New psi: 0.843838
1.1877e-05          0
         0 1.1877e-05
Iteration: 34/100 ---------------------------
Expected cost over samples: -1.44838
min cost: -1.80294
%%%%%%%%%E1_hat: 0.000588237
ESS: 1.00001 / 1700
Diag(valid=1700, elite=170) ||dU~||2=3.82466 traceCovElite~=0.92838 R2=0.0301856 H(w)=4.40863e-05 perp=1.00004 w_max=0.999997
--------Variance: 5.42931e-06
Sum of |delta_u|: 0.567438
Post-update R2: 0.0121066
Final cost after weighting: 13.503711
E1_hat_1: 0.000588237
PI step 34 time: 0.0336403 seconds
********a: -7.43838
********New psi: 0.843838
1.00223e-05           0
          0 1.00223e-05
Iteration: 35/100 ---------------------------
Expected cost over samples: -1.49149
min cost: -1.83216
%%%%%%%%%E1_hat: 0.000588235
ESS: 1 / 1700
Diag(valid=1700, elite=170) ||dU~||2=6.2868 traceCovElite~=0.911746 R2=0.0536113 H(w)=3.50339e-24 perp=1 w_max=1
--------Variance: 1.23787e-05
Sum of |delta_u|: 0.822059
Post-update R2: 0.0279924
Final cost after weighting: 13.495259
E1_hat_1: 0.000588235
PI step 35 time: 0.0340774 seconds
********a: -7.43838
********New psi: 0.843838
8.4572e-06          0
         0 8.4572e-06
Optimal cost 13.495259346892947
Optimal rob  0.17474806377917362
Solver time  1.197630459
